#
# A fatal error has been detected by the Java Runtime Environment:
#
#  SIGSEGV (0xb) at pc=0x00007f596fd7d551, pid=11806, tid=140022312240896
#
# JRE version: Java(TM) SE Runtime Environment (7.0_45-b18) (build 1.7.0_45-b18)
# Java VM: Java HotSpot(TM) 64-Bit Server VM (24.45-b08 mixed mode linux-amd64 compressed oops)
# Problematic frame:
# C  [libsndobj.so.2.6.5+0x43551]  SinAnal::sinanalysis()+0x5f1
#
# Failed to write core dump. Core dumps have been disabled. To enable core dumping, try "ulimit -c unlimited" before starting Java again
#
# If you would like to submit a bug report, please visit:
#   http://bugreport.sun.com/bugreport/crash.jsp
# The crash happened outside the Java Virtual Machine in native code.
# See problematic frame for where to report the bug.
#

---------------  T H R E A D  ---------------

Current thread (0x00007f5990130000):  JavaThread "JavaFX Application Thread" [_thread_in_native, id=11830, stack(0x00007f597c1e8000,0x00007f597c2e9000)]

siginfo:si_signo=SIGSEGV: si_errno=0, si_code=1 (SEGV_MAPERR), si_addr=0x00007f57683aeeb0

Registers:
RAX=0x00007f59683aeeb0, RBX=0x00007f59683ac3f0, RCX=0x00007f5968399e90, RDX=0xffffffff80000000
RSP=0x00007f597c2e4e10, RBP=0x0000000000000000, RSI=0x0000000000000101, RDI=0x0000000000000101
R8 =0x0000000000000100, R9 =0x0000000000000000, R10=0x0000000000000000, R11=0x00007f59683aeaa0
R12=0x0000000000000404, R13=0x0000000000000001, R14=0x0000000000000000, R15=0x0000000000000000
RIP=0x00007f596fd7d551, EFLAGS=0x0000000000010246, CSGSFS=0x0000000000000033, ERR=0x0000000000000004
  TRAPNO=0x000000000000000e

Top of Stack: (sp=0x00007f597c2e4e10)
0x00007f597c2e4e10:   fffffffd00000000 0000000000000101
0x00007f597c2e4e20:   000000007ffffff2 00007f59d55a3235
0x00007f597c2e4e30:   ff800000ffffffec 0000000000000000
0x00007f597c2e4e40:   7ffffffe40000000 00007f59683ac3f0
0x00007f597c2e4e50:   00007f59683ae690 0000000000000101
0x00007f597c2e4e60:   00000000bfb9be70 00007f597c2e4f40
0x00007f597c2e4e70:   00007f5990130000 00007f596fd7ce18
0x00007f597c2e4e80:   00007f597c2e4f10 0000000000000000
0x00007f597c2e4e90:   00000000bfb9be70 00007f597c2e4f10
0x00007f597c2e4ea0:   0000000000000000 00007f59c9012cd8
0x00007f597c2e4eb0:   00007f597c2e4f98 00007f59c901d9c3
0x00007f597c2e4ec0:   00007f5990130000 00007f5900000000
0x00007f597c2e4ed0:   00007f597c2e4ed0 0000000000000000
0x00007f597c2e4ee0:   00007f597c2e4f40 00000000bfbc7000
0x00007f597c2e4ef0:   0000000000000000 00000000bfb9be70
0x00007f597c2e4f00:   0000000000000000 00007f597c2e4f30
0x00007f597c2e4f10:   00007f597c2e4f88 00007f59c9006292
0x00007f597c2e4f20:   00000000ec638818 00007f59c900ecd2
0x00007f597c2e4f30:   00000000ec63d748 00007f59683ac3f0
0x00007f597c2e4f40:   00000000ec63d748 00007f597c2e4f48
0x00007f597c2e4f50:   00000000bfbc9dad 00007f597c2e4f98
0x00007f597c2e4f60:   00000000bfbca140 0000000000000000
0x00007f597c2e4f70:   00000000bfbc9db8 00007f597c2e4f30
0x00007f597c2e4f80:   00007f597c2e4f98 00007f597c2e4fe0
0x00007f597c2e4f90:   00007f59c9006292 00000000ec63d748
0x00007f597c2e4fa0:   00007f597c2e4fa0 00000000bf3851bd
0x00007f597c2e4fb0:   00007f597c2e5010 00000000bf385758
0x00007f597c2e4fc0:   0000000000000000 00000000bf385360
0x00007f597c2e4fd0:   00007f597c2e4f98 00007f597c2e5008
0x00007f597c2e4fe0:   00007f597c2e5058 00007f59c9006058
0x00007f597c2e4ff0:   0000000000000000 0000000000000001
0x00007f597c2e5000:   0000000000000000 00000000ec6c9840 

Instructions: (pc=0x00007f596fd7d551)
0x00007f596fd7d531:   d1 f3 42 0f 10 04 30 48 8b 83 80 00 00 00 0f 5a
0x00007f596fd7d541:   c0 f2 0f 58 05 a6 73 06 00 f2 0f 2c d0 48 63 d2
0x00007f596fd7d551:   f3 0f 10 04 90 f3 0f 11 0c 24 0f 29 54 24 10 e8
0x00007f596fd7d561:   2b 47 fe ff 0f 14 c0 44 8b 93 d0 00 00 00 48 8b 

Register to memory mapping:

RAX=0x00007f59683aeeb0 is an unknown value
RBX=0x00007f59683ac3f0 is an unknown value
RCX=0x00007f5968399e90 is an unknown value
RDX=0xffffffff80000000 is an unknown value
RSP=0x00007f597c2e4e10 is pointing into the stack for thread: 0x00007f5990130000
RBP=0x0000000000000000 is an unknown value
RSI=0x0000000000000101 is an unknown value
RDI=0x0000000000000101 is an unknown value
R8 =0x0000000000000100 is an unknown value
R9 =0x0000000000000000 is an unknown value
R10=0x0000000000000000 is an unknown value
R11=0x00007f59683aeaa0 is an unknown value
R12=0x0000000000000404 is an unknown value
R13=0x0000000000000001 is an unknown value
R14=0x0000000000000000 is an unknown value
R15=0x0000000000000000 is an unknown value


Stack: [0x00007f597c1e8000,0x00007f597c2e9000],  sp=0x00007f597c2e4e10,  free space=1011k
Native frames: (J=compiled Java code, j=interpreted, Vv=VM code, C=native code)
C  [libsndobj.so.2.6.5+0x43551]  SinAnal::sinanalysis()+0x5f1

[error occurred during error reporting (printing native stack), id 0xb]

Java frames: (J=compiled Java code, j=interpreted, Vv=VM code)
j  JSndObj.jsndobjJNI.SinAnal_DoProcess(JLJSndObj/SinAnal;)S+0
j  JSndObj.SinAnal.DoProcess()S+5
j  synthesizer.Synthesizer$2.handle(Ljavafx/event/ActionEvent;)V+53
j  synthesizer.Synthesizer$2.handle(Ljavafx/event/Event;)V+5
j  com.sun.javafx.event.CompositeEventHandler.dispatchBubblingEvent(Ljavafx/event/Event;)V+62
j  com.sun.javafx.event.EventHandlerManager.dispatchBubblingEvent(Ljavafx/event/EventType;Ljavafx/event/Event;)Ljavafx/event/Event;+29
j  com.sun.javafx.event.EventHandlerManager.dispatchBubblingEvent(Ljavafx/event/Event;)Ljavafx/event/Event;+8
j  com.sun.javafx.event.CompositeEventDispatcher.dispatchBubblingEvent(Ljavafx/event/Event;)Ljavafx/event/Event;+11
j  com.sun.javafx.event.BasicEventDispatcher.dispatchEvent(Ljavafx/event/Event;Ljavafx/event/EventDispatchChain;)Ljavafx/event/Event;+29
j  com.sun.javafx.event.EventDispatchChainImpl.dispatchEvent(Ljavafx/event/Event;)Ljavafx/event/Event;+69
j  com.sun.javafx.event.BasicEventDispatcher.dispatchEvent(Ljavafx/event/Event;Ljavafx/event/EventDispatchChain;)Ljavafx/event/Event;+17
j  com.sun.javafx.event.EventDispatchChainImpl.dispatchEvent(Ljavafx/event/Event;)Ljavafx/event/Event;+69
j  com.sun.javafx.event.BasicEventDispatcher.dispatchEvent(Ljavafx/event/Event;Ljavafx/event/EventDispatchChain;)Ljavafx/event/Event;+17
j  com.sun.javafx.event.EventDispatchChainImpl.dispatchEvent(Ljavafx/event/Event;)Ljavafx/event/Event;+69
j  com.sun.javafx.event.EventUtil.fireEventImpl(Ljavafx/event/EventDispatchChain;Ljavafx/event/EventTarget;Ljavafx/event/Event;)Ljavafx/event/Event;+10
j  com.sun.javafx.event.EventUtil.fireEvent(Ljavafx/event/EventTarget;Ljavafx/event/Event;)Ljavafx/event/Event;+37
j  javafx.event.Event.fireEvent(Ljavafx/event/EventTarget;Ljavafx/event/Event;)V+30
j  javafx.scene.Node.fireEvent(Ljavafx/event/Event;)V+86
j  javafx.scene.control.Button.fire()V+8
j  com.sun.javafx.scene.control.behavior.ButtonBehavior.mouseReleased(Ljavafx/scene/input/MouseEvent;)V+23
j  com.sun.javafx.scene.control.skin.SkinBase$4.handle(Ljavafx/scene/input/MouseEvent;)V+83
j  com.sun.javafx.scene.control.skin.SkinBase$4.handle(Ljavafx/event/Event;)V+5
j  com.sun.javafx.event.CompositeEventHandler.dispatchBubblingEvent(Ljavafx/event/Event;)V+42
j  com.sun.javafx.event.EventHandlerManager.dispatchBubblingEvent(Ljavafx/event/EventType;Ljavafx/event/Event;)Ljavafx/event/Event;+29
j  com.sun.javafx.event.EventHandlerManager.dispatchBubblingEvent(Ljavafx/event/Event;)Ljavafx/event/Event;+8
j  com.sun.javafx.event.CompositeEventDispatcher.dispatchBubblingEvent(Ljavafx/event/Event;)Ljavafx/event/Event;+11
j  com.sun.javafx.event.BasicEventDispatcher.dispatchEvent(Ljavafx/event/Event;Ljavafx/event/EventDispatchChain;)Ljavafx/event/Event;+29
j  com.sun.javafx.event.EventDispatchChainImpl.dispatchEvent(Ljavafx/event/Event;)Ljavafx/event/Event;+69
j  com.sun.javafx.event.BasicEventDispatcher.dispatchEvent(Ljavafx/event/Event;Ljavafx/event/EventDispatchChain;)Ljavafx/event/Event;+17
j  com.sun.javafx.event.EventDispatchChainImpl.dispatchEvent(Ljavafx/event/Event;)Ljavafx/event/Event;+69
j  com.sun.javafx.event.BasicEventDispatcher.dispatchEvent(Ljavafx/event/Event;Ljavafx/event/EventDispatchChain;)Ljavafx/event/Event;+17
j  com.sun.javafx.event.EventDispatchChainImpl.dispatchEvent(Ljavafx/event/Event;)Ljavafx/event/Event;+69
j  com.sun.javafx.event.BasicEventDispatcher.dispatchEvent(Ljavafx/event/Event;Ljavafx/event/EventDispatchChain;)Ljavafx/event/Event;+17
j  com.sun.javafx.event.EventDispatchChainImpl.dispatchEvent(Ljavafx/event/Event;)Ljavafx/event/Event;+69
j  com.sun.javafx.event.EventUtil.fireEventImpl(Ljavafx/event/EventDispatchChain;Ljavafx/event/EventTarget;Ljavafx/event/Event;)Ljavafx/event/Event;+10
j  com.sun.javafx.event.EventUtil.fireEvent(Ljavafx/event/EventTarget;Ljavafx/event/Event;)Ljavafx/event/Event;+46
j  javafx.event.Event.fireEvent(Ljavafx/event/EventTarget;Ljavafx/event/Event;)V+30
j  javafx.scene.Scene$MouseHandler.process(Ljavafx/scene/input/MouseEvent;Z)V+405
j  javafx.scene.Scene$MouseHandler.process(Ljavafx/scene/input/MouseEvent;)V+3
j  javafx.scene.Scene$MouseHandler.access$1900(Ljavafx/scene/Scene$MouseHandler;Ljavafx/scene/input/MouseEvent;)V+2
j  javafx.scene.Scene.impl_processMouseEvent(Ljavafx/scene/input/MouseEvent;)V+16
j  javafx.scene.Scene$ScenePeerListener.mouseEvent(Ljava/lang/Object;)V+11
j  com.sun.javafx.tk.quantum.GlassViewEventHandler$MouseEventNotification.run()Ljava/lang/Void;+329
j  com.sun.javafx.tk.quantum.GlassViewEventHandler$MouseEventNotification.run()Ljava/lang/Object;+1
v  ~StubRoutines::call_stub
j  java.security.AccessController.doPrivileged(Ljava/security/PrivilegedAction;Ljava/security/AccessControlContext;)Ljava/lang/Object;+0
j  com.sun.javafx.tk.quantum.GlassViewEventHandler.handleMouseEvent(Lcom/sun/glass/ui/View;JIIIIIIIIZZ)V+117
j  com.sun.glass.ui.View.handleMouseEvent(JIIIIIIIIZZ)V+38
j  com.sun.glass.ui.View.notifyMouse(IIIIIIIZZ)V+184
v  ~StubRoutines::call_stub
j  com.sun.glass.ui.gtk.GtkApplication._runLoop([Ljava/lang/String;Lcom/sun/glass/ui/Launchable;Z)V+0
j  com.sun.glass.ui.gtk.GtkApplication$3$1.run()V+38
j  java.lang.Thread.run()V+11
v  ~StubRoutines::call_stub

---------------  P R O C E S S  ---------------

Java Threads: ( => current thread )
  0x00007f5984049800 JavaThread "Java2D Disposer" daemon [_thread_blocked, id=11832, stack(0x00007f596ed72000,0x00007f596ee73000)]
  0x00007f59680c5800 JavaThread "Prism Font Disposer" daemon [_thread_blocked, id=11831, stack(0x00007f597c0e7000,0x00007f597c1e8000)]
=>0x00007f5990130000 JavaThread "JavaFX Application Thread" [_thread_in_native, id=11830, stack(0x00007f597c1e8000,0x00007f597c2e9000)]
  0x00007f599012f800 JavaThread "Thread-3" daemon [_thread_blocked, id=11829, stack(0x00007f597c2e9000,0x00007f597c3ea000)]
  0x00007f5990089000 JavaThread "Disposer" daemon [_thread_blocked, id=11826, stack(0x00007f59c800c000,0x00007f59c810d000)]
  0x00007f5990087800 JavaThread "QuantumRenderer-0" daemon [_thread_blocked, id=11825, stack(0x00007f59c8ccf000,0x00007f59c8dd0000)]
  0x00007f59cc131800 JavaThread "JavaFX-Launcher" [_thread_blocked, id=11824, stack(0x00007f59d00ae000,0x00007f59d01af000)]
  0x00007f59cc116000 JavaThread "traceMsgQueueThread" daemon [_thread_blocked, id=11823, stack(0x00007f59d01af000,0x00007f59d02b0000)]
  0x00007f59cc096000 JavaThread "Service Thread" daemon [_thread_blocked, id=11821, stack(0x00007f59d0457000,0x00007f59d0558000)]
  0x00007f59cc094000 JavaThread "C2 CompilerThread1" daemon [_thread_blocked, id=11820, stack(0x00007f59d0558000,0x00007f59d0659000)]
  0x00007f59cc091000 JavaThread "C2 CompilerThread0" daemon [_thread_blocked, id=11819, stack(0x00007f59d0659000,0x00007f59d075a000)]
  0x00007f59cc086800 JavaThread "Signal Dispatcher" daemon [_thread_blocked, id=11818, stack(0x00007f59d075a000,0x00007f59d085b000)]
  0x00007f59cc070800 JavaThread "Finalizer" daemon [_thread_blocked, id=11817, stack(0x00007f59d085b000,0x00007f59d095c000)]
  0x00007f59cc06c800 JavaThread "Reference Handler" daemon [_thread_blocked, id=11816, stack(0x00007f59d095c000,0x00007f59d0a5d000)]
  0x00007f59cc00a800 JavaThread "main" [_thread_blocked, id=11810, stack(0x00007f59d5690000,0x00007f59d5791000)]

Other Threads:
  0x00007f59cc06a000 VMThread [stack: 0x00007f59d0a5d000,0x00007f59d0b5e000] [id=11815]
  0x00007f59cc0a9000 WatcherThread [stack: 0x00007f59d0356000,0x00007f59d0457000] [id=11822]

VM state:not at safepoint (normal execution)

VM Mutex/Monitor currently owned by a thread: None

Heap
 PSYoungGen      total 17920K, used 10557K [0x00000000ebf00000, 0x00000000ee200000, 0x0000000100000000)
  eden space 15360K, 52% used [0x00000000ebf00000,0x00000000ec6d5880,0x00000000ece00000)
  from space 2560K, 99% used [0x00000000ed080000,0x00000000ed2f9cf8,0x00000000ed300000)
  to   space 2560K, 0% used [0x00000000ece00000,0x00000000ece00000,0x00000000ed080000)
 ParOldGen       total 40960K, used 3499K [0x00000000c3e00000, 0x00000000c6600000, 0x00000000ebf00000)
  object space 40960K, 8% used [0x00000000c3e00000,0x00000000c416ac18,0x00000000c6600000)
 PSPermGen       total 21504K, used 16249K [0x00000000bec00000, 0x00000000c0100000, 0x00000000c3e00000)
  object space 21504K, 75% used [0x00000000bec00000,0x00000000bfbde410,0x00000000c0100000)

Card table byte_map: [0x00007f59d258a000,0x00007f59d2795000] byte_map_base: 0x00007f59d1f94000

Polling page: 0x00007f59d57ad000

Code Cache  [0x00007f59c9000000, 0x00007f59c9270000, 0x00007f59cc000000)
 total_blobs=907 nmethods=116 adapters=744 free_code_cache=48122Kb largest_free_block=49257344

Compilation events (10 events):
Event: 12.474 Thread 0x00007f59cc094000  111   !         java.awt.GradientPaintContext::<init> (649 bytes)
Event: 12.491 Thread 0x00007f59cc094000 nmethod 111 0x00007f59c90e7510 code [0x00007f59c90e77e0, 0x00007f59c90e8920]
Event: 15.992 Thread 0x00007f59cc091000  113             javafx.scene.Node::getParent (22 bytes)
Event: 15.993 Thread 0x00007f59cc091000 nmethod 113 0x00007f59c9104650 code [0x00007f59c91047a0, 0x00007f59c9104858]
Event: 17.586 Thread 0x00007f59cc094000  114             java.util.concurrent.locks.AbstractOwnableSynchronizer::getExclusiveOwnerThread (5 bytes)
Event: 17.587 Thread 0x00007f59cc094000 nmethod 114 0x00007f59c9104910 code [0x00007f59c9104a40, 0x00007f59c9104a98]
Event: 19.762 Thread 0x00007f59cc091000  115   !         java.lang.ref.ReferenceQueue::poll (28 bytes)
Event: 19.762 Thread 0x00007f59cc091000 nmethod 115 0x00007f59c9104b10 code [0x00007f59c9104c40, 0x00007f59c9104cb8]
Event: 24.263 Thread 0x00007f59cc094000  116             com.sun.javafx.css.StyleableProperty::getConverter (5 bytes)
Event: 24.263 Thread 0x00007f59cc094000 nmethod 116 0x00007f59c9102090 code [0x00007f59c91021c0, 0x00007f59c9102218]

GC Heap History (4 events):
Event: 0.610 GC heap before
{Heap before GC invocations=1 (full 0):
 PSYoungGen      total 17920K, used 15345K [0x00000000ebf00000, 0x00000000ed300000, 0x0000000100000000)
  eden space 15360K, 99% used [0x00000000ebf00000,0x00000000ecdfc668,0x00000000ece00000)
  from space 2560K, 0% used [0x00000000ed080000,0x00000000ed080000,0x00000000ed300000)
  to   space 2560K, 0% used [0x00000000ece00000,0x00000000ece00000,0x00000000ed080000)
 ParOldGen       total 40960K, used 0K [0x00000000c3e00000, 0x00000000c6600000, 0x00000000ebf00000)
  object space 40960K, 0% used [0x00000000c3e00000,0x00000000c3e00000,0x00000000c6600000)
 PSPermGen       total 21504K, used 9470K [0x00000000bec00000, 0x00000000c0100000, 0x00000000c3e00000)
  object space 21504K, 44% used [0x00000000bec00000,0x00000000bf53fbd8,0x00000000c0100000)
Event: 0.616 GC heap after
Heap after GC invocations=1 (full 0):
 PSYoungGen      total 17920K, used 2560K [0x00000000ebf00000, 0x00000000ed300000, 0x0000000100000000)
  eden space 15360K, 0% used [0x00000000ebf00000,0x00000000ebf00000,0x00000000ece00000)
  from space 2560K, 100% used [0x00000000ece00000,0x00000000ed080000,0x00000000ed080000)
  to   space 2560K, 0% used [0x00000000ed080000,0x00000000ed080000,0x00000000ed300000)
 ParOldGen       total 40960K, used 245K [0x00000000c3e00000, 0x00000000c6600000, 0x00000000ebf00000)
  object space 40960K, 0% used [0x00000000c3e00000,0x00000000c3e3d4a8,0x00000000c6600000)
 PSPermGen       total 21504K, used 9470K [0x00000000bec00000, 0x00000000c0100000, 0x00000000c3e00000)
  object space 21504K, 44% used [0x00000000bec00000,0x00000000bf53fbd8,0x00000000c0100000)
}
Event: 1.117 GC heap before
{Heap before GC invocations=2 (full 0):
 PSYoungGen      total 17920K, used 15765K [0x00000000ebf00000, 0x00000000ed300000, 0x0000000100000000)
  eden space 15360K, 85% used [0x00000000ebf00000,0x00000000ecbe57e8,0x00000000ece00000)
  from space 2560K, 100% used [0x00000000ece00000,0x00000000ed080000,0x00000000ed080000)
  to   space 2560K, 0% used [0x00000000ed080000,0x00000000ed080000,0x00000000ed300000)
 ParOldGen       total 40960K, used 245K [0x00000000c3e00000, 0x00000000c6600000, 0x00000000ebf00000)
  object space 40960K, 0% used [0x00000000c3e00000,0x00000000c3e3d4a8,0x00000000c6600000)
 PSPermGen       total 21504K, used 13486K [0x00000000bec00000, 0x00000000c0100000, 0x00000000c3e00000)
  object space 21504K, 62% used [0x00000000bec00000,0x00000000bf92bb80,0x00000000c0100000)
Event: 1.132 GC heap after
Heap after GC invocations=2 (full 0):
 PSYoungGen      total 17920K, used 2535K [0x00000000ebf00000, 0x00000000ee200000, 0x0000000100000000)
  eden space 15360K, 0% used [0x00000000ebf00000,0x00000000ebf00000,0x00000000ece00000)
  from space 2560K, 99% used [0x00000000ed080000,0x00000000ed2f9cf8,0x00000000ed300000)
  to   space 2560K, 0% used [0x00000000ece00000,0x00000000ece00000,0x00000000ed080000)
 ParOldGen       total 40960K, used 3499K [0x00000000c3e00000, 0x00000000c6600000, 0x00000000ebf00000)
  object space 40960K, 8% used [0x00000000c3e00000,0x00000000c416ac18,0x00000000c6600000)
 PSPermGen       total 21504K, used 13486K [0x00000000bec00000, 0x00000000c0100000, 0x00000000c3e00000)
  object space 21504K, 62% used [0x00000000bec00000,0x00000000bf92bb80,0x00000000c0100000)
}

Deoptimization events (10 events):
Event: 0.822 Thread 0x00007f5990130000 Uncommon trap: reason=bimorphic action=maybe_recompile pc=0x00007f59c909c444 method=java.util.Collections$UnmodifiableList.get(I)Ljava/lang/Object; @ 5
Event: 0.822 Thread 0x00007f5990130000 Uncommon trap: reason=bimorphic action=maybe_recompile pc=0x00007f59c9099524 method=java.util.Collections$UnmodifiableCollection.size()I @ 4
Event: 0.838 Thread 0x00007f5990130000 Uncommon trap: reason=predicate action=maybe_recompile pc=0x00007f59c909d270 method=java.util.Arrays.fill([Ljava/lang/Object;Ljava/lang/Object;)V @ 10
Event: 0.871 Thread 0x00007f5990130000 Uncommon trap: reason=null_check action=make_not_entrant pc=0x00007f59c90b2110 method=com.sun.javafx.css.SimpleSelector.mightApply(Ljava/lang/String;Ljava/lang/String;Ljava/util/List;)Z @ 29
Event: 0.871 Thread 0x00007f5990130000 Uncommon trap: reason=array_check action=maybe_recompile pc=0x00007f59c90a29b8 method=java.util.Arrays.fill([Ljava/lang/Object;Ljava/lang/Object;)V @ 13
Event: 0.871 Thread 0x00007f5990130000 Uncommon trap: reason=array_check action=maybe_recompile pc=0x00007f59c90a29b8 method=java.util.Arrays.fill([Ljava/lang/Object;Ljava/lang/Object;)V @ 13
Event: 0.871 Thread 0x00007f5990130000 Uncommon trap: reason=array_check action=maybe_recompile pc=0x00007f59c90a29b8 method=java.util.Arrays.fill([Ljava/lang/Object;Ljava/lang/Object;)V @ 13
Event: 0.871 Thread 0x00007f5990130000 Uncommon trap: reason=array_check action=maybe_recompile pc=0x00007f59c90a29b8 method=java.util.Arrays.fill([Ljava/lang/Object;Ljava/lang/Object;)V @ 13
Event: 1.070 Thread 0x00007f5990130000 Uncommon trap: reason=null_check action=make_not_entrant pc=0x00007f59c90a77b4 method=javafx.scene.Node.getParent()Ljavafx/scene/Parent; @ 18
Event: 1.136 Thread 0x00007f5990087800 Uncommon trap: reason=bimorphic action=maybe_recompile pc=0x00007f59c9099524 method=java.util.Collections$UnmodifiableCollection.size()I @ 4

Internal exceptions (10 events):
Event: 0.822 Thread 0x00007f5990130000 Threw 0x00000000ec78fce0 at /HUDSON/workspace/7u-2-build-linux-amd64/jdk7u45/229/hotspot/src/share/vm/prims/jvm.cpp:1244
Event: 0.871 Thread 0x00007f5990130000 Implicit null exception at 0x00007f59c90afb02 to 0x00007f59c90b2061
Event: 1.070 Thread 0x00007f5990130000 Implicit null exception at 0x00007f59c90a775a to 0x00007f59c90a77a9
Event: 1.137 Thread 0x00007f5990087800 Threw 0x00000000ec2e9a90 at /HUDSON/workspace/7u-2-build-linux-amd64/jdk7u45/229/hotspot/src/share/vm/prims/jni.cpp:717
Event: 1.137 Thread 0x00007f5990087800 Threw 0x00000000ec2ea2a8 at /HUDSON/workspace/7u-2-build-linux-amd64/jdk7u45/229/hotspot/src/share/vm/prims/jni.cpp:717
Event: 1.139 Thread 0x00007f5990087800 Threw 0x00000000ec2ec310 at /HUDSON/workspace/7u-2-build-linux-amd64/jdk7u45/229/hotspot/src/share/vm/prims/jvm.cpp:1244
Event: 1.141 Thread 0x00007f5990087800 Threw 0x00000000ec303770 at /HUDSON/workspace/7u-2-build-linux-amd64/jdk7u45/229/hotspot/src/share/vm/prims/jvm.cpp:1244
Event: 1.142 Thread 0x00007f5990087800 Threw 0x00000000ec305bb0 at /HUDSON/workspace/7u-2-build-linux-amd64/jdk7u45/229/hotspot/src/share/vm/prims/jvm.cpp:1244
Event: 1.142 Thread 0x00007f5990087800 Threw 0x00000000ec3076b8 at /HUDSON/workspace/7u-2-build-linux-amd64/jdk7u45/229/hotspot/src/share/vm/prims/jvm.cpp:1244
Event: 1.266 Thread 0x00007f5990087800 Threw 0x00000000ec506fc8 at /HUDSON/workspace/7u-2-build-linux-amd64/jdk7u45/229/hotspot/src/share/vm/prims/jvm.cpp:1244

Events (10 events):
Event: 19.796 loading class 0x00007f5990074680
Event: 19.796 loading class 0x00007f5990074680 done
Event: 19.796 loading class 0x00007f59900732a0
Event: 19.796 loading class 0x00007f59900732a0 done
Event: 19.797 loading class 0x00007f5968093120
Event: 19.797 loading class 0x00007f5968093120 done
Event: 19.798 loading class 0x00007f5990073200
Event: 19.798 loading class 0x00007f5990073200 done
Event: 19.798 loading class 0x00007f5968093190
Event: 19.798 loading class 0x00007f5968093190 done


Dynamic libraries:
00400000-00401000 r-xp 00000000 08:02 9176824                            /usr/lib/jvm/jdk1.7.0_45/bin/java
00600000-00601000 rw-p 00000000 08:02 9176824                            /usr/lib/jvm/jdk1.7.0_45/bin/java
01640000-01661000 rw-p 00000000 00:00 0                                  [heap]
bec00000-c0100000 rw-p 00000000 00:00 0 
c0100000-c3e00000 rw-p 00000000 00:00 0 
c3e00000-c6600000 rw-p 00000000 00:00 0 
c6600000-ebf00000 rw-p 00000000 00:00 0 
ebf00000-ee200000 rw-p 00000000 00:00 0 
ee200000-100000000 rw-p 00000000 00:00 0 
7f5934000000-7f5934022000 rw-p 00000000 00:00 0 
7f5934022000-7f5938000000 ---p 00000000 00:00 0 
7f593c000000-7f593c022000 rw-p 00000000 00:00 0 
7f593c022000-7f5940000000 ---p 00000000 00:00 0 
7f5940000000-7f5940022000 rw-p 00000000 00:00 0 
7f5940022000-7f5944000000 ---p 00000000 00:00 0 
7f5944000000-7f5944022000 rw-p 00000000 00:00 0 
7f5944022000-7f5948000000 ---p 00000000 00:00 0 
7f5948000000-7f5948022000 rw-p 00000000 00:00 0 
7f5948022000-7f594c000000 ---p 00000000 00:00 0 
7f594cffa000-7f594cffb000 ---p 00000000 00:00 0 
7f594cffb000-7f594d7fb000 rw-p 00000000 00:00 0                          [stack:11849]
7f594d7fb000-7f594d7fc000 ---p 00000000 00:00 0 
7f594d7fc000-7f594dffc000 rw-p 00000000 00:00 0 
7f594e7fd000-7f594e7fe000 ---p 00000000 00:00 0 
7f594e7fe000-7f594effe000 rw-p 00000000 00:00 0 
7f5950000000-7f5950022000 rw-p 00000000 00:00 0 
7f5950022000-7f5954000000 ---p 00000000 00:00 0 
7f5954000000-7f5954022000 rw-p 00000000 00:00 0 
7f5954022000-7f5958000000 ---p 00000000 00:00 0 
7f5958000000-7f5958022000 rw-p 00000000 00:00 0 
7f5958022000-7f595c000000 ---p 00000000 00:00 0 
7f595c000000-7f595c021000 rw-p 00000000 00:00 0 
7f595c021000-7f5960000000 ---p 00000000 00:00 0 
7f596051a000-7f596051b000 ---p 00000000 00:00 0 
7f596051b000-7f5960d1b000 rw-p 00000000 00:00 0 
7f596151c000-7f596151e000 r-xp 00000000 08:02 6030445                    /usr/lib/x86_64-linux-gnu/pango/1.6.0/modules/pango-basic-fc.so
7f596151e000-7f596171d000 ---p 00002000 08:02 6030445                    /usr/lib/x86_64-linux-gnu/pango/1.6.0/modules/pango-basic-fc.so
7f596171d000-7f596171e000 r--p 00001000 08:02 6030445                    /usr/lib/x86_64-linux-gnu/pango/1.6.0/modules/pango-basic-fc.so
7f596171e000-7f596171f000 rw-p 00002000 08:02 6030445                    /usr/lib/x86_64-linux-gnu/pango/1.6.0/modules/pango-basic-fc.so
7f596171f000-7f5961739000 r-xp 00000000 08:02 5903403                    /usr/lib/x86_64-linux-gnu/libdbusmenu-glib.so.4.0.13
7f5961739000-7f5961938000 ---p 0001a000 08:02 5903403                    /usr/lib/x86_64-linux-gnu/libdbusmenu-glib.so.4.0.13
7f5961938000-7f5961939000 r--p 00019000 08:02 5903403                    /usr/lib/x86_64-linux-gnu/libdbusmenu-glib.so.4.0.13
7f5961939000-7f596193a000 rw-p 0001a000 08:02 5903403                    /usr/lib/x86_64-linux-gnu/libdbusmenu-glib.so.4.0.13
7f596193a000-7f596194c000 r-xp 00000000 08:02 5903449                    /usr/lib/x86_64-linux-gnu/libdbusmenu-gtk.so.4.0.13
7f596194c000-7f5961b4b000 ---p 00012000 08:02 5903449                    /usr/lib/x86_64-linux-gnu/libdbusmenu-gtk.so.4.0.13
7f5961b4b000-7f5961b4c000 r--p 00011000 08:02 5903449                    /usr/lib/x86_64-linux-gnu/libdbusmenu-gtk.so.4.0.13
7f5961b4c000-7f5961b4d000 rw-p 00012000 08:02 5903449                    /usr/lib/x86_64-linux-gnu/libdbusmenu-gtk.so.4.0.13
7f5961b4d000-7f5961b52000 r-xp 00000000 08:02 6030473                    /usr/lib/x86_64-linux-gnu/gtk-2.0/2.10.0/menuproxies/libappmenu.so
7f5961b52000-7f5961d51000 ---p 00005000 08:02 6030473                    /usr/lib/x86_64-linux-gnu/gtk-2.0/2.10.0/menuproxies/libappmenu.so
7f5961d51000-7f5961d52000 r--p 00004000 08:02 6030473                    /usr/lib/x86_64-linux-gnu/gtk-2.0/2.10.0/menuproxies/libappmenu.so
7f5961d52000-7f5961d53000 rw-p 00005000 08:02 6030473                    /usr/lib/x86_64-linux-gnu/gtk-2.0/2.10.0/menuproxies/libappmenu.so
7f59622fa000-7f5962353000 r-xp 00000000 08:02 5913470                    /usr/lib/lib_jsndobj.so
7f5962353000-7f5962552000 ---p 00059000 08:02 5913470                    /usr/lib/lib_jsndobj.so
7f5962552000-7f5962553000 r--p 00058000 08:02 5913470                    /usr/lib/lib_jsndobj.so
7f5962553000-7f5962554000 rw-p 00059000 08:02 5913470                    /usr/lib/lib_jsndobj.so
7f5962554000-7f5962555000 ---p 00000000 00:00 0 
7f5962555000-7f5962d55000 rw-p 00000000 00:00 0 
7f5962d55000-7f5964000000 r--p 00000000 08:02 6172673                    /usr/share/icons/hicolor/icon-theme.cache
7f5964000000-7f5964021000 rw-p 00000000 00:00 0 
7f5964021000-7f5968000000 ---p 00000000 00:00 0 
7f5968000000-7f59684a5000 rw-p 00000000 00:00 0 
7f59684a5000-7f596c000000 ---p 00000000 00:00 0 
7f596c12c000-7f596c17e000 r--p 00000000 08:02 9046012                    /usr/share/fonts/truetype/ubuntu-font-family/Ubuntu-B.ttf
7f596c17e000-7f596c1de000 rw-s 00000000 00:04 688521337                  /SYSV00000000 (deleted)
7f596c1de000-7f596c32f000 r-xp 00000000 08:02 5903380                    /usr/lib/x86_64-linux-gnu/libxml2.so.2.7.8
7f596c32f000-7f596c52f000 ---p 00151000 08:02 5903380                    /usr/lib/x86_64-linux-gnu/libxml2.so.2.7.8
7f596c52f000-7f596c537000 r--p 00151000 08:02 5903380                    /usr/lib/x86_64-linux-gnu/libxml2.so.2.7.8
7f596c537000-7f596c539000 rw-p 00159000 08:02 5903380                    /usr/lib/x86_64-linux-gnu/libxml2.so.2.7.8
7f596c539000-7f596c53a000 rw-p 00000000 00:00 0 
7f596c53a000-7f596c571000 r-xp 00000000 08:02 5903855                    /usr/lib/x86_64-linux-gnu/libcroco-0.6.so.3.0.1
7f596c571000-7f596c770000 ---p 00037000 08:02 5903855                    /usr/lib/x86_64-linux-gnu/libcroco-0.6.so.3.0.1
7f596c770000-7f596c773000 r--p 00036000 08:02 5903855                    /usr/lib/x86_64-linux-gnu/libcroco-0.6.so.3.0.1
7f596c773000-7f596c774000 rw-p 00039000 08:02 5903855                    /usr/lib/x86_64-linux-gnu/libcroco-0.6.so.3.0.1
7f596c774000-7f596c7a8000 r-xp 00000000 08:02 5903857                    /usr/lib/x86_64-linux-gnu/librsvg-2.so.2.36.1
7f596c7a8000-7f596c9a7000 ---p 00034000 08:02 5903857                    /usr/lib/x86_64-linux-gnu/librsvg-2.so.2.36.1
7f596c9a7000-7f596c9a8000 r--p 00033000 08:02 5903857                    /usr/lib/x86_64-linux-gnu/librsvg-2.so.2.36.1
7f596c9a8000-7f596c9a9000 rw-p 00034000 08:02 5903857                    /usr/lib/x86_64-linux-gnu/librsvg-2.so.2.36.1
7f596c9a9000-7f596c9ab000 r-xp 00000000 08:02 6033119                    /usr/lib/x86_64-linux-gnu/gdk-pixbuf-2.0/2.10.0/loaders/libpixbufloader-svg.so
7f596c9ab000-7f596cbaa000 ---p 00002000 08:02 6033119                    /usr/lib/x86_64-linux-gnu/gdk-pixbuf-2.0/2.10.0/loaders/libpixbufloader-svg.so
7f596cbaa000-7f596cbab000 r--p 00001000 08:02 6033119                    /usr/lib/x86_64-linux-gnu/gdk-pixbuf-2.0/2.10.0/loaders/libpixbufloader-svg.so
7f596cbab000-7f596cbac000 rw-p 00002000 08:02 6033119                    /usr/lib/x86_64-linux-gnu/gdk-pixbuf-2.0/2.10.0/loaders/libpixbufloader-svg.so
7f596cbac000-7f596d497000 r--p 00000000 08:02 6300108                    /usr/share/icons/gnome/icon-theme.cache
7f596d497000-7f596d580000 r--p 00000000 08:02 6165433                    /usr/share/icons/Humanity/icon-theme.cache
7f596d580000-7f596d590000 r-xp 00000000 08:02 6033371                    /usr/lib/x86_64-linux-gnu/gio/modules/libgioremote-volume-monitor.so
7f596d590000-7f596d78f000 ---p 00010000 08:02 6033371                    /usr/lib/x86_64-linux-gnu/gio/modules/libgioremote-volume-monitor.so
7f596d78f000-7f596d790000 r--p 0000f000 08:02 6033371                    /usr/lib/x86_64-linux-gnu/gio/modules/libgioremote-volume-monitor.so
7f596d790000-7f596d791000 rw-p 00010000 08:02 6033371                    /usr/lib/x86_64-linux-gnu/gio/modules/libgioremote-volume-monitor.so
7f596d791000-7f596d79d000 r-xp 00000000 08:02 7864410                    /lib/x86_64-linux-gnu/libudev.so.0.13.0
7f596d79d000-7f596d99c000 ---p 0000c000 08:02 7864410                    /lib/x86_64-linux-gnu/libudev.so.0.13.0
7f596d99c000-7f596d99d000 r--p 0000b000 08:02 7864410                    /lib/x86_64-linux-gnu/libudev.so.0.13.0
7f596d99d000-7f596d99e000 rw-p 0000c000 08:02 7864410                    /lib/x86_64-linux-gnu/libudev.so.0.13.0
7f596d99e000-7f596d9e0000 r-xp 00000000 08:02 7864396                    /lib/x86_64-linux-gnu/libdbus-1.so.3.5.8
7f596d9e0000-7f596dbe0000 ---p 00042000 08:02 7864396                    /lib/x86_64-linux-gnu/libdbus-1.so.3.5.8
7f596dbe0000-7f596dbe1000 r--p 00042000 08:02 7864396                    /lib/x86_64-linux-gnu/libdbus-1.so.3.5.8
7f596dbe1000-7f596dbe2000 rw-p 00043000 08:02 7864396                    /lib/x86_64-linux-gnu/libdbus-1.so.3.5.8
7f596dbe2000-7f596dbf8000 r-xp 00000000 08:02 6686470                    /usr/lib/x86_64-linux-gnu/gvfs/libgvfscommon.so
7f596dbf8000-7f596ddf7000 ---p 00016000 08:02 6686470                    /usr/lib/x86_64-linux-gnu/gvfs/libgvfscommon.so
7f596ddf7000-7f596ddf8000 r--p 00015000 08:02 6686470                    /usr/lib/x86_64-linux-gnu/gvfs/libgvfscommon.so
7f596ddf8000-7f596ddf9000 rw-p 00016000 08:02 6686470                    /usr/lib/x86_64-linux-gnu/gvfs/libgvfscommon.so
7f596ddf9000-7f596de21000 r-xp 00000000 08:02 6033370                    /usr/lib/x86_64-linux-gnu/gio/modules/libgvfsdbus.so
7f596de21000-7f596e020000 ---p 00028000 08:02 6033370                    /usr/lib/x86_64-linux-gnu/gio/modules/libgvfsdbus.so
7f596e020000-7f596e021000 r--p 00027000 08:02 6033370                    /usr/lib/x86_64-linux-gnu/gio/modules/libgvfsdbus.so
7f596e021000-7f596e022000 rw-p 00028000 08:02 6033370                    /usr/lib/x86_64-linux-gnu/gio/modules/libgvfsdbus.so
7f596e022000-7f596e08a000 r-xp 00000000 08:02 10749464                   /usr/lib/jvm/jdk1.7.0_45/jre/lib/amd64/libt2k.so
7f596e08a000-7f596e28a000 ---p 00068000 08:02 10749464                   /usr/lib/jvm/jdk1.7.0_45/jre/lib/amd64/libt2k.so
7f596e28a000-7f596e291000 rw-p 00068000 08:02 10749464                   /usr/lib/jvm/jdk1.7.0_45/jre/lib/amd64/libt2k.so
7f596e291000-7f596e2a1000 rw-p 00000000 00:00 0 
7f596e2a1000-7f596e2b1000 r-xp 00000000 08:02 10749498                   /usr/lib/jvm/jdk1.7.0_45/jre/lib/amd64/libnio.so
7f596e2b1000-7f596e4b1000 ---p 00010000 08:02 10749498                   /usr/lib/jvm/jdk1.7.0_45/jre/lib/amd64/libnio.so
7f596e4b1000-7f596e4b2000 rw-p 00010000 08:02 10749498                   /usr/lib/jvm/jdk1.7.0_45/jre/lib/amd64/libnio.so
7f596e4b2000-7f596e4b9000 r-xp 00000000 08:02 7867765                    /lib/x86_64-linux-gnu/libnss_dns-2.15.so
7f596e4b9000-7f596e6b8000 ---p 00007000 08:02 7867765                    /lib/x86_64-linux-gnu/libnss_dns-2.15.so
7f596e6b8000-7f596e6b9000 r--p 00006000 08:02 7867765                    /lib/x86_64-linux-gnu/libnss_dns-2.15.so
7f596e6b9000-7f596e6ba000 rw-p 00007000 08:02 7867765                    /lib/x86_64-linux-gnu/libnss_dns-2.15.so
7f596e6ba000-7f596e6d0000 r-xp 00000000 08:02 10749449                   /usr/lib/jvm/jdk1.7.0_45/jre/lib/amd64/libnet.so
7f596e6d0000-7f596e8d0000 ---p 00016000 08:02 10749449                   /usr/lib/jvm/jdk1.7.0_45/jre/lib/amd64/libnet.so
7f596e8d0000-7f596e8d1000 rw-p 00016000 08:02 10749449                   /usr/lib/jvm/jdk1.7.0_45/jre/lib/amd64/libnet.so
7f596e8d1000-7f596e931000 r-xp 00000000 08:02 10749492                   /usr/lib/jvm/jdk1.7.0_45/jre/lib/amd64/libfontmanager.so
7f596e931000-7f596eb30000 ---p 00060000 08:02 10749492                   /usr/lib/jvm/jdk1.7.0_45/jre/lib/amd64/libfontmanager.so
7f596eb30000-7f596eb34000 rw-p 0005f000 08:02 10749492                   /usr/lib/jvm/jdk1.7.0_45/jre/lib/amd64/libfontmanager.so
7f596eb34000-7f596eb45000 rw-p 00000000 00:00 0 
7f596eb45000-7f596eb6f000 r-xp 00000000 08:02 10749487                   /usr/lib/jvm/jdk1.7.0_45/jre/lib/amd64/libdcpr.so
7f596eb6f000-7f596ed6f000 ---p 0002a000 08:02 10749487                   /usr/lib/jvm/jdk1.7.0_45/jre/lib/amd64/libdcpr.so
7f596ed6f000-7f596ed72000 rw-p 0002a000 08:02 10749487                   /usr/lib/jvm/jdk1.7.0_45/jre/lib/amd64/libdcpr.so
7f596ed72000-7f596ed75000 ---p 00000000 00:00 0 
7f596ed75000-7f596ee73000 rw-p 00000000 00:00 0                          [stack:11832]
7f596ee73000-7f596eec3000 r-xp 00000000 08:02 10749501                   /usr/lib/jvm/jdk1.7.0_45/jre/lib/amd64/xawt/libmawt.so
7f596eec3000-7f596f0c3000 ---p 00050000 08:02 10749501                   /usr/lib/jvm/jdk1.7.0_45/jre/lib/amd64/xawt/libmawt.so
7f596f0c3000-7f596f0c7000 rw-p 00050000 08:02 10749501                   /usr/lib/jvm/jdk1.7.0_45/jre/lib/amd64/xawt/libmawt.so
7f596f0c7000-7f596f0c8000 rw-p 00000000 00:00 0 
7f596f0c8000-7f596f16a000 r-xp 00000000 08:02 10749457                   /usr/lib/jvm/jdk1.7.0_45/jre/lib/amd64/libawt.so
7f596f16a000-7f596f36a000 ---p 000a2000 08:02 10749457                   /usr/lib/jvm/jdk1.7.0_45/jre/lib/amd64/libawt.so
7f596f36a000-7f596f376000 rw-p 000a2000 08:02 10749457                   /usr/lib/jvm/jdk1.7.0_45/jre/lib/amd64/libawt.so
7f596f376000-7f596f39a000 rw-p 00000000 00:00 0 
7f596f39a000-7f596f3d0000 r-xp 00000000 08:02 10749506                   /usr/lib/jvm/jdk1.7.0_45/jre/lib/amd64/libjavafx-iio.so
7f596f3d0000-7f596f5d0000 ---p 00036000 08:02 10749506                   /usr/lib/jvm/jdk1.7.0_45/jre/lib/amd64/libjavafx-iio.so
7f596f5d0000-7f596f5d1000 r--p 00036000 08:02 10749506                   /usr/lib/jvm/jdk1.7.0_45/jre/lib/amd64/libjavafx-iio.so
7f596f5d1000-7f596f5d2000 rw-p 00037000 08:02 10749506                   /usr/lib/jvm/jdk1.7.0_45/jre/lib/amd64/libjavafx-iio.so
7f596f5d2000-7f596f62a000 r-xp 00000000 08:02 10749455                   /usr/lib/jvm/jdk1.7.0_45/jre/lib/amd64/libjavafx-font.so
7f596f62a000-7f596f829000 ---p 00058000 08:02 10749455                   /usr/lib/jvm/jdk1.7.0_45/jre/lib/amd64/libjavafx-font.so
7f596f829000-7f596f82e000 r--p 00057000 08:02 10749455                   /usr/lib/jvm/jdk1.7.0_45/jre/lib/amd64/libjavafx-font.so
7f596f82e000-7f596f82f000 rw-p 0005c000 08:02 10749455                   /usr/lib/jvm/jdk1.7.0_45/jre/lib/amd64/libjavafx-font.so
7f596f82f000-7f596f830000 rw-p 00000000 00:00 0 
7f596f830000-7f596f843000 r-xp 00000000 08:02 5903755                    /usr/lib/x86_64-linux-gnu/libjack.so.0.0.28
7f596f843000-7f596fa42000 ---p 00013000 08:02 5903755                    /usr/lib/x86_64-linux-gnu/libjack.so.0.0.28
7f596fa42000-7f596fa43000 r--p 00012000 08:02 5903755                    /usr/lib/x86_64-linux-gnu/libjack.so.0.0.28
7f596fa43000-7f596fa44000 rw-p 00013000 08:02 5903755                    /usr/lib/x86_64-linux-gnu/libjack.so.0.0.28
7f596fa44000-7f596fa4d000 rw-p 00000000 00:00 0 
7f596fa4d000-7f596fb33000 r-xp 00000000 08:02 5903385                    /usr/lib/x86_64-linux-gnu/libasound.so.2.0.0
7f596fb33000-7f596fd33000 ---p 000e6000 08:02 5903385                    /usr/lib/x86_64-linux-gnu/libasound.so.2.0.0
7f596fd33000-7f596fd39000 r--p 000e6000 08:02 5903385                    /usr/lib/x86_64-linux-gnu/libasound.so.2.0.0
7f596fd39000-7f596fd3a000 rw-p 000ec000 08:02 5903385                    /usr/lib/x86_64-linux-gnu/libasound.so.2.0.0
7f596fd3a000-7f596fdf8000 r-xp 00000000 00:19 21580457                   /home/se413006/sndobj-sndobj/lib/libsndobj.so.2.6.5
7f596fdf8000-7f596fff8000 ---p 000be000 00:19 21580457                   /home/se413006/sndobj-sndobj/lib/libsndobj.so.2.6.5
7f596fff8000-7f596fffc000 r--p 000be000 00:19 21580457                   /home/se413006/sndobj-sndobj/lib/libsndobj.so.2.6.5
7f596fffc000-7f5970000000 rw-p 000c2000 00:19 21580457                   /home/se413006/sndobj-sndobj/lib/libsndobj.so.2.6.5
7f5970000000-7f5970022000 rw-p 00000000 00:00 0 
7f5970022000-7f5974000000 ---p 00000000 00:00 0 
7f5974000000-7f5974021000 rw-p 00000000 00:00 0 
7f5974021000-7f5978000000 ---p 00000000 00:00 0 
7f5978000000-7f5978022000 rw-p 00000000 00:00 0 
7f5978022000-7f597c000000 ---p 00000000 00:00 0 
7f597c00d000-7f597c02d000 rw-p 00000000 00:00 0 
7f597c02d000-7f597c084000 r--p 00000000 08:02 9046010                    /usr/share/fonts/truetype/ubuntu-font-family/Ubuntu-R.ttf
7f597c084000-7f597c0a0000 r--s 00000000 08:02 6033532                    /usr/share/mime/mime.cache
7f597c0a0000-7f597c0ab000 r--p 00000000 08:02 6165434                    /usr/share/icons/Humanity-Dark/icon-theme.cache
7f597c0ab000-7f597c0ce000 r--p 00000000 08:02 7215041                    /usr/share/icons/ubuntu-mono-dark/icon-theme.cache
7f597c0ce000-7f597c0e7000 r--s 00000000 08:02 6031631                    /usr/share/fonts/type1/gsfonts/n022004l.pfb
7f597c0e7000-7f597c0ea000 ---p 00000000 00:00 0 
7f597c0ea000-7f597c1e8000 rw-p 00000000 00:00 0                          [stack:11831]
7f597c1e8000-7f597c1eb000 ---p 00000000 00:00 0 
7f597c1eb000-7f597c2e9000 rw-p 00000000 00:00 0                          [stack:11830]
7f597c2e9000-7f597c2ec000 ---p 00000000 00:00 0 
7f597c2ec000-7f597c3ea000 rw-p 00000000 00:00 0                          [stack:11829]
7f597c3ea000-7f597c3f0000 r-xp 00000000 08:02 5903718                    /usr/lib/x86_64-linux-gnu/libogg.so.0.7.1
7f597c3f0000-7f597c5ef000 ---p 00006000 08:02 5903718                    /usr/lib/x86_64-linux-gnu/libogg.so.0.7.1
7f597c5ef000-7f597c5f0000 r--p 00005000 08:02 5903718                    /usr/lib/x86_64-linux-gnu/libogg.so.0.7.1
7f597c5f0000-7f597c5f1000 rw-p 00006000 08:02 5903718                    /usr/lib/x86_64-linux-gnu/libogg.so.0.7.1
7f597c5f1000-7f597c61c000 r-xp 00000000 08:02 5903728                    /usr/lib/x86_64-linux-gnu/libvorbis.so.0.4.5
7f597c61c000-7f597c81b000 ---p 0002b000 08:02 5903728                    /usr/lib/x86_64-linux-gnu/libvorbis.so.0.4.5
7f597c81b000-7f597c81c000 r--p 0002a000 08:02 5903728                    /usr/lib/x86_64-linux-gnu/libvorbis.so.0.4.5
7f597c81c000-7f597c81d000 rw-p 0002b000 08:02 5903728                    /usr/lib/x86_64-linux-gnu/libvorbis.so.0.4.5
7f597c81d000-7f597c825000 r-xp 00000000 08:02 5903501                    /usr/lib/x86_64-linux-gnu/libltdl.so.7.3.0
7f597c825000-7f597ca25000 ---p 00008000 08:02 5903501                    /usr/lib/x86_64-linux-gnu/libltdl.so.7.3.0
7f597ca25000-7f597ca26000 r--p 00008000 08:02 5903501                    /usr/lib/x86_64-linux-gnu/libltdl.so.7.3.0
7f597ca26000-7f597ca27000 rw-p 00009000 08:02 5903501                    /usr/lib/x86_64-linux-gnu/libltdl.so.7.3.0
7f597ca27000-7f597ca37000 r-xp 00000000 08:02 5903911                    /usr/lib/x86_64-linux-gnu/libtdb.so.1.2.9
7f597ca37000-7f597cc36000 ---p 00010000 08:02 5903911                    /usr/lib/x86_64-linux-gnu/libtdb.so.1.2.9
7f597cc36000-7f597cc37000 r--p 0000f000 08:02 5903911                    /usr/lib/x86_64-linux-gnu/libtdb.so.1.2.9
7f597cc37000-7f597cc38000 rw-p 00010000 08:02 5903911                    /usr/lib/x86_64-linux-gnu/libtdb.so.1.2.9
7f597cc38000-7f597cc3f000 r-xp 00000000 08:02 5903913                    /usr/lib/x86_64-linux-gnu/libvorbisfile.so.3.3.4
7f597cc3f000-7f597ce3e000 ---p 00007000 08:02 5903913                    /usr/lib/x86_64-linux-gnu/libvorbisfile.so.3.3.4
7f597ce3e000-7f597ce3f000 r--p 00006000 08:02 5903913                    /usr/lib/x86_64-linux-gnu/libvorbisfile.so.3.3.4
7f597ce3f000-7f597ce40000 rw-p 00007000 08:02 5903913                    /usr/lib/x86_64-linux-gnu/libvorbisfile.so.3.3.4
7f597ce40000-7f597ce4f000 r-xp 00000000 08:02 5903915                    /usr/lib/x86_64-linux-gnu/libcanberra.so.0.2.5
7f597ce4f000-7f597d04e000 ---p 0000f000 08:02 5903915                    /usr/lib/x86_64-linux-gnu/libcanberra.so.0.2.5
7f597d04e000-7f597d04f000 r--p 0000e000 08:02 5903915                    /usr/lib/x86_64-linux-gnu/libcanberra.so.0.2.5
7f597d04f000-7f597d050000 rw-p 0000f000 08:02 5903915                    /usr/lib/x86_64-linux-gnu/libcanberra.so.0.2.5
7f597d050000-7f597d054000 r-xp 00000000 08:02 5903917                    /usr/lib/x86_64-linux-gnu/libcanberra-gtk.so.0.1.8
7f597d054000-7f597d253000 ---p 00004000 08:02 5903917                    /usr/lib/x86_64-linux-gnu/libcanberra-gtk.so.0.1.8
7f597d253000-7f597d254000 r--p 00003000 08:02 5903917                    /usr/lib/x86_64-linux-gnu/libcanberra-gtk.so.0.1.8
7f597d254000-7f597d255000 rw-p 00004000 08:02 5903917                    /usr/lib/x86_64-linux-gnu/libcanberra-gtk.so.0.1.8
7f597d255000-7f597d25a000 r-xp 00000000 08:02 7089152                    /usr/lib/x86_64-linux-gnu/gtk-2.0/modules/libcanberra-gtk-module.so
7f597d25a000-7f597d459000 ---p 00005000 08:02 7089152                    /usr/lib/x86_64-linux-gnu/gtk-2.0/modules/libcanberra-gtk-module.so
7f597d459000-7f597d45a000 r--p 00004000 08:02 7089152                    /usr/lib/x86_64-linux-gnu/gtk-2.0/modules/libcanberra-gtk-module.so
7f597d45a000-7f597d45b000 rw-p 00005000 08:02 7089152                    /usr/lib/x86_64-linux-gnu/gtk-2.0/modules/libcanberra-gtk-module.so
7f597d45b000-7f597d48a000 r-xp 00000000 08:02 6164745                    /usr/lib/x86_64-linux-gnu/gtk-2.0/2.10.0/engines/libmurrine.so
7f597d48a000-7f597d68a000 ---p 0002f000 08:02 6164745                    /usr/lib/x86_64-linux-gnu/gtk-2.0/2.10.0/engines/libmurrine.so
7f597d68a000-7f597d68b000 r--p 0002f000 08:02 6164745                    /usr/lib/x86_64-linux-gnu/gtk-2.0/2.10.0/engines/libmurrine.so
7f597d68b000-7f597d68c000 rw-p 00030000 08:02 6164745                    /usr/lib/x86_64-linux-gnu/gtk-2.0/2.10.0/engines/libmurrine.so
7f597d68c000-7f597d68d000 ---p 00000000 00:00 0 
7f597d68d000-7f597de8d000 rw-p 00000000 00:00 0                          [stack:11828]
7f597de8d000-7f597de8e000 ---p 00000000 00:00 0 
7f597de8e000-7f597e68e000 rw-p 00000000 00:00 0                          [stack:11827]
7f597e68e000-7f597e695000 r-xp 00000000 08:02 6032917                    /usr/lib/x86_64-linux-gnu/gio/modules/libdconfsettings.so
7f597e695000-7f597e894000 ---p 00007000 08:02 6032917                    /usr/lib/x86_64-linux-gnu/gio/modules/libdconfsettings.so
7f597e894000-7f597e895000 r--p 00006000 08:02 6032917                    /usr/lib/x86_64-linux-gnu/gio/modules/libdconfsettings.so
7f597e895000-7f597e896000 rw-p 00007000 08:02 6032917                    /usr/lib/x86_64-linux-gnu/gio/modules/libdconfsettings.so
7f597e896000-7f597e8a6000 r-xp 00000000 08:02 5906201                    /usr/lib/liboverlay-scrollbar-0.2.so.0.0.16
7f597e8a6000-7f597eaa5000 ---p 00010000 08:02 5906201                    /usr/lib/liboverlay-scrollbar-0.2.so.0.0.16
7f597eaa5000-7f597eaa6000 r--p 0000f000 08:02 5906201                    /usr/lib/liboverlay-scrollbar-0.2.so.0.0.16
7f597eaa6000-7f597eaa7000 rw-p 00010000 08:02 5906201                    /usr/lib/liboverlay-scrollbar-0.2.so.0.0.16
7f597eaa7000-7f597eae3000 r-xp 00000000 08:02 7864519                    /lib/x86_64-linux-gnu/libpcre.so.3.12.1
7f597eae3000-7f597ece2000 ---p 0003c000 08:02 7864519                    /lib/x86_64-linux-gnu/libpcre.so.3.12.1
7f597ece2000-7f597ece3000 r--p 0003b000 08:02 7864519                    /lib/x86_64-linux-gnu/libpcre.so.3.12.1
7f597ece3000-7f597ece4000 rw-p 0003c000 08:02 7864519                    /lib/x86_64-linux-gnu/libpcre.so.3.12.1
7f597ece4000-7f597eceb000 r-xp 00000000 08:02 5899876                    /usr/lib/x86_64-linux-gnu/libffi.so.6.0.0
7f597eceb000-7f597eeea000 ---p 00007000 08:02 5899876                    /usr/lib/x86_64-linux-gnu/libffi.so.6.0.0
7f597eeea000-7f597eeeb000 r--p 00006000 08:02 5899876                    /usr/lib/x86_64-linux-gnu/libffi.so.6.0.0
7f597eeeb000-7f597eeec000 rw-p 00007000 08:02 5899876                    /usr/lib/x86_64-linux-gnu/libffi.so.6.0.0
7f597eeec000-7f597eef4000 r-xp 00000000 08:02 5903421                    /usr/lib/x86_64-linux-gnu/libxcb-render.so.0.0.0
7f597eef4000-7f597f0f4000 ---p 00008000 08:02 5903421                    /usr/lib/x86_64-linux-gnu/libxcb-render.so.0.0.0
7f597f0f4000-7f597f0f5000 r--p 00008000 08:02 5903421                    /usr/lib/x86_64-linux-gnu/libxcb-render.so.0.0.0
7f597f0f5000-7f597f0f6000 rw-p 00009000 08:02 5903421                    /usr/lib/x86_64-linux-gnu/libxcb-render.so.0.0.0
7f597f0f6000-7f597f0f8000 r-xp 00000000 08:02 5903423                    /usr/lib/x86_64-linux-gnu/libxcb-shm.so.0.0.0
7f597f0f8000-7f597f2f7000 ---p 00002000 08:02 5903423                    /usr/lib/x86_64-linux-gnu/libxcb-shm.so.0.0.0
7f597f2f7000-7f597f2f8000 r--p 00001000 08:02 5903423                    /usr/lib/x86_64-linux-gnu/libxcb-shm.so.0.0.0
7f597f2f8000-7f597f2f9000 rw-p 00002000 08:02 5903423                    /usr/lib/x86_64-linux-gnu/libxcb-shm.so.0.0.0
7f597f2f9000-7f597f31f000 r-xp 00000000 08:02 7864508                    /lib/x86_64-linux-gnu/libpng12.so.0.46.0
7f597f31f000-7f597f51f000 ---p 00026000 08:02 7864508                    /lib/x86_64-linux-gnu/libpng12.so.0.46.0
7f597f51f000-7f597f520000 r--p 00026000 08:02 7864508                    /lib/x86_64-linux-gnu/libpng12.so.0.46.0
7f597f520000-7f597f521000 rw-p 00027000 08:02 7864508                    /lib/x86_64-linux-gnu/libpng12.so.0.46.0
7f597f521000-7f597f5b1000 r-xp 00000000 08:02 5901514                    /usr/lib/x86_64-linux-gnu/libpixman-1.so.0.30.2
7f597f5b1000-7f597f7b0000 ---p 00090000 08:02 5901514                    /usr/lib/x86_64-linux-gnu/libpixman-1.so.0.30.2
7f597f7b0000-7f597f7b7000 r--p 0008f000 08:02 5901514                    /usr/lib/x86_64-linux-gnu/libpixman-1.so.0.30.2
7f597f7b7000-7f597f7b8000 rw-p 00096000 08:02 5901514                    /usr/lib/x86_64-linux-gnu/libpixman-1.so.0.30.2
7f597f7b8000-7f597f7d0000 r-xp 00000000 08:02 7867764                    /lib/x86_64-linux-gnu/libresolv-2.15.so
7f597f7d0000-7f597f9d0000 ---p 00018000 08:02 7867764                    /lib/x86_64-linux-gnu/libresolv-2.15.so
7f597f9d0000-7f597f9d1000 r--p 00018000 08:02 7867764                    /lib/x86_64-linux-gnu/libresolv-2.15.so
7f597f9d1000-7f597f9d2000 rw-p 00019000 08:02 7867764                    /lib/x86_64-linux-gnu/libresolv-2.15.so
7f597f9d2000-7f597f9d4000 rw-p 00000000 00:00 0 
7f597f9d4000-7f597f9f1000 r-xp 00000000 08:02 7864493                    /lib/x86_64-linux-gnu/libselinux.so.1
7f597f9f1000-7f597fbf0000 ---p 0001d000 08:02 7864493                    /lib/x86_64-linux-gnu/libselinux.so.1
7f597fbf0000-7f597fbf1000 r--p 0001c000 08:02 7864493                    /lib/x86_64-linux-gnu/libselinux.so.1
7f597fbf1000-7f597fbf2000 rw-p 0001d000 08:02 7864493                    /lib/x86_64-linux-gnu/libselinux.so.1
7f597fbf2000-7f597fbf3000 rw-p 00000000 00:00 0 
7f597fbf3000-7f597fbf5000 r-xp 00000000 08:02 5903654                    /usr/lib/x86_64-linux-gnu/libXcomposite.so.1.0.0
7f597fbf5000-7f597fdf4000 ---p 00002000 08:02 5903654                    /usr/lib/x86_64-linux-gnu/libXcomposite.so.1.0.0
7f597fdf4000-7f597fdf5000 r--p 00001000 08:02 5903654                    /usr/lib/x86_64-linux-gnu/libXcomposite.so.1.0.0
7f597fdf5000-7f597fdf6000 rw-p 00002000 08:02 5903654                    /usr/lib/x86_64-linux-gnu/libXcomposite.so.1.0.0
7f597fdf6000-7f597fdff000 r-xp 00000000 08:02 5903658                    /usr/lib/x86_64-linux-gnu/libXcursor.so.1.0.2
7f597fdff000-7f597fffe000 ---p 00009000 08:02 5903658                    /usr/lib/x86_64-linux-gnu/libXcursor.so.1.0.2
7f597fffe000-7f597ffff000 r--p 00008000 08:02 5903658                    /usr/lib/x86_64-linux-gnu/libXcursor.so.1.0.2
7f597ffff000-7f5980000000 rw-p 00009000 08:02 5903658                    /usr/lib/x86_64-linux-gnu/libXcursor.so.1.0.2
7f5980000000-7f5980021000 rw-p 00000000 00:00 0 
7f5980021000-7f5984000000 ---p 00000000 00:00 0 
7f5984000000-7f5984203000 rw-p 00000000 00:00 0 
7f5984203000-7f5988000000 ---p 00000000 00:00 0 
7f598800a000-7f5988023000 r--s 00000000 08:02 6031567                    /usr/share/fonts/type1/gsfonts/n021003l.pfb
7f5988023000-7f5988039000 r--s 00000000 08:02 6031600                    /usr/share/fonts/type1/gsfonts/n021024l.pfb
7f5988039000-7f598804f000 r--s 00000000 08:02 6031653                    /usr/share/fonts/type1/gsfonts/n022023l.pfb
7f598804f000-7f5988066000 r--s 00000000 08:02 6031605                    /usr/share/fonts/type1/gsfonts/n021023l.pfb
7f5988066000-7f5988070000 r--s 00000000 08:02 9175330                    /usr/share/fonts/type1/mathml/Symbol.pfb
7f5988070000-7f5988081000 r--s 00000000 08:02 6031610                    /usr/share/fonts/type1/gsfonts/n019023l.pfb
7f5988081000-7f5988088000 r-xp 00000000 08:02 5900891                    /usr/lib/x86_64-linux-gnu/libXrandr.so.2.2.0
7f5988088000-7f5988287000 ---p 00007000 08:02 5900891                    /usr/lib/x86_64-linux-gnu/libXrandr.so.2.2.0
7f5988287000-7f5988288000 r--p 00006000 08:02 5900891                    /usr/lib/x86_64-linux-gnu/libXrandr.so.2.2.0
7f5988288000-7f5988289000 rw-p 00007000 08:02 5900891                    /usr/lib/x86_64-linux-gnu/libXrandr.so.2.2.0
7f5988289000-7f5988298000 r-xp 00000000 08:02 5903651                    /usr/lib/x86_64-linux-gnu/libXi.so.6.1.0
7f5988298000-7f5988497000 ---p 0000f000 08:02 5903651                    /usr/lib/x86_64-linux-gnu/libXi.so.6.1.0
7f5988497000-7f5988498000 r--p 0000e000 08:02 5903651                    /usr/lib/x86_64-linux-gnu/libXi.so.6.1.0
7f5988498000-7f5988499000 rw-p 0000f000 08:02 5903651                    /usr/lib/x86_64-linux-gnu/libXi.so.6.1.0
7f5988499000-7f598849b000 r-xp 00000000 08:02 5900876                    /usr/lib/x86_64-linux-gnu/libXinerama.so.1.0.0
7f598849b000-7f598869a000 ---p 00002000 08:02 5900876                    /usr/lib/x86_64-linux-gnu/libXinerama.so.1.0.0
7f598869a000-7f598869b000 r--p 00001000 08:02 5900876                    /usr/lib/x86_64-linux-gnu/libXinerama.so.1.0.0
7f598869b000-7f598869c000 rw-p 00002000 08:02 5900876                    /usr/lib/x86_64-linux-gnu/libXinerama.so.1.0.0
7f598869c000-7f59886a5000 r-xp 00000000 08:02 5900883                    /usr/lib/x86_64-linux-gnu/libXrender.so.1.3.0
7f59886a5000-7f59888a4000 ---p 00009000 08:02 5900883                    /usr/lib/x86_64-linux-gnu/libXrender.so.1.3.0
7f59888a4000-7f59888a5000 r--p 00008000 08:02 5900883                    /usr/lib/x86_64-linux-gnu/libXrender.so.1.3.0
7f59888a5000-7f59888a6000 rw-p 00009000 08:02 5900883                    /usr/lib/x86_64-linux-gnu/libXrender.so.1.3.0
7f59888a6000-7f59888ab000 r-xp 00000000 08:02 5903809                    /usr/lib/x86_64-linux-gnu/libXtst.so.6.1.0
7f59888ab000-7f5988aaa000 ---p 00005000 08:02 5903809                    /usr/lib/x86_64-linux-gnu/libXtst.so.6.1.0
7f5988aaa000-7f5988aab000 r--p 00004000 08:02 5903809                    /usr/lib/x86_64-linux-gnu/libXtst.so.6.1.0
7f5988aab000-7f5988aac000 rw-p 00005000 08:02 5903809                    /usr/lib/x86_64-linux-gnu/libXtst.so.6.1.0
7f5988aac000-7f5988b9e000 r-xp 00000000 08:02 7864545                    /lib/x86_64-linux-gnu/libglib-2.0.so.0.3200.4
7f5988b9e000-7f5988d9e000 ---p 000f2000 08:02 7864545                    /lib/x86_64-linux-gnu/libglib-2.0.so.0.3200.4
7f5988d9e000-7f5988d9f000 r--p 000f2000 08:02 7864545                    /lib/x86_64-linux-gnu/libglib-2.0.so.0.3200.4
7f5988d9f000-7f5988da0000 rw-p 000f3000 08:02 7864545                    /lib/x86_64-linux-gnu/libglib-2.0.so.0.3200.4
7f5988da0000-7f5988da1000 rw-p 00000000 00:00 0 
7f5988da1000-7f5988da2000 r-xp 00000000 08:02 5901947                    /usr/lib/x86_64-linux-gnu/libgthread-2.0.so.0.3200.4
7f5988da2000-7f5988fa1000 ---p 00001000 08:02 5901947                    /usr/lib/x86_64-linux-gnu/libgthread-2.0.so.0.3200.4
7f5988fa1000-7f5988fa2000 r--p 00000000 08:02 5901947                    /usr/lib/x86_64-linux-gnu/libgthread-2.0.so.0.3200.4
7f5988fa2000-7f5988fa3000 rw-p 00001000 08:02 5901947                    /usr/lib/x86_64-linux-gnu/libgthread-2.0.so.0.3200.4
7f5988fa3000-7f5988fa6000 r-xp 00000000 08:02 5901943                    /usr/lib/x86_64-linux-gnu/libgmodule-2.0.so.0.3200.4
7f5988fa6000-7f59891a5000 ---p 00003000 08:02 5901943                    /usr/lib/x86_64-linux-gnu/libgmodule-2.0.so.0.3200.4
7f59891a5000-7f59891a6000 r--p 00002000 08:02 5901943                    /usr/lib/x86_64-linux-gnu/libgmodule-2.0.so.0.3200.4
7f59891a6000-7f59891a7000 rw-p 00003000 08:02 5901943                    /usr/lib/x86_64-linux-gnu/libgmodule-2.0.so.0.3200.4
7f59891a7000-7f59891f4000 r-xp 00000000 08:02 5901949                    /usr/lib/x86_64-linux-gnu/libgobject-2.0.so.0.3200.4
7f59891f4000-7f59893f4000 ---p 0004d000 08:02 5901949                    /usr/lib/x86_64-linux-gnu/libgobject-2.0.so.0.3200.4
7f59893f4000-7f59893f5000 r--p 0004d000 08:02 5901949                    /usr/lib/x86_64-linux-gnu/libgobject-2.0.so.0.3200.4
7f59893f5000-7f59893f6000 rw-p 0004e000 08:02 5901949                    /usr/lib/x86_64-linux-gnu/libgobject-2.0.so.0.3200.4
7f59893f6000-7f598942a000 r-xp 00000000 08:02 5903419                    /usr/lib/x86_64-linux-gnu/libfontconfig.so.1.4.4
7f598942a000-7f598962a000 ---p 00034000 08:02 5903419                    /usr/lib/x86_64-linux-gnu/libfontconfig.so.1.4.4
7f598962a000-7f598962b000 r--p 00034000 08:02 5903419                    /usr/lib/x86_64-linux-gnu/libfontconfig.so.1.4.4
7f598962b000-7f598962c000 rw-p 00035000 08:02 5903419                    /usr/lib/x86_64-linux-gnu/libfontconfig.so.1.4.4
7f598962c000-7f59896c2000 r-xp 00000000 08:02 5900798                    /usr/lib/x86_64-linux-gnu/libfreetype.so.6.8.0
7f59896c2000-7f59898c1000 ---p 00096000 08:02 5900798                    /usr/lib/x86_64-linux-gnu/libfreetype.so.6.8.0
7f59898c1000-7f59898c7000 r--p 00095000 08:02 5900798                    /usr/lib/x86_64-linux-gnu/libfreetype.so.6.8.0
7f59898c7000-7f59898c8000 rw-p 0009b000 08:02 5900798                    /usr/lib/x86_64-linux-gnu/libfreetype.so.6.8.0
7f59898c8000-7f598990e000 r-xp 00000000 08:02 5903442                    /usr/lib/x86_64-linux-gnu/libpango-1.0.so.0.3000.0
7f598990e000-7f5989b0e000 ---p 00046000 08:02 5903442                    /usr/lib/x86_64-linux-gnu/libpango-1.0.so.0.3000.0
7f5989b0e000-7f5989b10000 r--p 00046000 08:02 5903442                    /usr/lib/x86_64-linux-gnu/libpango-1.0.so.0.3000.0
7f5989b10000-7f5989b11000 rw-p 00048000 08:02 5903442                    /usr/lib/x86_64-linux-gnu/libpango-1.0.so.0.3000.0
7f5989b11000-7f5989bca000 r-xp 00000000 08:02 5903425                    /usr/lib/x86_64-linux-gnu/libcairo.so.2.11000.2
7f5989bca000-7f5989dc9000 ---p 000b9000 08:02 5903425                    /usr/lib/x86_64-linux-gnu/libcairo.so.2.11000.2
7f5989dc9000-7f5989dcb000 r--p 000b8000 08:02 5903425                    /usr/lib/x86_64-linux-gnu/libcairo.so.2.11000.2
7f5989dcb000-7f5989dcc000 rw-p 000ba000 08:02 5903425                    /usr/lib/x86_64-linux-gnu/libcairo.so.2.11000.2
7f5989dcc000-7f5989dcf000 rw-p 00000000 00:00 0 
7f5989dcf000-7f5989dda000 r-xp 00000000 08:02 5903443                    /usr/lib/x86_64-linux-gnu/libpangocairo-1.0.so.0.3000.0
7f5989dda000-7f5989fd9000 ---p 0000b000 08:02 5903443                    /usr/lib/x86_64-linux-gnu/libpangocairo-1.0.so.0.3000.0
7f5989fd9000-7f5989fda000 r--p 0000a000 08:02 5903443                    /usr/lib/x86_64-linux-gnu/libpangocairo-1.0.so.0.3000.0
7f5989fda000-7f5989fdb000 rw-p 0000b000 08:02 5903443                    /usr/lib/x86_64-linux-gnu/libpangocairo-1.0.so.0.3000.0
7f5989fdb000-7f5989ff9000 r-xp 00000000 08:02 5903416                    /usr/lib/x86_64-linux-gnu/libgdk_pixbuf-2.0.so.0.2600.1
7f5989ff9000-7f598a1f9000 ---p 0001e000 08:02 5903416                    /usr/lib/x86_64-linux-gnu/libgdk_pixbuf-2.0.so.0.2600.1
7f598a1f9000-7f598a1fa000 r--p 0001e000 08:02 5903416                    /usr/lib/x86_64-linux-gnu/libgdk_pixbuf-2.0.so.0.2600.1
7f598a1fa000-7f598a1fb000 rw-p 0001f000 08:02 5903416                    /usr/lib/x86_64-linux-gnu/libgdk_pixbuf-2.0.so.0.2600.1
7f598a1fb000-7f598a224000 r-xp 00000000 08:02 5903441                    /usr/lib/x86_64-linux-gnu/libpangoft2-1.0.so.0.3000.0
7f598a224000-7f598a423000 ---p 00029000 08:02 5903441                    /usr/lib/x86_64-linux-gnu/libpangoft2-1.0.so.0.3000.0
7f598a423000-7f598a424000 r--p 00028000 08:02 5903441                    /usr/lib/x86_64-linux-gnu/libpangoft2-1.0.so.0.3000.0
7f598a424000-7f598a425000 rw-p 00029000 08:02 5903441                    /usr/lib/x86_64-linux-gnu/libpangoft2-1.0.so.0.3000.0
7f598a425000-7f598a56d000 r-xp 00000000 08:02 5901948                    /usr/lib/x86_64-linux-gnu/libgio-2.0.so.0.3200.4
7f598a56d000-7f598a76c000 ---p 00148000 08:02 5901948                    /usr/lib/x86_64-linux-gnu/libgio-2.0.so.0.3200.4
7f598a76c000-7f598a770000 r--p 00147000 08:02 5901948                    /usr/lib/x86_64-linux-gnu/libgio-2.0.so.0.3200.4
7f598a770000-7f598a772000 rw-p 0014b000 08:02 5901948                    /usr/lib/x86_64-linux-gnu/libgio-2.0.so.0.3200.4
7f598a772000-7f598a774000 rw-p 00000000 00:00 0 
7f598a774000-7f598a793000 r-xp 00000000 08:02 5903405                    /usr/lib/x86_64-linux-gnu/libatk-1.0.so.0.20409.1
7f598a793000-7f598a993000 ---p 0001f000 08:02 5903405                    /usr/lib/x86_64-linux-gnu/libatk-1.0.so.0.20409.1
7f598a993000-7f598a995000 r--p 0001f000 08:02 5903405                    /usr/lib/x86_64-linux-gnu/libatk-1.0.so.0.20409.1
7f598a995000-7f598a996000 rw-p 00021000 08:02 5903405                    /usr/lib/x86_64-linux-gnu/libatk-1.0.so.0.20409.1
7f598a996000-7f598aa43000 r-xp 00000000 08:02 5903852                    /usr/lib/x86_64-linux-gnu/libgdk-x11-2.0.so.0.2400.10
7f598aa43000-7f598ac42000 ---p 000ad000 08:02 5903852                    /usr/lib/x86_64-linux-gnu/libgdk-x11-2.0.so.0.2400.10
7f598ac42000-7f598ac46000 r--p 000ac000 08:02 5903852                    /usr/lib/x86_64-linux-gnu/libgdk-x11-2.0.so.0.2400.10
7f598ac46000-7f598ac48000 rw-p 000b0000 08:02 5903852                    /usr/lib/x86_64-linux-gnu/libgdk-x11-2.0.so.0.2400.10
7f598ac48000-7f598b075000 r-xp 00000000 08:02 5903851                    /usr/lib/x86_64-linux-gnu/libgtk-x11-2.0.so.0.2400.10
7f598b075000-7f598b275000 ---p 0042d000 08:02 5903851                    /usr/lib/x86_64-linux-gnu/libgtk-x11-2.0.so.0.2400.10
7f598b275000-7f598b27c000 r--p 0042d000 08:02 5903851                    /usr/lib/x86_64-linux-gnu/libgtk-x11-2.0.so.0.2400.10
7f598b27c000-7f598b280000 rw-p 00434000 08:02 5903851                    /usr/lib/x86_64-linux-gnu/libgtk-x11-2.0.so.0.2400.10
7f598b280000-7f598b282000 rw-p 00000000 00:00 0 
7f598b282000-7f598b2a7000 r-xp 00000000 08:02 10749490                   /usr/lib/jvm/jdk1.7.0_45/jre/lib/amd64/libglass.so
7f598b2a7000-7f598b4a7000 ---p 00025000 08:02 10749490                   /usr/lib/jvm/jdk1.7.0_45/jre/lib/amd64/libglass.so
7f598b4a7000-7f598b4a8000 r--p 00025000 08:02 10749490                   /usr/lib/jvm/jdk1.7.0_45/jre/lib/amd64/libglass.so
7f598b4a8000-7f598b4a9000 rw-p 00026000 08:02 10749490                   /usr/lib/jvm/jdk1.7.0_45/jre/lib/amd64/libglass.so
7f598b4a9000-7f598b4bf000 r-xp 00000000 08:02 7864490                    /lib/x86_64-linux-gnu/libz.so.1.2.3.4
7f598b4bf000-7f598b6be000 ---p 00016000 08:02 7864490                    /lib/x86_64-linux-gnu/libz.so.1.2.3.4
7f598b6be000-7f598b6bf000 r--p 00015000 08:02 7864490                    /lib/x86_64-linux-gnu/libz.so.1.2.3.4
7f598b6bf000-7f598b6c0000 rw-p 00016000 08:02 7864490                    /lib/x86_64-linux-gnu/libz.so.1.2.3.4
7f598b6c0000-7f598b6c8000 r-xp 00000000 08:02 5899619                    /usr/lib/x86_64-linux-gnu/libpciaccess.so.0.11.0
7f598b6c8000-7f598b8c7000 ---p 00008000 08:02 5899619                    /usr/lib/x86_64-linux-gnu/libpciaccess.so.0.11.0
7f598b8c7000-7f598b8c8000 r--p 00007000 08:02 5899619                    /usr/lib/x86_64-linux-gnu/libpciaccess.so.0.11.0
7f598b8c8000-7f598b8c9000 rw-p 00008000 08:02 5899619                    /usr/lib/x86_64-linux-gnu/libpciaccess.so.0.11.0
7f598b8c9000-7f598b8de000 r-xp 00000000 08:02 7864442                    /lib/x86_64-linux-gnu/libgcc_s.so.1
7f598b8de000-7f598badd000 ---p 00015000 08:02 7864442                    /lib/x86_64-linux-gnu/libgcc_s.so.1
7f598badd000-7f598bade000 r--p 00014000 08:02 7864442                    /lib/x86_64-linux-gnu/libgcc_s.so.1
7f598bade000-7f598badf000 rw-p 00015000 08:02 7864442                    /lib/x86_64-linux-gnu/libgcc_s.so.1
7f598badf000-7f598bbc1000 r-xp 00000000 08:02 5899870                    /usr/lib/x86_64-linux-gnu/libstdc++.so.6.0.16
7f598bbc1000-7f598bdc0000 ---p 000e2000 08:02 5899870                    /usr/lib/x86_64-linux-gnu/libstdc++.so.6.0.16
7f598bdc0000-7f598bdc8000 r--p 000e1000 08:02 5899870                    /usr/lib/x86_64-linux-gnu/libstdc++.so.6.0.16
7f598bdc8000-7f598bdca000 rw-p 000e9000 08:02 5899870                    /usr/lib/x86_64-linux-gnu/libstdc++.so.6.0.16
7f598bdca000-7f598bddf000 rw-p 00000000 00:00 0 
7f598bddf000-7f598bdff000 r-xp 00000000 08:02 5899423                    /usr/lib/x86_64-linux-gnu/libdrm_intel.so.1.0.0
7f598bdff000-7f598bffe000 ---p 00020000 08:02 5899423                    /usr/lib/x86_64-linux-gnu/libdrm_intel.so.1.0.0
7f598bffe000-7f598bfff000 r--p 0001f000 08:02 5899423                    /usr/lib/x86_64-linux-gnu/libdrm_intel.so.1.0.0
7f598bfff000-7f598c000000 rw-p 00020000 08:02 5899423                    /usr/lib/x86_64-linux-gnu/libdrm_intel.so.1.0.0
7f598c000000-7f598c021000 rw-p 00000000 00:00 0 
7f598c021000-7f5990000000 ---p 00000000 00:00 0 
7f5990000000-7f5990191000 rw-p 00000000 00:00 0 
7f5990191000-7f5994000000 ---p 00000000 00:00 0 
7f5994000000-7f5994021000 rw-p 00000000 00:00 0 
7f5994021000-7f5998000000 ---p 00000000 00:00 0 
7f5998000000-7f5998021000 rw-p 00000000 00:00 0 
7f5998021000-7f599c000000 ---p 00000000 00:00 0 
7f599c000000-7f599c5a4000 rw-p 00000000 00:00 0 
7f599c5a4000-7f59a0000000 ---p 00000000 00:00 0 
7f59a0000000-7f59a06c7000 rw-p 00000000 00:00 0 
7f59a06c7000-7f59a4000000 ---p 00000000 00:00 0 
7f59a4000000-7f59a4021000 rw-p 00000000 00:00 0 
7f59a4021000-7f59a8000000 ---p 00000000 00:00 0 
7f59a8000000-7f59a8021000 rw-p 00000000 00:00 0 
7f59a8021000-7f59ac000000 ---p 00000000 00:00 0 
7f59ac000000-7f59ac021000 rw-p 00000000 00:00 0 
7f59ac021000-7f59b0000000 ---p 00000000 00:00 0 
7f59b0000000-7f59b0021000 rw-p 00000000 00:00 0 
7f59b0021000-7f59b4000000 ---p 00000000 00:00 0 
7f59b4000000-7f59b4021000 rw-p 00000000 00:00 0 
7f59b4021000-7f59b8000000 ---p 00000000 00:00 0 
7f59b8000000-7f59b8021000 rw-p 00000000 00:00 0 
7f59b8021000-7f59bc000000 ---p 00000000 00:00 0 
7f59bc000000-7f59bc021000 rw-p 00000000 00:00 0 
7f59bc021000-7f59c0000000 ---p 00000000 00:00 0 
7f59c0004000-7f59c0018000 r--s 00000000 08:02 6031586                    /usr/share/fonts/type1/gsfonts/n019003l.pfb
7f59c0018000-7f59c001c000 r--s 000f7000 08:02 10749419                   /usr/lib/jvm/jdk1.7.0_45/jre/lib/ext/localedata.jar
7f59c001c000-7f59c001d000 r--s 00000000 08:02 19007778                   /var/cache/fontconfig/c05880de57d1f5e948fdfacc138775d9-le64.cache-3
7f59c001d000-7f59c0026000 r--s 00000000 08:02 19007777                   /var/cache/fontconfig/945677eb7aeaf62f1d50efc3fb3ec7d8-le64.cache-3
7f59c0026000-7f59c0028000 r--s 00000000 08:02 19007775                   /var/cache/fontconfig/99e8ed0e538f840c565b6ed5dad60d56-le64.cache-3
7f59c0028000-7f59c002c000 r--s 00000000 08:02 19007774                   /var/cache/fontconfig/2cd17615ca594fa2959ae173292e504c-le64.cache-3
7f59c002c000-7f59c0032000 r--s 00000000 08:02 19007771                   /var/cache/fontconfig/a755afe4a08bf5b97852ceb7400b47bc-le64.cache-3
7f59c0032000-7f59c003b000 r--s 00000000 08:02 19007336                   /var/cache/fontconfig/6d41288fd70b0be22e8c3a91e032eec0-le64.cache-3
7f59c003b000-7f59c004b000 r--s 00000000 08:02 19007769                   /var/cache/fontconfig/04aabc0a78ac019cf9454389977116d2-le64.cache-3
7f59c004b000-7f59c004e000 r--s 00000000 08:02 19007768                   /var/cache/fontconfig/385c0604a188198f04d133e54aba7fe7-le64.cache-3
7f59c004e000-7f59c0051000 r--s 00000000 08:02 19007766                   /var/cache/fontconfig/8801497958630a81b71ace7c5f9b32a8-le64.cache-3
7f59c0051000-7f59c0061000 r--s 00000000 08:02 19007761                   /var/cache/fontconfig/d52a8644073d54c13679302ca1180695-le64.cache-3
7f59c0061000-7f59c0088000 r-xp 00000000 08:02 7864387                    /lib/x86_64-linux-gnu/libexpat.so.1.5.2
7f59c0088000-7f59c0288000 ---p 00027000 08:02 7864387                    /lib/x86_64-linux-gnu/libexpat.so.1.5.2
7f59c0288000-7f59c028a000 r--p 00027000 08:02 7864387                    /lib/x86_64-linux-gnu/libexpat.so.1.5.2
7f59c028a000-7f59c028b000 rw-p 00029000 08:02 7864387                    /lib/x86_64-linux-gnu/libexpat.so.1.5.2
7f59c028b000-7f59c03b1000 r-xp 00000000 08:02 5915048                    /usr/lib/x86_64-linux-gnu/dri/libglsl.so
7f59c03b1000-7f59c05b0000 ---p 00126000 08:02 5915048                    /usr/lib/x86_64-linux-gnu/dri/libglsl.so
7f59c05b0000-7f59c05b9000 r--p 00125000 08:02 5915048                    /usr/lib/x86_64-linux-gnu/dri/libglsl.so
7f59c05b9000-7f59c05bc000 rw-p 0012e000 08:02 5915048                    /usr/lib/x86_64-linux-gnu/dri/libglsl.so
7f59c05bc000-7f59c05bd000 rw-p 00000000 00:00 0 
7f59c05bd000-7f59c07fc000 r-xp 00000000 08:02 5899682                    /usr/lib/x86_64-linux-gnu/dri/libdricore.so
7f59c07fc000-7f59c09fc000 ---p 0023f000 08:02 5899682                    /usr/lib/x86_64-linux-gnu/dri/libdricore.so
7f59c09fc000-7f59c0a06000 r--p 0023f000 08:02 5899682                    /usr/lib/x86_64-linux-gnu/dri/libdricore.so
7f59c0a06000-7f59c0a09000 rw-p 00249000 08:02 5899682                    /usr/lib/x86_64-linux-gnu/dri/libdricore.so
7f59c0a09000-7f59c0a1f000 rw-p 00000000 00:00 0 
7f59c0a1f000-7f59c0aed000 r-xp 00000000 08:02 5915050                    /usr/lib/x86_64-linux-gnu/dri/i965_dri.so
7f59c0aed000-7f59c0ced000 ---p 000ce000 08:02 5915050                    /usr/lib/x86_64-linux-gnu/dri/i965_dri.so
7f59c0ced000-7f59c0cf0000 r--p 000ce000 08:02 5915050                    /usr/lib/x86_64-linux-gnu/dri/i965_dri.so
7f59c0cf0000-7f59c0cf4000 rw-p 000d1000 08:02 5915050                    /usr/lib/x86_64-linux-gnu/dri/i965_dri.so
7f59c0cf4000-7f59c0cf9000 r-xp 00000000 08:02 5900527                    /usr/lib/x86_64-linux-gnu/libXdmcp.so.6.0.0
7f59c0cf9000-7f59c0ef8000 ---p 00005000 08:02 5900527                    /usr/lib/x86_64-linux-gnu/libXdmcp.so.6.0.0
7f59c0ef8000-7f59c0ef9000 r--p 00004000 08:02 5900527                    /usr/lib/x86_64-linux-gnu/libXdmcp.so.6.0.0
7f59c0ef9000-7f59c0efa000 rw-p 00005000 08:02 5900527                    /usr/lib/x86_64-linux-gnu/libXdmcp.so.6.0.0
7f59c0efa000-7f59c0efc000 r-xp 00000000 08:02 5900521                    /usr/lib/x86_64-linux-gnu/libXau.so.6.0.0
7f59c0efc000-7f59c10fb000 ---p 00002000 08:02 5900521                    /usr/lib/x86_64-linux-gnu/libXau.so.6.0.0
7f59c10fb000-7f59c10fc000 r--p 00001000 08:02 5900521                    /usr/lib/x86_64-linux-gnu/libXau.so.6.0.0
7f59c10fc000-7f59c10fd000 rw-p 00002000 08:02 5900521                    /usr/lib/x86_64-linux-gnu/libXau.so.6.0.0
7f59c10fd000-7f59c1107000 r-xp 00000000 08:02 5898478                    /usr/lib/x86_64-linux-gnu/libdrm.so.2.4.0
7f59c1107000-7f59c1306000 ---p 0000a000 08:02 5898478                    /usr/lib/x86_64-linux-gnu/libdrm.so.2.4.0
7f59c1306000-7f59c1307000 r--p 00009000 08:02 5898478                    /usr/lib/x86_64-linux-gnu/libdrm.so.2.4.0
7f59c1307000-7f59c1308000 rw-p 0000a000 08:02 5898478                    /usr/lib/x86_64-linux-gnu/libdrm.so.2.4.0
7f59c1308000-7f59c131d000 r-xp 00000000 08:02 5903803                    /usr/lib/x86_64-linux-gnu/libxcb-glx.so.0.0.0
7f59c131d000-7f59c151c000 ---p 00015000 08:02 5903803                    /usr/lib/x86_64-linux-gnu/libxcb-glx.so.0.0.0
7f59c151c000-7f59c151e000 r--p 00014000 08:02 5903803                    /usr/lib/x86_64-linux-gnu/libxcb-glx.so.0.0.0
7f59c151e000-7f59c151f000 rw-p 00016000 08:02 5903803                    /usr/lib/x86_64-linux-gnu/libxcb-glx.so.0.0.0
7f59c151f000-7f59c1520000 r-xp 00000000 08:02 5900831                    /usr/lib/x86_64-linux-gnu/libX11-xcb.so.1.0.0
7f59c1520000-7f59c171f000 ---p 00001000 08:02 5900831                    /usr/lib/x86_64-linux-gnu/libX11-xcb.so.1.0.0
7f59c171f000-7f59c1720000 r--p 00000000 08:02 5900831                    /usr/lib/x86_64-linux-gnu/libX11-xcb.so.1.0.0
7f59c1720000-7f59c1721000 rw-p 00001000 08:02 5900831                    /usr/lib/x86_64-linux-gnu/libX11-xcb.so.1.0.0
7f59c1721000-7f59c1726000 r-xp 00000000 08:02 5900872                    /usr/lib/x86_64-linux-gnu/libXfixes.so.3.1.0
7f59c1726000-7f59c1925000 ---p 00005000 08:02 5900872                    /usr/lib/x86_64-linux-gnu/libXfixes.so.3.1.0
7f59c1925000-7f59c1926000 r--p 00004000 08:02 5900872                    /usr/lib/x86_64-linux-gnu/libXfixes.so.3.1.0
7f59c1926000-7f59c1927000 rw-p 00005000 08:02 5900872                    /usr/lib/x86_64-linux-gnu/libXfixes.so.3.1.0
7f59c1927000-7f59c1929000 r-xp 00000000 08:02 5903660                    /usr/lib/x86_64-linux-gnu/libXdamage.so.1.1.0
7f59c1929000-7f59c1b28000 ---p 00002000 08:02 5903660                    /usr/lib/x86_64-linux-gnu/libXdamage.so.1.1.0
7f59c1b28000-7f59c1b29000 r--p 00001000 08:02 5903660                    /usr/lib/x86_64-linux-gnu/libXdamage.so.1.1.0
7f59c1b29000-7f59c1b2a000 rw-p 00002000 08:02 5903660                    /usr/lib/x86_64-linux-gnu/libXdamage.so.1.1.0
7f59c1b2a000-7f59c1b4b000 r-xp 00000000 08:02 5900918                    /usr/lib/x86_64-linux-gnu/libglapi.so.0.0.0
7f59c1b4b000-7f59c1d4a000 ---p 00021000 08:02 5900918                    /usr/lib/x86_64-linux-gnu/libglapi.so.0.0.0
7f59c1d4a000-7f59c1d4d000 r--p 00020000 08:02 5900918                    /usr/lib/x86_64-linux-gnu/libglapi.so.0.0.0
7f59c1d4d000-7f59c1d4e000 rw-p 00023000 08:02 5900918                    /usr/lib/x86_64-linux-gnu/libglapi.so.0.0.0
7f59c1d4e000-7f59c1d4f000 rw-p 00000000 00:00 0 
7f59c1d4f000-7f59c1d5f000 r-xp 00000000 08:02 5900783                    /usr/lib/x86_64-linux-gnu/libXext.so.6.4.0
7f59c1d5f000-7f59c1f5e000 ---p 00010000 08:02 5900783                    /usr/lib/x86_64-linux-gnu/libXext.so.6.4.0
7f59c1f5e000-7f59c1f5f000 r--p 0000f000 08:02 5900783                    /usr/lib/x86_64-linux-gnu/libXext.so.6.4.0
7f59c1f5f000-7f59c1f60000 rw-p 00010000 08:02 5900783                    /usr/lib/x86_64-linux-gnu/libXext.so.6.4.0
7f59c1f60000-7f59c4000000 rw-p 00000000 00:00 0 
7f59c4000000-7f59c4021000 rw-p 00000000 00:00 0 
7f59c4021000-7f59c8000000 ---p 00000000 00:00 0 
7f59c8000000-7f59c8001000 r--s 00000000 08:02 19007773                   /var/cache/fontconfig/e7071f4a29fa870f4323321c154eba04-le64.cache-3
7f59c8001000-7f59c8002000 r--s 00000000 08:02 19007772                   /var/cache/fontconfig/0d8c3b2ac0904cb8a57a757ad11a4a08-le64.cache-3
7f59c8002000-7f59c8007000 r--s 00000000 08:02 19007765                   /var/cache/fontconfig/3047814df9a2f067bd2d96a2b9c36e5a-le64.cache-3
7f59c8007000-7f59c800c000 r--s 00000000 08:02 19007762                   /var/cache/fontconfig/b47c4e1ecd0709278f4910c18777a504-le64.cache-3
7f59c800c000-7f59c800f000 ---p 00000000 00:00 0 
7f59c800f000-7f59c810d000 rw-p 00000000 00:00 0                          [stack:11826]
7f59c810d000-7f59c812a000 r-xp 00000000 08:02 5900532                    /usr/lib/x86_64-linux-gnu/libxcb.so.1.1.0
7f59c812a000-7f59c8329000 ---p 0001d000 08:02 5900532                    /usr/lib/x86_64-linux-gnu/libxcb.so.1.1.0
7f59c8329000-7f59c832a000 r--p 0001c000 08:02 5900532                    /usr/lib/x86_64-linux-gnu/libxcb.so.1.1.0
7f59c832a000-7f59c832b000 rw-p 0001d000 08:02 5900532                    /usr/lib/x86_64-linux-gnu/libxcb.so.1.1.0
7f59c832b000-7f59c8388000 r-xp 00000000 08:02 6161263                    /usr/lib/x86_64-linux-gnu/mesa/libGL.so.1.2
7f59c8388000-7f59c8587000 ---p 0005d000 08:02 6161263                    /usr/lib/x86_64-linux-gnu/mesa/libGL.so.1.2
7f59c8587000-7f59c8589000 r--p 0005c000 08:02 6161263                    /usr/lib/x86_64-linux-gnu/mesa/libGL.so.1.2
7f59c8589000-7f59c858a000 rw-p 0005e000 08:02 6161263                    /usr/lib/x86_64-linux-gnu/mesa/libGL.so.1.2
7f59c858a000-7f59c858b000 rw-p 00000000 00:00 0 
7f59c858b000-7f59c858f000 r-xp 00000000 08:02 5903805                    /usr/lib/x86_64-linux-gnu/libXxf86vm.so.1.0.0
7f59c858f000-7f59c878e000 ---p 00004000 08:02 5903805                    /usr/lib/x86_64-linux-gnu/libXxf86vm.so.1.0.0
7f59c878e000-7f59c878f000 r--p 00003000 08:02 5903805                    /usr/lib/x86_64-linux-gnu/libXxf86vm.so.1.0.0
7f59c878f000-7f59c8790000 rw-p 00004000 08:02 5903805                    /usr/lib/x86_64-linux-gnu/libXxf86vm.so.1.0.0
7f59c8790000-7f59c88c0000 r-xp 00000000 08:02 5900778                    /usr/lib/x86_64-linux-gnu/libX11.so.6.3.0
7f59c88c0000-7f59c8ac0000 ---p 00130000 08:02 5900778                    /usr/lib/x86_64-linux-gnu/libX11.so.6.3.0
7f59c8ac0000-7f59c8ac1000 r--p 00130000 08:02 5900778                    /usr/lib/x86_64-linux-gnu/libX11.so.6.3.0
7f59c8ac1000-7f59c8ac5000 rw-p 00131000 08:02 5900778                    /usr/lib/x86_64-linux-gnu/libX11.so.6.3.0
7f59c8ac5000-7f59c8ace000 r-xp 00000000 08:02 10749491                   /usr/lib/jvm/jdk1.7.0_45/jre/lib/amd64/libprism-es2.so
7f59c8ace000-7f59c8ccd000 ---p 00009000 08:02 10749491                   /usr/lib/jvm/jdk1.7.0_45/jre/lib/amd64/libprism-es2.so
7f59c8ccd000-7f59c8cce000 r--p 00008000 08:02 10749491                   /usr/lib/jvm/jdk1.7.0_45/jre/lib/amd64/libprism-es2.so
7f59c8cce000-7f59c8ccf000 rw-p 00009000 08:02 10749491                   /usr/lib/jvm/jdk1.7.0_45/jre/lib/amd64/libprism-es2.so
7f59c8ccf000-7f59c8cd2000 ---p 00000000 00:00 0 
7f59c8cd2000-7f59c8dd0000 rw-p 00000000 00:00 0                          [stack:11825]
7f59c8dd0000-7f59c8dee000 r-xp 00000000 08:02 10749448                   /usr/lib/jvm/jdk1.7.0_45/jre/lib/amd64/libdeploy.so
7f59c8dee000-7f59c8fee000 ---p 0001e000 08:02 10749448                   /usr/lib/jvm/jdk1.7.0_45/jre/lib/amd64/libdeploy.so
7f59c8fee000-7f59c8ff0000 rw-p 0001e000 08:02 10749448                   /usr/lib/jvm/jdk1.7.0_45/jre/lib/amd64/libdeploy.so
7f59c8ff0000-7f59c9000000 rw-p 00000000 00:00 0 
7f59c9000000-7f59c9270000 rwxp 00000000 00:00 0 
7f59c9270000-7f59cc167000 rw-p 00000000 00:00 0 
7f59cc167000-7f59d0000000 ---p 00000000 00:00 0 
7f59d0000000-7f59d0001000 r--s 00000000 08:02 19011612                   /var/cache/fontconfig/4794a0821666d79190d59a36cb4f44b5-le64.cache-3
7f59d0001000-7f59d0002000 r--s 00000000 08:02 19007764                   /var/cache/fontconfig/56cf4f4769d0f4abc89a4895d7bd3ae1-le64.cache-3
7f59d0002000-7f59d0003000 r--s 00000000 08:02 19007763                   /var/cache/fontconfig/b9d506c9ac06c20b433354fa67a72993-le64.cache-3
7f59d0003000-7f59d0006000 r--s 00000000 08:02 19007334                   /var/cache/fontconfig/e49e89034d371f0f9de17aab02136486-le64.cache-3
7f59d0006000-7f59d000c000 r--s 00000000 08:02 19006965                   /var/cache/fontconfig/3f7329c5293ffd510edef78f73874cfd-le64.cache-3
7f59d000c000-7f59d000f000 r--s 00000000 08:02 19006963                   /var/cache/fontconfig/e13b20fdb08344e0e664864cc2ede53d-le64.cache-3
7f59d000f000-7f59d0013000 r--s 00000000 08:02 19007335                   /var/cache/fontconfig/7ef2298fde41cc6eeb7af42e48b7d293-le64.cache-3
7f59d0013000-7f59d0014000 r--p 00000000 08:02 8130354                    /etc/dconf/db/local
7f59d0014000-7f59d0016000 r--p 00000000 00:19 15778040                   /home/se413006/.config/dconf/user
7f59d0016000-7f59d0017000 r--s 00000000 00:19 14319703                   /home/se413006/.cache/dconf/user
7f59d0017000-7f59d001e000 r--s 00000000 08:02 5911439                    /usr/lib/x86_64-linux-gnu/gconv/gconv-modules.cache
7f59d001e000-7f59d0042000 r--p 00000000 08:02 5902077                    /usr/share/glib-2.0/schemas/gschemas.compiled
7f59d0042000-7f59d0045000 r--s 00017000 00:19 24887415                   /home/se413006/NetBeansProjects/DynamicSynthesizer/dist/run1984446310/lib/tritonus_share.jar
7f59d0045000-7f59d0046000 r--s 00002000 00:19 24887414                   /home/se413006/NetBeansProjects/DynamicSynthesizer/dist/run1984446310/lib/tritonus_aos.jar
7f59d0046000-7f59d0047000 r--s 00005000 00:19 24887413                   /home/se413006/NetBeansProjects/DynamicSynthesizer/dist/run1984446310/lib/mp3spi1.9.4.jar
7f59d0047000-7f59d0049000 r--s 0000d000 00:19 24887412                   /home/se413006/NetBeansProjects/DynamicSynthesizer/dist/run1984446310/lib/minim.jar
7f59d0049000-7f59d004a000 r--s 00000000 00:19 24887411                   /home/se413006/NetBeansProjects/DynamicSynthesizer/dist/run1984446310/lib/minim-spi.jar
7f59d004a000-7f59d0055000 r--s 0006f000 00:19 24887410                   /home/se413006/NetBeansProjects/DynamicSynthesizer/dist/run1984446310/lib/jtransforms-2.4.jar
7f59d0055000-7f59d0063000 r--s 00082000 00:19 24887409                   /home/se413006/NetBeansProjects/DynamicSynthesizer/dist/run1984446310/lib/jsyn-beta-16.6.4.jar
7f59d0063000-7f59d0066000 r--s 00028000 00:19 24887408                   /home/se413006/NetBeansProjects/DynamicSynthesizer/dist/run1984446310/lib/jsndobj.jar
7f59d0066000-7f59d0067000 r--s 0000b000 00:19 24887407                   /home/se413006/NetBeansProjects/DynamicSynthesizer/dist/run1984446310/lib/jsminim.jar
7f59d0067000-7f59d006a000 r--s 00017000 00:19 24887406                   /home/se413006/NetBeansProjects/DynamicSynthesizer/dist/run1984446310/lib/jl1.0.jar
7f59d006a000-7f59d0076000 r--s 000e5000 00:19 24887393                   /home/se413006/NetBeansProjects/DynamicSynthesizer/dist/run1984446310/lib/ScenicView.jar
7f59d0076000-7f59d0084000 r--s 00082000 00:19 21155869                   /home/se413006/Downloads/jsyn-beta-16.6.4.jar
7f59d0084000-7f59d0090000 r--s 000e5000 00:19 573572                     /home/se413006/Documents/JavaFxExternalLibs/ScenicView.jar
7f59d0090000-7f59d009b000 r--s 0006f000 00:19 21156293                   /home/se413006/Downloads/jtransforms-2.4.jar
7f59d009b000-7f59d00ae000 r--s 000d4000 08:02 9446270                    /usr/lib/jvm/jdk1.7.0_45/jre/lib/plugin.jar
7f59d00ae000-7f59d00b1000 ---p 00000000 00:00 0 
7f59d00b1000-7f59d01af000 rw-p 00000000 00:00 0                          [stack:11824]
7f59d01af000-7f59d01b2000 ---p 00000000 00:00 0 
7f59d01b2000-7f59d02b0000 rw-p 00000000 00:00 0                          [stack:11823]
7f59d02b0000-7f59d02c8000 r--s 001d4000 08:02 9446271                    /usr/lib/jvm/jdk1.7.0_45/jre/lib/deploy.jar
7f59d02c8000-7f59d0356000 r--s 00ddd000 08:02 9446315                    /usr/lib/jvm/jdk1.7.0_45/jre/lib/jfxrt.jar
7f59d0356000-7f59d0357000 ---p 00000000 00:00 0 
7f59d0357000-7f59d0457000 rw-p 00000000 00:00 0                          [stack:11822]
7f59d0457000-7f59d045a000 ---p 00000000 00:00 0 
7f59d045a000-7f59d0558000 rw-p 00000000 00:00 0                          [stack:11821]
7f59d0558000-7f59d055b000 ---p 00000000 00:00 0 
7f59d055b000-7f59d0659000 rw-p 00000000 00:00 0                          [stack:11820]
7f59d0659000-7f59d065c000 ---p 00000000 00:00 0 
7f59d065c000-7f59d075a000 rw-p 00000000 00:00 0                          [stack:11819]
7f59d075a000-7f59d075d000 ---p 00000000 00:00 0 
7f59d075d000-7f59d085b000 rw-p 00000000 00:00 0                          [stack:11818]
7f59d085b000-7f59d085e000 ---p 00000000 00:00 0 
7f59d085e000-7f59d095c000 rw-p 00000000 00:00 0                          [stack:11817]
7f59d095c000-7f59d095f000 ---p 00000000 00:00 0 
7f59d095f000-7f59d0a5d000 rw-p 00000000 00:00 0                          [stack:11816]
7f59d0a5d000-7f59d0a5e000 ---p 00000000 00:00 0 
7f59d0a5e000-7f59d1b5d000 rw-p 00000000 00:00 0                          [stack:11815]
7f59d1b5d000-7f59d1d19000 r--s 039b2000 08:02 9446276                    /usr/lib/jvm/jdk1.7.0_45/jre/lib/rt.jar
7f59d1d19000-7f59d201c000 rw-p 00000000 00:00 0 
7f59d201c000-7f59d201d000 ---p 00000000 00:00 0 
7f59d201d000-7f59d211d000 rw-p 00000000 00:00 0                          [stack:11814]
7f59d211d000-7f59d211e000 ---p 00000000 00:00 0 
7f59d211e000-7f59d221e000 rw-p 00000000 00:00 0                          [stack:11813]
7f59d221e000-7f59d221f000 ---p 00000000 00:00 0 
7f59d221f000-7f59d231f000 rw-p 00000000 00:00 0                          [stack:11812]
7f59d231f000-7f59d2320000 ---p 00000000 00:00 0 
7f59d2320000-7f59d242b000 rw-p 00000000 00:00 0                          [stack:11811]
7f59d242b000-7f59d2449000 rw-p 00000000 00:00 0 
7f59d2449000-7f59d245d000 rw-p 00000000 00:00 0 
7f59d245d000-7f59d258a000 rw-p 00000000 00:00 0 
7f59d258a000-7f59d2595000 rw-p 00000000 00:00 0 
7f59d2595000-7f59d25b3000 rw-p 00000000 00:00 0 
7f59d25b3000-7f59d25c7000 rw-p 00000000 00:00 0 
7f59d25c7000-7f59d26f3000 rw-p 00000000 00:00 0 
7f59d26f3000-7f59d2705000 rw-p 00000000 00:00 0 
7f59d2705000-7f59d2794000 rw-p 00000000 00:00 0 
7f59d2794000-7f59d2795000 rw-p 00000000 00:00 0 
7f59d2795000-7f59d27af000 r-xp 00000000 08:02 10749474                   /usr/lib/jvm/jdk1.7.0_45/jre/lib/amd64/libzip.so
7f59d27af000-7f59d29af000 ---p 0001a000 08:02 10749474                   /usr/lib/jvm/jdk1.7.0_45/jre/lib/amd64/libzip.so
7f59d29af000-7f59d29b0000 rw-p 0001a000 08:02 10749474                   /usr/lib/jvm/jdk1.7.0_45/jre/lib/amd64/libzip.so
7f59d29b0000-7f59d29b6000 r-xp 00000000 08:02 7866684                    /lib/x86_64-linux-gnu/libnss_sss.so.2
7f59d29b6000-7f59d2bb5000 ---p 00006000 08:02 7866684                    /lib/x86_64-linux-gnu/libnss_sss.so.2
7f59d2bb5000-7f59d2bb6000 r--p 00005000 08:02 7866684                    /lib/x86_64-linux-gnu/libnss_sss.so.2
7f59d2bb6000-7f59d2bb7000 rw-p 00006000 08:02 7866684                    /lib/x86_64-linux-gnu/libnss_sss.so.2
7f59d2bb7000-7f59d2bc3000 r-xp 00000000 08:02 7867763                    /lib/x86_64-linux-gnu/libnss_files-2.15.so
7f59d2bc3000-7f59d2dc2000 ---p 0000c000 08:02 7867763                    /lib/x86_64-linux-gnu/libnss_files-2.15.so
7f59d2dc2000-7f59d2dc3000 r--p 0000b000 08:02 7867763                    /lib/x86_64-linux-gnu/libnss_files-2.15.so
7f59d2dc3000-7f59d2dc4000 rw-p 0000c000 08:02 7867763                    /lib/x86_64-linux-gnu/libnss_files-2.15.so
7f59d2dc4000-7f59d2dce000 r-xp 00000000 08:02 7867767                    /lib/x86_64-linux-gnu/libnss_nis-2.15.so
7f59d2dce000-7f59d2fce000 ---p 0000a000 08:02 7867767                    /lib/x86_64-linux-gnu/libnss_nis-2.15.so
7f59d2fce000-7f59d2fcf000 r--p 0000a000 08:02 7867767                    /lib/x86_64-linux-gnu/libnss_nis-2.15.so
7f59d2fcf000-7f59d2fd0000 rw-p 0000b000 08:02 7867767                    /lib/x86_64-linux-gnu/libnss_nis-2.15.so
7f59d2fd0000-7f59d2fe7000 r-xp 00000000 08:02 7867779                    /lib/x86_64-linux-gnu/libnsl-2.15.so
7f59d2fe7000-7f59d31e6000 ---p 00017000 08:02 7867779                    /lib/x86_64-linux-gnu/libnsl-2.15.so
7f59d31e6000-7f59d31e7000 r--p 00016000 08:02 7867779                    /lib/x86_64-linux-gnu/libnsl-2.15.so
7f59d31e7000-7f59d31e8000 rw-p 00017000 08:02 7867779                    /lib/x86_64-linux-gnu/libnsl-2.15.so
7f59d31e8000-7f59d31ea000 rw-p 00000000 00:00 0 
7f59d31ea000-7f59d31f2000 r-xp 00000000 08:02 7867761                    /lib/x86_64-linux-gnu/libnss_compat-2.15.so
7f59d31f2000-7f59d33f1000 ---p 00008000 08:02 7867761                    /lib/x86_64-linux-gnu/libnss_compat-2.15.so
7f59d33f1000-7f59d33f2000 r--p 00007000 08:02 7867761                    /lib/x86_64-linux-gnu/libnss_compat-2.15.so
7f59d33f2000-7f59d33f3000 rw-p 00008000 08:02 7867761                    /lib/x86_64-linux-gnu/libnss_compat-2.15.so
7f59d33f3000-7f59d341c000 r-xp 00000000 08:02 10749465                   /usr/lib/jvm/jdk1.7.0_45/jre/lib/amd64/libjava.so
7f59d341c000-7f59d361c000 ---p 00029000 08:02 10749465                   /usr/lib/jvm/jdk1.7.0_45/jre/lib/amd64/libjava.so
7f59d361c000-7f59d361e000 rw-p 00029000 08:02 10749465                   /usr/lib/jvm/jdk1.7.0_45/jre/lib/amd64/libjava.so
7f59d361e000-7f59d362b000 r-xp 00000000 08:02 10749454                   /usr/lib/jvm/jdk1.7.0_45/jre/lib/amd64/libverify.so
7f59d362b000-7f59d382a000 ---p 0000d000 08:02 10749454                   /usr/lib/jvm/jdk1.7.0_45/jre/lib/amd64/libverify.so
7f59d382a000-7f59d382c000 rw-p 0000c000 08:02 10749454                   /usr/lib/jvm/jdk1.7.0_45/jre/lib/amd64/libverify.so
7f59d382c000-7f59d3833000 r-xp 00000000 08:02 7867766                    /lib/x86_64-linux-gnu/librt-2.15.so
7f59d3833000-7f59d3a32000 ---p 00007000 08:02 7867766                    /lib/x86_64-linux-gnu/librt-2.15.so
7f59d3a32000-7f59d3a33000 r--p 00006000 08:02 7867766                    /lib/x86_64-linux-gnu/librt-2.15.so
7f59d3a33000-7f59d3a34000 rw-p 00007000 08:02 7867766                    /lib/x86_64-linux-gnu/librt-2.15.so
7f59d3a34000-7f59d3b2f000 r-xp 00000000 08:02 7867770                    /lib/x86_64-linux-gnu/libm-2.15.so
7f59d3b2f000-7f59d3d2e000 ---p 000fb000 08:02 7867770                    /lib/x86_64-linux-gnu/libm-2.15.so
7f59d3d2e000-7f59d3d2f000 r--p 000fa000 08:02 7867770                    /lib/x86_64-linux-gnu/libm-2.15.so
7f59d3d2f000-7f59d3d30000 rw-p 000fb000 08:02 7867770                    /lib/x86_64-linux-gnu/libm-2.15.so
7f59d3d30000-7f59d4892000 r-xp 00000000 08:02 10749472                   /usr/lib/jvm/jdk1.7.0_45/jre/lib/amd64/server/libjvm.so
7f59d4892000-7f59d4a92000 ---p 00b62000 08:02 10749472                   /usr/lib/jvm/jdk1.7.0_45/jre/lib/amd64/server/libjvm.so
7f59d4a92000-7f59d4b55000 rw-p 00b62000 08:02 10749472                   /usr/lib/jvm/jdk1.7.0_45/jre/lib/amd64/server/libjvm.so
7f59d4b55000-7f59d4b96000 rw-p 00000000 00:00 0 
7f59d4b96000-7f59d4d4b000 r-xp 00000000 08:02 7867759                    /lib/x86_64-linux-gnu/libc-2.15.so
7f59d4d4b000-7f59d4f4b000 ---p 001b5000 08:02 7867759                    /lib/x86_64-linux-gnu/libc-2.15.so
7f59d4f4b000-7f59d4f4f000 r--p 001b5000 08:02 7867759                    /lib/x86_64-linux-gnu/libc-2.15.so
7f59d4f4f000-7f59d4f51000 rw-p 001b9000 08:02 7867759                    /lib/x86_64-linux-gnu/libc-2.15.so
7f59d4f51000-7f59d4f56000 rw-p 00000000 00:00 0 
7f59d4f56000-7f59d4f58000 r-xp 00000000 08:02 7867774                    /lib/x86_64-linux-gnu/libdl-2.15.so
7f59d4f58000-7f59d5158000 ---p 00002000 08:02 7867774                    /lib/x86_64-linux-gnu/libdl-2.15.so
7f59d5158000-7f59d5159000 r--p 00002000 08:02 7867774                    /lib/x86_64-linux-gnu/libdl-2.15.so
7f59d5159000-7f59d515a000 rw-p 00003000 08:02 7867774                    /lib/x86_64-linux-gnu/libdl-2.15.so
7f59d515a000-7f59d5170000 r-xp 00000000 08:02 10748736                   /usr/lib/jvm/jdk1.7.0_45/lib/amd64/jli/libjli.so
7f59d5170000-7f59d5370000 ---p 00016000 08:02 10748736                   /usr/lib/jvm/jdk1.7.0_45/lib/amd64/jli/libjli.so
7f59d5370000-7f59d5371000 rw-p 00016000 08:02 10748736                   /usr/lib/jvm/jdk1.7.0_45/lib/amd64/jli/libjli.so
7f59d5371000-7f59d5389000 r-xp 00000000 08:02 7867768                    /lib/x86_64-linux-gnu/libpthread-2.15.so
7f59d5389000-7f59d5588000 ---p 00018000 08:02 7867768                    /lib/x86_64-linux-gnu/libpthread-2.15.so
7f59d5588000-7f59d5589000 r--p 00017000 08:02 7867768                    /lib/x86_64-linux-gnu/libpthread-2.15.so
7f59d5589000-7f59d558a000 rw-p 00018000 08:02 7867768                    /lib/x86_64-linux-gnu/libpthread-2.15.so
7f59d558a000-7f59d558e000 rw-p 00000000 00:00 0 
7f59d558e000-7f59d55b0000 r-xp 00000000 08:02 7867771                    /lib/x86_64-linux-gnu/ld-2.15.so
7f59d55b0000-7f59d55b3000 r--s 00028000 00:19 21580459                   /home/se413006/sndobj-sndobj/jsndobj.jar
7f59d55b3000-7f59d55b6000 r--s 00017000 00:19 21629910                   /home/se413006/minim/library/tritonus_share.jar
7f59d55b6000-7f59d55b7000 r--s 00002000 00:19 21629909                   /home/se413006/minim/library/tritonus_aos.jar
7f59d55b7000-7f59d55b8000 r--s 00005000 00:19 21629908                   /home/se413006/minim/library/mp3spi1.9.4.jar
7f59d55b8000-7f59d55ba000 r--s 0000d000 00:19 21629906                   /home/se413006/minim/library/minim.jar
7f59d55ba000-7f59d55bb000 r--s 00000000 00:19 21629907                   /home/se413006/minim/library/minim-spi.jar
7f59d55bb000-7f59d55da000 rw-p 00000000 00:00 0 
7f59d55da000-7f59d5690000 rw-p 00000000 00:00 0 
7f59d5690000-7f59d5693000 ---p 00000000 00:00 0 
7f59d5693000-7f59d5795000 rw-p 00000000 00:00 0                          [stack:11810]
7f59d5795000-7f59d5796000 r--s 0000b000 00:19 21629905                   /home/se413006/minim/library/jsminim.jar
7f59d5796000-7f59d579f000 r--s 00067000 08:02 9446296                    /usr/lib/jvm/jdk1.7.0_45/jre/lib/javaws.jar
7f59d579f000-7f59d57a2000 r--s 00017000 00:19 21629904                   /home/se413006/minim/library/jl1.0.jar
7f59d57a2000-7f59d57a4000 r--s 0013d000 00:19 24871206                   /home/se413006/NetBeansProjects/DynamicSynthesizer/dist/run1984446310/DynamicSynthesizer.jar
7f59d57a4000-7f59d57ac000 rw-s 00000000 08:02 5242947                    /tmp/hsperfdata_se413006/11806
7f59d57ac000-7f59d57ad000 rw-p 00000000 00:00 0 
7f59d57ad000-7f59d57ae000 r--p 00000000 00:00 0 
7f59d57ae000-7f59d57b0000 rw-p 00000000 00:00 0 
7f59d57b0000-7f59d57b1000 r--p 00022000 08:02 7867771                    /lib/x86_64-linux-gnu/ld-2.15.so
7f59d57b1000-7f59d57b3000 rw-p 00023000 08:02 7867771                    /lib/x86_64-linux-gnu/ld-2.15.so
7fffb45ac000-7fffb45cd000 rw-p 00000000 00:00 0                          [stack]
7fffb45fe000-7fffb4600000 r-xp 00000000 00:00 0                          [vdso]
ffffffffff600000-ffffffffff601000 r-xp 00000000 00:00 0                  [vsyscall]

VM Arguments:
jvm_args: -Dfile.encoding=UTF-8 
java_command: com.javafx.main.Main
Launcher Type: SUN_STANDARD

Environment Variables:
PATH=/usr/lib/lightdm/lightdm:/usr/local/sbin:/usr/local/bin:/usr/sbin:/usr/bin:/sbin:/bin:/usr/games:/var/cfengine/bin
LD_LIBRARY_PATH=/usr/lib/jvm/java-7-openjdk-amd64/jre/lib/amd64:/usr/lib/jvm/java-7-openjdk-amd64/jre/lib/i386:
SHELL=/bin/bash
DISPLAY=:0

Signal Handlers:
SIGSEGV: [libjvm.so+0x9935b0], sa_mask[0]=0x7ffbfeff, sa_flags=0x10000004
SIGBUS: [libjvm.so+0x9935b0], sa_mask[0]=0x7ffbfeff, sa_flags=0x10000004
SIGFPE: [libjvm.so+0x810330], sa_mask[0]=0x7ffbfeff, sa_flags=0x10000004
SIGPIPE: SIG_IGN, sa_mask[0]=0x00001000, sa_flags=0x10000000
SIGXFSZ: [libjvm.so+0x810330], sa_mask[0]=0x7ffbfeff, sa_flags=0x10000004
SIGILL: [libjvm.so+0x810330], sa_mask[0]=0x7ffbfeff, sa_flags=0x10000004
SIGUSR1: SIG_DFL, sa_mask[0]=0x00000000, sa_flags=0x00000000
SIGUSR2: [libjvm.so+0x811820], sa_mask[0]=0x00000004, sa_flags=0x10000004
SIGHUP: [libjvm.so+0x812790], sa_mask[0]=0x7ffbfeff, sa_flags=0x10000004
SIGINT: SIG_IGN, sa_mask[0]=0x00000000, sa_flags=0x00000000
SIGTERM: [libjvm.so+0x812790], sa_mask[0]=0x7ffbfeff, sa_flags=0x10000004
SIGQUIT: [libjvm.so+0x812790], sa_mask[0]=0x7ffbfeff, sa_flags=0x10000004


---------------  S Y S T E M  ---------------

OS:wheezy/sid

uname:Linux 3.8.0-36-generic #52~precise1-Ubuntu SMP Mon Feb 3 21:54:46 UTC 2014 x86_64
libc:glibc 2.15 NPTL 2.15 
rlimit: STACK 8192k, CORE 0k, NPROC 30580, NOFILE 4096, AS infinity
load average:0.19 0.20 0.29

/proc/meminfo:
MemTotal:        3933176 kB
MemFree:          155648 kB
Buffers:           13212 kB
Cached:           866716 kB
SwapCached:         1364 kB
Active:          2632308 kB
Inactive:         929620 kB
Active(anon):    2435920 kB
Inactive(anon):   799556 kB
Active(file):     196388 kB
Inactive(file):   130064 kB
Unevictable:          32 kB
Mlocked:              32 kB
SwapTotal:       3945468 kB
SwapFree:        3726272 kB
Dirty:               160 kB
Writeback:             0 kB
AnonPages:       2680640 kB
Mapped:           175424 kB
Shmem:            553456 kB
Slab:              96888 kB
SReclaimable:      59176 kB
SUnreclaim:        37712 kB
KernelStack:        5696 kB
PageTables:        50524 kB
NFS_Unstable:          0 kB
Bounce:                0 kB
WritebackTmp:          0 kB
CommitLimit:     5912056 kB
Committed_AS:    7568724 kB
VmallocTotal:   34359738367 kB
VmallocUsed:      350268 kB
VmallocChunk:   34359384848 kB
HardwareCorrupted:     0 kB
AnonHugePages:         0 kB
HugePages_Total:       0
HugePages_Free:        0
HugePages_Rsvd:        0
HugePages_Surp:        0
Hugepagesize:       2048 kB
DirectMap4k:       63488 kB
DirectMap2M:     4022272 kB


CPU:total 4 (2 cores per cpu, 2 threads per core) family 6 model 58 stepping 9, cmov, cx8, fxsr, mmx, sse, sse2, sse3, ssse3, sse4.1, sse4.2, popcnt, avx, erms, ht, tsc, tscinvbit, tscinv

/proc/cpuinfo:
processor	: 0
vendor_id	: GenuineIntel
cpu family	: 6
model		: 58
model name	: Intel(R) Core(TM) i3-3225 CPU @ 3.30GHz
stepping	: 9
microcode	: 0x16
cpu MHz		: 3300.000
cache size	: 3072 KB
physical id	: 0
siblings	: 4
core id		: 0
cpu cores	: 2
apicid		: 0
initial apicid	: 0
fpu		: yes
fpu_exception	: yes
cpuid level	: 13
wp		: yes
flags		: fpu vme de pse tsc msr pae mce cx8 apic sep mtrr pge mca cmov pat pse36 clflush dts acpi mmx fxsr sse sse2 ss ht tm pbe syscall nx rdtscp lm constant_tsc arch_perfmon pebs bts rep_good nopl xtopology nonstop_tsc aperfmperf eagerfpu pni pclmulqdq dtes64 monitor ds_cpl vmx est tm2 ssse3 cx16 xtpr pdcm pcid sse4_1 sse4_2 popcnt tsc_deadline_timer xsave avx f16c lahf_lm arat epb xsaveopt pln pts dtherm tpr_shadow vnmi flexpriority ept vpid fsgsbase smep erms
bogomips	: 6584.98
clflush size	: 64
cache_alignment	: 64
address sizes	: 36 bits physical, 48 bits virtual
power management:

processor	: 1
vendor_id	: GenuineIntel
cpu family	: 6
model		: 58
model name	: Intel(R) Core(TM) i3-3225 CPU @ 3.30GHz
stepping	: 9
microcode	: 0x16
cpu MHz		: 1600.000
cache size	: 3072 KB
physical id	: 0
siblings	: 4
core id		: 1
cpu cores	: 2
apicid		: 2
initial apicid	: 2
fpu		: yes
fpu_exception	: yes
cpuid level	: 13
wp		: yes
flags		: fpu vme de pse tsc msr pae mce cx8 apic sep mtrr pge mca cmov pat pse36 clflush dts acpi mmx fxsr sse sse2 ss ht tm pbe syscall nx rdtscp lm constant_tsc arch_perfmon pebs bts rep_good nopl xtopology nonstop_tsc aperfmperf eagerfpu pni pclmulqdq dtes64 monitor ds_cpl vmx est tm2 ssse3 cx16 xtpr pdcm pcid sse4_1 sse4_2 popcnt tsc_deadline_timer xsave avx f16c lahf_lm arat epb xsaveopt pln pts dtherm tpr_shadow vnmi flexpriority ept vpid fsgsbase smep erms
bogomips	: 6584.98
clflush size	: 64
cache_alignment	: 64
address sizes	: 36 bits physical, 48 bits virtual
power management:

processor	: 2
vendor_id	: GenuineIntel
cpu family	: 6
model		: 58
model name	: Intel(R) Core(TM) i3-3225 CPU @ 3.30GHz
stepping	: 9
microcode	: 0x16
cpu MHz		: 3300.000
cache size	: 3072 KB
physical id	: 0
siblings	: 4
core id		: 0
cpu cores	: 2
apicid		: 1
initial apicid	: 1
fpu		: yes
fpu_exception	: yes
cpuid level	: 13
wp		: yes
flags		: fpu vme de pse tsc msr pae mce cx8 apic sep mtrr pge mca cmov pat pse36 clflush dts acpi mmx fxsr sse sse2 ss ht tm pbe syscall nx rdtscp lm constant_tsc arch_perfmon pebs bts rep_good nopl xtopology nonstop_tsc aperfmperf eagerfpu pni pclmulqdq dtes64 monitor ds_cpl vmx est tm2 ssse3 cx16 xtpr pdcm pcid sse4_1 sse4_2 popcnt tsc_deadline_timer xsave avx f16c lahf_lm arat epb xsaveopt pln pts dtherm tpr_shadow vnmi flexpriority ept vpid fsgsbase smep erms
bogomips	: 6584.98
clflush size	: 64
cache_alignment	: 64
address sizes	: 36 bits physical, 48 bits virtual
power management:

processor	: 3
vendor_id	: GenuineIntel
cpu family	: 6
model		: 58
model name	: Intel(R) Core(TM) i3-3225 CPU @ 3.30GHz
stepping	: 9
microcode	: 0x16
cpu MHz		: 1600.000
cache size	: 3072 KB
physical id	: 0
siblings	: 4
core id		: 1
cpu cores	: 2
apicid		: 3
initial apicid	: 3
fpu		: yes
fpu_exception	: yes
cpuid level	: 13
wp		: yes
flags		: fpu vme de pse tsc msr pae mce cx8 apic sep mtrr pge mca cmov pat pse36 clflush dts acpi mmx fxsr sse sse2 ss ht tm pbe syscall nx rdtscp lm constant_tsc arch_perfmon pebs bts rep_good nopl xtopology nonstop_tsc aperfmperf eagerfpu pni pclmulqdq dtes64 monitor ds_cpl vmx est tm2 ssse3 cx16 xtpr pdcm pcid sse4_1 sse4_2 popcnt tsc_deadline_timer xsave avx f16c lahf_lm arat epb xsaveopt pln pts dtherm tpr_shadow vnmi flexpriority ept vpid fsgsbase smep erms
bogomips	: 6584.98
clflush size	: 64
cache_alignment	: 64
address sizes	: 36 bits physical, 48 bits virtual
power management:



Memory: 4k page, physical 3933176k(155648k free), swap 3945468k(3726272k free)

vm_info: Java HotSpot(TM) 64-Bit Server VM (24.45-b08) for linux-amd64 JRE (1.7.0_45-b18), built on Oct  8 2013 05:44:25 by "java_re" with gcc 4.3.0 20080428 (Red Hat 4.3.0-8)

time: Fri Feb 21 14:17:56 2014
elapsed time: 24 seconds

