#
# A fatal error has been detected by the Java Runtime Environment:
#
#  SIGSEGV (0xb) at pc=0x00007f503501df48, pid=13349, tid=139982467077888
#
# JRE version: Java(TM) SE Runtime Environment (7.0_45-b18) (build 1.7.0_45-b18)
# Java VM: Java HotSpot(TM) 64-Bit Server VM (24.45-b08 mixed mode linux-amd64 compressed oops)
# Problematic frame:
# C  [libsndobj.so.2.6.5+0x4af48]  SndWave::Read()+0x38
#
# Failed to write core dump. Core dumps have been disabled. To enable core dumping, try "ulimit -c unlimited" before starting Java again
#
# If you would like to submit a bug report, please visit:
#   http://bugreport.sun.com/bugreport/crash.jsp
# The crash happened outside the Java Virtual Machine in native code.
# See problematic frame for where to report the bug.
#

---------------  T H R E A D  ---------------

Current thread (0x00007f5044128800):  JavaThread "JavaFX Application Thread" [_thread_in_native, id=13373, stack(0x00007f5035299000,0x00007f503539a000)]

siginfo:si_signo=SIGSEGV: si_errno=0, si_code=1 (SEGV_MAPERR), si_addr=0x0000000000000000

Registers:
RAX=0x0000000000000000, RBX=0x00000000bfaf9460, RCX=0x0000000000000000, RDX=0x0000000000000200
RSP=0x00007f5035396180, RBP=0x00007f50201764c0, RSI=0x00007f5035396228, RDI=0x00007f50201764c0
R8 =0x00007f508dc64a60, R9 =0x0000000000000000, R10=0x00007f50847d7cac, R11=0x00007f508d6d4a90
R12=0x0000000000000000, R13=0x00000000bfaf9460, R14=0x0000000000000000, R15=0x00007f5044128800
RIP=0x00007f503501df48, EFLAGS=0x0000000000010246, CSGSFS=0x0000000000000033, ERR=0x0000000000000006
  TRAPNO=0x000000000000000e

Top of Stack: (sp=0x00007f5035396180)
0x00007f5035396180:   00000000bfaf9460 0000000000000000
0x00007f5035396190:   00000000bfaf9460 00007f5035396218
0x00007f50353961a0:   0000000000000000 00000000bfaf9460
0x00007f50353961b0:   00007f5035396248 00007f50847d7cd8
0x00007f50353961c0:   00007f50847ca310 0000000000000000
0x00007f50353961d0:   00007f5044128800 00007f50353961d8
0x00007f50353961e0:   00000000bfaf9460 00007f5035396248
0x00007f50353961f0:   00000000bfb15f30 0000000000000000
0x00007f5035396200:   00000000bfaf9460 0000000000000000
0x00007f5035396210:   00007f5035396238 00007f5035396290
0x00007f5035396220:   00007f50847cb292 00000000ec1c4c20
0x00007f5035396230:   00007f50847d3cd2 00000000ec137550
0x00007f5035396240:   00007f50201764c0 00000000ec137550
0x00007f5035396250:   00007f5035396250 00000000bfaabce5
0x00007f5035396260:   00007f50353962a0 00000000bfab7f90
0x00007f5035396270:   0000000000000000 00000000bfaabcf0
0x00007f5035396280:   00007f5035396238 00007f50353962a0
0x00007f5035396290:   00007f50353962f0 00007f50847cb292
0x00007f50353962a0:   00000000ec137550 00000000ec10c3b8
0x00007f50353962b0:   00007f50353962b0 00000000bfaa888b
0x00007f50353962c0:   00007f5035396318 00000000bfab72f0
0x00007f50353962d0:   0000000000000000 00000000bfaa89c8
0x00007f50353962e0:   00007f50353962a0 00007f5035396318
0x00007f50353962f0:   00007f5035396360 00007f50847cb058
0x00007f5035396300:   0000000000000000 0000000000000000
0x00007f5035396310:   0000000000000056 00000000ec10c3b8
0x00007f5035396320:   00007f5035396320 00000000bf35f2cc
0x00007f5035396330:   00007f5035396380 00000000bf35f718
0x00007f5035396340:   0000000000000000 00000000bf35f300
0x00007f5035396350:   00007f5035396318 00007f5035396378
0x00007f5035396360:   00007f50353963c8 00007f50847cb058
0x00007f5035396370:   00000000ec0aaef8 00000000ec09e1b8 

Instructions: (pc=0x00007f503501df48)
0x00007f503501df28:   7f 52 03 74 40 8b 55 30 45 31 f6 c7 45 28 00 00
0x00007f503501df38:   00 00 85 d2 7e 1f 48 8b 4d 10 31 c0 0f 1f 40 00
0x00007f503501df48:   c7 04 81 00 00 00 00 48 83 c0 01 39 c2 7f f1 89
0x00007f503501df58:   55 28 45 31 f6 48 83 c4 10 44 89 f0 5b 5d 41 5c 

Register to memory mapping:

RAX=0x0000000000000000 is an unknown value
RBX=0x00000000bfaf9460 is an oop
{method} 
 - klass: {other class}
RCX=0x0000000000000000 is an unknown value
RDX=0x0000000000000200 is an unknown value
RSP=0x00007f5035396180 is pointing into the stack for thread: 0x00007f5044128800
RBP=0x00007f50201764c0 is an unknown value
RSI=0x00007f5035396228 is pointing into the stack for thread: 0x00007f5044128800
RDI=0x00007f50201764c0 is an unknown value
R8 =0x00007f508dc64a60: <offset 0xe37a60> in /usr/lib/jvm/jdk1.7.0_45/jre/lib/amd64/server/libjvm.so at 0x00007f508ce2d000
R9 =0x0000000000000000 is an unknown value
R10=0x00007f50847d7cac is at code_begin+620 in an Interpreter codelet
method entry point (kind = native)  [0x00007f50847d7a40, 0x00007f50847d82a0]  2144 bytes
R11=0x00007f508d6d4a90: <offset 0x8a7a90> in /usr/lib/jvm/jdk1.7.0_45/jre/lib/amd64/server/libjvm.so at 0x00007f508ce2d000
R12=0x0000000000000000 is an unknown value
R13=0x00000000bfaf9460 is an oop
{method} 
 - klass: {other class}
R14=0x0000000000000000 is an unknown value
R15=0x00007f5044128800 is a thread


Stack: [0x00007f5035299000,0x00007f503539a000],  sp=0x00007f5035396180,  free space=1012k
Native frames: (J=compiled Java code, j=interpreted, Vv=VM code, C=native code)
C  [libsndobj.so.2.6.5+0x4af48]  SndWave::Read()+0x38

Java frames: (J=compiled Java code, j=interpreted, Vv=VM code)
j  JSndObj.jsndobjJNI.SndWave_Read(JLJSndObj/SndWave;)S+0
j  JSndObj.SndWave.Read()S+5
j  synthesizer.SndAnalysis.analSound()V+27
j  synthesizer.Synthesizer$1.handle(Ljavafx/event/ActionEvent;)V+44
j  synthesizer.Synthesizer$1.handle(Ljavafx/event/Event;)V+5
j  com.sun.javafx.event.CompositeEventHandler.dispatchBubblingEvent(Ljavafx/event/Event;)V+62
j  com.sun.javafx.event.EventHandlerManager.dispatchBubblingEvent(Ljavafx/event/EventType;Ljavafx/event/Event;)Ljavafx/event/Event;+29
j  com.sun.javafx.event.EventHandlerManager.dispatchBubblingEvent(Ljavafx/event/Event;)Ljavafx/event/Event;+8
j  com.sun.javafx.event.CompositeEventDispatcher.dispatchBubblingEvent(Ljavafx/event/Event;)Ljavafx/event/Event;+11
j  com.sun.javafx.event.BasicEventDispatcher.dispatchEvent(Ljavafx/event/Event;Ljavafx/event/EventDispatchChain;)Ljavafx/event/Event;+29
j  com.sun.javafx.event.EventDispatchChainImpl.dispatchEvent(Ljavafx/event/Event;)Ljavafx/event/Event;+69
j  com.sun.javafx.event.BasicEventDispatcher.dispatchEvent(Ljavafx/event/Event;Ljavafx/event/EventDispatchChain;)Ljavafx/event/Event;+17
j  com.sun.javafx.event.EventDispatchChainImpl.dispatchEvent(Ljavafx/event/Event;)Ljavafx/event/Event;+69
j  com.sun.javafx.event.EventUtil.fireEventImpl(Ljavafx/event/EventDispatchChain;Ljavafx/event/EventTarget;Ljavafx/event/Event;)Ljavafx/event/Event;+10
j  com.sun.javafx.event.EventUtil.fireEvent(Ljavafx/event/EventTarget;Ljavafx/event/Event;)Ljavafx/event/Event;+37
j  javafx.event.Event.fireEvent(Ljavafx/event/EventTarget;Ljavafx/event/Event;)V+30
j  javafx.scene.Node.fireEvent(Ljavafx/event/Event;)V+86
j  javafx.scene.control.Button.fire()V+8
j  com.sun.javafx.scene.control.behavior.ButtonBehavior.mouseReleased(Ljavafx/scene/input/MouseEvent;)V+23
j  com.sun.javafx.scene.control.skin.SkinBase$4.handle(Ljavafx/scene/input/MouseEvent;)V+83
j  com.sun.javafx.scene.control.skin.SkinBase$4.handle(Ljavafx/event/Event;)V+5
j  com.sun.javafx.event.CompositeEventHandler.dispatchBubblingEvent(Ljavafx/event/Event;)V+42
j  com.sun.javafx.event.EventHandlerManager.dispatchBubblingEvent(Ljavafx/event/EventType;Ljavafx/event/Event;)Ljavafx/event/Event;+29
j  com.sun.javafx.event.EventHandlerManager.dispatchBubblingEvent(Ljavafx/event/Event;)Ljavafx/event/Event;+8
j  com.sun.javafx.event.CompositeEventDispatcher.dispatchBubblingEvent(Ljavafx/event/Event;)Ljavafx/event/Event;+11
j  com.sun.javafx.event.BasicEventDispatcher.dispatchEvent(Ljavafx/event/Event;Ljavafx/event/EventDispatchChain;)Ljavafx/event/Event;+29
j  com.sun.javafx.event.EventDispatchChainImpl.dispatchEvent(Ljavafx/event/Event;)Ljavafx/event/Event;+69
j  com.sun.javafx.event.BasicEventDispatcher.dispatchEvent(Ljavafx/event/Event;Ljavafx/event/EventDispatchChain;)Ljavafx/event/Event;+17
j  com.sun.javafx.event.EventDispatchChainImpl.dispatchEvent(Ljavafx/event/Event;)Ljavafx/event/Event;+69
j  com.sun.javafx.event.BasicEventDispatcher.dispatchEvent(Ljavafx/event/Event;Ljavafx/event/EventDispatchChain;)Ljavafx/event/Event;+17
j  com.sun.javafx.event.EventDispatchChainImpl.dispatchEvent(Ljavafx/event/Event;)Ljavafx/event/Event;+69
j  com.sun.javafx.event.EventUtil.fireEventImpl(Ljavafx/event/EventDispatchChain;Ljavafx/event/EventTarget;Ljavafx/event/Event;)Ljavafx/event/Event;+10
j  com.sun.javafx.event.EventUtil.fireEvent(Ljavafx/event/EventTarget;Ljavafx/event/Event;)Ljavafx/event/Event;+46
j  javafx.event.Event.fireEvent(Ljavafx/event/EventTarget;Ljavafx/event/Event;)V+30
j  javafx.scene.Scene$MouseHandler.process(Ljavafx/scene/input/MouseEvent;Z)V+405
j  javafx.scene.Scene$MouseHandler.process(Ljavafx/scene/input/MouseEvent;)V+3
j  javafx.scene.Scene$MouseHandler.access$1900(Ljavafx/scene/Scene$MouseHandler;Ljavafx/scene/input/MouseEvent;)V+2
j  javafx.scene.Scene.impl_processMouseEvent(Ljavafx/scene/input/MouseEvent;)V+16
j  javafx.scene.Scene$ScenePeerListener.mouseEvent(Ljava/lang/Object;)V+11
j  com.sun.javafx.tk.quantum.GlassViewEventHandler$MouseEventNotification.run()Ljava/lang/Void;+329
j  com.sun.javafx.tk.quantum.GlassViewEventHandler$MouseEventNotification.run()Ljava/lang/Object;+1
v  ~StubRoutines::call_stub
j  java.security.AccessController.doPrivileged(Ljava/security/PrivilegedAction;Ljava/security/AccessControlContext;)Ljava/lang/Object;+0
j  com.sun.javafx.tk.quantum.GlassViewEventHandler.handleMouseEvent(Lcom/sun/glass/ui/View;JIIIIIIIIZZ)V+117
j  com.sun.glass.ui.View.handleMouseEvent(JIIIIIIIIZZ)V+38
j  com.sun.glass.ui.View.notifyMouse(IIIIIIIZZ)V+184
v  ~StubRoutines::call_stub
j  com.sun.glass.ui.gtk.GtkApplication._runLoop([Ljava/lang/String;Lcom/sun/glass/ui/Launchable;Z)V+0
j  com.sun.glass.ui.gtk.GtkApplication$3$1.run()V+38
j  java.lang.Thread.run()V+11
v  ~StubRoutines::call_stub

---------------  P R O C E S S  ---------------

Java Threads: ( => current thread )
  0x00007f503c082800 JavaThread "Java2D Disposer" daemon [_thread_blocked, id=13375, stack(0x00007f501feff000,0x00007f5020000000)]
  0x00007f50200ff800 JavaThread "Prism Font Disposer" daemon [_thread_blocked, id=13374, stack(0x00007f5034532000,0x00007f5034633000)]
=>0x00007f5044128800 JavaThread "JavaFX Application Thread" [_thread_in_native, id=13373, stack(0x00007f5035299000,0x00007f503539a000)]
  0x00007f5044127800 JavaThread "Thread-3" daemon [_thread_blocked, id=13372, stack(0x00007f503539a000,0x00007f503549b000)]
  0x00007f5044089000 JavaThread "Disposer" daemon [_thread_blocked, id=13369, stack(0x00007f504c5b6000,0x00007f504c6b7000)]
  0x00007f5044088000 JavaThread "QuantumRenderer-0" daemon [_thread_blocked, id=13368, stack(0x00007f504fccf000,0x00007f504fdd0000)]
  0x00007f5088138000 JavaThread "JavaFX-Launcher" [_thread_blocked, id=13367, stack(0x00007f5074102000,0x00007f5074203000)]
  0x00007f508811f800 JavaThread "traceMsgQueueThread" daemon [_thread_blocked, id=13366, stack(0x00007f5074203000,0x00007f5074304000)]
  0x00007f5088096000 JavaThread "Service Thread" daemon [_thread_blocked, id=13364, stack(0x00007f50744ab000,0x00007f50745ac000)]
  0x00007f5088094000 JavaThread "C2 CompilerThread1" daemon [_thread_blocked, id=13363, stack(0x00007f50745ac000,0x00007f50746ad000)]
  0x00007f5088091000 JavaThread "C2 CompilerThread0" daemon [_thread_blocked, id=13362, stack(0x00007f50746ad000,0x00007f50747ae000)]
  0x00007f5088086800 JavaThread "Signal Dispatcher" daemon [_thread_blocked, id=13361, stack(0x00007f50747ae000,0x00007f50748af000)]
  0x00007f5088070800 JavaThread "Finalizer" daemon [_thread_blocked, id=13360, stack(0x00007f50748af000,0x00007f50749b0000)]
  0x00007f508806c800 JavaThread "Reference Handler" daemon [_thread_blocked, id=13359, stack(0x00007f50749b0000,0x00007f5074ab1000)]
  0x00007f508800a800 JavaThread "main" [_thread_blocked, id=13353, stack(0x00007f508e78d000,0x00007f508e88e000)]

Other Threads:
  0x00007f508806a000 VMThread [stack: 0x00007f5074ab1000,0x00007f5074bb2000] [id=13358]
  0x00007f50880a9000 WatcherThread [stack: 0x00007f50743aa000,0x00007f50744ab000] [id=13365]

VM state:not at safepoint (normal execution)

VM Mutex/Monitor currently owned by a thread: None

Heap
 PSYoungGen      total 33280K, used 5790K [0x00000000ebf00000, 0x00000000ee200000, 0x0000000100000000)
  eden space 30720K, 10% used [0x00000000ebf00000,0x00000000ec22bab8,0x00000000edd00000)
  from space 2560K, 99% used [0x00000000edf80000,0x00000000ee1fc030,0x00000000ee200000)
  to   space 2560K, 0% used [0x00000000edd00000,0x00000000edd00000,0x00000000edf80000)
 ParOldGen       total 40960K, used 7369K [0x00000000c3e00000, 0x00000000c6600000, 0x00000000ebf00000)
  object space 40960K, 17% used [0x00000000c3e00000,0x00000000c4532468,0x00000000c6600000)
 PSPermGen       total 21504K, used 15460K [0x00000000bec00000, 0x00000000c0100000, 0x00000000c3e00000)
  object space 21504K, 71% used [0x00000000bec00000,0x00000000bfb19298,0x00000000c0100000)

Card table byte_map: [0x00007f50845ba000,0x00007f50847c5000] byte_map_base: 0x00007f5083fc4000

Polling page: 0x00007f508e8aa000

Code Cache  [0x00007f50847c5000, 0x00007f5084a35000, 0x00007f50877c5000)
 total_blobs=886 nmethods=103 adapters=736 free_code_cache=48161Kb largest_free_block=49311104

Compilation events (10 events):
Event: 1.351 Thread 0x00007f5088091000 nmethod 99 0x00007f508489b950 code [0x00007f508489ba80, 0x00007f508489bad8]
Event: 1.351 Thread 0x00007f5088091000  100             java.util.Arrays::binarySearch (10 bytes)
Event: 1.352 Thread 0x00007f5088091000 nmethod 100 0x00007f508489b3d0 code [0x00007f508489b520, 0x00007f508489b6d8]
Event: 1.352 Thread 0x00007f5088091000  101             java.awt.MultipleGradientPaintContext::interpolate (202 bytes)
Event: 1.355 Thread 0x00007f5088091000 nmethod 101 0x00007f50848a0890 code [0x00007f50848a0a40, 0x00007f50848a0ff8]
Event: 1.355 Thread 0x00007f5088094000 nmethod 98 0x00007f5084898110 code [0x00007f50848982c0, 0x00007f5084898718]
Event: 2.771 Thread 0x00007f5088091000  102             java.util.HashMap::transfer (115 bytes)
Event: 2.777 Thread 0x00007f5088091000 nmethod 102 0x00007f50848a2090 code [0x00007f50848a2200, 0x00007f50848a2508]
Event: 5.797 Thread 0x00007f5088094000  103             java.lang.String::startsWith (7 bytes)
Event: 5.800 Thread 0x00007f5088094000 nmethod 103 0x00007f50848a18d0 code [0x00007f50848a1a20, 0x00007f50848a1b18]

GC Heap History (4 events):
Event: 0.664 GC heap before
{Heap before GC invocations=1 (full 0):
 PSYoungGen      total 17920K, used 15360K [0x00000000ebf00000, 0x00000000ed300000, 0x0000000100000000)
  eden space 15360K, 100% used [0x00000000ebf00000,0x00000000ece00000,0x00000000ece00000)
  from space 2560K, 0% used [0x00000000ed080000,0x00000000ed080000,0x00000000ed300000)
  to   space 2560K, 0% used [0x00000000ece00000,0x00000000ece00000,0x00000000ed080000)
 ParOldGen       total 40960K, used 0K [0x00000000c3e00000, 0x00000000c6600000, 0x00000000ebf00000)
  object space 40960K, 0% used [0x00000000c3e00000,0x00000000c3e00000,0x00000000c6600000)
 PSPermGen       total 21504K, used 8470K [0x00000000bec00000, 0x00000000c0100000, 0x00000000c3e00000)
  object space 21504K, 39% used [0x00000000bec00000,0x00000000bf445870,0x00000000c0100000)
Event: 0.672 GC heap after
Heap after GC invocations=1 (full 0):
 PSYoungGen      total 17920K, used 2381K [0x00000000ebf00000, 0x00000000ee200000, 0x0000000100000000)
  eden space 15360K, 0% used [0x00000000ebf00000,0x00000000ebf00000,0x00000000ece00000)
  from space 2560K, 93% used [0x00000000ece00000,0x00000000ed0537a8,0x00000000ed080000)
  to   space 2560K, 0% used [0x00000000edf80000,0x00000000edf80000,0x00000000ee200000)
 ParOldGen       total 40960K, used 1765K [0x00000000c3e00000, 0x00000000c6600000, 0x00000000ebf00000)
  object space 40960K, 4% used [0x00000000c3e00000,0x00000000c3fb9750,0x00000000c6600000)
 PSPermGen       total 21504K, used 8470K [0x00000000bec00000, 0x00000000c0100000, 0x00000000c3e00000)
  object space 21504K, 39% used [0x00000000bec00000,0x00000000bf445870,0x00000000c0100000)
}
Event: 1.206 GC heap before
{Heap before GC invocations=2 (full 0):
 PSYoungGen      total 17920K, used 17741K [0x00000000ebf00000, 0x00000000ee200000, 0x0000000100000000)
  eden space 15360K, 100% used [0x00000000ebf00000,0x00000000ece00000,0x00000000ece00000)
  from space 2560K, 93% used [0x00000000ece00000,0x00000000ed0537a8,0x00000000ed080000)
  to   space 2560K, 0% used [0x00000000edf80000,0x00000000edf80000,0x00000000ee200000)
 ParOldGen       total 40960K, used 1765K [0x00000000c3e00000, 0x00000000c6600000, 0x00000000ebf00000)
  object space 40960K, 4% used [0x00000000c3e00000,0x00000000c3fb9750,0x00000000c6600000)
 PSPermGen       total 21504K, used 14538K [0x00000000bec00000, 0x00000000c0100000, 0x00000000c3e00000)
  object space 21504K, 67% used [0x00000000bec00000,0x00000000bfa32af0,0x00000000c0100000)
Event: 1.219 GC heap after
Heap after GC invocations=2 (full 0):
 PSYoungGen      total 33280K, used 2544K [0x00000000ebf00000, 0x00000000ee200000, 0x0000000100000000)
  eden space 30720K, 0% used [0x00000000ebf00000,0x00000000ebf00000,0x00000000edd00000)
  from space 2560K, 99% used [0x00000000edf80000,0x00000000ee1fc030,0x00000000ee200000)
  to   space 2560K, 0% used [0x00000000edd00000,0x00000000edd00000,0x00000000edf80000)
 ParOldGen       total 40960K, used 7369K [0x00000000c3e00000, 0x00000000c6600000, 0x00000000ebf00000)
  object space 40960K, 17% used [0x00000000c3e00000,0x00000000c4532468,0x00000000c6600000)
 PSPermGen       total 21504K, used 14538K [0x00000000bec00000, 0x00000000c0100000, 0x00000000c3e00000)
  object space 21504K, 67% used [0x00000000bec00000,0x00000000bfa32af0,0x00000000c0100000)
}

Deoptimization events (10 events):
Event: 0.882 Thread 0x00007f5044128800 Uncommon trap: reason=bimorphic action=maybe_recompile pc=0x00007f508485b204 method=java.util.Collections$UnmodifiableList.get(I)Ljava/lang/Object; @ 5
Event: 0.882 Thread 0x00007f5044128800 Uncommon trap: reason=bimorphic action=maybe_recompile pc=0x00007f508485a724 method=java.util.Collections$UnmodifiableCollection.size()I @ 4
Event: 0.920 Thread 0x00007f5044128800 Uncommon trap: reason=bimorphic action=maybe_recompile pc=0x00007f508483e528 method=java.util.HashMap.getEntry(Ljava/lang/Object;)Ljava/util/HashMap$Entry; @ 68
Event: 0.955 Thread 0x00007f5044128800 Uncommon trap: reason=null_check action=make_not_entrant pc=0x00007f5084871bb8 method=com.sun.javafx.css.SimpleSelector.mightApply(Ljava/lang/String;Ljava/lang/String;Ljava/util/List;)Z @ 29
Event: 0.982 Thread 0x00007f5044128800 Uncommon trap: reason=predicate action=maybe_recompile pc=0x00007f508486c5b0 method=java.util.Arrays.fill([Ljava/lang/Object;Ljava/lang/Object;)V @ 10
Event: 0.986 Thread 0x00007f5044128800 Uncommon trap: reason=class_check action=maybe_recompile pc=0x00007f5084842838 method=java.io.DataInputStream.readByte()B @ 4
Event: 0.986 Thread 0x00007f5044128800 Uncommon trap: reason=class_check action=maybe_recompile pc=0x00007f5084842838 method=java.io.DataInputStream.readByte()B @ 4
Event: 0.986 Thread 0x00007f5044128800 Uncommon trap: reason=class_check action=maybe_recompile pc=0x00007f5084842838 method=java.io.DataInputStream.readByte()B @ 4
Event: 0.986 Thread 0x00007f5044128800 Uncommon trap: reason=class_check action=maybe_recompile pc=0x00007f5084842838 method=java.io.DataInputStream.readByte()B @ 4
Event: 1.107 Thread 0x00007f5044088000 Uncommon trap: reason=bimorphic action=maybe_recompile pc=0x00007f508485a724 method=java.util.Collections$UnmodifiableCollection.size()I @ 4

Internal exceptions (10 events):
Event: 0.881 Thread 0x00007f5044128800 Threw 0x00000000ec4bac50 at /HUDSON/workspace/7u-2-build-linux-amd64/jdk7u45/229/hotspot/src/share/vm/prims/jvm.cpp:1244
Event: 0.882 Thread 0x00007f5044128800 Threw 0x00000000ec4c3d68 at /HUDSON/workspace/7u-2-build-linux-amd64/jdk7u45/229/hotspot/src/share/vm/prims/jvm.cpp:1244
Event: 0.882 Thread 0x00007f5044128800 Threw 0x00000000ec4ca8e0 at /HUDSON/workspace/7u-2-build-linux-amd64/jdk7u45/229/hotspot/src/share/vm/prims/jvm.cpp:1244
Event: 0.955 Thread 0x00007f5044128800 Implicit null exception at 0x00007f508486f7d2 to 0x00007f5084871b09
Event: 1.107 Thread 0x00007f5044088000 Threw 0x00000000ec914630 at /HUDSON/workspace/7u-2-build-linux-amd64/jdk7u45/229/hotspot/src/share/vm/prims/jni.cpp:717
Event: 1.107 Thread 0x00007f5044088000 Threw 0x00000000ec914e48 at /HUDSON/workspace/7u-2-build-linux-amd64/jdk7u45/229/hotspot/src/share/vm/prims/jni.cpp:717
Event: 1.109 Thread 0x00007f5044088000 Threw 0x00000000ec916eb0 at /HUDSON/workspace/7u-2-build-linux-amd64/jdk7u45/229/hotspot/src/share/vm/prims/jvm.cpp:1244
Event: 1.111 Thread 0x00007f5044088000 Threw 0x00000000ecd163c0 at /HUDSON/workspace/7u-2-build-linux-amd64/jdk7u45/229/hotspot/src/share/vm/prims/jvm.cpp:1244
Event: 1.112 Thread 0x00007f5044088000 Threw 0x00000000ecd18800 at /HUDSON/workspace/7u-2-build-linux-amd64/jdk7u45/229/hotspot/src/share/vm/prims/jvm.cpp:1244
Event: 1.112 Thread 0x00007f5044088000 Threw 0x00000000ecd1a308 at /HUDSON/workspace/7u-2-build-linux-amd64/jdk7u45/229/hotspot/src/share/vm/prims/jvm.cpp:1244

Events (10 events):
Event: 5.801 loading class 0x00007f50203b03d0
Event: 5.801 loading class 0x00007f50203b03d0 done
Event: 5.802 loading class 0x00007f5020283440
Event: 5.802 loading class 0x00007f5020283440 done
Event: 5.802 loading class 0x00007f50202caee0
Event: 5.802 loading class 0x00007f50202caee0 done
Event: 5.807 loading class 0x00007f508c02dc90
Event: 5.807 loading class 0x00007f508c02dc90 done
Event: 5.809 loading class 0x00007f50203507a0
Event: 5.809 loading class 0x00007f50203507a0 done


Dynamic libraries:
00400000-00401000 r-xp 00000000 08:02 9176824                            /usr/lib/jvm/jdk1.7.0_45/bin/java
00600000-00601000 rw-p 00000000 08:02 9176824                            /usr/lib/jvm/jdk1.7.0_45/bin/java
01ee5000-01f06000 rw-p 00000000 00:00 0                                  [heap]
bec00000-c0100000 rw-p 00000000 00:00 0 
c0100000-c3e00000 rw-p 00000000 00:00 0 
c3e00000-c6600000 rw-p 00000000 00:00 0 
c6600000-ebf00000 rw-p 00000000 00:00 0 
ebf00000-ee200000 rw-p 00000000 00:00 0 
ee200000-100000000 rw-p 00000000 00:00 0 
7f4ff4000000-7f4ff4022000 rw-p 00000000 00:00 0 
7f4ff4022000-7f4ff8000000 ---p 00000000 00:00 0 
7f4ff8000000-7f4ff8022000 rw-p 00000000 00:00 0 
7f4ff8022000-7f4ffc000000 ---p 00000000 00:00 0 
7f4fff7ff000-7f4fff800000 ---p 00000000 00:00 0 
7f4fff800000-7f5000000000 rw-p 00000000 00:00 0                          [stack:13388]
7f5000000000-7f5000022000 rw-p 00000000 00:00 0 
7f5000022000-7f5004000000 ---p 00000000 00:00 0 
7f5004000000-7f5004022000 rw-p 00000000 00:00 0 
7f5004022000-7f5008000000 ---p 00000000 00:00 0 
7f5008000000-7f5008022000 rw-p 00000000 00:00 0 
7f5008022000-7f500c000000 ---p 00000000 00:00 0 
7f500c000000-7f500c022000 rw-p 00000000 00:00 0 
7f500c022000-7f5010000000 ---p 00000000 00:00 0 
7f5010000000-7f5010022000 rw-p 00000000 00:00 0 
7f5010022000-7f5014000000 ---p 00000000 00:00 0 
7f5014711000-7f5014712000 ---p 00000000 00:00 0 
7f5014712000-7f5014f12000 rw-p 00000000 00:00 0 
7f5014f12000-7f5014f64000 r--p 00000000 08:02 9046012                    /usr/share/fonts/truetype/ubuntu-font-family/Ubuntu-B.ttf
7f5014f64000-7f5014fc4000 rw-s 00000000 00:04 1239056428                 /SYSV00000000 (deleted)
7f5014fc4000-7f5014fc5000 ---p 00000000 00:00 0 
7f5014fc5000-7f50157c5000 rw-p 00000000 00:00 0                          [stack:13381]
7f5015fc6000-7f5015fc7000 ---p 00000000 00:00 0 
7f5015fc7000-7f50167c7000 rw-p 00000000 00:00 0 
7f50167c7000-7f50167c9000 r-xp 00000000 08:02 6030445                    /usr/lib/x86_64-linux-gnu/pango/1.6.0/modules/pango-basic-fc.so
7f50167c9000-7f50169c8000 ---p 00002000 08:02 6030445                    /usr/lib/x86_64-linux-gnu/pango/1.6.0/modules/pango-basic-fc.so
7f50169c8000-7f50169c9000 r--p 00001000 08:02 6030445                    /usr/lib/x86_64-linux-gnu/pango/1.6.0/modules/pango-basic-fc.so
7f50169c9000-7f50169ca000 rw-p 00002000 08:02 6030445                    /usr/lib/x86_64-linux-gnu/pango/1.6.0/modules/pango-basic-fc.so
7f50169ca000-7f50169e4000 r-xp 00000000 08:02 5903403                    /usr/lib/x86_64-linux-gnu/libdbusmenu-glib.so.4.0.13
7f50169e4000-7f5016be3000 ---p 0001a000 08:02 5903403                    /usr/lib/x86_64-linux-gnu/libdbusmenu-glib.so.4.0.13
7f5016be3000-7f5016be4000 r--p 00019000 08:02 5903403                    /usr/lib/x86_64-linux-gnu/libdbusmenu-glib.so.4.0.13
7f5016be4000-7f5016be5000 rw-p 0001a000 08:02 5903403                    /usr/lib/x86_64-linux-gnu/libdbusmenu-glib.so.4.0.13
7f5016be5000-7f5016bf7000 r-xp 00000000 08:02 5903449                    /usr/lib/x86_64-linux-gnu/libdbusmenu-gtk.so.4.0.13
7f5016bf7000-7f5016df6000 ---p 00012000 08:02 5903449                    /usr/lib/x86_64-linux-gnu/libdbusmenu-gtk.so.4.0.13
7f5016df6000-7f5016df7000 r--p 00011000 08:02 5903449                    /usr/lib/x86_64-linux-gnu/libdbusmenu-gtk.so.4.0.13
7f5016df7000-7f5016df8000 rw-p 00012000 08:02 5903449                    /usr/lib/x86_64-linux-gnu/libdbusmenu-gtk.so.4.0.13
7f5016df8000-7f5016dfd000 r-xp 00000000 08:02 6030473                    /usr/lib/x86_64-linux-gnu/gtk-2.0/2.10.0/menuproxies/libappmenu.so
7f5016dfd000-7f5016ffc000 ---p 00005000 08:02 6030473                    /usr/lib/x86_64-linux-gnu/gtk-2.0/2.10.0/menuproxies/libappmenu.so
7f5016ffc000-7f5016ffd000 r--p 00004000 08:02 6030473                    /usr/lib/x86_64-linux-gnu/gtk-2.0/2.10.0/menuproxies/libappmenu.so
7f5016ffd000-7f5016ffe000 rw-p 00005000 08:02 6030473                    /usr/lib/x86_64-linux-gnu/gtk-2.0/2.10.0/menuproxies/libappmenu.so
7f50175a5000-7f50175fe000 r-xp 00000000 08:02 5913470                    /usr/lib/lib_jsndobj.so
7f50175fe000-7f50177fd000 ---p 00059000 08:02 5913470                    /usr/lib/lib_jsndobj.so
7f50177fd000-7f50177fe000 r--p 00058000 08:02 5913470                    /usr/lib/lib_jsndobj.so
7f50177fe000-7f50177ff000 rw-p 00059000 08:02 5913470                    /usr/lib/lib_jsndobj.so
7f50177ff000-7f5017800000 ---p 00000000 00:00 0 
7f5017800000-7f5018000000 rw-p 00000000 00:00 0 
7f5018000000-7f5018021000 rw-p 00000000 00:00 0 
7f5018021000-7f501c000000 ---p 00000000 00:00 0 
7f501c034000-7f501c08b000 r--p 00000000 08:02 9046010                    /usr/share/fonts/truetype/ubuntu-font-family/Ubuntu-R.ttf
7f501c08b000-7f501c1dc000 r-xp 00000000 08:02 5903380                    /usr/lib/x86_64-linux-gnu/libxml2.so.2.7.8
7f501c1dc000-7f501c3dc000 ---p 00151000 08:02 5903380                    /usr/lib/x86_64-linux-gnu/libxml2.so.2.7.8
7f501c3dc000-7f501c3e4000 r--p 00151000 08:02 5903380                    /usr/lib/x86_64-linux-gnu/libxml2.so.2.7.8
7f501c3e4000-7f501c3e6000 rw-p 00159000 08:02 5903380                    /usr/lib/x86_64-linux-gnu/libxml2.so.2.7.8
7f501c3e6000-7f501c3e7000 rw-p 00000000 00:00 0 
7f501c3e7000-7f501c41e000 r-xp 00000000 08:02 5903855                    /usr/lib/x86_64-linux-gnu/libcroco-0.6.so.3.0.1
7f501c41e000-7f501c61d000 ---p 00037000 08:02 5903855                    /usr/lib/x86_64-linux-gnu/libcroco-0.6.so.3.0.1
7f501c61d000-7f501c620000 r--p 00036000 08:02 5903855                    /usr/lib/x86_64-linux-gnu/libcroco-0.6.so.3.0.1
7f501c620000-7f501c621000 rw-p 00039000 08:02 5903855                    /usr/lib/x86_64-linux-gnu/libcroco-0.6.so.3.0.1
7f501c621000-7f501c655000 r-xp 00000000 08:02 5903857                    /usr/lib/x86_64-linux-gnu/librsvg-2.so.2.36.1
7f501c655000-7f501c854000 ---p 00034000 08:02 5903857                    /usr/lib/x86_64-linux-gnu/librsvg-2.so.2.36.1
7f501c854000-7f501c855000 r--p 00033000 08:02 5903857                    /usr/lib/x86_64-linux-gnu/librsvg-2.so.2.36.1
7f501c855000-7f501c856000 rw-p 00034000 08:02 5903857                    /usr/lib/x86_64-linux-gnu/librsvg-2.so.2.36.1
7f501c86f000-7f501c871000 r-xp 00000000 08:02 6033119                    /usr/lib/x86_64-linux-gnu/gdk-pixbuf-2.0/2.10.0/loaders/libpixbufloader-svg.so
7f501c871000-7f501ca70000 ---p 00002000 08:02 6033119                    /usr/lib/x86_64-linux-gnu/gdk-pixbuf-2.0/2.10.0/loaders/libpixbufloader-svg.so
7f501ca70000-7f501ca71000 r--p 00001000 08:02 6033119                    /usr/lib/x86_64-linux-gnu/gdk-pixbuf-2.0/2.10.0/loaders/libpixbufloader-svg.so
7f501ca71000-7f501ca72000 rw-p 00002000 08:02 6033119                    /usr/lib/x86_64-linux-gnu/gdk-pixbuf-2.0/2.10.0/loaders/libpixbufloader-svg.so
7f501ca72000-7f501ca8e000 r--s 00000000 08:02 6033531                    /usr/share/mime/mime.cache
7f501ca8e000-7f501dd39000 r--p 00000000 08:02 6172673                    /usr/share/icons/hicolor/icon-theme.cache
7f501dd39000-7f501e624000 r--p 00000000 08:02 6300108                    /usr/share/icons/gnome/icon-theme.cache
7f501e624000-7f501e70d000 r--p 00000000 08:02 6165433                    /usr/share/icons/Humanity/icon-theme.cache
7f501e70d000-7f501e71d000 r-xp 00000000 08:02 6033371                    /usr/lib/x86_64-linux-gnu/gio/modules/libgioremote-volume-monitor.so
7f501e71d000-7f501e91c000 ---p 00010000 08:02 6033371                    /usr/lib/x86_64-linux-gnu/gio/modules/libgioremote-volume-monitor.so
7f501e91c000-7f501e91d000 r--p 0000f000 08:02 6033371                    /usr/lib/x86_64-linux-gnu/gio/modules/libgioremote-volume-monitor.so
7f501e91d000-7f501e91e000 rw-p 00010000 08:02 6033371                    /usr/lib/x86_64-linux-gnu/gio/modules/libgioremote-volume-monitor.so
7f501e91e000-7f501e92a000 r-xp 00000000 08:02 7864410                    /lib/x86_64-linux-gnu/libudev.so.0.13.0
7f501e92a000-7f501eb29000 ---p 0000c000 08:02 7864410                    /lib/x86_64-linux-gnu/libudev.so.0.13.0
7f501eb29000-7f501eb2a000 r--p 0000b000 08:02 7864410                    /lib/x86_64-linux-gnu/libudev.so.0.13.0
7f501eb2a000-7f501eb2b000 rw-p 0000c000 08:02 7864410                    /lib/x86_64-linux-gnu/libudev.so.0.13.0
7f501eb2b000-7f501eb6d000 r-xp 00000000 08:02 7864396                    /lib/x86_64-linux-gnu/libdbus-1.so.3.5.8
7f501eb6d000-7f501ed6d000 ---p 00042000 08:02 7864396                    /lib/x86_64-linux-gnu/libdbus-1.so.3.5.8
7f501ed6d000-7f501ed6e000 r--p 00042000 08:02 7864396                    /lib/x86_64-linux-gnu/libdbus-1.so.3.5.8
7f501ed6e000-7f501ed6f000 rw-p 00043000 08:02 7864396                    /lib/x86_64-linux-gnu/libdbus-1.so.3.5.8
7f501ed6f000-7f501ed85000 r-xp 00000000 08:02 6686470                    /usr/lib/x86_64-linux-gnu/gvfs/libgvfscommon.so
7f501ed85000-7f501ef84000 ---p 00016000 08:02 6686470                    /usr/lib/x86_64-linux-gnu/gvfs/libgvfscommon.so
7f501ef84000-7f501ef85000 r--p 00015000 08:02 6686470                    /usr/lib/x86_64-linux-gnu/gvfs/libgvfscommon.so
7f501ef85000-7f501ef86000 rw-p 00016000 08:02 6686470                    /usr/lib/x86_64-linux-gnu/gvfs/libgvfscommon.so
7f501ef86000-7f501efae000 r-xp 00000000 08:02 6033370                    /usr/lib/x86_64-linux-gnu/gio/modules/libgvfsdbus.so
7f501efae000-7f501f1ad000 ---p 00028000 08:02 6033370                    /usr/lib/x86_64-linux-gnu/gio/modules/libgvfsdbus.so
7f501f1ad000-7f501f1ae000 r--p 00027000 08:02 6033370                    /usr/lib/x86_64-linux-gnu/gio/modules/libgvfsdbus.so
7f501f1ae000-7f501f1af000 rw-p 00028000 08:02 6033370                    /usr/lib/x86_64-linux-gnu/gio/modules/libgvfsdbus.so
7f501f1af000-7f501f217000 r-xp 00000000 08:02 10749464                   /usr/lib/jvm/jdk1.7.0_45/jre/lib/amd64/libt2k.so
7f501f217000-7f501f417000 ---p 00068000 08:02 10749464                   /usr/lib/jvm/jdk1.7.0_45/jre/lib/amd64/libt2k.so
7f501f417000-7f501f41e000 rw-p 00068000 08:02 10749464                   /usr/lib/jvm/jdk1.7.0_45/jre/lib/amd64/libt2k.so
7f501f41e000-7f501f42e000 rw-p 00000000 00:00 0 
7f501f42e000-7f501f43e000 r-xp 00000000 08:02 10749498                   /usr/lib/jvm/jdk1.7.0_45/jre/lib/amd64/libnio.so
7f501f43e000-7f501f63e000 ---p 00010000 08:02 10749498                   /usr/lib/jvm/jdk1.7.0_45/jre/lib/amd64/libnio.so
7f501f63e000-7f501f63f000 rw-p 00010000 08:02 10749498                   /usr/lib/jvm/jdk1.7.0_45/jre/lib/amd64/libnio.so
7f501f63f000-7f501f646000 r-xp 00000000 08:02 7867765                    /lib/x86_64-linux-gnu/libnss_dns-2.15.so
7f501f646000-7f501f845000 ---p 00007000 08:02 7867765                    /lib/x86_64-linux-gnu/libnss_dns-2.15.so
7f501f845000-7f501f846000 r--p 00006000 08:02 7867765                    /lib/x86_64-linux-gnu/libnss_dns-2.15.so
7f501f846000-7f501f847000 rw-p 00007000 08:02 7867765                    /lib/x86_64-linux-gnu/libnss_dns-2.15.so
7f501f847000-7f501f85d000 r-xp 00000000 08:02 10749449                   /usr/lib/jvm/jdk1.7.0_45/jre/lib/amd64/libnet.so
7f501f85d000-7f501fa5d000 ---p 00016000 08:02 10749449                   /usr/lib/jvm/jdk1.7.0_45/jre/lib/amd64/libnet.so
7f501fa5d000-7f501fa5e000 rw-p 00016000 08:02 10749449                   /usr/lib/jvm/jdk1.7.0_45/jre/lib/amd64/libnet.so
7f501fa5e000-7f501fabe000 r-xp 00000000 08:02 10749492                   /usr/lib/jvm/jdk1.7.0_45/jre/lib/amd64/libfontmanager.so
7f501fabe000-7f501fcbd000 ---p 00060000 08:02 10749492                   /usr/lib/jvm/jdk1.7.0_45/jre/lib/amd64/libfontmanager.so
7f501fcbd000-7f501fcc1000 rw-p 0005f000 08:02 10749492                   /usr/lib/jvm/jdk1.7.0_45/jre/lib/amd64/libfontmanager.so
7f501fcc1000-7f501fcd2000 rw-p 00000000 00:00 0 
7f501fcd2000-7f501fcfc000 r-xp 00000000 08:02 10749487                   /usr/lib/jvm/jdk1.7.0_45/jre/lib/amd64/libdcpr.so
7f501fcfc000-7f501fefc000 ---p 0002a000 08:02 10749487                   /usr/lib/jvm/jdk1.7.0_45/jre/lib/amd64/libdcpr.so
7f501fefc000-7f501feff000 rw-p 0002a000 08:02 10749487                   /usr/lib/jvm/jdk1.7.0_45/jre/lib/amd64/libdcpr.so
7f501feff000-7f501ff02000 ---p 00000000 00:00 0 
7f501ff02000-7f5020000000 rw-p 00000000 00:00 0                          [stack:13375]
7f5020000000-7f5020494000 rw-p 00000000 00:00 0 
7f5020494000-7f5024000000 ---p 00000000 00:00 0 
7f5024000000-7f5024021000 rw-p 00000000 00:00 0 
7f5024021000-7f5028000000 ---p 00000000 00:00 0 
7f5028000000-7f5028022000 rw-p 00000000 00:00 0 
7f5028022000-7f502c000000 ---p 00000000 00:00 0 
7f502c000000-7f502c021000 rw-p 00000000 00:00 0 
7f502c021000-7f5030000000 ---p 00000000 00:00 0 
7f5030000000-7f5030022000 rw-p 00000000 00:00 0 
7f5030022000-7f5034000000 ---p 00000000 00:00 0 
7f503400b000-7f503405b000 r-xp 00000000 08:02 10749501                   /usr/lib/jvm/jdk1.7.0_45/jre/lib/amd64/xawt/libmawt.so
7f503405b000-7f503425b000 ---p 00050000 08:02 10749501                   /usr/lib/jvm/jdk1.7.0_45/jre/lib/amd64/xawt/libmawt.so
7f503425b000-7f503425f000 rw-p 00050000 08:02 10749501                   /usr/lib/jvm/jdk1.7.0_45/jre/lib/amd64/xawt/libmawt.so
7f503425f000-7f5034260000 rw-p 00000000 00:00 0 
7f5034260000-7f5034302000 r-xp 00000000 08:02 10749457                   /usr/lib/jvm/jdk1.7.0_45/jre/lib/amd64/libawt.so
7f5034302000-7f5034502000 ---p 000a2000 08:02 10749457                   /usr/lib/jvm/jdk1.7.0_45/jre/lib/amd64/libawt.so
7f5034502000-7f503450e000 rw-p 000a2000 08:02 10749457                   /usr/lib/jvm/jdk1.7.0_45/jre/lib/amd64/libawt.so
7f503450e000-7f5034532000 rw-p 00000000 00:00 0 
7f5034532000-7f5034535000 ---p 00000000 00:00 0 
7f5034535000-7f5034633000 rw-p 00000000 00:00 0                          [stack:13374]
7f5034633000-7f503468b000 r-xp 00000000 08:02 10749455                   /usr/lib/jvm/jdk1.7.0_45/jre/lib/amd64/libjavafx-font.so
7f503468b000-7f503488a000 ---p 00058000 08:02 10749455                   /usr/lib/jvm/jdk1.7.0_45/jre/lib/amd64/libjavafx-font.so
7f503488a000-7f503488f000 r--p 00057000 08:02 10749455                   /usr/lib/jvm/jdk1.7.0_45/jre/lib/amd64/libjavafx-font.so
7f503488f000-7f5034890000 rw-p 0005c000 08:02 10749455                   /usr/lib/jvm/jdk1.7.0_45/jre/lib/amd64/libjavafx-font.so
7f5034890000-7f5034891000 rw-p 00000000 00:00 0 
7f5034891000-7f50348c7000 r-xp 00000000 08:02 10749506                   /usr/lib/jvm/jdk1.7.0_45/jre/lib/amd64/libjavafx-iio.so
7f50348c7000-7f5034ac7000 ---p 00036000 08:02 10749506                   /usr/lib/jvm/jdk1.7.0_45/jre/lib/amd64/libjavafx-iio.so
7f5034ac7000-7f5034ac8000 r--p 00036000 08:02 10749506                   /usr/lib/jvm/jdk1.7.0_45/jre/lib/amd64/libjavafx-iio.so
7f5034ac8000-7f5034ac9000 rw-p 00037000 08:02 10749506                   /usr/lib/jvm/jdk1.7.0_45/jre/lib/amd64/libjavafx-iio.so
7f5034ac9000-7f5034adc000 r-xp 00000000 08:02 5903755                    /usr/lib/x86_64-linux-gnu/libjack.so.0.0.28
7f5034adc000-7f5034cdb000 ---p 00013000 08:02 5903755                    /usr/lib/x86_64-linux-gnu/libjack.so.0.0.28
7f5034cdb000-7f5034cdc000 r--p 00012000 08:02 5903755                    /usr/lib/x86_64-linux-gnu/libjack.so.0.0.28
7f5034cdc000-7f5034cdd000 rw-p 00013000 08:02 5903755                    /usr/lib/x86_64-linux-gnu/libjack.so.0.0.28
7f5034cdd000-7f5034ce6000 rw-p 00000000 00:00 0 
7f5034ce6000-7f5034dcc000 r-xp 00000000 08:02 5903385                    /usr/lib/x86_64-linux-gnu/libasound.so.2.0.0
7f5034dcc000-7f5034fcc000 ---p 000e6000 08:02 5903385                    /usr/lib/x86_64-linux-gnu/libasound.so.2.0.0
7f5034fcc000-7f5034fd2000 r--p 000e6000 08:02 5903385                    /usr/lib/x86_64-linux-gnu/libasound.so.2.0.0
7f5034fd2000-7f5034fd3000 rw-p 000ec000 08:02 5903385                    /usr/lib/x86_64-linux-gnu/libasound.so.2.0.0
7f5034fd3000-7f5035091000 r-xp 00000000 00:19 21580457                   /home/se413006/sndobj-sndobj/lib/libsndobj.so.2.6.5
7f5035091000-7f5035291000 ---p 000be000 00:19 21580457                   /home/se413006/sndobj-sndobj/lib/libsndobj.so.2.6.5
7f5035291000-7f5035295000 r--p 000be000 00:19 21580457                   /home/se413006/sndobj-sndobj/lib/libsndobj.so.2.6.5
7f5035295000-7f5035299000 rw-p 000c2000 00:19 21580457                   /home/se413006/sndobj-sndobj/lib/libsndobj.so.2.6.5
7f5035299000-7f503529c000 ---p 00000000 00:00 0 
7f503529c000-7f503539a000 rw-p 00000000 00:00 0                          [stack:13373]
7f503539a000-7f503539d000 ---p 00000000 00:00 0 
7f503539d000-7f503549b000 rw-p 00000000 00:00 0                          [stack:13372]
7f503549b000-7f50354a1000 r-xp 00000000 08:02 5903718                    /usr/lib/x86_64-linux-gnu/libogg.so.0.7.1
7f50354a1000-7f50356a0000 ---p 00006000 08:02 5903718                    /usr/lib/x86_64-linux-gnu/libogg.so.0.7.1
7f50356a0000-7f50356a1000 r--p 00005000 08:02 5903718                    /usr/lib/x86_64-linux-gnu/libogg.so.0.7.1
7f50356a1000-7f50356a2000 rw-p 00006000 08:02 5903718                    /usr/lib/x86_64-linux-gnu/libogg.so.0.7.1
7f50356a2000-7f50356cd000 r-xp 00000000 08:02 5903728                    /usr/lib/x86_64-linux-gnu/libvorbis.so.0.4.5
7f50356cd000-7f50358cc000 ---p 0002b000 08:02 5903728                    /usr/lib/x86_64-linux-gnu/libvorbis.so.0.4.5
7f50358cc000-7f50358cd000 r--p 0002a000 08:02 5903728                    /usr/lib/x86_64-linux-gnu/libvorbis.so.0.4.5
7f50358cd000-7f50358ce000 rw-p 0002b000 08:02 5903728                    /usr/lib/x86_64-linux-gnu/libvorbis.so.0.4.5
7f50358ce000-7f50358d6000 r-xp 00000000 08:02 5903501                    /usr/lib/x86_64-linux-gnu/libltdl.so.7.3.0
7f50358d6000-7f5035ad6000 ---p 00008000 08:02 5903501                    /usr/lib/x86_64-linux-gnu/libltdl.so.7.3.0
7f5035ad6000-7f5035ad7000 r--p 00008000 08:02 5903501                    /usr/lib/x86_64-linux-gnu/libltdl.so.7.3.0
7f5035ad7000-7f5035ad8000 rw-p 00009000 08:02 5903501                    /usr/lib/x86_64-linux-gnu/libltdl.so.7.3.0
7f5035ad8000-7f5035ae8000 r-xp 00000000 08:02 5903911                    /usr/lib/x86_64-linux-gnu/libtdb.so.1.2.9
7f5035ae8000-7f5035ce7000 ---p 00010000 08:02 5903911                    /usr/lib/x86_64-linux-gnu/libtdb.so.1.2.9
7f5035ce7000-7f5035ce8000 r--p 0000f000 08:02 5903911                    /usr/lib/x86_64-linux-gnu/libtdb.so.1.2.9
7f5035ce8000-7f5035ce9000 rw-p 00010000 08:02 5903911                    /usr/lib/x86_64-linux-gnu/libtdb.so.1.2.9
7f5035ce9000-7f5035cf0000 r-xp 00000000 08:02 5903913                    /usr/lib/x86_64-linux-gnu/libvorbisfile.so.3.3.4
7f5035cf0000-7f5035eef000 ---p 00007000 08:02 5903913                    /usr/lib/x86_64-linux-gnu/libvorbisfile.so.3.3.4
7f5035eef000-7f5035ef0000 r--p 00006000 08:02 5903913                    /usr/lib/x86_64-linux-gnu/libvorbisfile.so.3.3.4
7f5035ef0000-7f5035ef1000 rw-p 00007000 08:02 5903913                    /usr/lib/x86_64-linux-gnu/libvorbisfile.so.3.3.4
7f5035ef1000-7f5035f00000 r-xp 00000000 08:02 5903915                    /usr/lib/x86_64-linux-gnu/libcanberra.so.0.2.5
7f5035f00000-7f50360ff000 ---p 0000f000 08:02 5903915                    /usr/lib/x86_64-linux-gnu/libcanberra.so.0.2.5
7f50360ff000-7f5036100000 r--p 0000e000 08:02 5903915                    /usr/lib/x86_64-linux-gnu/libcanberra.so.0.2.5
7f5036100000-7f5036101000 rw-p 0000f000 08:02 5903915                    /usr/lib/x86_64-linux-gnu/libcanberra.so.0.2.5
7f5036101000-7f5036105000 r-xp 00000000 08:02 5903917                    /usr/lib/x86_64-linux-gnu/libcanberra-gtk.so.0.1.8
7f5036105000-7f5036304000 ---p 00004000 08:02 5903917                    /usr/lib/x86_64-linux-gnu/libcanberra-gtk.so.0.1.8
7f5036304000-7f5036305000 r--p 00003000 08:02 5903917                    /usr/lib/x86_64-linux-gnu/libcanberra-gtk.so.0.1.8
7f5036305000-7f5036306000 rw-p 00004000 08:02 5903917                    /usr/lib/x86_64-linux-gnu/libcanberra-gtk.so.0.1.8
7f5036306000-7f503630b000 r-xp 00000000 08:02 7089152                    /usr/lib/x86_64-linux-gnu/gtk-2.0/modules/libcanberra-gtk-module.so
7f503630b000-7f503650a000 ---p 00005000 08:02 7089152                    /usr/lib/x86_64-linux-gnu/gtk-2.0/modules/libcanberra-gtk-module.so
7f503650a000-7f503650b000 r--p 00004000 08:02 7089152                    /usr/lib/x86_64-linux-gnu/gtk-2.0/modules/libcanberra-gtk-module.so
7f503650b000-7f503650c000 rw-p 00005000 08:02 7089152                    /usr/lib/x86_64-linux-gnu/gtk-2.0/modules/libcanberra-gtk-module.so
7f503650c000-7f503653b000 r-xp 00000000 08:02 6164745                    /usr/lib/x86_64-linux-gnu/gtk-2.0/2.10.0/engines/libmurrine.so
7f503653b000-7f503673b000 ---p 0002f000 08:02 6164745                    /usr/lib/x86_64-linux-gnu/gtk-2.0/2.10.0/engines/libmurrine.so
7f503673b000-7f503673c000 r--p 0002f000 08:02 6164745                    /usr/lib/x86_64-linux-gnu/gtk-2.0/2.10.0/engines/libmurrine.so
7f503673c000-7f503673d000 rw-p 00030000 08:02 6164745                    /usr/lib/x86_64-linux-gnu/gtk-2.0/2.10.0/engines/libmurrine.so
7f503673d000-7f503673e000 ---p 00000000 00:00 0 
7f503673e000-7f5036f3e000 rw-p 00000000 00:00 0                          [stack:13371]
7f5036f3e000-7f5036f3f000 ---p 00000000 00:00 0 
7f5036f3f000-7f503773f000 rw-p 00000000 00:00 0                          [stack:13370]
7f503773f000-7f5037746000 r-xp 00000000 08:02 6032917                    /usr/lib/x86_64-linux-gnu/gio/modules/libdconfsettings.so
7f5037746000-7f5037945000 ---p 00007000 08:02 6032917                    /usr/lib/x86_64-linux-gnu/gio/modules/libdconfsettings.so
7f5037945000-7f5037946000 r--p 00006000 08:02 6032917                    /usr/lib/x86_64-linux-gnu/gio/modules/libdconfsettings.so
7f5037946000-7f5037947000 rw-p 00007000 08:02 6032917                    /usr/lib/x86_64-linux-gnu/gio/modules/libdconfsettings.so
7f5037947000-7f5037957000 r-xp 00000000 08:02 5906201                    /usr/lib/liboverlay-scrollbar-0.2.so.0.0.16
7f5037957000-7f5037b56000 ---p 00010000 08:02 5906201                    /usr/lib/liboverlay-scrollbar-0.2.so.0.0.16
7f5037b56000-7f5037b57000 r--p 0000f000 08:02 5906201                    /usr/lib/liboverlay-scrollbar-0.2.so.0.0.16
7f5037b57000-7f5037b58000 rw-p 00010000 08:02 5906201                    /usr/lib/liboverlay-scrollbar-0.2.so.0.0.16
7f5037b58000-7f5037b94000 r-xp 00000000 08:02 7864519                    /lib/x86_64-linux-gnu/libpcre.so.3.12.1
7f5037b94000-7f5037d93000 ---p 0003c000 08:02 7864519                    /lib/x86_64-linux-gnu/libpcre.so.3.12.1
7f5037d93000-7f5037d94000 r--p 0003b000 08:02 7864519                    /lib/x86_64-linux-gnu/libpcre.so.3.12.1
7f5037d94000-7f5037d95000 rw-p 0003c000 08:02 7864519                    /lib/x86_64-linux-gnu/libpcre.so.3.12.1
7f5037d95000-7f5037d9c000 r-xp 00000000 08:02 5899876                    /usr/lib/x86_64-linux-gnu/libffi.so.6.0.0
7f5037d9c000-7f5037f9b000 ---p 00007000 08:02 5899876                    /usr/lib/x86_64-linux-gnu/libffi.so.6.0.0
7f5037f9b000-7f5037f9c000 r--p 00006000 08:02 5899876                    /usr/lib/x86_64-linux-gnu/libffi.so.6.0.0
7f5037f9c000-7f5037f9d000 rw-p 00007000 08:02 5899876                    /usr/lib/x86_64-linux-gnu/libffi.so.6.0.0
7f5037f9d000-7f5037fa5000 r-xp 00000000 08:02 5903421                    /usr/lib/x86_64-linux-gnu/libxcb-render.so.0.0.0
7f5037fa5000-7f50381a5000 ---p 00008000 08:02 5903421                    /usr/lib/x86_64-linux-gnu/libxcb-render.so.0.0.0
7f50381a5000-7f50381a6000 r--p 00008000 08:02 5903421                    /usr/lib/x86_64-linux-gnu/libxcb-render.so.0.0.0
7f50381a6000-7f50381a7000 rw-p 00009000 08:02 5903421                    /usr/lib/x86_64-linux-gnu/libxcb-render.so.0.0.0
7f50381a7000-7f50381a9000 r-xp 00000000 08:02 5903423                    /usr/lib/x86_64-linux-gnu/libxcb-shm.so.0.0.0
7f50381a9000-7f50383a8000 ---p 00002000 08:02 5903423                    /usr/lib/x86_64-linux-gnu/libxcb-shm.so.0.0.0
7f50383a8000-7f50383a9000 r--p 00001000 08:02 5903423                    /usr/lib/x86_64-linux-gnu/libxcb-shm.so.0.0.0
7f50383a9000-7f50383aa000 rw-p 00002000 08:02 5903423                    /usr/lib/x86_64-linux-gnu/libxcb-shm.so.0.0.0
7f50383aa000-7f50383d0000 r-xp 00000000 08:02 7864508                    /lib/x86_64-linux-gnu/libpng12.so.0.46.0
7f50383d0000-7f50385d0000 ---p 00026000 08:02 7864508                    /lib/x86_64-linux-gnu/libpng12.so.0.46.0
7f50385d0000-7f50385d1000 r--p 00026000 08:02 7864508                    /lib/x86_64-linux-gnu/libpng12.so.0.46.0
7f50385d1000-7f50385d2000 rw-p 00027000 08:02 7864508                    /lib/x86_64-linux-gnu/libpng12.so.0.46.0
7f50385d2000-7f5038662000 r-xp 00000000 08:02 5901514                    /usr/lib/x86_64-linux-gnu/libpixman-1.so.0.30.2
7f5038662000-7f5038861000 ---p 00090000 08:02 5901514                    /usr/lib/x86_64-linux-gnu/libpixman-1.so.0.30.2
7f5038861000-7f5038868000 r--p 0008f000 08:02 5901514                    /usr/lib/x86_64-linux-gnu/libpixman-1.so.0.30.2
7f5038868000-7f5038869000 rw-p 00096000 08:02 5901514                    /usr/lib/x86_64-linux-gnu/libpixman-1.so.0.30.2
7f5038869000-7f5038881000 r-xp 00000000 08:02 7867764                    /lib/x86_64-linux-gnu/libresolv-2.15.so
7f5038881000-7f5038a81000 ---p 00018000 08:02 7867764                    /lib/x86_64-linux-gnu/libresolv-2.15.so
7f5038a81000-7f5038a82000 r--p 00018000 08:02 7867764                    /lib/x86_64-linux-gnu/libresolv-2.15.so
7f5038a82000-7f5038a83000 rw-p 00019000 08:02 7867764                    /lib/x86_64-linux-gnu/libresolv-2.15.so
7f5038a83000-7f5038a85000 rw-p 00000000 00:00 0 
7f5038a85000-7f5038aa2000 r-xp 00000000 08:02 7864493                    /lib/x86_64-linux-gnu/libselinux.so.1
7f5038aa2000-7f5038ca1000 ---p 0001d000 08:02 7864493                    /lib/x86_64-linux-gnu/libselinux.so.1
7f5038ca1000-7f5038ca2000 r--p 0001c000 08:02 7864493                    /lib/x86_64-linux-gnu/libselinux.so.1
7f5038ca2000-7f5038ca3000 rw-p 0001d000 08:02 7864493                    /lib/x86_64-linux-gnu/libselinux.so.1
7f5038ca3000-7f5038ca4000 rw-p 00000000 00:00 0 
7f5038ca4000-7f5038ca6000 r-xp 00000000 08:02 5903654                    /usr/lib/x86_64-linux-gnu/libXcomposite.so.1.0.0
7f5038ca6000-7f5038ea5000 ---p 00002000 08:02 5903654                    /usr/lib/x86_64-linux-gnu/libXcomposite.so.1.0.0
7f5038ea5000-7f5038ea6000 r--p 00001000 08:02 5903654                    /usr/lib/x86_64-linux-gnu/libXcomposite.so.1.0.0
7f5038ea6000-7f5038ea7000 rw-p 00002000 08:02 5903654                    /usr/lib/x86_64-linux-gnu/libXcomposite.so.1.0.0
7f5038ea7000-7f5038eb0000 r-xp 00000000 08:02 5903658                    /usr/lib/x86_64-linux-gnu/libXcursor.so.1.0.2
7f5038eb0000-7f50390af000 ---p 00009000 08:02 5903658                    /usr/lib/x86_64-linux-gnu/libXcursor.so.1.0.2
7f50390af000-7f50390b0000 r--p 00008000 08:02 5903658                    /usr/lib/x86_64-linux-gnu/libXcursor.so.1.0.2
7f50390b0000-7f50390b1000 rw-p 00009000 08:02 5903658                    /usr/lib/x86_64-linux-gnu/libXcursor.so.1.0.2
7f50390b1000-7f50390b8000 r-xp 00000000 08:02 5900891                    /usr/lib/x86_64-linux-gnu/libXrandr.so.2.2.0
7f50390b8000-7f50392b7000 ---p 00007000 08:02 5900891                    /usr/lib/x86_64-linux-gnu/libXrandr.so.2.2.0
7f50392b7000-7f50392b8000 r--p 00006000 08:02 5900891                    /usr/lib/x86_64-linux-gnu/libXrandr.so.2.2.0
7f50392b8000-7f50392b9000 rw-p 00007000 08:02 5900891                    /usr/lib/x86_64-linux-gnu/libXrandr.so.2.2.0
7f50392b9000-7f50392c8000 r-xp 00000000 08:02 5903651                    /usr/lib/x86_64-linux-gnu/libXi.so.6.1.0
7f50392c8000-7f50394c7000 ---p 0000f000 08:02 5903651                    /usr/lib/x86_64-linux-gnu/libXi.so.6.1.0
7f50394c7000-7f50394c8000 r--p 0000e000 08:02 5903651                    /usr/lib/x86_64-linux-gnu/libXi.so.6.1.0
7f50394c8000-7f50394c9000 rw-p 0000f000 08:02 5903651                    /usr/lib/x86_64-linux-gnu/libXi.so.6.1.0
7f50394c9000-7f50394cb000 r-xp 00000000 08:02 5900876                    /usr/lib/x86_64-linux-gnu/libXinerama.so.1.0.0
7f50394cb000-7f50396ca000 ---p 00002000 08:02 5900876                    /usr/lib/x86_64-linux-gnu/libXinerama.so.1.0.0
7f50396ca000-7f50396cb000 r--p 00001000 08:02 5900876                    /usr/lib/x86_64-linux-gnu/libXinerama.so.1.0.0
7f50396cb000-7f50396cc000 rw-p 00002000 08:02 5900876                    /usr/lib/x86_64-linux-gnu/libXinerama.so.1.0.0
7f50396cc000-7f50396d5000 r-xp 00000000 08:02 5900883                    /usr/lib/x86_64-linux-gnu/libXrender.so.1.3.0
7f50396d5000-7f50398d4000 ---p 00009000 08:02 5900883                    /usr/lib/x86_64-linux-gnu/libXrender.so.1.3.0
7f50398d4000-7f50398d5000 r--p 00008000 08:02 5900883                    /usr/lib/x86_64-linux-gnu/libXrender.so.1.3.0
7f50398d5000-7f50398d6000 rw-p 00009000 08:02 5900883                    /usr/lib/x86_64-linux-gnu/libXrender.so.1.3.0
7f50398d6000-7f50398db000 r-xp 00000000 08:02 5903809                    /usr/lib/x86_64-linux-gnu/libXtst.so.6.1.0
7f50398db000-7f5039ada000 ---p 00005000 08:02 5903809                    /usr/lib/x86_64-linux-gnu/libXtst.so.6.1.0
7f5039ada000-7f5039adb000 r--p 00004000 08:02 5903809                    /usr/lib/x86_64-linux-gnu/libXtst.so.6.1.0
7f5039adb000-7f5039adc000 rw-p 00005000 08:02 5903809                    /usr/lib/x86_64-linux-gnu/libXtst.so.6.1.0
7f5039adc000-7f5039bce000 r-xp 00000000 08:02 7864545                    /lib/x86_64-linux-gnu/libglib-2.0.so.0.3200.4
7f5039bce000-7f5039dce000 ---p 000f2000 08:02 7864545                    /lib/x86_64-linux-gnu/libglib-2.0.so.0.3200.4
7f5039dce000-7f5039dcf000 r--p 000f2000 08:02 7864545                    /lib/x86_64-linux-gnu/libglib-2.0.so.0.3200.4
7f5039dcf000-7f5039dd0000 rw-p 000f3000 08:02 7864545                    /lib/x86_64-linux-gnu/libglib-2.0.so.0.3200.4
7f5039dd0000-7f5039dd1000 rw-p 00000000 00:00 0 
7f5039dd1000-7f5039dd2000 r-xp 00000000 08:02 5901947                    /usr/lib/x86_64-linux-gnu/libgthread-2.0.so.0.3200.4
7f5039dd2000-7f5039fd1000 ---p 00001000 08:02 5901947                    /usr/lib/x86_64-linux-gnu/libgthread-2.0.so.0.3200.4
7f5039fd1000-7f5039fd2000 r--p 00000000 08:02 5901947                    /usr/lib/x86_64-linux-gnu/libgthread-2.0.so.0.3200.4
7f5039fd2000-7f5039fd3000 rw-p 00001000 08:02 5901947                    /usr/lib/x86_64-linux-gnu/libgthread-2.0.so.0.3200.4
7f5039fd3000-7f5039fd6000 r-xp 00000000 08:02 5901943                    /usr/lib/x86_64-linux-gnu/libgmodule-2.0.so.0.3200.4
7f5039fd6000-7f503a1d5000 ---p 00003000 08:02 5901943                    /usr/lib/x86_64-linux-gnu/libgmodule-2.0.so.0.3200.4
7f503a1d5000-7f503a1d6000 r--p 00002000 08:02 5901943                    /usr/lib/x86_64-linux-gnu/libgmodule-2.0.so.0.3200.4
7f503a1d6000-7f503a1d7000 rw-p 00003000 08:02 5901943                    /usr/lib/x86_64-linux-gnu/libgmodule-2.0.so.0.3200.4
7f503a1d7000-7f503a224000 r-xp 00000000 08:02 5901949                    /usr/lib/x86_64-linux-gnu/libgobject-2.0.so.0.3200.4
7f503a224000-7f503a424000 ---p 0004d000 08:02 5901949                    /usr/lib/x86_64-linux-gnu/libgobject-2.0.so.0.3200.4
7f503a424000-7f503a425000 r--p 0004d000 08:02 5901949                    /usr/lib/x86_64-linux-gnu/libgobject-2.0.so.0.3200.4
7f503a425000-7f503a426000 rw-p 0004e000 08:02 5901949                    /usr/lib/x86_64-linux-gnu/libgobject-2.0.so.0.3200.4
7f503a426000-7f503a45a000 r-xp 00000000 08:02 5903419                    /usr/lib/x86_64-linux-gnu/libfontconfig.so.1.4.4
7f503a45a000-7f503a65a000 ---p 00034000 08:02 5903419                    /usr/lib/x86_64-linux-gnu/libfontconfig.so.1.4.4
7f503a65a000-7f503a65b000 r--p 00034000 08:02 5903419                    /usr/lib/x86_64-linux-gnu/libfontconfig.so.1.4.4
7f503a65b000-7f503a65c000 rw-p 00035000 08:02 5903419                    /usr/lib/x86_64-linux-gnu/libfontconfig.so.1.4.4
7f503a65c000-7f503a6f2000 r-xp 00000000 08:02 5900798                    /usr/lib/x86_64-linux-gnu/libfreetype.so.6.8.0
7f503a6f2000-7f503a8f1000 ---p 00096000 08:02 5900798                    /usr/lib/x86_64-linux-gnu/libfreetype.so.6.8.0
7f503a8f1000-7f503a8f7000 r--p 00095000 08:02 5900798                    /usr/lib/x86_64-linux-gnu/libfreetype.so.6.8.0
7f503a8f7000-7f503a8f8000 rw-p 0009b000 08:02 5900798                    /usr/lib/x86_64-linux-gnu/libfreetype.so.6.8.0
7f503a8f8000-7f503a93e000 r-xp 00000000 08:02 5903442                    /usr/lib/x86_64-linux-gnu/libpango-1.0.so.0.3000.0
7f503a93e000-7f503ab3e000 ---p 00046000 08:02 5903442                    /usr/lib/x86_64-linux-gnu/libpango-1.0.so.0.3000.0
7f503ab3e000-7f503ab40000 r--p 00046000 08:02 5903442                    /usr/lib/x86_64-linux-gnu/libpango-1.0.so.0.3000.0
7f503ab40000-7f503ab41000 rw-p 00048000 08:02 5903442                    /usr/lib/x86_64-linux-gnu/libpango-1.0.so.0.3000.0
7f503ab41000-7f503abfa000 r-xp 00000000 08:02 5903425                    /usr/lib/x86_64-linux-gnu/libcairo.so.2.11000.2
7f503abfa000-7f503adf9000 ---p 000b9000 08:02 5903425                    /usr/lib/x86_64-linux-gnu/libcairo.so.2.11000.2
7f503adf9000-7f503adfb000 r--p 000b8000 08:02 5903425                    /usr/lib/x86_64-linux-gnu/libcairo.so.2.11000.2
7f503adfb000-7f503adfc000 rw-p 000ba000 08:02 5903425                    /usr/lib/x86_64-linux-gnu/libcairo.so.2.11000.2
7f503adfc000-7f503adff000 rw-p 00000000 00:00 0 
7f503adff000-7f503ae0a000 r-xp 00000000 08:02 5903443                    /usr/lib/x86_64-linux-gnu/libpangocairo-1.0.so.0.3000.0
7f503ae0a000-7f503b009000 ---p 0000b000 08:02 5903443                    /usr/lib/x86_64-linux-gnu/libpangocairo-1.0.so.0.3000.0
7f503b009000-7f503b00a000 r--p 0000a000 08:02 5903443                    /usr/lib/x86_64-linux-gnu/libpangocairo-1.0.so.0.3000.0
7f503b00a000-7f503b00b000 rw-p 0000b000 08:02 5903443                    /usr/lib/x86_64-linux-gnu/libpangocairo-1.0.so.0.3000.0
7f503b00b000-7f503b029000 r-xp 00000000 08:02 5903416                    /usr/lib/x86_64-linux-gnu/libgdk_pixbuf-2.0.so.0.2600.1
7f503b029000-7f503b229000 ---p 0001e000 08:02 5903416                    /usr/lib/x86_64-linux-gnu/libgdk_pixbuf-2.0.so.0.2600.1
7f503b229000-7f503b22a000 r--p 0001e000 08:02 5903416                    /usr/lib/x86_64-linux-gnu/libgdk_pixbuf-2.0.so.0.2600.1
7f503b22a000-7f503b22b000 rw-p 0001f000 08:02 5903416                    /usr/lib/x86_64-linux-gnu/libgdk_pixbuf-2.0.so.0.2600.1
7f503b22b000-7f503b254000 r-xp 00000000 08:02 5903441                    /usr/lib/x86_64-linux-gnu/libpangoft2-1.0.so.0.3000.0
7f503b254000-7f503b453000 ---p 00029000 08:02 5903441                    /usr/lib/x86_64-linux-gnu/libpangoft2-1.0.so.0.3000.0
7f503b453000-7f503b454000 r--p 00028000 08:02 5903441                    /usr/lib/x86_64-linux-gnu/libpangoft2-1.0.so.0.3000.0
7f503b454000-7f503b455000 rw-p 00029000 08:02 5903441                    /usr/lib/x86_64-linux-gnu/libpangoft2-1.0.so.0.3000.0
7f503b455000-7f503b59d000 r-xp 00000000 08:02 5901948                    /usr/lib/x86_64-linux-gnu/libgio-2.0.so.0.3200.4
7f503b59d000-7f503b79c000 ---p 00148000 08:02 5901948                    /usr/lib/x86_64-linux-gnu/libgio-2.0.so.0.3200.4
7f503b79c000-7f503b7a0000 r--p 00147000 08:02 5901948                    /usr/lib/x86_64-linux-gnu/libgio-2.0.so.0.3200.4
7f503b7a0000-7f503b7a2000 rw-p 0014b000 08:02 5901948                    /usr/lib/x86_64-linux-gnu/libgio-2.0.so.0.3200.4
7f503b7a2000-7f503b7a4000 rw-p 00000000 00:00 0 
7f503b7a4000-7f503b7c3000 r-xp 00000000 08:02 5903405                    /usr/lib/x86_64-linux-gnu/libatk-1.0.so.0.20409.1
7f503b7c3000-7f503b9c3000 ---p 0001f000 08:02 5903405                    /usr/lib/x86_64-linux-gnu/libatk-1.0.so.0.20409.1
7f503b9c3000-7f503b9c5000 r--p 0001f000 08:02 5903405                    /usr/lib/x86_64-linux-gnu/libatk-1.0.so.0.20409.1
7f503b9c5000-7f503b9c6000 rw-p 00021000 08:02 5903405                    /usr/lib/x86_64-linux-gnu/libatk-1.0.so.0.20409.1
7f503b9c6000-7f503bdf3000 r-xp 00000000 08:02 5903851                    /usr/lib/x86_64-linux-gnu/libgtk-x11-2.0.so.0.2400.10
7f503bdf3000-7f503bff3000 ---p 0042d000 08:02 5903851                    /usr/lib/x86_64-linux-gnu/libgtk-x11-2.0.so.0.2400.10
7f503bff3000-7f503bffa000 r--p 0042d000 08:02 5903851                    /usr/lib/x86_64-linux-gnu/libgtk-x11-2.0.so.0.2400.10
7f503bffa000-7f503bffe000 rw-p 00434000 08:02 5903851                    /usr/lib/x86_64-linux-gnu/libgtk-x11-2.0.so.0.2400.10
7f503bffe000-7f503c000000 rw-p 00000000 00:00 0 
7f503c000000-7f503c203000 rw-p 00000000 00:00 0 
7f503c203000-7f5040000000 ---p 00000000 00:00 0 
7f5040000000-7f5040021000 rw-p 00000000 00:00 0 
7f5040021000-7f5044000000 ---p 00000000 00:00 0 
7f5044000000-7f5044185000 rw-p 00000000 00:00 0 
7f5044185000-7f5048000000 ---p 00000000 00:00 0 
7f5048000000-7f5048021000 rw-p 00000000 00:00 0 
7f5048021000-7f504c000000 ---p 00000000 00:00 0 
7f504c00b000-7f504c016000 r--p 00000000 08:02 6165434                    /usr/share/icons/Humanity-Dark/icon-theme.cache
7f504c016000-7f504c039000 r--p 00000000 08:02 7215041                    /usr/share/icons/ubuntu-mono-dark/icon-theme.cache
7f504c039000-7f504c052000 r--s 00000000 08:02 6031631                    /usr/share/fonts/type1/gsfonts/n022004l.pfb
7f504c052000-7f504c06b000 r--s 00000000 08:02 6031567                    /usr/share/fonts/type1/gsfonts/n021003l.pfb
7f504c06b000-7f504c081000 r--s 00000000 08:02 6031600                    /usr/share/fonts/type1/gsfonts/n021024l.pfb
7f504c081000-7f504c097000 r--s 00000000 08:02 6031653                    /usr/share/fonts/type1/gsfonts/n022023l.pfb
7f504c097000-7f504c0ae000 r--s 00000000 08:02 6031605                    /usr/share/fonts/type1/gsfonts/n021023l.pfb
7f504c0ae000-7f504c0b8000 r--s 00000000 08:02 9175330                    /usr/share/fonts/type1/mathml/Symbol.pfb
7f504c0b8000-7f504c0c9000 r--s 00000000 08:02 6031610                    /usr/share/fonts/type1/gsfonts/n019023l.pfb
7f504c0c9000-7f504c0dd000 r--s 00000000 08:02 6031586                    /usr/share/fonts/type1/gsfonts/n019003l.pfb
7f504c0dd000-7f504c18a000 r-xp 00000000 08:02 5903852                    /usr/lib/x86_64-linux-gnu/libgdk-x11-2.0.so.0.2400.10
7f504c18a000-7f504c389000 ---p 000ad000 08:02 5903852                    /usr/lib/x86_64-linux-gnu/libgdk-x11-2.0.so.0.2400.10
7f504c389000-7f504c38d000 r--p 000ac000 08:02 5903852                    /usr/lib/x86_64-linux-gnu/libgdk-x11-2.0.so.0.2400.10
7f504c38d000-7f504c38f000 rw-p 000b0000 08:02 5903852                    /usr/lib/x86_64-linux-gnu/libgdk-x11-2.0.so.0.2400.10
7f504c38f000-7f504c3b4000 r-xp 00000000 08:02 10749490                   /usr/lib/jvm/jdk1.7.0_45/jre/lib/amd64/libglass.so
7f504c3b4000-7f504c5b4000 ---p 00025000 08:02 10749490                   /usr/lib/jvm/jdk1.7.0_45/jre/lib/amd64/libglass.so
7f504c5b4000-7f504c5b5000 r--p 00025000 08:02 10749490                   /usr/lib/jvm/jdk1.7.0_45/jre/lib/amd64/libglass.so
7f504c5b5000-7f504c5b6000 rw-p 00026000 08:02 10749490                   /usr/lib/jvm/jdk1.7.0_45/jre/lib/amd64/libglass.so
7f504c5b6000-7f504c5b9000 ---p 00000000 00:00 0 
7f504c5b9000-7f504c6b7000 rw-p 00000000 00:00 0                          [stack:13369]
7f504c6b7000-7f504c6cd000 r-xp 00000000 08:02 7864490                    /lib/x86_64-linux-gnu/libz.so.1.2.3.4
7f504c6cd000-7f504c8cc000 ---p 00016000 08:02 7864490                    /lib/x86_64-linux-gnu/libz.so.1.2.3.4
7f504c8cc000-7f504c8cd000 r--p 00015000 08:02 7864490                    /lib/x86_64-linux-gnu/libz.so.1.2.3.4
7f504c8cd000-7f504c8ce000 rw-p 00016000 08:02 7864490                    /lib/x86_64-linux-gnu/libz.so.1.2.3.4
7f504c8ce000-7f504c8d6000 r-xp 00000000 08:02 5899619                    /usr/lib/x86_64-linux-gnu/libpciaccess.so.0.11.0
7f504c8d6000-7f504cad5000 ---p 00008000 08:02 5899619                    /usr/lib/x86_64-linux-gnu/libpciaccess.so.0.11.0
7f504cad5000-7f504cad6000 r--p 00007000 08:02 5899619                    /usr/lib/x86_64-linux-gnu/libpciaccess.so.0.11.0
7f504cad6000-7f504cad7000 rw-p 00008000 08:02 5899619                    /usr/lib/x86_64-linux-gnu/libpciaccess.so.0.11.0
7f504cad7000-7f504caec000 r-xp 00000000 08:02 7864442                    /lib/x86_64-linux-gnu/libgcc_s.so.1
7f504caec000-7f504cceb000 ---p 00015000 08:02 7864442                    /lib/x86_64-linux-gnu/libgcc_s.so.1
7f504cceb000-7f504ccec000 r--p 00014000 08:02 7864442                    /lib/x86_64-linux-gnu/libgcc_s.so.1
7f504ccec000-7f504cced000 rw-p 00015000 08:02 7864442                    /lib/x86_64-linux-gnu/libgcc_s.so.1
7f504cced000-7f504cdcf000 r-xp 00000000 08:02 5899870                    /usr/lib/x86_64-linux-gnu/libstdc++.so.6.0.16
7f504cdcf000-7f504cfce000 ---p 000e2000 08:02 5899870                    /usr/lib/x86_64-linux-gnu/libstdc++.so.6.0.16
7f504cfce000-7f504cfd6000 r--p 000e1000 08:02 5899870                    /usr/lib/x86_64-linux-gnu/libstdc++.so.6.0.16
7f504cfd6000-7f504cfd8000 rw-p 000e9000 08:02 5899870                    /usr/lib/x86_64-linux-gnu/libstdc++.so.6.0.16
7f504cfd8000-7f504cfed000 rw-p 00000000 00:00 0 
7f504cfed000-7f504d00d000 r-xp 00000000 08:02 5899423                    /usr/lib/x86_64-linux-gnu/libdrm_intel.so.1.0.0
7f504d00d000-7f504d20c000 ---p 00020000 08:02 5899423                    /usr/lib/x86_64-linux-gnu/libdrm_intel.so.1.0.0
7f504d20c000-7f504d20d000 r--p 0001f000 08:02 5899423                    /usr/lib/x86_64-linux-gnu/libdrm_intel.so.1.0.0
7f504d20d000-7f504d20e000 rw-p 00020000 08:02 5899423                    /usr/lib/x86_64-linux-gnu/libdrm_intel.so.1.0.0
7f504d20e000-7f504d235000 r-xp 00000000 08:02 7864387                    /lib/x86_64-linux-gnu/libexpat.so.1.5.2
7f504d235000-7f504d435000 ---p 00027000 08:02 7864387                    /lib/x86_64-linux-gnu/libexpat.so.1.5.2
7f504d435000-7f504d437000 r--p 00027000 08:02 7864387                    /lib/x86_64-linux-gnu/libexpat.so.1.5.2
7f504d437000-7f504d438000 rw-p 00029000 08:02 7864387                    /lib/x86_64-linux-gnu/libexpat.so.1.5.2
7f504d438000-7f504d55e000 r-xp 00000000 08:02 5915048                    /usr/lib/x86_64-linux-gnu/dri/libglsl.so
7f504d55e000-7f504d75d000 ---p 00126000 08:02 5915048                    /usr/lib/x86_64-linux-gnu/dri/libglsl.so
7f504d75d000-7f504d766000 r--p 00125000 08:02 5915048                    /usr/lib/x86_64-linux-gnu/dri/libglsl.so
7f504d766000-7f504d769000 rw-p 0012e000 08:02 5915048                    /usr/lib/x86_64-linux-gnu/dri/libglsl.so
7f504d769000-7f504d76a000 rw-p 00000000 00:00 0 
7f504d76a000-7f504d9a9000 r-xp 00000000 08:02 5899682                    /usr/lib/x86_64-linux-gnu/dri/libdricore.so
7f504d9a9000-7f504dba9000 ---p 0023f000 08:02 5899682                    /usr/lib/x86_64-linux-gnu/dri/libdricore.so
7f504dba9000-7f504dbb3000 r--p 0023f000 08:02 5899682                    /usr/lib/x86_64-linux-gnu/dri/libdricore.so
7f504dbb3000-7f504dbb6000 rw-p 00249000 08:02 5899682                    /usr/lib/x86_64-linux-gnu/dri/libdricore.so
7f504dbb6000-7f504dbcc000 rw-p 00000000 00:00 0 
7f504dbcc000-7f504dc9a000 r-xp 00000000 08:02 5915050                    /usr/lib/x86_64-linux-gnu/dri/i965_dri.so
7f504dc9a000-7f504de9a000 ---p 000ce000 08:02 5915050                    /usr/lib/x86_64-linux-gnu/dri/i965_dri.so
7f504de9a000-7f504de9d000 r--p 000ce000 08:02 5915050                    /usr/lib/x86_64-linux-gnu/dri/i965_dri.so
7f504de9d000-7f504dea1000 rw-p 000d1000 08:02 5915050                    /usr/lib/x86_64-linux-gnu/dri/i965_dri.so
7f504dea1000-7f504dea6000 r-xp 00000000 08:02 5900527                    /usr/lib/x86_64-linux-gnu/libXdmcp.so.6.0.0
7f504dea6000-7f504e0a5000 ---p 00005000 08:02 5900527                    /usr/lib/x86_64-linux-gnu/libXdmcp.so.6.0.0
7f504e0a5000-7f504e0a6000 r--p 00004000 08:02 5900527                    /usr/lib/x86_64-linux-gnu/libXdmcp.so.6.0.0
7f504e0a6000-7f504e0a7000 rw-p 00005000 08:02 5900527                    /usr/lib/x86_64-linux-gnu/libXdmcp.so.6.0.0
7f504e0a7000-7f504e0a9000 r-xp 00000000 08:02 5900521                    /usr/lib/x86_64-linux-gnu/libXau.so.6.0.0
7f504e0a9000-7f504e2a8000 ---p 00002000 08:02 5900521                    /usr/lib/x86_64-linux-gnu/libXau.so.6.0.0
7f504e2a8000-7f504e2a9000 r--p 00001000 08:02 5900521                    /usr/lib/x86_64-linux-gnu/libXau.so.6.0.0
7f504e2a9000-7f504e2aa000 rw-p 00002000 08:02 5900521                    /usr/lib/x86_64-linux-gnu/libXau.so.6.0.0
7f504e2aa000-7f504e2b4000 r-xp 00000000 08:02 5898478                    /usr/lib/x86_64-linux-gnu/libdrm.so.2.4.0
7f504e2b4000-7f504e4b3000 ---p 0000a000 08:02 5898478                    /usr/lib/x86_64-linux-gnu/libdrm.so.2.4.0
7f504e4b3000-7f504e4b4000 r--p 00009000 08:02 5898478                    /usr/lib/x86_64-linux-gnu/libdrm.so.2.4.0
7f504e4b4000-7f504e4b5000 rw-p 0000a000 08:02 5898478                    /usr/lib/x86_64-linux-gnu/libdrm.so.2.4.0
7f504e4b5000-7f504e4ca000 r-xp 00000000 08:02 5903803                    /usr/lib/x86_64-linux-gnu/libxcb-glx.so.0.0.0
7f504e4ca000-7f504e6c9000 ---p 00015000 08:02 5903803                    /usr/lib/x86_64-linux-gnu/libxcb-glx.so.0.0.0
7f504e6c9000-7f504e6cb000 r--p 00014000 08:02 5903803                    /usr/lib/x86_64-linux-gnu/libxcb-glx.so.0.0.0
7f504e6cb000-7f504e6cc000 rw-p 00016000 08:02 5903803                    /usr/lib/x86_64-linux-gnu/libxcb-glx.so.0.0.0
7f504e6cc000-7f504e6cd000 r-xp 00000000 08:02 5900831                    /usr/lib/x86_64-linux-gnu/libX11-xcb.so.1.0.0
7f504e6cd000-7f504e8cc000 ---p 00001000 08:02 5900831                    /usr/lib/x86_64-linux-gnu/libX11-xcb.so.1.0.0
7f504e8cc000-7f504e8cd000 r--p 00000000 08:02 5900831                    /usr/lib/x86_64-linux-gnu/libX11-xcb.so.1.0.0
7f504e8cd000-7f504e8ce000 rw-p 00001000 08:02 5900831                    /usr/lib/x86_64-linux-gnu/libX11-xcb.so.1.0.0
7f504e8ce000-7f504e8d3000 r-xp 00000000 08:02 5900872                    /usr/lib/x86_64-linux-gnu/libXfixes.so.3.1.0
7f504e8d3000-7f504ead2000 ---p 00005000 08:02 5900872                    /usr/lib/x86_64-linux-gnu/libXfixes.so.3.1.0
7f504ead2000-7f504ead3000 r--p 00004000 08:02 5900872                    /usr/lib/x86_64-linux-gnu/libXfixes.so.3.1.0
7f504ead3000-7f504ead4000 rw-p 00005000 08:02 5900872                    /usr/lib/x86_64-linux-gnu/libXfixes.so.3.1.0
7f504ead4000-7f504ead6000 r-xp 00000000 08:02 5903660                    /usr/lib/x86_64-linux-gnu/libXdamage.so.1.1.0
7f504ead6000-7f504ecd5000 ---p 00002000 08:02 5903660                    /usr/lib/x86_64-linux-gnu/libXdamage.so.1.1.0
7f504ecd5000-7f504ecd6000 r--p 00001000 08:02 5903660                    /usr/lib/x86_64-linux-gnu/libXdamage.so.1.1.0
7f504ecd6000-7f504ecd7000 rw-p 00002000 08:02 5903660                    /usr/lib/x86_64-linux-gnu/libXdamage.so.1.1.0
7f504ecd7000-7f504ecf8000 r-xp 00000000 08:02 5900918                    /usr/lib/x86_64-linux-gnu/libglapi.so.0.0.0
7f504ecf8000-7f504eef7000 ---p 00021000 08:02 5900918                    /usr/lib/x86_64-linux-gnu/libglapi.so.0.0.0
7f504eef7000-7f504eefa000 r--p 00020000 08:02 5900918                    /usr/lib/x86_64-linux-gnu/libglapi.so.0.0.0
7f504eefa000-7f504eefb000 rw-p 00023000 08:02 5900918                    /usr/lib/x86_64-linux-gnu/libglapi.so.0.0.0
7f504eefb000-7f504eefc000 rw-p 00000000 00:00 0 
7f504eefc000-7f504ef0c000 r-xp 00000000 08:02 5900783                    /usr/lib/x86_64-linux-gnu/libXext.so.6.4.0
7f504ef0c000-7f504f10b000 ---p 00010000 08:02 5900783                    /usr/lib/x86_64-linux-gnu/libXext.so.6.4.0
7f504f10b000-7f504f10c000 r--p 0000f000 08:02 5900783                    /usr/lib/x86_64-linux-gnu/libXext.so.6.4.0
7f504f10c000-7f504f10d000 rw-p 00010000 08:02 5900783                    /usr/lib/x86_64-linux-gnu/libXext.so.6.4.0
7f504f10d000-7f504f12a000 r-xp 00000000 08:02 5900532                    /usr/lib/x86_64-linux-gnu/libxcb.so.1.1.0
7f504f12a000-7f504f329000 ---p 0001d000 08:02 5900532                    /usr/lib/x86_64-linux-gnu/libxcb.so.1.1.0
7f504f329000-7f504f32a000 r--p 0001c000 08:02 5900532                    /usr/lib/x86_64-linux-gnu/libxcb.so.1.1.0
7f504f32a000-7f504f32b000 rw-p 0001d000 08:02 5900532                    /usr/lib/x86_64-linux-gnu/libxcb.so.1.1.0
7f504f32b000-7f504f388000 r-xp 00000000 08:02 6161263                    /usr/lib/x86_64-linux-gnu/mesa/libGL.so.1.2
7f504f388000-7f504f587000 ---p 0005d000 08:02 6161263                    /usr/lib/x86_64-linux-gnu/mesa/libGL.so.1.2
7f504f587000-7f504f589000 r--p 0005c000 08:02 6161263                    /usr/lib/x86_64-linux-gnu/mesa/libGL.so.1.2
7f504f589000-7f504f58a000 rw-p 0005e000 08:02 6161263                    /usr/lib/x86_64-linux-gnu/mesa/libGL.so.1.2
7f504f58a000-7f504f58b000 rw-p 00000000 00:00 0 
7f504f58b000-7f504f58f000 r-xp 00000000 08:02 5903805                    /usr/lib/x86_64-linux-gnu/libXxf86vm.so.1.0.0
7f504f58f000-7f504f78e000 ---p 00004000 08:02 5903805                    /usr/lib/x86_64-linux-gnu/libXxf86vm.so.1.0.0
7f504f78e000-7f504f78f000 r--p 00003000 08:02 5903805                    /usr/lib/x86_64-linux-gnu/libXxf86vm.so.1.0.0
7f504f78f000-7f504f790000 rw-p 00004000 08:02 5903805                    /usr/lib/x86_64-linux-gnu/libXxf86vm.so.1.0.0
7f504f790000-7f504f8c0000 r-xp 00000000 08:02 5900778                    /usr/lib/x86_64-linux-gnu/libX11.so.6.3.0
7f504f8c0000-7f504fac0000 ---p 00130000 08:02 5900778                    /usr/lib/x86_64-linux-gnu/libX11.so.6.3.0
7f504fac0000-7f504fac1000 r--p 00130000 08:02 5900778                    /usr/lib/x86_64-linux-gnu/libX11.so.6.3.0
7f504fac1000-7f504fac5000 rw-p 00131000 08:02 5900778                    /usr/lib/x86_64-linux-gnu/libX11.so.6.3.0
7f504fac5000-7f504face000 r-xp 00000000 08:02 10749491                   /usr/lib/jvm/jdk1.7.0_45/jre/lib/amd64/libprism-es2.so
7f504face000-7f504fccd000 ---p 00009000 08:02 10749491                   /usr/lib/jvm/jdk1.7.0_45/jre/lib/amd64/libprism-es2.so
7f504fccd000-7f504fcce000 r--p 00008000 08:02 10749491                   /usr/lib/jvm/jdk1.7.0_45/jre/lib/amd64/libprism-es2.so
7f504fcce000-7f504fccf000 rw-p 00009000 08:02 10749491                   /usr/lib/jvm/jdk1.7.0_45/jre/lib/amd64/libprism-es2.so
7f504fccf000-7f504fcd2000 ---p 00000000 00:00 0 
7f504fcd2000-7f504fdd0000 rw-p 00000000 00:00 0                          [stack:13368]
7f504fdd0000-7f504fdee000 r-xp 00000000 08:02 10749448                   /usr/lib/jvm/jdk1.7.0_45/jre/lib/amd64/libdeploy.so
7f504fdee000-7f504ffee000 ---p 0001e000 08:02 10749448                   /usr/lib/jvm/jdk1.7.0_45/jre/lib/amd64/libdeploy.so
7f504ffee000-7f504fff0000 rw-p 0001e000 08:02 10749448                   /usr/lib/jvm/jdk1.7.0_45/jre/lib/amd64/libdeploy.so
7f504fff0000-7f5050000000 rw-p 00000000 00:00 0 
7f5050000000-7f5050021000 rw-p 00000000 00:00 0 
7f5050021000-7f5054000000 ---p 00000000 00:00 0 
7f5054000000-7f5054021000 rw-p 00000000 00:00 0 
7f5054021000-7f5058000000 ---p 00000000 00:00 0 
7f5058000000-7f505859f000 rw-p 00000000 00:00 0 
7f505859f000-7f505c000000 ---p 00000000 00:00 0 
7f505c000000-7f505c66f000 rw-p 00000000 00:00 0 
7f505c66f000-7f5060000000 ---p 00000000 00:00 0 
7f5060000000-7f5060021000 rw-p 00000000 00:00 0 
7f5060021000-7f5064000000 ---p 00000000 00:00 0 
7f5064000000-7f5064021000 rw-p 00000000 00:00 0 
7f5064021000-7f5068000000 ---p 00000000 00:00 0 
7f5068000000-7f5068021000 rw-p 00000000 00:00 0 
7f5068021000-7f506c000000 ---p 00000000 00:00 0 
7f506c000000-7f506c021000 rw-p 00000000 00:00 0 
7f506c021000-7f5070000000 ---p 00000000 00:00 0 
7f5070000000-7f5070021000 rw-p 00000000 00:00 0 
7f5070021000-7f5074000000 ---p 00000000 00:00 0 
7f5074007000-7f507400b000 r--s 000f7000 08:02 10749419                   /usr/lib/jvm/jdk1.7.0_45/jre/lib/ext/localedata.jar
7f507400b000-7f507400c000 r--s 00000000 08:02 19007778                   /var/cache/fontconfig/c05880de57d1f5e948fdfacc138775d9-le64.cache-3
7f507400c000-7f5074015000 r--s 00000000 08:02 19007777                   /var/cache/fontconfig/945677eb7aeaf62f1d50efc3fb3ec7d8-le64.cache-3
7f5074015000-7f5074017000 r--s 00000000 08:02 19007775                   /var/cache/fontconfig/99e8ed0e538f840c565b6ed5dad60d56-le64.cache-3
7f5074017000-7f507401b000 r--s 00000000 08:02 19007774                   /var/cache/fontconfig/2cd17615ca594fa2959ae173292e504c-le64.cache-3
7f507401b000-7f507401c000 r--s 00000000 08:02 19007773                   /var/cache/fontconfig/e7071f4a29fa870f4323321c154eba04-le64.cache-3
7f507401c000-7f507401d000 r--s 00000000 08:02 19007772                   /var/cache/fontconfig/0d8c3b2ac0904cb8a57a757ad11a4a08-le64.cache-3
7f507401d000-7f5074023000 r--s 00000000 08:02 19007771                   /var/cache/fontconfig/a755afe4a08bf5b97852ceb7400b47bc-le64.cache-3
7f5074023000-7f507402c000 r--s 00000000 08:02 19007336                   /var/cache/fontconfig/6d41288fd70b0be22e8c3a91e032eec0-le64.cache-3
7f507402c000-7f507403c000 r--s 00000000 08:02 19007769                   /var/cache/fontconfig/04aabc0a78ac019cf9454389977116d2-le64.cache-3
7f507403c000-7f507403f000 r--s 00000000 08:02 19007768                   /var/cache/fontconfig/385c0604a188198f04d133e54aba7fe7-le64.cache-3
7f507403f000-7f5074040000 r--s 00000000 08:02 19011612                   /var/cache/fontconfig/4794a0821666d79190d59a36cb4f44b5-le64.cache-3
7f5074040000-7f5074043000 r--s 00000000 08:02 19007766                   /var/cache/fontconfig/8801497958630a81b71ace7c5f9b32a8-le64.cache-3
7f5074043000-7f5074048000 r--s 00000000 08:02 19007765                   /var/cache/fontconfig/3047814df9a2f067bd2d96a2b9c36e5a-le64.cache-3
7f5074048000-7f5074049000 r--s 00000000 08:02 19007764                   /var/cache/fontconfig/56cf4f4769d0f4abc89a4895d7bd3ae1-le64.cache-3
7f5074049000-7f507404a000 r--s 00000000 08:02 19007763                   /var/cache/fontconfig/b9d506c9ac06c20b433354fa67a72993-le64.cache-3
7f507404a000-7f507404f000 r--s 00000000 08:02 19007762                   /var/cache/fontconfig/b47c4e1ecd0709278f4910c18777a504-le64.cache-3
7f507404f000-7f5074052000 r--s 00000000 08:02 19007334                   /var/cache/fontconfig/e49e89034d371f0f9de17aab02136486-le64.cache-3
7f5074052000-7f5074062000 r--s 00000000 08:02 19007761                   /var/cache/fontconfig/d52a8644073d54c13679302ca1180695-le64.cache-3
7f5074062000-7f5074068000 r--s 00000000 08:02 19006965                   /var/cache/fontconfig/3f7329c5293ffd510edef78f73874cfd-le64.cache-3
7f5074068000-7f507406b000 r--s 00000000 08:02 19006963                   /var/cache/fontconfig/e13b20fdb08344e0e664864cc2ede53d-le64.cache-3
7f507406b000-7f507406f000 r--s 00000000 08:02 19007335                   /var/cache/fontconfig/7ef2298fde41cc6eeb7af42e48b7d293-le64.cache-3
7f507406f000-7f5074070000 r--p 00000000 08:02 8130354                    /etc/dconf/db/local
7f5074070000-7f5074072000 r--p 00000000 00:19 15778175                   /home/se413006/.config/dconf/user
7f5074072000-7f5074073000 r--s 00000000 00:19 14320263                   /home/se413006/.cache/dconf/user
7f5074073000-7f507407a000 r--s 00000000 08:02 5911439                    /usr/lib/x86_64-linux-gnu/gconv/gconv-modules.cache
7f507407a000-7f507409e000 r--p 00000000 08:02 5902077                    /usr/share/glib-2.0/schemas/gschemas.compiled
7f507409e000-7f50740a1000 r--s 00017000 00:19 23545898                   /home/se413006/NetBeansProjects/DynamicSynthesizer/dist/run1464906406/lib/tritonus_share.jar
7f50740a1000-7f50740a2000 r--s 00002000 00:19 23545897                   /home/se413006/NetBeansProjects/DynamicSynthesizer/dist/run1464906406/lib/tritonus_aos.jar
7f50740a2000-7f50740a3000 r--s 00005000 00:19 23545896                   /home/se413006/NetBeansProjects/DynamicSynthesizer/dist/run1464906406/lib/mp3spi1.9.4.jar
7f50740a3000-7f50740a5000 r--s 0000d000 00:19 23545895                   /home/se413006/NetBeansProjects/DynamicSynthesizer/dist/run1464906406/lib/minim.jar
7f50740a5000-7f50740b0000 r--s 0006f000 00:19 23545893                   /home/se413006/NetBeansProjects/DynamicSynthesizer/dist/run1464906406/lib/jtransforms-2.4.jar
7f50740b0000-7f50740be000 r--s 00082000 00:19 23545892                   /home/se413006/NetBeansProjects/DynamicSynthesizer/dist/run1464906406/lib/jsyn-beta-16.6.4.jar
7f50740be000-7f50740ca000 r--s 000e5000 00:19 23545888                   /home/se413006/NetBeansProjects/DynamicSynthesizer/dist/run1464906406/lib/ScenicView.jar
7f50740ca000-7f50740d8000 r--s 00082000 00:19 21155869                   /home/se413006/Downloads/jsyn-beta-16.6.4.jar
7f50740d8000-7f50740e4000 r--s 000e5000 00:19 573572                     /home/se413006/Documents/JavaFxExternalLibs/ScenicView.jar
7f50740e4000-7f50740ef000 r--s 0006f000 00:19 21156293                   /home/se413006/Downloads/jtransforms-2.4.jar
7f50740ef000-7f5074102000 r--s 000d4000 08:02 9446270                    /usr/lib/jvm/jdk1.7.0_45/jre/lib/plugin.jar
7f5074102000-7f5074105000 ---p 00000000 00:00 0 
7f5074105000-7f5074203000 rw-p 00000000 00:00 0                          [stack:13367]
7f5074203000-7f5074206000 ---p 00000000 00:00 0 
7f5074206000-7f5074304000 rw-p 00000000 00:00 0                          [stack:13366]
7f5074304000-7f507431c000 r--s 001d4000 08:02 9446271                    /usr/lib/jvm/jdk1.7.0_45/jre/lib/deploy.jar
7f507431c000-7f50743aa000 r--s 00ddd000 08:02 9446315                    /usr/lib/jvm/jdk1.7.0_45/jre/lib/jfxrt.jar
7f50743aa000-7f50743ab000 ---p 00000000 00:00 0 
7f50743ab000-7f50744ab000 rw-p 00000000 00:00 0                          [stack:13365]
7f50744ab000-7f50744ae000 ---p 00000000 00:00 0 
7f50744ae000-7f50745ac000 rw-p 00000000 00:00 0                          [stack:13364]
7f50745ac000-7f50745af000 ---p 00000000 00:00 0 
7f50745af000-7f50746ad000 rw-p 00000000 00:00 0                          [stack:13363]
7f50746ad000-7f50746b0000 ---p 00000000 00:00 0 
7f50746b0000-7f50747ae000 rw-p 00000000 00:00 0                          [stack:13362]
7f50747ae000-7f50747b1000 ---p 00000000 00:00 0 
7f50747b1000-7f50748af000 rw-p 00000000 00:00 0                          [stack:13361]
7f50748af000-7f50748b2000 ---p 00000000 00:00 0 
7f50748b2000-7f50749b0000 rw-p 00000000 00:00 0                          [stack:13360]
7f50749b0000-7f50749b3000 ---p 00000000 00:00 0 
7f50749b3000-7f5074ab1000 rw-p 00000000 00:00 0                          [stack:13359]
7f5074ab1000-7f5074ab2000 ---p 00000000 00:00 0 
7f5074ab2000-7f5075b24000 rw-p 00000000 00:00 0                          [stack:13358]
7f5075b24000-7f5075ce0000 r--s 039b2000 08:02 9446276                    /usr/lib/jvm/jdk1.7.0_45/jre/lib/rt.jar
7f5075ce0000-7f5078000000 rw-p 00000000 00:00 0 
7f5078000000-7f5078021000 rw-p 00000000 00:00 0 
7f5078021000-7f507c000000 ---p 00000000 00:00 0 
7f507c000000-7f507c021000 rw-p 00000000 00:00 0 
7f507c021000-7f5080000000 ---p 00000000 00:00 0 
7f5080000000-7f5080021000 rw-p 00000000 00:00 0 
7f5080021000-7f5084000000 ---p 00000000 00:00 0 
7f5084000000-7f5084003000 r--s 00028000 00:19 23545891                   /home/se413006/NetBeansProjects/DynamicSynthesizer/dist/run1464906406/lib/jsndobj.jar
7f5084003000-7f5084006000 r--s 00017000 00:19 23545889                   /home/se413006/NetBeansProjects/DynamicSynthesizer/dist/run1464906406/lib/jl1.0.jar
7f5084006000-7f5084009000 r--s 00028000 00:19 21580459                   /home/se413006/sndobj-sndobj/jsndobj.jar
7f5084009000-7f5084075000 rw-p 00000000 00:00 0 
7f5084075000-7f5084076000 ---p 00000000 00:00 0 
7f5084076000-7f5084176000 rw-p 00000000 00:00 0                          [stack:13357]
7f5084176000-7f5084177000 ---p 00000000 00:00 0 
7f5084177000-7f5084277000 rw-p 00000000 00:00 0                          [stack:13356]
7f5084277000-7f5084278000 ---p 00000000 00:00 0 
7f5084278000-7f5084378000 rw-p 00000000 00:00 0                          [stack:13355]
7f5084378000-7f5084379000 ---p 00000000 00:00 0 
7f5084379000-7f508448d000 rw-p 00000000 00:00 0                          [stack:13354]
7f508448d000-7f50845ba000 rw-p 00000000 00:00 0 
7f50845ba000-7f50845c5000 rw-p 00000000 00:00 0 
7f50845c5000-7f50845e3000 rw-p 00000000 00:00 0 
7f50845e3000-7f50845f7000 rw-p 00000000 00:00 0 
7f50845f7000-7f5084723000 rw-p 00000000 00:00 0 
7f5084723000-7f5084735000 rw-p 00000000 00:00 0 
7f5084735000-7f50847c4000 rw-p 00000000 00:00 0 
7f50847c4000-7f50847c5000 rw-p 00000000 00:00 0 
7f50847c5000-7f5084a35000 rwxp 00000000 00:00 0 
7f5084a35000-7f50877c5000 rw-p 00000000 00:00 0 
7f50877c5000-7f50877df000 r-xp 00000000 08:02 10749474                   /usr/lib/jvm/jdk1.7.0_45/jre/lib/amd64/libzip.so
7f50877df000-7f50879df000 ---p 0001a000 08:02 10749474                   /usr/lib/jvm/jdk1.7.0_45/jre/lib/amd64/libzip.so
7f50879df000-7f50879e0000 rw-p 0001a000 08:02 10749474                   /usr/lib/jvm/jdk1.7.0_45/jre/lib/amd64/libzip.so
7f50879e0000-7f50879e6000 r-xp 00000000 08:02 7866684                    /lib/x86_64-linux-gnu/libnss_sss.so.2
7f50879e6000-7f5087be5000 ---p 00006000 08:02 7866684                    /lib/x86_64-linux-gnu/libnss_sss.so.2
7f5087be5000-7f5087be6000 r--p 00005000 08:02 7866684                    /lib/x86_64-linux-gnu/libnss_sss.so.2
7f5087be6000-7f5087be7000 rw-p 00006000 08:02 7866684                    /lib/x86_64-linux-gnu/libnss_sss.so.2
7f5087be7000-7f5087bf3000 r-xp 00000000 08:02 7867763                    /lib/x86_64-linux-gnu/libnss_files-2.15.so
7f5087bf3000-7f5087df2000 ---p 0000c000 08:02 7867763                    /lib/x86_64-linux-gnu/libnss_files-2.15.so
7f5087df2000-7f5087df3000 r--p 0000b000 08:02 7867763                    /lib/x86_64-linux-gnu/libnss_files-2.15.so
7f5087df3000-7f5087df4000 rw-p 0000c000 08:02 7867763                    /lib/x86_64-linux-gnu/libnss_files-2.15.so
7f5087df4000-7f5087dfe000 r-xp 00000000 08:02 7867767                    /lib/x86_64-linux-gnu/libnss_nis-2.15.so
7f5087dfe000-7f5087ffe000 ---p 0000a000 08:02 7867767                    /lib/x86_64-linux-gnu/libnss_nis-2.15.so
7f5087ffe000-7f5087fff000 r--p 0000a000 08:02 7867767                    /lib/x86_64-linux-gnu/libnss_nis-2.15.so
7f5087fff000-7f5088000000 rw-p 0000b000 08:02 7867767                    /lib/x86_64-linux-gnu/libnss_nis-2.15.so
7f5088000000-7f508816b000 rw-p 00000000 00:00 0 
7f508816b000-7f508c000000 ---p 00000000 00:00 0 
7f508c000000-7f508c0af000 rw-p 00000000 00:00 0 
7f508c0af000-7f508c0cd000 rw-p 00000000 00:00 0 
7f508c0cd000-7f508c0e4000 r-xp 00000000 08:02 7867779                    /lib/x86_64-linux-gnu/libnsl-2.15.so
7f508c0e4000-7f508c2e3000 ---p 00017000 08:02 7867779                    /lib/x86_64-linux-gnu/libnsl-2.15.so
7f508c2e3000-7f508c2e4000 r--p 00016000 08:02 7867779                    /lib/x86_64-linux-gnu/libnsl-2.15.so
7f508c2e4000-7f508c2e5000 rw-p 00017000 08:02 7867779                    /lib/x86_64-linux-gnu/libnsl-2.15.so
7f508c2e5000-7f508c2e7000 rw-p 00000000 00:00 0 
7f508c2e7000-7f508c2ef000 r-xp 00000000 08:02 7867761                    /lib/x86_64-linux-gnu/libnss_compat-2.15.so
7f508c2ef000-7f508c4ee000 ---p 00008000 08:02 7867761                    /lib/x86_64-linux-gnu/libnss_compat-2.15.so
7f508c4ee000-7f508c4ef000 r--p 00007000 08:02 7867761                    /lib/x86_64-linux-gnu/libnss_compat-2.15.so
7f508c4ef000-7f508c4f0000 rw-p 00008000 08:02 7867761                    /lib/x86_64-linux-gnu/libnss_compat-2.15.so
7f508c4f0000-7f508c519000 r-xp 00000000 08:02 10749465                   /usr/lib/jvm/jdk1.7.0_45/jre/lib/amd64/libjava.so
7f508c519000-7f508c719000 ---p 00029000 08:02 10749465                   /usr/lib/jvm/jdk1.7.0_45/jre/lib/amd64/libjava.so
7f508c719000-7f508c71b000 rw-p 00029000 08:02 10749465                   /usr/lib/jvm/jdk1.7.0_45/jre/lib/amd64/libjava.so
7f508c71b000-7f508c728000 r-xp 00000000 08:02 10749454                   /usr/lib/jvm/jdk1.7.0_45/jre/lib/amd64/libverify.so
7f508c728000-7f508c927000 ---p 0000d000 08:02 10749454                   /usr/lib/jvm/jdk1.7.0_45/jre/lib/amd64/libverify.so
7f508c927000-7f508c929000 rw-p 0000c000 08:02 10749454                   /usr/lib/jvm/jdk1.7.0_45/jre/lib/amd64/libverify.so
7f508c929000-7f508c930000 r-xp 00000000 08:02 7867766                    /lib/x86_64-linux-gnu/librt-2.15.so
7f508c930000-7f508cb2f000 ---p 00007000 08:02 7867766                    /lib/x86_64-linux-gnu/librt-2.15.so
7f508cb2f000-7f508cb30000 r--p 00006000 08:02 7867766                    /lib/x86_64-linux-gnu/librt-2.15.so
7f508cb30000-7f508cb31000 rw-p 00007000 08:02 7867766                    /lib/x86_64-linux-gnu/librt-2.15.so
7f508cb31000-7f508cc2c000 r-xp 00000000 08:02 7867770                    /lib/x86_64-linux-gnu/libm-2.15.so
7f508cc2c000-7f508ce2b000 ---p 000fb000 08:02 7867770                    /lib/x86_64-linux-gnu/libm-2.15.so
7f508ce2b000-7f508ce2c000 r--p 000fa000 08:02 7867770                    /lib/x86_64-linux-gnu/libm-2.15.so
7f508ce2c000-7f508ce2d000 rw-p 000fb000 08:02 7867770                    /lib/x86_64-linux-gnu/libm-2.15.so
7f508ce2d000-7f508d98f000 r-xp 00000000 08:02 10749472                   /usr/lib/jvm/jdk1.7.0_45/jre/lib/amd64/server/libjvm.so
7f508d98f000-7f508db8f000 ---p 00b62000 08:02 10749472                   /usr/lib/jvm/jdk1.7.0_45/jre/lib/amd64/server/libjvm.so
7f508db8f000-7f508dc52000 rw-p 00b62000 08:02 10749472                   /usr/lib/jvm/jdk1.7.0_45/jre/lib/amd64/server/libjvm.so
7f508dc52000-7f508dc93000 rw-p 00000000 00:00 0 
7f508dc93000-7f508de48000 r-xp 00000000 08:02 7867759                    /lib/x86_64-linux-gnu/libc-2.15.so
7f508de48000-7f508e048000 ---p 001b5000 08:02 7867759                    /lib/x86_64-linux-gnu/libc-2.15.so
7f508e048000-7f508e04c000 r--p 001b5000 08:02 7867759                    /lib/x86_64-linux-gnu/libc-2.15.so
7f508e04c000-7f508e04e000 rw-p 001b9000 08:02 7867759                    /lib/x86_64-linux-gnu/libc-2.15.so
7f508e04e000-7f508e053000 rw-p 00000000 00:00 0 
7f508e053000-7f508e055000 r-xp 00000000 08:02 7867774                    /lib/x86_64-linux-gnu/libdl-2.15.so
7f508e055000-7f508e255000 ---p 00002000 08:02 7867774                    /lib/x86_64-linux-gnu/libdl-2.15.so
7f508e255000-7f508e256000 r--p 00002000 08:02 7867774                    /lib/x86_64-linux-gnu/libdl-2.15.so
7f508e256000-7f508e257000 rw-p 00003000 08:02 7867774                    /lib/x86_64-linux-gnu/libdl-2.15.so
7f508e257000-7f508e26d000 r-xp 00000000 08:02 10748736                   /usr/lib/jvm/jdk1.7.0_45/lib/amd64/jli/libjli.so
7f508e26d000-7f508e46d000 ---p 00016000 08:02 10748736                   /usr/lib/jvm/jdk1.7.0_45/lib/amd64/jli/libjli.so
7f508e46d000-7f508e46e000 rw-p 00016000 08:02 10748736                   /usr/lib/jvm/jdk1.7.0_45/lib/amd64/jli/libjli.so
7f508e46e000-7f508e486000 r-xp 00000000 08:02 7867768                    /lib/x86_64-linux-gnu/libpthread-2.15.so
7f508e486000-7f508e685000 ---p 00018000 08:02 7867768                    /lib/x86_64-linux-gnu/libpthread-2.15.so
7f508e685000-7f508e686000 r--p 00017000 08:02 7867768                    /lib/x86_64-linux-gnu/libpthread-2.15.so
7f508e686000-7f508e687000 rw-p 00018000 08:02 7867768                    /lib/x86_64-linux-gnu/libpthread-2.15.so
7f508e687000-7f508e68b000 rw-p 00000000 00:00 0 
7f508e68b000-7f508e6ad000 r-xp 00000000 08:02 7867771                    /lib/x86_64-linux-gnu/ld-2.15.so
7f508e6ad000-7f508e6ae000 r--s 00000000 00:19 23545894                   /home/se413006/NetBeansProjects/DynamicSynthesizer/dist/run1464906406/lib/minim-spi.jar
7f508e6ae000-7f508e6af000 r--s 0000b000 00:19 23545890                   /home/se413006/NetBeansProjects/DynamicSynthesizer/dist/run1464906406/lib/jsminim.jar
7f508e6af000-7f508e6b2000 r--s 00017000 00:19 21629910                   /home/se413006/minim/library/tritonus_share.jar
7f508e6b2000-7f508e6b3000 r--s 00002000 00:19 21629909                   /home/se413006/minim/library/tritonus_aos.jar
7f508e6b3000-7f508e6b4000 r--s 00005000 00:19 21629908                   /home/se413006/minim/library/mp3spi1.9.4.jar
7f508e6b4000-7f508e6b6000 r--s 0000d000 00:19 21629906                   /home/se413006/minim/library/minim.jar
7f508e6b6000-7f508e6b7000 r--s 00000000 00:19 21629907                   /home/se413006/minim/library/minim-spi.jar
7f508e6b7000-7f508e6b8000 r--s 0000b000 00:19 21629905                   /home/se413006/minim/library/jsminim.jar
7f508e6b8000-7f508e6d7000 rw-p 00000000 00:00 0 
7f508e6d7000-7f508e78d000 rw-p 00000000 00:00 0 
7f508e78d000-7f508e790000 ---p 00000000 00:00 0 
7f508e790000-7f508e892000 rw-p 00000000 00:00 0                          [stack:13353]
7f508e892000-7f508e89b000 r--s 00067000 08:02 9446296                    /usr/lib/jvm/jdk1.7.0_45/jre/lib/javaws.jar
7f508e89b000-7f508e89e000 r--s 00017000 00:19 21629904                   /home/se413006/minim/library/jl1.0.jar
7f508e89e000-7f508e8a1000 r--s 00144000 00:19 23545885                   /home/se413006/NetBeansProjects/DynamicSynthesizer/dist/run1464906406/DynamicSynthesizer.jar
7f508e8a1000-7f508e8a9000 rw-s 00000000 08:02 5243033                    /tmp/hsperfdata_se413006/13349
7f508e8a9000-7f508e8aa000 rw-p 00000000 00:00 0 
7f508e8aa000-7f508e8ab000 r--p 00000000 00:00 0 
7f508e8ab000-7f508e8ad000 rw-p 00000000 00:00 0 
7f508e8ad000-7f508e8ae000 r--p 00022000 08:02 7867771                    /lib/x86_64-linux-gnu/ld-2.15.so
7f508e8ae000-7f508e8b0000 rw-p 00023000 08:02 7867771                    /lib/x86_64-linux-gnu/ld-2.15.so
7fff758d8000-7fff758f9000 rw-p 00000000 00:00 0                          [stack]
7fff75987000-7fff75989000 r-xp 00000000 00:00 0                          [vdso]
ffffffffff600000-ffffffffff601000 r-xp 00000000 00:00 0                  [vsyscall]

VM Arguments:
jvm_args: -Dfile.encoding=UTF-8 
java_command: com.javafx.main.Main
Launcher Type: SUN_STANDARD

Environment Variables:
PATH=/usr/lib/lightdm/lightdm:/usr/local/sbin:/usr/local/bin:/usr/sbin:/usr/bin:/sbin:/bin:/usr/games:/var/cfengine/bin
LD_LIBRARY_PATH=/usr/lib/jvm/java-7-openjdk-amd64/jre/lib/amd64:/usr/lib/jvm/java-7-openjdk-amd64/jre/lib/i386:
SHELL=/bin/bash
DISPLAY=:0

Signal Handlers:
SIGSEGV: [libjvm.so+0x9935b0], sa_mask[0]=0x7ffbfeff, sa_flags=0x10000004
SIGBUS: [libjvm.so+0x9935b0], sa_mask[0]=0x7ffbfeff, sa_flags=0x10000004
SIGFPE: [libjvm.so+0x810330], sa_mask[0]=0x7ffbfeff, sa_flags=0x10000004
SIGPIPE: SIG_IGN, sa_mask[0]=0x00001000, sa_flags=0x10000000
SIGXFSZ: [libjvm.so+0x810330], sa_mask[0]=0x7ffbfeff, sa_flags=0x10000004
SIGILL: [libjvm.so+0x810330], sa_mask[0]=0x7ffbfeff, sa_flags=0x10000004
SIGUSR1: SIG_DFL, sa_mask[0]=0x00000000, sa_flags=0x00000000
SIGUSR2: [libjvm.so+0x811820], sa_mask[0]=0x00000004, sa_flags=0x10000004
SIGHUP: [libjvm.so+0x812790], sa_mask[0]=0x7ffbfeff, sa_flags=0x10000004
SIGINT: SIG_IGN, sa_mask[0]=0x00000000, sa_flags=0x00000000
SIGTERM: [libjvm.so+0x812790], sa_mask[0]=0x7ffbfeff, sa_flags=0x10000004
SIGQUIT: [libjvm.so+0x812790], sa_mask[0]=0x7ffbfeff, sa_flags=0x10000004


---------------  S Y S T E M  ---------------

OS:wheezy/sid

uname:Linux 3.8.0-36-generic #52~precise1-Ubuntu SMP Mon Feb 3 21:54:46 UTC 2014 x86_64
libc:glibc 2.15 NPTL 2.15 
rlimit: STACK 8192k, CORE 0k, NPROC 30580, NOFILE 4096, AS infinity
load average:2.35 1.28 0.73

/proc/meminfo:
MemTotal:        3933176 kB
MemFree:          443968 kB
Buffers:           12112 kB
Cached:           581636 kB
SwapCached:       103468 kB
Active:          2412520 kB
Inactive:         874816 kB
Active(anon):    2158940 kB
Inactive(anon):   785900 kB
Active(file):     253580 kB
Inactive(file):    88916 kB
Unevictable:         112 kB
Mlocked:             112 kB
SwapTotal:       3945468 kB
SwapFree:        2815684 kB
Dirty:               616 kB
Writeback:             0 kB
AnonPages:       2633744 kB
Mapped:           116300 kB
Shmem:            251252 kB
Slab:              90044 kB
SReclaimable:      51160 kB
SUnreclaim:        38884 kB
KernelStack:        5416 kB
PageTables:        48492 kB
NFS_Unstable:          0 kB
Bounce:                0 kB
WritebackTmp:          0 kB
CommitLimit:     5912056 kB
Committed_AS:    7343716 kB
VmallocTotal:   34359738367 kB
VmallocUsed:      350268 kB
VmallocChunk:   34359384848 kB
HardwareCorrupted:     0 kB
AnonHugePages:         0 kB
HugePages_Total:       0
HugePages_Free:        0
HugePages_Rsvd:        0
HugePages_Surp:        0
Hugepagesize:       2048 kB
DirectMap4k:       69632 kB
DirectMap2M:     4016128 kB


CPU:total 4 (2 cores per cpu, 2 threads per core) family 6 model 58 stepping 9, cmov, cx8, fxsr, mmx, sse, sse2, sse3, ssse3, sse4.1, sse4.2, popcnt, avx, erms, ht, tsc, tscinvbit, tscinv

/proc/cpuinfo:
processor	: 0
vendor_id	: GenuineIntel
cpu family	: 6
model		: 58
model name	: Intel(R) Core(TM) i3-3225 CPU @ 3.30GHz
stepping	: 9
microcode	: 0x16
cpu MHz		: 1600.000
cache size	: 3072 KB
physical id	: 0
siblings	: 4
core id		: 0
cpu cores	: 2
apicid		: 0
initial apicid	: 0
fpu		: yes
fpu_exception	: yes
cpuid level	: 13
wp		: yes
flags		: fpu vme de pse tsc msr pae mce cx8 apic sep mtrr pge mca cmov pat pse36 clflush dts acpi mmx fxsr sse sse2 ss ht tm pbe syscall nx rdtscp lm constant_tsc arch_perfmon pebs bts rep_good nopl xtopology nonstop_tsc aperfmperf eagerfpu pni pclmulqdq dtes64 monitor ds_cpl vmx est tm2 ssse3 cx16 xtpr pdcm pcid sse4_1 sse4_2 popcnt tsc_deadline_timer xsave avx f16c lahf_lm arat epb xsaveopt pln pts dtherm tpr_shadow vnmi flexpriority ept vpid fsgsbase smep erms
bogomips	: 6585.20
clflush size	: 64
cache_alignment	: 64
address sizes	: 36 bits physical, 48 bits virtual
power management:

processor	: 1
vendor_id	: GenuineIntel
cpu family	: 6
model		: 58
model name	: Intel(R) Core(TM) i3-3225 CPU @ 3.30GHz
stepping	: 9
microcode	: 0x16
cpu MHz		: 1600.000
cache size	: 3072 KB
physical id	: 0
siblings	: 4
core id		: 1
cpu cores	: 2
apicid		: 2
initial apicid	: 2
fpu		: yes
fpu_exception	: yes
cpuid level	: 13
wp		: yes
flags		: fpu vme de pse tsc msr pae mce cx8 apic sep mtrr pge mca cmov pat pse36 clflush dts acpi mmx fxsr sse sse2 ss ht tm pbe syscall nx rdtscp lm constant_tsc arch_perfmon pebs bts rep_good nopl xtopology nonstop_tsc aperfmperf eagerfpu pni pclmulqdq dtes64 monitor ds_cpl vmx est tm2 ssse3 cx16 xtpr pdcm pcid sse4_1 sse4_2 popcnt tsc_deadline_timer xsave avx f16c lahf_lm arat epb xsaveopt pln pts dtherm tpr_shadow vnmi flexpriority ept vpid fsgsbase smep erms
bogomips	: 6585.20
clflush size	: 64
cache_alignment	: 64
address sizes	: 36 bits physical, 48 bits virtual
power management:

processor	: 2
vendor_id	: GenuineIntel
cpu family	: 6
model		: 58
model name	: Intel(R) Core(TM) i3-3225 CPU @ 3.30GHz
stepping	: 9
microcode	: 0x16
cpu MHz		: 3300.000
cache size	: 3072 KB
physical id	: 0
siblings	: 4
core id		: 0
cpu cores	: 2
apicid		: 1
initial apicid	: 1
fpu		: yes
fpu_exception	: yes
cpuid level	: 13
wp		: yes
flags		: fpu vme de pse tsc msr pae mce cx8 apic sep mtrr pge mca cmov pat pse36 clflush dts acpi mmx fxsr sse sse2 ss ht tm pbe syscall nx rdtscp lm constant_tsc arch_perfmon pebs bts rep_good nopl xtopology nonstop_tsc aperfmperf eagerfpu pni pclmulqdq dtes64 monitor ds_cpl vmx est tm2 ssse3 cx16 xtpr pdcm pcid sse4_1 sse4_2 popcnt tsc_deadline_timer xsave avx f16c lahf_lm arat epb xsaveopt pln pts dtherm tpr_shadow vnmi flexpriority ept vpid fsgsbase smep erms
bogomips	: 6585.20
clflush size	: 64
cache_alignment	: 64
address sizes	: 36 bits physical, 48 bits virtual
power management:

processor	: 3
vendor_id	: GenuineIntel
cpu family	: 6
model		: 58
model name	: Intel(R) Core(TM) i3-3225 CPU @ 3.30GHz
stepping	: 9
microcode	: 0x16
cpu MHz		: 3300.000
cache size	: 3072 KB
physical id	: 0
siblings	: 4
core id		: 1
cpu cores	: 2
apicid		: 3
initial apicid	: 3
fpu		: yes
fpu_exception	: yes
cpuid level	: 13
wp		: yes
flags		: fpu vme de pse tsc msr pae mce cx8 apic sep mtrr pge mca cmov pat pse36 clflush dts acpi mmx fxsr sse sse2 ss ht tm pbe syscall nx rdtscp lm constant_tsc arch_perfmon pebs bts rep_good nopl xtopology nonstop_tsc aperfmperf eagerfpu pni pclmulqdq dtes64 monitor ds_cpl vmx est tm2 ssse3 cx16 xtpr pdcm pcid sse4_1 sse4_2 popcnt tsc_deadline_timer xsave avx f16c lahf_lm arat epb xsaveopt pln pts dtherm tpr_shadow vnmi flexpriority ept vpid fsgsbase smep erms
bogomips	: 6585.20
clflush size	: 64
cache_alignment	: 64
address sizes	: 36 bits physical, 48 bits virtual
power management:



Memory: 4k page, physical 3933176k(443968k free), swap 3945468k(2815684k free)

vm_info: Java HotSpot(TM) 64-Bit Server VM (24.45-b08) for linux-amd64 JRE (1.7.0_45-b18), built on Oct  8 2013 05:44:25 by "java_re" with gcc 4.3.0 20080428 (Red Hat 4.3.0-8)

time: Tue Mar 11 13:38:54 2014
elapsed time: 5 seconds

