#
# A fatal error has been detected by the Java Runtime Environment:
#
#  SIGSEGV (0xb) at pc=0x00007fdbd61e0f48, pid=13896, tid=140582170511104
#
# JRE version: Java(TM) SE Runtime Environment (7.0_45-b18) (build 1.7.0_45-b18)
# Java VM: Java HotSpot(TM) 64-Bit Server VM (24.45-b08 mixed mode linux-amd64 compressed oops)
# Problematic frame:
# C  [libsndobj.so.2.6.5+0x4af48]  SndWave::Read()+0x38
#
# Failed to write core dump. Core dumps have been disabled. To enable core dumping, try "ulimit -c unlimited" before starting Java again
#
# If you would like to submit a bug report, please visit:
#   http://bugreport.sun.com/bugreport/crash.jsp
# The crash happened outside the Java Virtual Machine in native code.
# See problematic frame for where to report the bug.
#

---------------  T H R E A D  ---------------

Current thread (0x00007fdbe4130800):  JavaThread "JavaFX Application Thread" [_thread_in_native, id=13920, stack(0x00007fdbd645c000,0x00007fdbd655d000)]

siginfo:si_signo=SIGSEGV: si_errno=0, si_code=1 (SEGV_MAPERR), si_addr=0x0000000000000000

Registers:
RAX=0x0000000000000000, RBX=0x00000000bfaf8510, RCX=0x0000000000000000, RDX=0x0000000000000200
RSP=0x00007fdbd65592f0, RBP=0x00007fdbcc37bc40, RSI=0x00007fdbd65593a0, RDI=0x00007fdbcc37bc40
R8 =0x00007fdc32e23a60, R9 =0x0000000000000000, R10=0x00007fdc29012cac, R11=0x00007fdc32893a90
R12=0x0000000000000000, R13=0x00000000bfaf8510, R14=0x0000000000000000, R15=0x00007fdbe4130800
RIP=0x00007fdbd61e0f48, EFLAGS=0x0000000000010246, CSGSFS=0x0000000000000033, ERR=0x0000000000000006
  TRAPNO=0x000000000000000e

Top of Stack: (sp=0x00007fdbd65592f0)
0x00007fdbd65592f0:   00000000bfaf8510 0000000000000000
0x00007fdbd6559300:   00000000bfaf8510 00007fdbd6559390
0x00007fdbd6559310:   0000000000000000 00000000bfaf8510
0x00007fdbd6559320:   00007fdbd65593c0 00007fdc29012cd8
0x00007fdbd6559330:   00007fdbd6559418 00007fdc2901d9c3
0x00007fdbd6559340:   00007fdbe4130800 00007fdb00000000
0x00007fdbd6559350:   00007fdbd6559350 00000000bfaf8510
0x00007fdbd6559360:   00007fdbd65593c0 00000000bfb14fe0
0x00007fdbd6559370:   0000000000000000 00000000bfaf8510
0x00007fdbd6559380:   0000000000000000 00007fdbd65593b0
0x00007fdbd6559390:   00007fdbd6559408 00007fdc29006292
0x00007fdbd65593a0:   00000000ec1bf410 00007fdc2900ecd2
0x00007fdbd65593b0:   00000000ec1890a8 00007fdbcc37bc40
0x00007fdbd65593c0:   00000000ec1890a8 00007fdbd65593c8
0x00007fdbd65593d0:   00000000bfaaadd5 00007fdbd6559418
0x00007fdbd65593e0:   00000000bfab7040 0000000000000000
0x00007fdbd65593f0:   00000000bfaaade0 00007fdbd65593b0
0x00007fdbd6559400:   00007fdbd6559418 00007fdbd6559468
0x00007fdbd6559410:   00007fdc29006292 00000000ec1890a8
0x00007fdbd6559420:   00000000ec15def8 00007fdbd6559428
0x00007fdbd6559430:   00000000bfaa79bb 00007fdbd6559490
0x00007fdbd6559440:   00000000bfab63e0 0000000000000000
0x00007fdbd6559450:   00000000bfaa7ab8 00007fdbd6559418
0x00007fdbd6559460:   00007fdbd6559490 00007fdbd65594e0
0x00007fdbd6559470:   00007fdc29006233 0000000000000000
0x00007fdbd6559480:   0000000000000000 0000000000000056
0x00007fdbd6559490:   00000000ec15def8 00000000edff1600
0x00007fdbd65594a0:   00007fdbd65594a0 00000000bf35f3a8
0x00007fdbd65594b0:   00007fdbd6559500 00000000bf35f7f8
0x00007fdbd65594c0:   0000000000000000 00000000bf35f3e0
0x00007fdbd65594d0:   00007fdbd6559490 00007fdbd65594f8
0x00007fdbd65594e0:   00007fdbd6559548 00007fdc29006058 

Instructions: (pc=0x00007fdbd61e0f48)
0x00007fdbd61e0f28:   7f 52 03 74 40 8b 55 30 45 31 f6 c7 45 28 00 00
0x00007fdbd61e0f38:   00 00 85 d2 7e 1f 48 8b 4d 10 31 c0 0f 1f 40 00
0x00007fdbd61e0f48:   c7 04 81 00 00 00 00 48 83 c0 01 39 c2 7f f1 89
0x00007fdbd61e0f58:   55 28 45 31 f6 48 83 c4 10 44 89 f0 5b 5d 41 5c 

Register to memory mapping:

RAX=0x0000000000000000 is an unknown value
RBX=0x00000000bfaf8510 is an oop
{method} 
 - klass: {other class}
RCX=0x0000000000000000 is an unknown value
RDX=0x0000000000000200 is an unknown value
RSP=0x00007fdbd65592f0 is pointing into the stack for thread: 0x00007fdbe4130800
RBP=0x00007fdbcc37bc40 is an unknown value
RSI=0x00007fdbd65593a0 is pointing into the stack for thread: 0x00007fdbe4130800
RDI=0x00007fdbcc37bc40 is an unknown value
R8 =0x00007fdc32e23a60: <offset 0xe37a60> in /usr/lib/jvm/jdk1.7.0_45/jre/lib/amd64/server/libjvm.so at 0x00007fdc31fec000
R9 =0x0000000000000000 is an unknown value
R10=0x00007fdc29012cac is at code_begin+620 in an Interpreter codelet
method entry point (kind = native)  [0x00007fdc29012a40, 0x00007fdc290132a0]  2144 bytes
R11=0x00007fdc32893a90: <offset 0x8a7a90> in /usr/lib/jvm/jdk1.7.0_45/jre/lib/amd64/server/libjvm.so at 0x00007fdc31fec000
R12=0x0000000000000000 is an unknown value
R13=0x00000000bfaf8510 is an oop
{method} 
 - klass: {other class}
R14=0x0000000000000000 is an unknown value
R15=0x00007fdbe4130800 is a thread


Stack: [0x00007fdbd645c000,0x00007fdbd655d000],  sp=0x00007fdbd65592f0,  free space=1012k
Native frames: (J=compiled Java code, j=interpreted, Vv=VM code, C=native code)
C  [libsndobj.so.2.6.5+0x4af48]  SndWave::Read()+0x38

Java frames: (J=compiled Java code, j=interpreted, Vv=VM code)
j  JSndObj.jsndobjJNI.SndWave_Read(JLJSndObj/SndWave;)S+0
j  JSndObj.SndWave.Read()S+5
j  synthesizer.SndAnalysis.analSound()Ljava/util/ArrayList;+27
j  synthesizer.Synthesizer$1.handle(Ljavafx/event/ActionEvent;)V+48
j  synthesizer.Synthesizer$1.handle(Ljavafx/event/Event;)V+5
j  com.sun.javafx.event.CompositeEventHandler.dispatchBubblingEvent(Ljavafx/event/Event;)V+62
j  com.sun.javafx.event.EventHandlerManager.dispatchBubblingEvent(Ljavafx/event/EventType;Ljavafx/event/Event;)Ljavafx/event/Event;+29
j  com.sun.javafx.event.EventHandlerManager.dispatchBubblingEvent(Ljavafx/event/Event;)Ljavafx/event/Event;+8
j  com.sun.javafx.event.CompositeEventDispatcher.dispatchBubblingEvent(Ljavafx/event/Event;)Ljavafx/event/Event;+11
j  com.sun.javafx.event.BasicEventDispatcher.dispatchEvent(Ljavafx/event/Event;Ljavafx/event/EventDispatchChain;)Ljavafx/event/Event;+29
j  com.sun.javafx.event.EventDispatchChainImpl.dispatchEvent(Ljavafx/event/Event;)Ljavafx/event/Event;+69
j  com.sun.javafx.event.BasicEventDispatcher.dispatchEvent(Ljavafx/event/Event;Ljavafx/event/EventDispatchChain;)Ljavafx/event/Event;+17
j  com.sun.javafx.event.EventDispatchChainImpl.dispatchEvent(Ljavafx/event/Event;)Ljavafx/event/Event;+69
j  com.sun.javafx.event.EventUtil.fireEventImpl(Ljavafx/event/EventDispatchChain;Ljavafx/event/EventTarget;Ljavafx/event/Event;)Ljavafx/event/Event;+10
j  com.sun.javafx.event.EventUtil.fireEvent(Ljavafx/event/EventTarget;Ljavafx/event/Event;)Ljavafx/event/Event;+37
j  javafx.event.Event.fireEvent(Ljavafx/event/EventTarget;Ljavafx/event/Event;)V+30
j  javafx.scene.Node.fireEvent(Ljavafx/event/Event;)V+86
j  javafx.scene.control.Button.fire()V+8
j  com.sun.javafx.scene.control.behavior.ButtonBehavior.mouseReleased(Ljavafx/scene/input/MouseEvent;)V+23
j  com.sun.javafx.scene.control.skin.SkinBase$4.handle(Ljavafx/scene/input/MouseEvent;)V+83
j  com.sun.javafx.scene.control.skin.SkinBase$4.handle(Ljavafx/event/Event;)V+5
j  com.sun.javafx.event.CompositeEventHandler.dispatchBubblingEvent(Ljavafx/event/Event;)V+42
j  com.sun.javafx.event.EventHandlerManager.dispatchBubblingEvent(Ljavafx/event/EventType;Ljavafx/event/Event;)Ljavafx/event/Event;+29
j  com.sun.javafx.event.EventHandlerManager.dispatchBubblingEvent(Ljavafx/event/Event;)Ljavafx/event/Event;+8
j  com.sun.javafx.event.CompositeEventDispatcher.dispatchBubblingEvent(Ljavafx/event/Event;)Ljavafx/event/Event;+11
j  com.sun.javafx.event.BasicEventDispatcher.dispatchEvent(Ljavafx/event/Event;Ljavafx/event/EventDispatchChain;)Ljavafx/event/Event;+29
j  com.sun.javafx.event.EventDispatchChainImpl.dispatchEvent(Ljavafx/event/Event;)Ljavafx/event/Event;+69
j  com.sun.javafx.event.BasicEventDispatcher.dispatchEvent(Ljavafx/event/Event;Ljavafx/event/EventDispatchChain;)Ljavafx/event/Event;+17
j  com.sun.javafx.event.EventDispatchChainImpl.dispatchEvent(Ljavafx/event/Event;)Ljavafx/event/Event;+69
j  com.sun.javafx.event.BasicEventDispatcher.dispatchEvent(Ljavafx/event/Event;Ljavafx/event/EventDispatchChain;)Ljavafx/event/Event;+17
j  com.sun.javafx.event.EventDispatchChainImpl.dispatchEvent(Ljavafx/event/Event;)Ljavafx/event/Event;+69
j  com.sun.javafx.event.EventUtil.fireEventImpl(Ljavafx/event/EventDispatchChain;Ljavafx/event/EventTarget;Ljavafx/event/Event;)Ljavafx/event/Event;+10
j  com.sun.javafx.event.EventUtil.fireEvent(Ljavafx/event/EventTarget;Ljavafx/event/Event;)Ljavafx/event/Event;+46
j  javafx.event.Event.fireEvent(Ljavafx/event/EventTarget;Ljavafx/event/Event;)V+30
j  javafx.scene.Scene$MouseHandler.process(Ljavafx/scene/input/MouseEvent;Z)V+405
j  javafx.scene.Scene$MouseHandler.process(Ljavafx/scene/input/MouseEvent;)V+3
j  javafx.scene.Scene$MouseHandler.access$1900(Ljavafx/scene/Scene$MouseHandler;Ljavafx/scene/input/MouseEvent;)V+2
j  javafx.scene.Scene.impl_processMouseEvent(Ljavafx/scene/input/MouseEvent;)V+16
j  javafx.scene.Scene$ScenePeerListener.mouseEvent(Ljava/lang/Object;)V+11
j  com.sun.javafx.tk.quantum.GlassViewEventHandler$MouseEventNotification.run()Ljava/lang/Void;+329
j  com.sun.javafx.tk.quantum.GlassViewEventHandler$MouseEventNotification.run()Ljava/lang/Object;+1
v  ~StubRoutines::call_stub
j  java.security.AccessController.doPrivileged(Ljava/security/PrivilegedAction;Ljava/security/AccessControlContext;)Ljava/lang/Object;+0
j  com.sun.javafx.tk.quantum.GlassViewEventHandler.handleMouseEvent(Lcom/sun/glass/ui/View;JIIIIIIIIZZ)V+117
j  com.sun.glass.ui.View.handleMouseEvent(JIIIIIIIIZZ)V+38
j  com.sun.glass.ui.View.notifyMouse(IIIIIIIZZ)V+184
v  ~StubRoutines::call_stub
j  com.sun.glass.ui.gtk.GtkApplication._runLoop([Ljava/lang/String;Lcom/sun/glass/ui/Launchable;Z)V+0
j  com.sun.glass.ui.gtk.GtkApplication$3$1.run()V+38
j  java.lang.Thread.run()V+11
v  ~StubRoutines::call_stub

---------------  P R O C E S S  ---------------

Java Threads: ( => current thread )
  0x00007fdbe8047800 JavaThread "Java2D Disposer" daemon [_thread_blocked, id=13922, stack(0x00007fdbd50cd000,0x00007fdbd51ce000)]
  0x00007fdbcc0ff800 JavaThread "Prism Font Disposer" daemon [_thread_blocked, id=13921, stack(0x00007fdbd56f5000,0x00007fdbd57f6000)]
=>0x00007fdbe4130800 JavaThread "JavaFX Application Thread" [_thread_in_native, id=13920, stack(0x00007fdbd645c000,0x00007fdbd655d000)]
  0x00007fdbe412f800 JavaThread "Thread-3" daemon [_thread_blocked, id=13919, stack(0x00007fdbe003e000,0x00007fdbe013f000)]
  0x00007fdbe4089800 JavaThread "Disposer" daemon [_thread_blocked, id=13916, stack(0x00007fdc2003f000,0x00007fdc20140000)]
  0x00007fdbe4088800 JavaThread "QuantumRenderer-0" daemon [_thread_blocked, id=13915, stack(0x00007fdc20f2c000,0x00007fdc2102d000)]
  0x00007fdc2c138000 JavaThread "JavaFX-Launcher" [_thread_blocked, id=13914, stack(0x00007fdc21096000,0x00007fdc21197000)]
  0x00007fdc2c127800 JavaThread "traceMsgQueueThread" daemon [_thread_blocked, id=13913, stack(0x00007fdc213c7000,0x00007fdc214c8000)]
  0x00007fdc2c096000 JavaThread "Service Thread" daemon [_thread_blocked, id=13911, stack(0x00007fdc21657000,0x00007fdc21758000)]
  0x00007fdc2c094000 JavaThread "C2 CompilerThread1" daemon [_thread_blocked, id=13910, stack(0x00007fdc21758000,0x00007fdc21859000)]
  0x00007fdc2c091000 JavaThread "C2 CompilerThread0" daemon [_thread_in_native, id=13909, stack(0x00007fdc21859000,0x00007fdc2195a000)]
  0x00007fdc2c086800 JavaThread "Signal Dispatcher" daemon [_thread_blocked, id=13908, stack(0x00007fdc2195a000,0x00007fdc21a5b000)]
  0x00007fdc2c070800 JavaThread "Finalizer" daemon [_thread_blocked, id=13907, stack(0x00007fdc21a5b000,0x00007fdc21b5c000)]
  0x00007fdc2c06c800 JavaThread "Reference Handler" daemon [_thread_blocked, id=13906, stack(0x00007fdc21b5c000,0x00007fdc21c5d000)]
  0x00007fdc2c00a800 JavaThread "main" [_thread_blocked, id=13900, stack(0x00007fdc3394c000,0x00007fdc33a4d000)]

Other Threads:
  0x00007fdc2c06a000 VMThread [stack: 0x00007fdc21c5d000,0x00007fdc21d5e000] [id=13905]
  0x00007fdc2c0a9000 WatcherThread [stack: 0x00007fdc21556000,0x00007fdc21657000] [id=13912]

VM state:not at safepoint (normal execution)

VM Mutex/Monitor currently owned by a thread: None

Heap
 PSYoungGen      total 33280K, used 5713K [0x00000000ebf00000, 0x00000000ee200000, 0x0000000100000000)
  eden space 30720K, 10% used [0x00000000ebf00000,0x00000000ec21aa08,0x00000000edd00000)
  from space 2560K, 99% used [0x00000000edf80000,0x00000000ee1f9cf8,0x00000000ee200000)
  to   space 2560K, 0% used [0x00000000edd00000,0x00000000edd00000,0x00000000edf80000)
 ParOldGen       total 40960K, used 7181K [0x00000000c3e00000, 0x00000000c6600000, 0x00000000ebf00000)
  object space 40960K, 17% used [0x00000000c3e00000,0x00000000c45037d0,0x00000000c6600000)
 PSPermGen       total 21504K, used 15456K [0x00000000bec00000, 0x00000000c0100000, 0x00000000c3e00000)
  object space 21504K, 71% used [0x00000000bec00000,0x00000000bfb18348,0x00000000c0100000)

Card table byte_map: [0x00007fdc30846000,0x00007fdc30a51000] byte_map_base: 0x00007fdc30250000

Polling page: 0x00007fdc33a69000

Code Cache  [0x00007fdc29000000, 0x00007fdc29270000, 0x00007fdc2c000000)
 total_blobs=883 nmethods=100 adapters=736 free_code_cache=48193Kb largest_free_block=49346112

Compilation events (10 events):
Event: 1.188 Thread 0x00007fdc2c094000   97             java.util.Arrays::binarySearch (10 bytes)
Event: 1.190 Thread 0x00007fdc2c091000 nmethod 96 0x00007fdc290d1310 code [0x00007fdc290d14c0, 0x00007fdc290d1918]
Event: 1.190 Thread 0x00007fdc2c091000   98             sun.java2d.loops.CompositeType::getSuperType (5 bytes)
Event: 1.190 Thread 0x00007fdc2c091000 nmethod 98 0x00007fdc290cbd50 code [0x00007fdc290cbe80, 0x00007fdc290cbed8]
Event: 1.190 Thread 0x00007fdc2c091000   99             java.awt.MultipleGradientPaintContext::interpolate (202 bytes)
Event: 1.191 Thread 0x00007fdc2c094000 nmethod 97 0x00007fdc290d0d90 code [0x00007fdc290d0ee0, 0x00007fdc290d1098]
Event: 1.194 Thread 0x00007fdc2c091000 nmethod 99 0x00007fdc290cd850 code [0x00007fdc290cda00, 0x00007fdc290cdfb8]
Event: 4.932 Thread 0x00007fdc2c094000  100             java.lang.String::startsWith (7 bytes)
Event: 4.935 Thread 0x00007fdc2c094000 nmethod 100 0x00007fdc290d2090 code [0x00007fdc290d21e0, 0x00007fdc290d22d8]
Event: 4.940 Thread 0x00007fdc2c091000  101   !         java.net.URL::<init> (543 bytes)

GC Heap History (4 events):
Event: 0.521 GC heap before
{Heap before GC invocations=1 (full 0):
 PSYoungGen      total 17920K, used 15360K [0x00000000ebf00000, 0x00000000ed300000, 0x0000000100000000)
  eden space 15360K, 100% used [0x00000000ebf00000,0x00000000ece00000,0x00000000ece00000)
  from space 2560K, 0% used [0x00000000ed080000,0x00000000ed080000,0x00000000ed300000)
  to   space 2560K, 0% used [0x00000000ece00000,0x00000000ece00000,0x00000000ed080000)
 ParOldGen       total 40960K, used 0K [0x00000000c3e00000, 0x00000000c6600000, 0x00000000ebf00000)
  object space 40960K, 0% used [0x00000000c3e00000,0x00000000c3e00000,0x00000000c6600000)
 PSPermGen       total 21504K, used 8470K [0x00000000bec00000, 0x00000000c0100000, 0x00000000c3e00000)
  object space 21504K, 39% used [0x00000000bec00000,0x00000000bf445970,0x00000000c0100000)
Event: 0.526 GC heap after
Heap after GC invocations=1 (full 0):
 PSYoungGen      total 17920K, used 2381K [0x00000000ebf00000, 0x00000000ee200000, 0x0000000100000000)
  eden space 15360K, 0% used [0x00000000ebf00000,0x00000000ebf00000,0x00000000ece00000)
  from space 2560K, 93% used [0x00000000ece00000,0x00000000ed0537a8,0x00000000ed080000)
  to   space 2560K, 0% used [0x00000000edf80000,0x00000000edf80000,0x00000000ee200000)
 ParOldGen       total 40960K, used 1765K [0x00000000c3e00000, 0x00000000c6600000, 0x00000000ebf00000)
  object space 40960K, 4% used [0x00000000c3e00000,0x00000000c3fb9750,0x00000000c6600000)
 PSPermGen       total 21504K, used 8470K [0x00000000bec00000, 0x00000000c0100000, 0x00000000c3e00000)
  object space 21504K, 39% used [0x00000000bec00000,0x00000000bf445970,0x00000000c0100000)
}
Event: 1.012 GC heap before
{Heap before GC invocations=2 (full 0):
 PSYoungGen      total 17920K, used 17741K [0x00000000ebf00000, 0x00000000ee200000, 0x0000000100000000)
  eden space 15360K, 100% used [0x00000000ebf00000,0x00000000ece00000,0x00000000ece00000)
  from space 2560K, 93% used [0x00000000ece00000,0x00000000ed0537a8,0x00000000ed080000)
  to   space 2560K, 0% used [0x00000000edf80000,0x00000000edf80000,0x00000000ee200000)
 ParOldGen       total 40960K, used 1765K [0x00000000c3e00000, 0x00000000c6600000, 0x00000000ebf00000)
  object space 40960K, 4% used [0x00000000c3e00000,0x00000000c3fb9750,0x00000000c6600000)
 PSPermGen       total 21504K, used 14568K [0x00000000bec00000, 0x00000000c0100000, 0x00000000c3e00000)
  object space 21504K, 67% used [0x00000000bec00000,0x00000000bfa3a2d8,0x00000000c0100000)
Event: 1.028 GC heap after
Heap after GC invocations=2 (full 0):
 PSYoungGen      total 33280K, used 2535K [0x00000000ebf00000, 0x00000000ee200000, 0x0000000100000000)
  eden space 30720K, 0% used [0x00000000ebf00000,0x00000000ebf00000,0x00000000edd00000)
  from space 2560K, 99% used [0x00000000edf80000,0x00000000ee1f9cf8,0x00000000ee200000)
  to   space 2560K, 0% used [0x00000000edd00000,0x00000000edd00000,0x00000000edf80000)
 ParOldGen       total 40960K, used 7181K [0x00000000c3e00000, 0x00000000c6600000, 0x00000000ebf00000)
  object space 40960K, 17% used [0x00000000c3e00000,0x00000000c45037d0,0x00000000c6600000)
 PSPermGen       total 21504K, used 14568K [0x00000000bec00000, 0x00000000c0100000, 0x00000000c3e00000)
  object space 21504K, 67% used [0x00000000bec00000,0x00000000bfa3a2d8,0x00000000c0100000)
}

Deoptimization events (10 events):
Event: 0.714 Thread 0x00007fdbe4130800 Uncommon trap: reason=bimorphic action=maybe_recompile pc=0x00007fdc29094a04 method=java.util.Collections$UnmodifiableList.get(I)Ljava/lang/Object; @ 5
Event: 0.714 Thread 0x00007fdbe4130800 Uncommon trap: reason=bimorphic action=maybe_recompile pc=0x00007fdc29093324 method=java.util.Collections$UnmodifiableCollection.size()I @ 4
Event: 0.750 Thread 0x00007fdbe4130800 Uncommon trap: reason=bimorphic action=maybe_recompile pc=0x00007fdc29079428 method=java.util.HashMap.getEntry(Ljava/lang/Object;)Ljava/util/HashMap$Entry; @ 68
Event: 0.781 Thread 0x00007fdbe4130800 Uncommon trap: reason=null_check action=make_not_entrant pc=0x00007fdc290aa204 method=com.sun.javafx.css.SimpleSelector.mightApply(Ljava/lang/String;Ljava/lang/String;Ljava/util/List;)Z @ 29
Event: 0.808 Thread 0x00007fdbe4130800 Uncommon trap: reason=predicate action=maybe_recompile pc=0x00007fdc290a2b70 method=java.util.Arrays.fill([Ljava/lang/Object;Ljava/lang/Object;)V @ 10
Event: 0.812 Thread 0x00007fdbe4130800 Uncommon trap: reason=class_check action=maybe_recompile pc=0x00007fdc2907c0b8 method=java.io.DataInputStream.readByte()B @ 4
Event: 0.812 Thread 0x00007fdbe4130800 Uncommon trap: reason=class_check action=maybe_recompile pc=0x00007fdc2907c0b8 method=java.io.DataInputStream.readByte()B @ 4
Event: 0.812 Thread 0x00007fdbe4130800 Uncommon trap: reason=class_check action=maybe_recompile pc=0x00007fdc2907c0b8 method=java.io.DataInputStream.readByte()B @ 4
Event: 0.812 Thread 0x00007fdbe4130800 Uncommon trap: reason=class_check action=maybe_recompile pc=0x00007fdc2907c0b8 method=java.io.DataInputStream.readByte()B @ 4
Event: 0.946 Thread 0x00007fdbe4088800 Uncommon trap: reason=bimorphic action=maybe_recompile pc=0x00007fdc29093324 method=java.util.Collections$UnmodifiableCollection.size()I @ 4

Internal exceptions (10 events):
Event: 0.713 Thread 0x00007fdbe4130800 Threw 0x00000000ec4bc7e0 at /HUDSON/workspace/7u-2-build-linux-amd64/jdk7u45/229/hotspot/src/share/vm/prims/jvm.cpp:1244
Event: 0.714 Thread 0x00007fdbe4130800 Threw 0x00000000ec4c58f8 at /HUDSON/workspace/7u-2-build-linux-amd64/jdk7u45/229/hotspot/src/share/vm/prims/jvm.cpp:1244
Event: 0.714 Thread 0x00007fdbe4130800 Threw 0x00000000ec4cc470 at /HUDSON/workspace/7u-2-build-linux-amd64/jdk7u45/229/hotspot/src/share/vm/prims/jvm.cpp:1244
Event: 0.781 Thread 0x00007fdbe4130800 Implicit null exception at 0x00007fdc290a7e12 to 0x00007fdc290aa155
Event: 0.947 Thread 0x00007fdbe4088800 Threw 0x00000000ec94cb30 at /HUDSON/workspace/7u-2-build-linux-amd64/jdk7u45/229/hotspot/src/share/vm/prims/jni.cpp:717
Event: 0.947 Thread 0x00007fdbe4088800 Threw 0x00000000ec94d348 at /HUDSON/workspace/7u-2-build-linux-amd64/jdk7u45/229/hotspot/src/share/vm/prims/jni.cpp:717
Event: 0.949 Thread 0x00007fdbe4088800 Threw 0x00000000ec94f3b0 at /HUDSON/workspace/7u-2-build-linux-amd64/jdk7u45/229/hotspot/src/share/vm/prims/jvm.cpp:1244
Event: 0.951 Thread 0x00007fdbe4088800 Threw 0x00000000ecd4e8c0 at /HUDSON/workspace/7u-2-build-linux-amd64/jdk7u45/229/hotspot/src/share/vm/prims/jvm.cpp:1244
Event: 0.951 Thread 0x00007fdbe4088800 Threw 0x00000000ecd50d00 at /HUDSON/workspace/7u-2-build-linux-amd64/jdk7u45/229/hotspot/src/share/vm/prims/jvm.cpp:1244
Event: 0.951 Thread 0x00007fdbe4088800 Threw 0x00000000ecd52808 at /HUDSON/workspace/7u-2-build-linux-amd64/jdk7u45/229/hotspot/src/share/vm/prims/jvm.cpp:1244

Events (10 events):
Event: 4.938 loading class 0x00007fdbcc351980
Event: 4.938 loading class 0x00007fdbcc351980 done
Event: 4.939 loading class 0x00007fdbcc285f00
Event: 4.939 loading class 0x00007fdbcc285f00 done
Event: 4.940 loading class 0x00007fdbcc361e30
Event: 4.940 loading class 0x00007fdbcc361e30 done
Event: 4.948 loading class 0x00007fdc30057c90
Event: 4.948 loading class 0x00007fdc30057c90 done
Event: 4.950 loading class 0x00007fdbcc31f760
Event: 4.950 loading class 0x00007fdbcc31f760 done


Dynamic libraries:
00400000-00401000 r-xp 00000000 08:02 9176824                            /usr/lib/jvm/jdk1.7.0_45/bin/java
00600000-00601000 rw-p 00000000 08:02 9176824                            /usr/lib/jvm/jdk1.7.0_45/bin/java
022c8000-022e9000 rw-p 00000000 00:00 0                                  [heap]
bec00000-c0100000 rw-p 00000000 00:00 0 
c0100000-c3e00000 rw-p 00000000 00:00 0 
c3e00000-c6600000 rw-p 00000000 00:00 0 
c6600000-ebf00000 rw-p 00000000 00:00 0 
ebf00000-ee200000 rw-p 00000000 00:00 0 
ee200000-100000000 rw-p 00000000 00:00 0 
7fdb94000000-7fdb94022000 rw-p 00000000 00:00 0 
7fdb94022000-7fdb98000000 ---p 00000000 00:00 0 
7fdb9b7ff000-7fdb9b800000 ---p 00000000 00:00 0 
7fdb9b800000-7fdb9c000000 rw-p 00000000 00:00 0 
7fdb9c000000-7fdb9c022000 rw-p 00000000 00:00 0 
7fdb9c022000-7fdba0000000 ---p 00000000 00:00 0 
7fdba0000000-7fdba0022000 rw-p 00000000 00:00 0 
7fdba0022000-7fdba4000000 ---p 00000000 00:00 0 
7fdba4000000-7fdba4022000 rw-p 00000000 00:00 0 
7fdba4022000-7fdba8000000 ---p 00000000 00:00 0 
7fdba8000000-7fdba8022000 rw-p 00000000 00:00 0 
7fdba8022000-7fdbac000000 ---p 00000000 00:00 0 
7fdbac000000-7fdbac022000 rw-p 00000000 00:00 0 
7fdbac022000-7fdbb0000000 ---p 00000000 00:00 0 
7fdbb0000000-7fdbb0022000 rw-p 00000000 00:00 0 
7fdbb0022000-7fdbb4000000 ---p 00000000 00:00 0 
7fdbb40bf000-7fdbb40c0000 ---p 00000000 00:00 0 
7fdbb40c0000-7fdbb48c0000 rw-p 00000000 00:00 0 
7fdbb68c4000-7fdbb68c5000 ---p 00000000 00:00 0 
7fdbb68c5000-7fdbb70c5000 rw-p 00000000 00:00 0 
7fdbb70c5000-7fdbb70c6000 ---p 00000000 00:00 0 
7fdbb70c6000-7fdbb78c6000 rw-p 00000000 00:00 0                          [stack:13927]
7fdbb78c6000-7fdbb7918000 r--p 00000000 08:02 9046012                    /usr/share/fonts/truetype/ubuntu-font-family/Ubuntu-B.ttf
7fdbb7918000-7fdbb7978000 rw-s 00000000 00:04 1242398722                 /SYSV00000000 (deleted)
7fdbb7978000-7fdbb797a000 r-xp 00000000 08:02 6030445                    /usr/lib/x86_64-linux-gnu/pango/1.6.0/modules/pango-basic-fc.so
7fdbb797a000-7fdbb7b79000 ---p 00002000 08:02 6030445                    /usr/lib/x86_64-linux-gnu/pango/1.6.0/modules/pango-basic-fc.so
7fdbb7b79000-7fdbb7b7a000 r--p 00001000 08:02 6030445                    /usr/lib/x86_64-linux-gnu/pango/1.6.0/modules/pango-basic-fc.so
7fdbb7b7a000-7fdbb7b7b000 rw-p 00002000 08:02 6030445                    /usr/lib/x86_64-linux-gnu/pango/1.6.0/modules/pango-basic-fc.so
7fdbb7b7b000-7fdbb7bd2000 r--p 00000000 08:02 9046010                    /usr/share/fonts/truetype/ubuntu-font-family/Ubuntu-R.ttf
7fdbb7bd2000-7fdbb7bec000 r-xp 00000000 08:02 5903403                    /usr/lib/x86_64-linux-gnu/libdbusmenu-glib.so.4.0.13
7fdbb7bec000-7fdbb7deb000 ---p 0001a000 08:02 5903403                    /usr/lib/x86_64-linux-gnu/libdbusmenu-glib.so.4.0.13
7fdbb7deb000-7fdbb7dec000 r--p 00019000 08:02 5903403                    /usr/lib/x86_64-linux-gnu/libdbusmenu-glib.so.4.0.13
7fdbb7dec000-7fdbb7ded000 rw-p 0001a000 08:02 5903403                    /usr/lib/x86_64-linux-gnu/libdbusmenu-glib.so.4.0.13
7fdbb7ded000-7fdbb7dff000 r-xp 00000000 08:02 5903449                    /usr/lib/x86_64-linux-gnu/libdbusmenu-gtk.so.4.0.13
7fdbb7dff000-7fdbb7ffe000 ---p 00012000 08:02 5903449                    /usr/lib/x86_64-linux-gnu/libdbusmenu-gtk.so.4.0.13
7fdbb7ffe000-7fdbb7fff000 r--p 00011000 08:02 5903449                    /usr/lib/x86_64-linux-gnu/libdbusmenu-gtk.so.4.0.13
7fdbb7fff000-7fdbb8000000 rw-p 00012000 08:02 5903449                    /usr/lib/x86_64-linux-gnu/libdbusmenu-gtk.so.4.0.13
7fdbb8000000-7fdbb8022000 rw-p 00000000 00:00 0 
7fdbb8022000-7fdbbc000000 ---p 00000000 00:00 0 
7fdbbc01b000-7fdbbc020000 r-xp 00000000 08:02 6030473                    /usr/lib/x86_64-linux-gnu/gtk-2.0/2.10.0/menuproxies/libappmenu.so
7fdbbc020000-7fdbbc21f000 ---p 00005000 08:02 6030473                    /usr/lib/x86_64-linux-gnu/gtk-2.0/2.10.0/menuproxies/libappmenu.so
7fdbbc21f000-7fdbbc220000 r--p 00004000 08:02 6030473                    /usr/lib/x86_64-linux-gnu/gtk-2.0/2.10.0/menuproxies/libappmenu.so
7fdbbc220000-7fdbbc221000 rw-p 00005000 08:02 6030473                    /usr/lib/x86_64-linux-gnu/gtk-2.0/2.10.0/menuproxies/libappmenu.so
7fdbbc221000-7fdbbc222000 ---p 00000000 00:00 0 
7fdbbc222000-7fdbbca22000 rw-p 00000000 00:00 0 
7fdbbcfc9000-7fdbbd022000 r-xp 00000000 08:02 5913470                    /usr/lib/lib_jsndobj.so
7fdbbd022000-7fdbbd221000 ---p 00059000 08:02 5913470                    /usr/lib/lib_jsndobj.so
7fdbbd221000-7fdbbd222000 r--p 00058000 08:02 5913470                    /usr/lib/lib_jsndobj.so
7fdbbd222000-7fdbbd223000 rw-p 00059000 08:02 5913470                    /usr/lib/lib_jsndobj.so
7fdbbd223000-7fdbbd374000 r-xp 00000000 08:02 5903380                    /usr/lib/x86_64-linux-gnu/libxml2.so.2.7.8
7fdbbd374000-7fdbbd574000 ---p 00151000 08:02 5903380                    /usr/lib/x86_64-linux-gnu/libxml2.so.2.7.8
7fdbbd574000-7fdbbd57c000 r--p 00151000 08:02 5903380                    /usr/lib/x86_64-linux-gnu/libxml2.so.2.7.8
7fdbbd57c000-7fdbbd57e000 rw-p 00159000 08:02 5903380                    /usr/lib/x86_64-linux-gnu/libxml2.so.2.7.8
7fdbbd57e000-7fdbbd57f000 rw-p 00000000 00:00 0 
7fdbbd57f000-7fdbbd5b6000 r-xp 00000000 08:02 5903855                    /usr/lib/x86_64-linux-gnu/libcroco-0.6.so.3.0.1
7fdbbd5b6000-7fdbbd7b5000 ---p 00037000 08:02 5903855                    /usr/lib/x86_64-linux-gnu/libcroco-0.6.so.3.0.1
7fdbbd7b5000-7fdbbd7b8000 r--p 00036000 08:02 5903855                    /usr/lib/x86_64-linux-gnu/libcroco-0.6.so.3.0.1
7fdbbd7b8000-7fdbbd7b9000 rw-p 00039000 08:02 5903855                    /usr/lib/x86_64-linux-gnu/libcroco-0.6.so.3.0.1
7fdbbd7b9000-7fdbbd7ed000 r-xp 00000000 08:02 5903857                    /usr/lib/x86_64-linux-gnu/librsvg-2.so.2.36.1
7fdbbd7ed000-7fdbbd9ec000 ---p 00034000 08:02 5903857                    /usr/lib/x86_64-linux-gnu/librsvg-2.so.2.36.1
7fdbbd9ec000-7fdbbd9ed000 r--p 00033000 08:02 5903857                    /usr/lib/x86_64-linux-gnu/librsvg-2.so.2.36.1
7fdbbd9ed000-7fdbbd9ee000 rw-p 00034000 08:02 5903857                    /usr/lib/x86_64-linux-gnu/librsvg-2.so.2.36.1
7fdbbd9ee000-7fdbbd9f0000 r-xp 00000000 08:02 6033119                    /usr/lib/x86_64-linux-gnu/gdk-pixbuf-2.0/2.10.0/loaders/libpixbufloader-svg.so
7fdbbd9f0000-7fdbbdbef000 ---p 00002000 08:02 6033119                    /usr/lib/x86_64-linux-gnu/gdk-pixbuf-2.0/2.10.0/loaders/libpixbufloader-svg.so
7fdbbdbef000-7fdbbdbf0000 r--p 00001000 08:02 6033119                    /usr/lib/x86_64-linux-gnu/gdk-pixbuf-2.0/2.10.0/loaders/libpixbufloader-svg.so
7fdbbdbf0000-7fdbbdbf1000 rw-p 00002000 08:02 6033119                    /usr/lib/x86_64-linux-gnu/gdk-pixbuf-2.0/2.10.0/loaders/libpixbufloader-svg.so
7fdbbdbf1000-7fdbbee9c000 r--p 00000000 08:02 6172673                    /usr/share/icons/hicolor/icon-theme.cache
7fdbbee9c000-7fdbbf787000 r--p 00000000 08:02 6300108                    /usr/share/icons/gnome/icon-theme.cache
7fdbbf787000-7fdbbf797000 r-xp 00000000 08:02 6033371                    /usr/lib/x86_64-linux-gnu/gio/modules/libgioremote-volume-monitor.so
7fdbbf797000-7fdbbf996000 ---p 00010000 08:02 6033371                    /usr/lib/x86_64-linux-gnu/gio/modules/libgioremote-volume-monitor.so
7fdbbf996000-7fdbbf997000 r--p 0000f000 08:02 6033371                    /usr/lib/x86_64-linux-gnu/gio/modules/libgioremote-volume-monitor.so
7fdbbf997000-7fdbbf998000 rw-p 00010000 08:02 6033371                    /usr/lib/x86_64-linux-gnu/gio/modules/libgioremote-volume-monitor.so
7fdbbf998000-7fdbbf9a4000 r-xp 00000000 08:02 7864410                    /lib/x86_64-linux-gnu/libudev.so.0.13.0
7fdbbf9a4000-7fdbbfba3000 ---p 0000c000 08:02 7864410                    /lib/x86_64-linux-gnu/libudev.so.0.13.0
7fdbbfba3000-7fdbbfba4000 r--p 0000b000 08:02 7864410                    /lib/x86_64-linux-gnu/libudev.so.0.13.0
7fdbbfba4000-7fdbbfba5000 rw-p 0000c000 08:02 7864410                    /lib/x86_64-linux-gnu/libudev.so.0.13.0
7fdbbfba5000-7fdbbfbe7000 r-xp 00000000 08:02 7864396                    /lib/x86_64-linux-gnu/libdbus-1.so.3.5.8
7fdbbfbe7000-7fdbbfde7000 ---p 00042000 08:02 7864396                    /lib/x86_64-linux-gnu/libdbus-1.so.3.5.8
7fdbbfde7000-7fdbbfde8000 r--p 00042000 08:02 7864396                    /lib/x86_64-linux-gnu/libdbus-1.so.3.5.8
7fdbbfde8000-7fdbbfde9000 rw-p 00043000 08:02 7864396                    /lib/x86_64-linux-gnu/libdbus-1.so.3.5.8
7fdbbfde9000-7fdbbfdff000 r-xp 00000000 08:02 6686470                    /usr/lib/x86_64-linux-gnu/gvfs/libgvfscommon.so
7fdbbfdff000-7fdbbfffe000 ---p 00016000 08:02 6686470                    /usr/lib/x86_64-linux-gnu/gvfs/libgvfscommon.so
7fdbbfffe000-7fdbbffff000 r--p 00015000 08:02 6686470                    /usr/lib/x86_64-linux-gnu/gvfs/libgvfscommon.so
7fdbbffff000-7fdbc0000000 rw-p 00016000 08:02 6686470                    /usr/lib/x86_64-linux-gnu/gvfs/libgvfscommon.so
7fdbc0000000-7fdbc0021000 rw-p 00000000 00:00 0 
7fdbc0021000-7fdbc4000000 ---p 00000000 00:00 0 
7fdbc4000000-7fdbc4021000 rw-p 00000000 00:00 0 
7fdbc4021000-7fdbc8000000 ---p 00000000 00:00 0 
7fdbc8000000-7fdbc8021000 rw-p 00000000 00:00 0 
7fdbc8021000-7fdbcc000000 ---p 00000000 00:00 0 
7fdbcc000000-7fdbcc44b000 rw-p 00000000 00:00 0 
7fdbcc44b000-7fdbd0000000 ---p 00000000 00:00 0 
7fdbd0000000-7fdbd0022000 rw-p 00000000 00:00 0 
7fdbd0022000-7fdbd4000000 ---p 00000000 00:00 0 
7fdbd404f000-7fdbd406b000 r--s 00000000 08:02 6033531                    /usr/share/mime/mime.cache
7fdbd406b000-7fdbd4154000 r--p 00000000 08:02 6165433                    /usr/share/icons/Humanity/icon-theme.cache
7fdbd4154000-7fdbd417c000 r-xp 00000000 08:02 6033370                    /usr/lib/x86_64-linux-gnu/gio/modules/libgvfsdbus.so
7fdbd417c000-7fdbd437b000 ---p 00028000 08:02 6033370                    /usr/lib/x86_64-linux-gnu/gio/modules/libgvfsdbus.so
7fdbd437b000-7fdbd437c000 r--p 00027000 08:02 6033370                    /usr/lib/x86_64-linux-gnu/gio/modules/libgvfsdbus.so
7fdbd437c000-7fdbd437d000 rw-p 00028000 08:02 6033370                    /usr/lib/x86_64-linux-gnu/gio/modules/libgvfsdbus.so
7fdbd437d000-7fdbd43e5000 r-xp 00000000 08:02 10749464                   /usr/lib/jvm/jdk1.7.0_45/jre/lib/amd64/libt2k.so
7fdbd43e5000-7fdbd45e5000 ---p 00068000 08:02 10749464                   /usr/lib/jvm/jdk1.7.0_45/jre/lib/amd64/libt2k.so
7fdbd45e5000-7fdbd45ec000 rw-p 00068000 08:02 10749464                   /usr/lib/jvm/jdk1.7.0_45/jre/lib/amd64/libt2k.so
7fdbd45ec000-7fdbd45fc000 rw-p 00000000 00:00 0 
7fdbd45fc000-7fdbd460c000 r-xp 00000000 08:02 10749498                   /usr/lib/jvm/jdk1.7.0_45/jre/lib/amd64/libnio.so
7fdbd460c000-7fdbd480c000 ---p 00010000 08:02 10749498                   /usr/lib/jvm/jdk1.7.0_45/jre/lib/amd64/libnio.so
7fdbd480c000-7fdbd480d000 rw-p 00010000 08:02 10749498                   /usr/lib/jvm/jdk1.7.0_45/jre/lib/amd64/libnio.so
7fdbd480d000-7fdbd4814000 r-xp 00000000 08:02 7867765                    /lib/x86_64-linux-gnu/libnss_dns-2.15.so
7fdbd4814000-7fdbd4a13000 ---p 00007000 08:02 7867765                    /lib/x86_64-linux-gnu/libnss_dns-2.15.so
7fdbd4a13000-7fdbd4a14000 r--p 00006000 08:02 7867765                    /lib/x86_64-linux-gnu/libnss_dns-2.15.so
7fdbd4a14000-7fdbd4a15000 rw-p 00007000 08:02 7867765                    /lib/x86_64-linux-gnu/libnss_dns-2.15.so
7fdbd4a15000-7fdbd4a2b000 r-xp 00000000 08:02 10749449                   /usr/lib/jvm/jdk1.7.0_45/jre/lib/amd64/libnet.so
7fdbd4a2b000-7fdbd4c2b000 ---p 00016000 08:02 10749449                   /usr/lib/jvm/jdk1.7.0_45/jre/lib/amd64/libnet.so
7fdbd4c2b000-7fdbd4c2c000 rw-p 00016000 08:02 10749449                   /usr/lib/jvm/jdk1.7.0_45/jre/lib/amd64/libnet.so
7fdbd4c2c000-7fdbd4c8c000 r-xp 00000000 08:02 10749492                   /usr/lib/jvm/jdk1.7.0_45/jre/lib/amd64/libfontmanager.so
7fdbd4c8c000-7fdbd4e8b000 ---p 00060000 08:02 10749492                   /usr/lib/jvm/jdk1.7.0_45/jre/lib/amd64/libfontmanager.so
7fdbd4e8b000-7fdbd4e8f000 rw-p 0005f000 08:02 10749492                   /usr/lib/jvm/jdk1.7.0_45/jre/lib/amd64/libfontmanager.so
7fdbd4e8f000-7fdbd4ea0000 rw-p 00000000 00:00 0 
7fdbd4ea0000-7fdbd4eca000 r-xp 00000000 08:02 10749487                   /usr/lib/jvm/jdk1.7.0_45/jre/lib/amd64/libdcpr.so
7fdbd4eca000-7fdbd50ca000 ---p 0002a000 08:02 10749487                   /usr/lib/jvm/jdk1.7.0_45/jre/lib/amd64/libdcpr.so
7fdbd50ca000-7fdbd50cd000 rw-p 0002a000 08:02 10749487                   /usr/lib/jvm/jdk1.7.0_45/jre/lib/amd64/libdcpr.so
7fdbd50cd000-7fdbd50d0000 ---p 00000000 00:00 0 
7fdbd50d0000-7fdbd51ce000 rw-p 00000000 00:00 0                          [stack:13922]
7fdbd51ce000-7fdbd521e000 r-xp 00000000 08:02 10749501                   /usr/lib/jvm/jdk1.7.0_45/jre/lib/amd64/xawt/libmawt.so
7fdbd521e000-7fdbd541e000 ---p 00050000 08:02 10749501                   /usr/lib/jvm/jdk1.7.0_45/jre/lib/amd64/xawt/libmawt.so
7fdbd541e000-7fdbd5422000 rw-p 00050000 08:02 10749501                   /usr/lib/jvm/jdk1.7.0_45/jre/lib/amd64/xawt/libmawt.so
7fdbd5422000-7fdbd5423000 rw-p 00000000 00:00 0 
7fdbd5423000-7fdbd54c5000 r-xp 00000000 08:02 10749457                   /usr/lib/jvm/jdk1.7.0_45/jre/lib/amd64/libawt.so
7fdbd54c5000-7fdbd56c5000 ---p 000a2000 08:02 10749457                   /usr/lib/jvm/jdk1.7.0_45/jre/lib/amd64/libawt.so
7fdbd56c5000-7fdbd56d1000 rw-p 000a2000 08:02 10749457                   /usr/lib/jvm/jdk1.7.0_45/jre/lib/amd64/libawt.so
7fdbd56d1000-7fdbd56f5000 rw-p 00000000 00:00 0 
7fdbd56f5000-7fdbd56f8000 ---p 00000000 00:00 0 
7fdbd56f8000-7fdbd57f6000 rw-p 00000000 00:00 0                          [stack:13921]
7fdbd57f6000-7fdbd584e000 r-xp 00000000 08:02 10749455                   /usr/lib/jvm/jdk1.7.0_45/jre/lib/amd64/libjavafx-font.so
7fdbd584e000-7fdbd5a4d000 ---p 00058000 08:02 10749455                   /usr/lib/jvm/jdk1.7.0_45/jre/lib/amd64/libjavafx-font.so
7fdbd5a4d000-7fdbd5a52000 r--p 00057000 08:02 10749455                   /usr/lib/jvm/jdk1.7.0_45/jre/lib/amd64/libjavafx-font.so
7fdbd5a52000-7fdbd5a53000 rw-p 0005c000 08:02 10749455                   /usr/lib/jvm/jdk1.7.0_45/jre/lib/amd64/libjavafx-font.so
7fdbd5a53000-7fdbd5a54000 rw-p 00000000 00:00 0 
7fdbd5a54000-7fdbd5a8a000 r-xp 00000000 08:02 10749506                   /usr/lib/jvm/jdk1.7.0_45/jre/lib/amd64/libjavafx-iio.so
7fdbd5a8a000-7fdbd5c8a000 ---p 00036000 08:02 10749506                   /usr/lib/jvm/jdk1.7.0_45/jre/lib/amd64/libjavafx-iio.so
7fdbd5c8a000-7fdbd5c8b000 r--p 00036000 08:02 10749506                   /usr/lib/jvm/jdk1.7.0_45/jre/lib/amd64/libjavafx-iio.so
7fdbd5c8b000-7fdbd5c8c000 rw-p 00037000 08:02 10749506                   /usr/lib/jvm/jdk1.7.0_45/jre/lib/amd64/libjavafx-iio.so
7fdbd5c8c000-7fdbd5c9f000 r-xp 00000000 08:02 5903755                    /usr/lib/x86_64-linux-gnu/libjack.so.0.0.28
7fdbd5c9f000-7fdbd5e9e000 ---p 00013000 08:02 5903755                    /usr/lib/x86_64-linux-gnu/libjack.so.0.0.28
7fdbd5e9e000-7fdbd5e9f000 r--p 00012000 08:02 5903755                    /usr/lib/x86_64-linux-gnu/libjack.so.0.0.28
7fdbd5e9f000-7fdbd5ea0000 rw-p 00013000 08:02 5903755                    /usr/lib/x86_64-linux-gnu/libjack.so.0.0.28
7fdbd5ea0000-7fdbd5ea9000 rw-p 00000000 00:00 0 
7fdbd5ea9000-7fdbd5f8f000 r-xp 00000000 08:02 5903385                    /usr/lib/x86_64-linux-gnu/libasound.so.2.0.0
7fdbd5f8f000-7fdbd618f000 ---p 000e6000 08:02 5903385                    /usr/lib/x86_64-linux-gnu/libasound.so.2.0.0
7fdbd618f000-7fdbd6195000 r--p 000e6000 08:02 5903385                    /usr/lib/x86_64-linux-gnu/libasound.so.2.0.0
7fdbd6195000-7fdbd6196000 rw-p 000ec000 08:02 5903385                    /usr/lib/x86_64-linux-gnu/libasound.so.2.0.0
7fdbd6196000-7fdbd6254000 r-xp 00000000 00:19 21580457                   /home/se413006/sndobj-sndobj/lib/libsndobj.so.2.6.5
7fdbd6254000-7fdbd6454000 ---p 000be000 00:19 21580457                   /home/se413006/sndobj-sndobj/lib/libsndobj.so.2.6.5
7fdbd6454000-7fdbd6458000 r--p 000be000 00:19 21580457                   /home/se413006/sndobj-sndobj/lib/libsndobj.so.2.6.5
7fdbd6458000-7fdbd645c000 rw-p 000c2000 00:19 21580457                   /home/se413006/sndobj-sndobj/lib/libsndobj.so.2.6.5
7fdbd645c000-7fdbd645f000 ---p 00000000 00:00 0 
7fdbd645f000-7fdbd655d000 rw-p 00000000 00:00 0                          [stack:13920]
7fdbd655d000-7fdbd6563000 r-xp 00000000 08:02 5903718                    /usr/lib/x86_64-linux-gnu/libogg.so.0.7.1
7fdbd6563000-7fdbd6762000 ---p 00006000 08:02 5903718                    /usr/lib/x86_64-linux-gnu/libogg.so.0.7.1
7fdbd6762000-7fdbd6763000 r--p 00005000 08:02 5903718                    /usr/lib/x86_64-linux-gnu/libogg.so.0.7.1
7fdbd6763000-7fdbd6764000 rw-p 00006000 08:02 5903718                    /usr/lib/x86_64-linux-gnu/libogg.so.0.7.1
7fdbd6764000-7fdbd678f000 r-xp 00000000 08:02 5903728                    /usr/lib/x86_64-linux-gnu/libvorbis.so.0.4.5
7fdbd678f000-7fdbd698e000 ---p 0002b000 08:02 5903728                    /usr/lib/x86_64-linux-gnu/libvorbis.so.0.4.5
7fdbd698e000-7fdbd698f000 r--p 0002a000 08:02 5903728                    /usr/lib/x86_64-linux-gnu/libvorbis.so.0.4.5
7fdbd698f000-7fdbd6990000 rw-p 0002b000 08:02 5903728                    /usr/lib/x86_64-linux-gnu/libvorbis.so.0.4.5
7fdbd6990000-7fdbd6998000 r-xp 00000000 08:02 5903501                    /usr/lib/x86_64-linux-gnu/libltdl.so.7.3.0
7fdbd6998000-7fdbd6b98000 ---p 00008000 08:02 5903501                    /usr/lib/x86_64-linux-gnu/libltdl.so.7.3.0
7fdbd6b98000-7fdbd6b99000 r--p 00008000 08:02 5903501                    /usr/lib/x86_64-linux-gnu/libltdl.so.7.3.0
7fdbd6b99000-7fdbd6b9a000 rw-p 00009000 08:02 5903501                    /usr/lib/x86_64-linux-gnu/libltdl.so.7.3.0
7fdbd6b9a000-7fdbd6baa000 r-xp 00000000 08:02 5903911                    /usr/lib/x86_64-linux-gnu/libtdb.so.1.2.9
7fdbd6baa000-7fdbd6da9000 ---p 00010000 08:02 5903911                    /usr/lib/x86_64-linux-gnu/libtdb.so.1.2.9
7fdbd6da9000-7fdbd6daa000 r--p 0000f000 08:02 5903911                    /usr/lib/x86_64-linux-gnu/libtdb.so.1.2.9
7fdbd6daa000-7fdbd6dab000 rw-p 00010000 08:02 5903911                    /usr/lib/x86_64-linux-gnu/libtdb.so.1.2.9
7fdbd6dab000-7fdbd6db2000 r-xp 00000000 08:02 5903913                    /usr/lib/x86_64-linux-gnu/libvorbisfile.so.3.3.4
7fdbd6db2000-7fdbd6fb1000 ---p 00007000 08:02 5903913                    /usr/lib/x86_64-linux-gnu/libvorbisfile.so.3.3.4
7fdbd6fb1000-7fdbd6fb2000 r--p 00006000 08:02 5903913                    /usr/lib/x86_64-linux-gnu/libvorbisfile.so.3.3.4
7fdbd6fb2000-7fdbd6fb3000 rw-p 00007000 08:02 5903913                    /usr/lib/x86_64-linux-gnu/libvorbisfile.so.3.3.4
7fdbd6fb3000-7fdbd6fc2000 r-xp 00000000 08:02 5903915                    /usr/lib/x86_64-linux-gnu/libcanberra.so.0.2.5
7fdbd6fc2000-7fdbd71c1000 ---p 0000f000 08:02 5903915                    /usr/lib/x86_64-linux-gnu/libcanberra.so.0.2.5
7fdbd71c1000-7fdbd71c2000 r--p 0000e000 08:02 5903915                    /usr/lib/x86_64-linux-gnu/libcanberra.so.0.2.5
7fdbd71c2000-7fdbd71c3000 rw-p 0000f000 08:02 5903915                    /usr/lib/x86_64-linux-gnu/libcanberra.so.0.2.5
7fdbd71c3000-7fdbd71c7000 r-xp 00000000 08:02 5903917                    /usr/lib/x86_64-linux-gnu/libcanberra-gtk.so.0.1.8
7fdbd71c7000-7fdbd73c6000 ---p 00004000 08:02 5903917                    /usr/lib/x86_64-linux-gnu/libcanberra-gtk.so.0.1.8
7fdbd73c6000-7fdbd73c7000 r--p 00003000 08:02 5903917                    /usr/lib/x86_64-linux-gnu/libcanberra-gtk.so.0.1.8
7fdbd73c7000-7fdbd73c8000 rw-p 00004000 08:02 5903917                    /usr/lib/x86_64-linux-gnu/libcanberra-gtk.so.0.1.8
7fdbd73c8000-7fdbd73cd000 r-xp 00000000 08:02 7089152                    /usr/lib/x86_64-linux-gnu/gtk-2.0/modules/libcanberra-gtk-module.so
7fdbd73cd000-7fdbd75cc000 ---p 00005000 08:02 7089152                    /usr/lib/x86_64-linux-gnu/gtk-2.0/modules/libcanberra-gtk-module.so
7fdbd75cc000-7fdbd75cd000 r--p 00004000 08:02 7089152                    /usr/lib/x86_64-linux-gnu/gtk-2.0/modules/libcanberra-gtk-module.so
7fdbd75cd000-7fdbd75ce000 rw-p 00005000 08:02 7089152                    /usr/lib/x86_64-linux-gnu/gtk-2.0/modules/libcanberra-gtk-module.so
7fdbd75ce000-7fdbd75fd000 r-xp 00000000 08:02 6164745                    /usr/lib/x86_64-linux-gnu/gtk-2.0/2.10.0/engines/libmurrine.so
7fdbd75fd000-7fdbd77fd000 ---p 0002f000 08:02 6164745                    /usr/lib/x86_64-linux-gnu/gtk-2.0/2.10.0/engines/libmurrine.so
7fdbd77fd000-7fdbd77fe000 r--p 0002f000 08:02 6164745                    /usr/lib/x86_64-linux-gnu/gtk-2.0/2.10.0/engines/libmurrine.so
7fdbd77fe000-7fdbd77ff000 rw-p 00030000 08:02 6164745                    /usr/lib/x86_64-linux-gnu/gtk-2.0/2.10.0/engines/libmurrine.so
7fdbd77ff000-7fdbd7800000 ---p 00000000 00:00 0 
7fdbd7800000-7fdbd8000000 rw-p 00000000 00:00 0                          [stack:13918]
7fdbd8000000-7fdbd8022000 rw-p 00000000 00:00 0 
7fdbd8022000-7fdbdc000000 ---p 00000000 00:00 0 
7fdbdc000000-7fdbdc021000 rw-p 00000000 00:00 0 
7fdbdc021000-7fdbe0000000 ---p 00000000 00:00 0 
7fdbe0002000-7fdbe0025000 r--p 00000000 08:02 7215041                    /usr/share/icons/ubuntu-mono-dark/icon-theme.cache
7fdbe0025000-7fdbe003e000 r--s 00000000 08:02 6031631                    /usr/share/fonts/type1/gsfonts/n022004l.pfb
7fdbe003e000-7fdbe0041000 ---p 00000000 00:00 0 
7fdbe0041000-7fdbe013f000 rw-p 00000000 00:00 0                          [stack:13919]
7fdbe013f000-7fdbe0140000 ---p 00000000 00:00 0 
7fdbe0140000-7fdbe0940000 rw-p 00000000 00:00 0                          [stack:13917]
7fdbe0940000-7fdbe0947000 r-xp 00000000 08:02 6032917                    /usr/lib/x86_64-linux-gnu/gio/modules/libdconfsettings.so
7fdbe0947000-7fdbe0b46000 ---p 00007000 08:02 6032917                    /usr/lib/x86_64-linux-gnu/gio/modules/libdconfsettings.so
7fdbe0b46000-7fdbe0b47000 r--p 00006000 08:02 6032917                    /usr/lib/x86_64-linux-gnu/gio/modules/libdconfsettings.so
7fdbe0b47000-7fdbe0b48000 rw-p 00007000 08:02 6032917                    /usr/lib/x86_64-linux-gnu/gio/modules/libdconfsettings.so
7fdbe0b48000-7fdbe0b58000 r-xp 00000000 08:02 5906201                    /usr/lib/liboverlay-scrollbar-0.2.so.0.0.16
7fdbe0b58000-7fdbe0d57000 ---p 00010000 08:02 5906201                    /usr/lib/liboverlay-scrollbar-0.2.so.0.0.16
7fdbe0d57000-7fdbe0d58000 r--p 0000f000 08:02 5906201                    /usr/lib/liboverlay-scrollbar-0.2.so.0.0.16
7fdbe0d58000-7fdbe0d59000 rw-p 00010000 08:02 5906201                    /usr/lib/liboverlay-scrollbar-0.2.so.0.0.16
7fdbe0d59000-7fdbe0d95000 r-xp 00000000 08:02 7864519                    /lib/x86_64-linux-gnu/libpcre.so.3.12.1
7fdbe0d95000-7fdbe0f94000 ---p 0003c000 08:02 7864519                    /lib/x86_64-linux-gnu/libpcre.so.3.12.1
7fdbe0f94000-7fdbe0f95000 r--p 0003b000 08:02 7864519                    /lib/x86_64-linux-gnu/libpcre.so.3.12.1
7fdbe0f95000-7fdbe0f96000 rw-p 0003c000 08:02 7864519                    /lib/x86_64-linux-gnu/libpcre.so.3.12.1
7fdbe0f96000-7fdbe0f9d000 r-xp 00000000 08:02 5899876                    /usr/lib/x86_64-linux-gnu/libffi.so.6.0.0
7fdbe0f9d000-7fdbe119c000 ---p 00007000 08:02 5899876                    /usr/lib/x86_64-linux-gnu/libffi.so.6.0.0
7fdbe119c000-7fdbe119d000 r--p 00006000 08:02 5899876                    /usr/lib/x86_64-linux-gnu/libffi.so.6.0.0
7fdbe119d000-7fdbe119e000 rw-p 00007000 08:02 5899876                    /usr/lib/x86_64-linux-gnu/libffi.so.6.0.0
7fdbe119e000-7fdbe11a6000 r-xp 00000000 08:02 5903421                    /usr/lib/x86_64-linux-gnu/libxcb-render.so.0.0.0
7fdbe11a6000-7fdbe13a6000 ---p 00008000 08:02 5903421                    /usr/lib/x86_64-linux-gnu/libxcb-render.so.0.0.0
7fdbe13a6000-7fdbe13a7000 r--p 00008000 08:02 5903421                    /usr/lib/x86_64-linux-gnu/libxcb-render.so.0.0.0
7fdbe13a7000-7fdbe13a8000 rw-p 00009000 08:02 5903421                    /usr/lib/x86_64-linux-gnu/libxcb-render.so.0.0.0
7fdbe13a8000-7fdbe13aa000 r-xp 00000000 08:02 5903423                    /usr/lib/x86_64-linux-gnu/libxcb-shm.so.0.0.0
7fdbe13aa000-7fdbe15a9000 ---p 00002000 08:02 5903423                    /usr/lib/x86_64-linux-gnu/libxcb-shm.so.0.0.0
7fdbe15a9000-7fdbe15aa000 r--p 00001000 08:02 5903423                    /usr/lib/x86_64-linux-gnu/libxcb-shm.so.0.0.0
7fdbe15aa000-7fdbe15ab000 rw-p 00002000 08:02 5903423                    /usr/lib/x86_64-linux-gnu/libxcb-shm.so.0.0.0
7fdbe15ab000-7fdbe15d1000 r-xp 00000000 08:02 7864508                    /lib/x86_64-linux-gnu/libpng12.so.0.46.0
7fdbe15d1000-7fdbe17d1000 ---p 00026000 08:02 7864508                    /lib/x86_64-linux-gnu/libpng12.so.0.46.0
7fdbe17d1000-7fdbe17d2000 r--p 00026000 08:02 7864508                    /lib/x86_64-linux-gnu/libpng12.so.0.46.0
7fdbe17d2000-7fdbe17d3000 rw-p 00027000 08:02 7864508                    /lib/x86_64-linux-gnu/libpng12.so.0.46.0
7fdbe17d3000-7fdbe1863000 r-xp 00000000 08:02 5901514                    /usr/lib/x86_64-linux-gnu/libpixman-1.so.0.30.2
7fdbe1863000-7fdbe1a62000 ---p 00090000 08:02 5901514                    /usr/lib/x86_64-linux-gnu/libpixman-1.so.0.30.2
7fdbe1a62000-7fdbe1a69000 r--p 0008f000 08:02 5901514                    /usr/lib/x86_64-linux-gnu/libpixman-1.so.0.30.2
7fdbe1a69000-7fdbe1a6a000 rw-p 00096000 08:02 5901514                    /usr/lib/x86_64-linux-gnu/libpixman-1.so.0.30.2
7fdbe1a6a000-7fdbe1a82000 r-xp 00000000 08:02 7867764                    /lib/x86_64-linux-gnu/libresolv-2.15.so
7fdbe1a82000-7fdbe1c82000 ---p 00018000 08:02 7867764                    /lib/x86_64-linux-gnu/libresolv-2.15.so
7fdbe1c82000-7fdbe1c83000 r--p 00018000 08:02 7867764                    /lib/x86_64-linux-gnu/libresolv-2.15.so
7fdbe1c83000-7fdbe1c84000 rw-p 00019000 08:02 7867764                    /lib/x86_64-linux-gnu/libresolv-2.15.so
7fdbe1c84000-7fdbe1c86000 rw-p 00000000 00:00 0 
7fdbe1c86000-7fdbe1ca3000 r-xp 00000000 08:02 7864493                    /lib/x86_64-linux-gnu/libselinux.so.1
7fdbe1ca3000-7fdbe1ea2000 ---p 0001d000 08:02 7864493                    /lib/x86_64-linux-gnu/libselinux.so.1
7fdbe1ea2000-7fdbe1ea3000 r--p 0001c000 08:02 7864493                    /lib/x86_64-linux-gnu/libselinux.so.1
7fdbe1ea3000-7fdbe1ea4000 rw-p 0001d000 08:02 7864493                    /lib/x86_64-linux-gnu/libselinux.so.1
7fdbe1ea4000-7fdbe1ea5000 rw-p 00000000 00:00 0 
7fdbe1ea5000-7fdbe1ea7000 r-xp 00000000 08:02 5903654                    /usr/lib/x86_64-linux-gnu/libXcomposite.so.1.0.0
7fdbe1ea7000-7fdbe20a6000 ---p 00002000 08:02 5903654                    /usr/lib/x86_64-linux-gnu/libXcomposite.so.1.0.0
7fdbe20a6000-7fdbe20a7000 r--p 00001000 08:02 5903654                    /usr/lib/x86_64-linux-gnu/libXcomposite.so.1.0.0
7fdbe20a7000-7fdbe20a8000 rw-p 00002000 08:02 5903654                    /usr/lib/x86_64-linux-gnu/libXcomposite.so.1.0.0
7fdbe20a8000-7fdbe20b1000 r-xp 00000000 08:02 5903658                    /usr/lib/x86_64-linux-gnu/libXcursor.so.1.0.2
7fdbe20b1000-7fdbe22b0000 ---p 00009000 08:02 5903658                    /usr/lib/x86_64-linux-gnu/libXcursor.so.1.0.2
7fdbe22b0000-7fdbe22b1000 r--p 00008000 08:02 5903658                    /usr/lib/x86_64-linux-gnu/libXcursor.so.1.0.2
7fdbe22b1000-7fdbe22b2000 rw-p 00009000 08:02 5903658                    /usr/lib/x86_64-linux-gnu/libXcursor.so.1.0.2
7fdbe22b2000-7fdbe22b9000 r-xp 00000000 08:02 5900891                    /usr/lib/x86_64-linux-gnu/libXrandr.so.2.2.0
7fdbe22b9000-7fdbe24b8000 ---p 00007000 08:02 5900891                    /usr/lib/x86_64-linux-gnu/libXrandr.so.2.2.0
7fdbe24b8000-7fdbe24b9000 r--p 00006000 08:02 5900891                    /usr/lib/x86_64-linux-gnu/libXrandr.so.2.2.0
7fdbe24b9000-7fdbe24ba000 rw-p 00007000 08:02 5900891                    /usr/lib/x86_64-linux-gnu/libXrandr.so.2.2.0
7fdbe24ba000-7fdbe24c9000 r-xp 00000000 08:02 5903651                    /usr/lib/x86_64-linux-gnu/libXi.so.6.1.0
7fdbe24c9000-7fdbe26c8000 ---p 0000f000 08:02 5903651                    /usr/lib/x86_64-linux-gnu/libXi.so.6.1.0
7fdbe26c8000-7fdbe26c9000 r--p 0000e000 08:02 5903651                    /usr/lib/x86_64-linux-gnu/libXi.so.6.1.0
7fdbe26c9000-7fdbe26ca000 rw-p 0000f000 08:02 5903651                    /usr/lib/x86_64-linux-gnu/libXi.so.6.1.0
7fdbe26ca000-7fdbe26cc000 r-xp 00000000 08:02 5900876                    /usr/lib/x86_64-linux-gnu/libXinerama.so.1.0.0
7fdbe26cc000-7fdbe28cb000 ---p 00002000 08:02 5900876                    /usr/lib/x86_64-linux-gnu/libXinerama.so.1.0.0
7fdbe28cb000-7fdbe28cc000 r--p 00001000 08:02 5900876                    /usr/lib/x86_64-linux-gnu/libXinerama.so.1.0.0
7fdbe28cc000-7fdbe28cd000 rw-p 00002000 08:02 5900876                    /usr/lib/x86_64-linux-gnu/libXinerama.so.1.0.0
7fdbe28cd000-7fdbe28d6000 r-xp 00000000 08:02 5900883                    /usr/lib/x86_64-linux-gnu/libXrender.so.1.3.0
7fdbe28d6000-7fdbe2ad5000 ---p 00009000 08:02 5900883                    /usr/lib/x86_64-linux-gnu/libXrender.so.1.3.0
7fdbe2ad5000-7fdbe2ad6000 r--p 00008000 08:02 5900883                    /usr/lib/x86_64-linux-gnu/libXrender.so.1.3.0
7fdbe2ad6000-7fdbe2ad7000 rw-p 00009000 08:02 5900883                    /usr/lib/x86_64-linux-gnu/libXrender.so.1.3.0
7fdbe2ad7000-7fdbe2adc000 r-xp 00000000 08:02 5903809                    /usr/lib/x86_64-linux-gnu/libXtst.so.6.1.0
7fdbe2adc000-7fdbe2cdb000 ---p 00005000 08:02 5903809                    /usr/lib/x86_64-linux-gnu/libXtst.so.6.1.0
7fdbe2cdb000-7fdbe2cdc000 r--p 00004000 08:02 5903809                    /usr/lib/x86_64-linux-gnu/libXtst.so.6.1.0
7fdbe2cdc000-7fdbe2cdd000 rw-p 00005000 08:02 5903809                    /usr/lib/x86_64-linux-gnu/libXtst.so.6.1.0
7fdbe2cdd000-7fdbe2dcf000 r-xp 00000000 08:02 7864545                    /lib/x86_64-linux-gnu/libglib-2.0.so.0.3200.4
7fdbe2dcf000-7fdbe2fcf000 ---p 000f2000 08:02 7864545                    /lib/x86_64-linux-gnu/libglib-2.0.so.0.3200.4
7fdbe2fcf000-7fdbe2fd0000 r--p 000f2000 08:02 7864545                    /lib/x86_64-linux-gnu/libglib-2.0.so.0.3200.4
7fdbe2fd0000-7fdbe2fd1000 rw-p 000f3000 08:02 7864545                    /lib/x86_64-linux-gnu/libglib-2.0.so.0.3200.4
7fdbe2fd1000-7fdbe2fd2000 rw-p 00000000 00:00 0 
7fdbe2fd2000-7fdbe2fd3000 r-xp 00000000 08:02 5901947                    /usr/lib/x86_64-linux-gnu/libgthread-2.0.so.0.3200.4
7fdbe2fd3000-7fdbe31d2000 ---p 00001000 08:02 5901947                    /usr/lib/x86_64-linux-gnu/libgthread-2.0.so.0.3200.4
7fdbe31d2000-7fdbe31d3000 r--p 00000000 08:02 5901947                    /usr/lib/x86_64-linux-gnu/libgthread-2.0.so.0.3200.4
7fdbe31d3000-7fdbe31d4000 rw-p 00001000 08:02 5901947                    /usr/lib/x86_64-linux-gnu/libgthread-2.0.so.0.3200.4
7fdbe31d4000-7fdbe31d7000 r-xp 00000000 08:02 5901943                    /usr/lib/x86_64-linux-gnu/libgmodule-2.0.so.0.3200.4
7fdbe31d7000-7fdbe33d6000 ---p 00003000 08:02 5901943                    /usr/lib/x86_64-linux-gnu/libgmodule-2.0.so.0.3200.4
7fdbe33d6000-7fdbe33d7000 r--p 00002000 08:02 5901943                    /usr/lib/x86_64-linux-gnu/libgmodule-2.0.so.0.3200.4
7fdbe33d7000-7fdbe33d8000 rw-p 00003000 08:02 5901943                    /usr/lib/x86_64-linux-gnu/libgmodule-2.0.so.0.3200.4
7fdbe33d8000-7fdbe3425000 r-xp 00000000 08:02 5901949                    /usr/lib/x86_64-linux-gnu/libgobject-2.0.so.0.3200.4
7fdbe3425000-7fdbe3625000 ---p 0004d000 08:02 5901949                    /usr/lib/x86_64-linux-gnu/libgobject-2.0.so.0.3200.4
7fdbe3625000-7fdbe3626000 r--p 0004d000 08:02 5901949                    /usr/lib/x86_64-linux-gnu/libgobject-2.0.so.0.3200.4
7fdbe3626000-7fdbe3627000 rw-p 0004e000 08:02 5901949                    /usr/lib/x86_64-linux-gnu/libgobject-2.0.so.0.3200.4
7fdbe3627000-7fdbe365b000 r-xp 00000000 08:02 5903419                    /usr/lib/x86_64-linux-gnu/libfontconfig.so.1.4.4
7fdbe365b000-7fdbe385b000 ---p 00034000 08:02 5903419                    /usr/lib/x86_64-linux-gnu/libfontconfig.so.1.4.4
7fdbe385b000-7fdbe385c000 r--p 00034000 08:02 5903419                    /usr/lib/x86_64-linux-gnu/libfontconfig.so.1.4.4
7fdbe385c000-7fdbe385d000 rw-p 00035000 08:02 5903419                    /usr/lib/x86_64-linux-gnu/libfontconfig.so.1.4.4
7fdbe385d000-7fdbe38f3000 r-xp 00000000 08:02 5900798                    /usr/lib/x86_64-linux-gnu/libfreetype.so.6.8.0
7fdbe38f3000-7fdbe3af2000 ---p 00096000 08:02 5900798                    /usr/lib/x86_64-linux-gnu/libfreetype.so.6.8.0
7fdbe3af2000-7fdbe3af8000 r--p 00095000 08:02 5900798                    /usr/lib/x86_64-linux-gnu/libfreetype.so.6.8.0
7fdbe3af8000-7fdbe3af9000 rw-p 0009b000 08:02 5900798                    /usr/lib/x86_64-linux-gnu/libfreetype.so.6.8.0
7fdbe3af9000-7fdbe3b3f000 r-xp 00000000 08:02 5903442                    /usr/lib/x86_64-linux-gnu/libpango-1.0.so.0.3000.0
7fdbe3b3f000-7fdbe3d3f000 ---p 00046000 08:02 5903442                    /usr/lib/x86_64-linux-gnu/libpango-1.0.so.0.3000.0
7fdbe3d3f000-7fdbe3d41000 r--p 00046000 08:02 5903442                    /usr/lib/x86_64-linux-gnu/libpango-1.0.so.0.3000.0
7fdbe3d41000-7fdbe3d42000 rw-p 00048000 08:02 5903442                    /usr/lib/x86_64-linux-gnu/libpango-1.0.so.0.3000.0
7fdbe3d42000-7fdbe3dfb000 r-xp 00000000 08:02 5903425                    /usr/lib/x86_64-linux-gnu/libcairo.so.2.11000.2
7fdbe3dfb000-7fdbe3ffa000 ---p 000b9000 08:02 5903425                    /usr/lib/x86_64-linux-gnu/libcairo.so.2.11000.2
7fdbe3ffa000-7fdbe3ffc000 r--p 000b8000 08:02 5903425                    /usr/lib/x86_64-linux-gnu/libcairo.so.2.11000.2
7fdbe3ffc000-7fdbe3ffd000 rw-p 000ba000 08:02 5903425                    /usr/lib/x86_64-linux-gnu/libcairo.so.2.11000.2
7fdbe3ffd000-7fdbe4000000 rw-p 00000000 00:00 0 
7fdbe4000000-7fdbe418d000 rw-p 00000000 00:00 0 
7fdbe418d000-7fdbe8000000 ---p 00000000 00:00 0 
7fdbe8000000-7fdbe8203000 rw-p 00000000 00:00 0 
7fdbe8203000-7fdbec000000 ---p 00000000 00:00 0 
7fdbec000000-7fdbec021000 rw-p 00000000 00:00 0 
7fdbec021000-7fdbf0000000 ---p 00000000 00:00 0 
7fdbf0000000-7fdbf0021000 rw-p 00000000 00:00 0 
7fdbf0021000-7fdbf4000000 ---p 00000000 00:00 0 
7fdbf4000000-7fdbf4391000 rw-p 00000000 00:00 0 
7fdbf4391000-7fdbf8000000 ---p 00000000 00:00 0 
7fdbf8000000-7fdbf8021000 rw-p 00000000 00:00 0 
7fdbf8021000-7fdbfc000000 ---p 00000000 00:00 0 
7fdbfc000000-7fdbfc021000 rw-p 00000000 00:00 0 
7fdbfc021000-7fdc00000000 ---p 00000000 00:00 0 
7fdc00000000-7fdc005f9000 rw-p 00000000 00:00 0 
7fdc005f9000-7fdc04000000 ---p 00000000 00:00 0 
7fdc04000000-7fdc04021000 rw-p 00000000 00:00 0 
7fdc04021000-7fdc08000000 ---p 00000000 00:00 0 
7fdc08000000-7fdc08021000 rw-p 00000000 00:00 0 
7fdc08021000-7fdc0c000000 ---p 00000000 00:00 0 
7fdc0c000000-7fdc0c021000 rw-p 00000000 00:00 0 
7fdc0c021000-7fdc10000000 ---p 00000000 00:00 0 
7fdc10000000-7fdc10021000 rw-p 00000000 00:00 0 
7fdc10021000-7fdc14000000 ---p 00000000 00:00 0 
7fdc14000000-7fdc14021000 rw-p 00000000 00:00 0 
7fdc14021000-7fdc18000000 ---p 00000000 00:00 0 
7fdc1800c000-7fdc18017000 r--p 00000000 08:02 6165434                    /usr/share/icons/Humanity-Dark/icon-theme.cache
7fdc18017000-7fdc18030000 r--s 00000000 08:02 6031567                    /usr/share/fonts/type1/gsfonts/n021003l.pfb
7fdc18030000-7fdc18046000 r--s 00000000 08:02 6031600                    /usr/share/fonts/type1/gsfonts/n021024l.pfb
7fdc18046000-7fdc1805c000 r--s 00000000 08:02 6031653                    /usr/share/fonts/type1/gsfonts/n022023l.pfb
7fdc1805c000-7fdc18073000 r--s 00000000 08:02 6031605                    /usr/share/fonts/type1/gsfonts/n021023l.pfb
7fdc18073000-7fdc1807d000 r--s 00000000 08:02 9175330                    /usr/share/fonts/type1/mathml/Symbol.pfb
7fdc1807d000-7fdc1808e000 r--s 00000000 08:02 6031610                    /usr/share/fonts/type1/gsfonts/n019023l.pfb
7fdc1808e000-7fdc180a2000 r--s 00000000 08:02 6031586                    /usr/share/fonts/type1/gsfonts/n019003l.pfb
7fdc180a2000-7fdc180a6000 r--s 000f7000 08:02 10749419                   /usr/lib/jvm/jdk1.7.0_45/jre/lib/ext/localedata.jar
7fdc180a6000-7fdc180a7000 r--s 00000000 08:02 19007778                   /var/cache/fontconfig/c05880de57d1f5e948fdfacc138775d9-le64.cache-3
7fdc180a7000-7fdc180b0000 r--s 00000000 08:02 19007777                   /var/cache/fontconfig/945677eb7aeaf62f1d50efc3fb3ec7d8-le64.cache-3
7fdc180b0000-7fdc180b2000 r--s 00000000 08:02 19007775                   /var/cache/fontconfig/99e8ed0e538f840c565b6ed5dad60d56-le64.cache-3
7fdc180b2000-7fdc180b6000 r--s 00000000 08:02 19007774                   /var/cache/fontconfig/2cd17615ca594fa2959ae173292e504c-le64.cache-3
7fdc180b6000-7fdc180b7000 r--s 00000000 08:02 19007773                   /var/cache/fontconfig/e7071f4a29fa870f4323321c154eba04-le64.cache-3
7fdc180b7000-7fdc180bd000 r--s 00000000 08:02 19007771                   /var/cache/fontconfig/a755afe4a08bf5b97852ceb7400b47bc-le64.cache-3
7fdc180bd000-7fdc180c6000 r--s 00000000 08:02 19007336                   /var/cache/fontconfig/6d41288fd70b0be22e8c3a91e032eec0-le64.cache-3
7fdc180c6000-7fdc180d6000 r--s 00000000 08:02 19007769                   /var/cache/fontconfig/04aabc0a78ac019cf9454389977116d2-le64.cache-3
7fdc180d6000-7fdc180d9000 r--s 00000000 08:02 19007768                   /var/cache/fontconfig/385c0604a188198f04d133e54aba7fe7-le64.cache-3
7fdc180d9000-7fdc180dc000 r--s 00000000 08:02 19007766                   /var/cache/fontconfig/8801497958630a81b71ace7c5f9b32a8-le64.cache-3
7fdc180dc000-7fdc180e1000 r--s 00000000 08:02 19007765                   /var/cache/fontconfig/3047814df9a2f067bd2d96a2b9c36e5a-le64.cache-3
7fdc180e1000-7fdc180ec000 r-xp 00000000 08:02 5903443                    /usr/lib/x86_64-linux-gnu/libpangocairo-1.0.so.0.3000.0
7fdc180ec000-7fdc182eb000 ---p 0000b000 08:02 5903443                    /usr/lib/x86_64-linux-gnu/libpangocairo-1.0.so.0.3000.0
7fdc182eb000-7fdc182ec000 r--p 0000a000 08:02 5903443                    /usr/lib/x86_64-linux-gnu/libpangocairo-1.0.so.0.3000.0
7fdc182ec000-7fdc182ed000 rw-p 0000b000 08:02 5903443                    /usr/lib/x86_64-linux-gnu/libpangocairo-1.0.so.0.3000.0
7fdc182ed000-7fdc1830b000 r-xp 00000000 08:02 5903416                    /usr/lib/x86_64-linux-gnu/libgdk_pixbuf-2.0.so.0.2600.1
7fdc1830b000-7fdc1850b000 ---p 0001e000 08:02 5903416                    /usr/lib/x86_64-linux-gnu/libgdk_pixbuf-2.0.so.0.2600.1
7fdc1850b000-7fdc1850c000 r--p 0001e000 08:02 5903416                    /usr/lib/x86_64-linux-gnu/libgdk_pixbuf-2.0.so.0.2600.1
7fdc1850c000-7fdc1850d000 rw-p 0001f000 08:02 5903416                    /usr/lib/x86_64-linux-gnu/libgdk_pixbuf-2.0.so.0.2600.1
7fdc1850d000-7fdc18536000 r-xp 00000000 08:02 5903441                    /usr/lib/x86_64-linux-gnu/libpangoft2-1.0.so.0.3000.0
7fdc18536000-7fdc18735000 ---p 00029000 08:02 5903441                    /usr/lib/x86_64-linux-gnu/libpangoft2-1.0.so.0.3000.0
7fdc18735000-7fdc18736000 r--p 00028000 08:02 5903441                    /usr/lib/x86_64-linux-gnu/libpangoft2-1.0.so.0.3000.0
7fdc18736000-7fdc18737000 rw-p 00029000 08:02 5903441                    /usr/lib/x86_64-linux-gnu/libpangoft2-1.0.so.0.3000.0
7fdc18737000-7fdc1887f000 r-xp 00000000 08:02 5901948                    /usr/lib/x86_64-linux-gnu/libgio-2.0.so.0.3200.4
7fdc1887f000-7fdc18a7e000 ---p 00148000 08:02 5901948                    /usr/lib/x86_64-linux-gnu/libgio-2.0.so.0.3200.4
7fdc18a7e000-7fdc18a82000 r--p 00147000 08:02 5901948                    /usr/lib/x86_64-linux-gnu/libgio-2.0.so.0.3200.4
7fdc18a82000-7fdc18a84000 rw-p 0014b000 08:02 5901948                    /usr/lib/x86_64-linux-gnu/libgio-2.0.so.0.3200.4
7fdc18a84000-7fdc18a86000 rw-p 00000000 00:00 0 
7fdc18a86000-7fdc18aa5000 r-xp 00000000 08:02 5903405                    /usr/lib/x86_64-linux-gnu/libatk-1.0.so.0.20409.1
7fdc18aa5000-7fdc18ca5000 ---p 0001f000 08:02 5903405                    /usr/lib/x86_64-linux-gnu/libatk-1.0.so.0.20409.1
7fdc18ca5000-7fdc18ca7000 r--p 0001f000 08:02 5903405                    /usr/lib/x86_64-linux-gnu/libatk-1.0.so.0.20409.1
7fdc18ca7000-7fdc18ca8000 rw-p 00021000 08:02 5903405                    /usr/lib/x86_64-linux-gnu/libatk-1.0.so.0.20409.1
7fdc18ca8000-7fdc18d55000 r-xp 00000000 08:02 5903852                    /usr/lib/x86_64-linux-gnu/libgdk-x11-2.0.so.0.2400.10
7fdc18d55000-7fdc18f54000 ---p 000ad000 08:02 5903852                    /usr/lib/x86_64-linux-gnu/libgdk-x11-2.0.so.0.2400.10
7fdc18f54000-7fdc18f58000 r--p 000ac000 08:02 5903852                    /usr/lib/x86_64-linux-gnu/libgdk-x11-2.0.so.0.2400.10
7fdc18f58000-7fdc18f5a000 rw-p 000b0000 08:02 5903852                    /usr/lib/x86_64-linux-gnu/libgdk-x11-2.0.so.0.2400.10
7fdc18f5a000-7fdc19387000 r-xp 00000000 08:02 5903851                    /usr/lib/x86_64-linux-gnu/libgtk-x11-2.0.so.0.2400.10
7fdc19387000-7fdc19587000 ---p 0042d000 08:02 5903851                    /usr/lib/x86_64-linux-gnu/libgtk-x11-2.0.so.0.2400.10
7fdc19587000-7fdc1958e000 r--p 0042d000 08:02 5903851                    /usr/lib/x86_64-linux-gnu/libgtk-x11-2.0.so.0.2400.10
7fdc1958e000-7fdc19592000 rw-p 00434000 08:02 5903851                    /usr/lib/x86_64-linux-gnu/libgtk-x11-2.0.so.0.2400.10
7fdc19592000-7fdc19594000 rw-p 00000000 00:00 0 
7fdc19594000-7fdc195b9000 r-xp 00000000 08:02 10749490                   /usr/lib/jvm/jdk1.7.0_45/jre/lib/amd64/libglass.so
7fdc195b9000-7fdc197b9000 ---p 00025000 08:02 10749490                   /usr/lib/jvm/jdk1.7.0_45/jre/lib/amd64/libglass.so
7fdc197b9000-7fdc197ba000 r--p 00025000 08:02 10749490                   /usr/lib/jvm/jdk1.7.0_45/jre/lib/amd64/libglass.so
7fdc197ba000-7fdc197bb000 rw-p 00026000 08:02 10749490                   /usr/lib/jvm/jdk1.7.0_45/jre/lib/amd64/libglass.so
7fdc197bb000-7fdc197d1000 r-xp 00000000 08:02 7864490                    /lib/x86_64-linux-gnu/libz.so.1.2.3.4
7fdc197d1000-7fdc199d0000 ---p 00016000 08:02 7864490                    /lib/x86_64-linux-gnu/libz.so.1.2.3.4
7fdc199d0000-7fdc199d1000 r--p 00015000 08:02 7864490                    /lib/x86_64-linux-gnu/libz.so.1.2.3.4
7fdc199d1000-7fdc199d2000 rw-p 00016000 08:02 7864490                    /lib/x86_64-linux-gnu/libz.so.1.2.3.4
7fdc199d2000-7fdc199da000 r-xp 00000000 08:02 5899619                    /usr/lib/x86_64-linux-gnu/libpciaccess.so.0.11.0
7fdc199da000-7fdc19bd9000 ---p 00008000 08:02 5899619                    /usr/lib/x86_64-linux-gnu/libpciaccess.so.0.11.0
7fdc19bd9000-7fdc19bda000 r--p 00007000 08:02 5899619                    /usr/lib/x86_64-linux-gnu/libpciaccess.so.0.11.0
7fdc19bda000-7fdc19bdb000 rw-p 00008000 08:02 5899619                    /usr/lib/x86_64-linux-gnu/libpciaccess.so.0.11.0
7fdc19bdb000-7fdc19bf0000 r-xp 00000000 08:02 7864442                    /lib/x86_64-linux-gnu/libgcc_s.so.1
7fdc19bf0000-7fdc19def000 ---p 00015000 08:02 7864442                    /lib/x86_64-linux-gnu/libgcc_s.so.1
7fdc19def000-7fdc19df0000 r--p 00014000 08:02 7864442                    /lib/x86_64-linux-gnu/libgcc_s.so.1
7fdc19df0000-7fdc19df1000 rw-p 00015000 08:02 7864442                    /lib/x86_64-linux-gnu/libgcc_s.so.1
7fdc19df1000-7fdc19ed3000 r-xp 00000000 08:02 5899870                    /usr/lib/x86_64-linux-gnu/libstdc++.so.6.0.16
7fdc19ed3000-7fdc1a0d2000 ---p 000e2000 08:02 5899870                    /usr/lib/x86_64-linux-gnu/libstdc++.so.6.0.16
7fdc1a0d2000-7fdc1a0da000 r--p 000e1000 08:02 5899870                    /usr/lib/x86_64-linux-gnu/libstdc++.so.6.0.16
7fdc1a0da000-7fdc1a0dc000 rw-p 000e9000 08:02 5899870                    /usr/lib/x86_64-linux-gnu/libstdc++.so.6.0.16
7fdc1a0dc000-7fdc1a0f1000 rw-p 00000000 00:00 0 
7fdc1a0f1000-7fdc1a111000 r-xp 00000000 08:02 5899423                    /usr/lib/x86_64-linux-gnu/libdrm_intel.so.1.0.0
7fdc1a111000-7fdc1a310000 ---p 00020000 08:02 5899423                    /usr/lib/x86_64-linux-gnu/libdrm_intel.so.1.0.0
7fdc1a310000-7fdc1a311000 r--p 0001f000 08:02 5899423                    /usr/lib/x86_64-linux-gnu/libdrm_intel.so.1.0.0
7fdc1a311000-7fdc1a312000 rw-p 00020000 08:02 5899423                    /usr/lib/x86_64-linux-gnu/libdrm_intel.so.1.0.0
7fdc1a312000-7fdc1a339000 r-xp 00000000 08:02 7864387                    /lib/x86_64-linux-gnu/libexpat.so.1.5.2
7fdc1a339000-7fdc1a539000 ---p 00027000 08:02 7864387                    /lib/x86_64-linux-gnu/libexpat.so.1.5.2
7fdc1a539000-7fdc1a53b000 r--p 00027000 08:02 7864387                    /lib/x86_64-linux-gnu/libexpat.so.1.5.2
7fdc1a53b000-7fdc1a53c000 rw-p 00029000 08:02 7864387                    /lib/x86_64-linux-gnu/libexpat.so.1.5.2
7fdc1a53c000-7fdc1a662000 r-xp 00000000 08:02 5915048                    /usr/lib/x86_64-linux-gnu/dri/libglsl.so
7fdc1a662000-7fdc1a861000 ---p 00126000 08:02 5915048                    /usr/lib/x86_64-linux-gnu/dri/libglsl.so
7fdc1a861000-7fdc1a86a000 r--p 00125000 08:02 5915048                    /usr/lib/x86_64-linux-gnu/dri/libglsl.so
7fdc1a86a000-7fdc1a86d000 rw-p 0012e000 08:02 5915048                    /usr/lib/x86_64-linux-gnu/dri/libglsl.so
7fdc1a86d000-7fdc1a86e000 rw-p 00000000 00:00 0 
7fdc1a86e000-7fdc1aaad000 r-xp 00000000 08:02 5899682                    /usr/lib/x86_64-linux-gnu/dri/libdricore.so
7fdc1aaad000-7fdc1acad000 ---p 0023f000 08:02 5899682                    /usr/lib/x86_64-linux-gnu/dri/libdricore.so
7fdc1acad000-7fdc1acb7000 r--p 0023f000 08:02 5899682                    /usr/lib/x86_64-linux-gnu/dri/libdricore.so
7fdc1acb7000-7fdc1acba000 rw-p 00249000 08:02 5899682                    /usr/lib/x86_64-linux-gnu/dri/libdricore.so
7fdc1acba000-7fdc1acd0000 rw-p 00000000 00:00 0 
7fdc1acd0000-7fdc1ad9e000 r-xp 00000000 08:02 5915050                    /usr/lib/x86_64-linux-gnu/dri/i965_dri.so
7fdc1ad9e000-7fdc1af9e000 ---p 000ce000 08:02 5915050                    /usr/lib/x86_64-linux-gnu/dri/i965_dri.so
7fdc1af9e000-7fdc1afa1000 r--p 000ce000 08:02 5915050                    /usr/lib/x86_64-linux-gnu/dri/i965_dri.so
7fdc1afa1000-7fdc1afa5000 rw-p 000d1000 08:02 5915050                    /usr/lib/x86_64-linux-gnu/dri/i965_dri.so
7fdc1afa5000-7fdc1afaa000 r-xp 00000000 08:02 5900527                    /usr/lib/x86_64-linux-gnu/libXdmcp.so.6.0.0
7fdc1afaa000-7fdc1b1a9000 ---p 00005000 08:02 5900527                    /usr/lib/x86_64-linux-gnu/libXdmcp.so.6.0.0
7fdc1b1a9000-7fdc1b1aa000 r--p 00004000 08:02 5900527                    /usr/lib/x86_64-linux-gnu/libXdmcp.so.6.0.0
7fdc1b1aa000-7fdc1b1ab000 rw-p 00005000 08:02 5900527                    /usr/lib/x86_64-linux-gnu/libXdmcp.so.6.0.0
7fdc1b1ab000-7fdc1b1ad000 r-xp 00000000 08:02 5900521                    /usr/lib/x86_64-linux-gnu/libXau.so.6.0.0
7fdc1b1ad000-7fdc1b3ac000 ---p 00002000 08:02 5900521                    /usr/lib/x86_64-linux-gnu/libXau.so.6.0.0
7fdc1b3ac000-7fdc1b3ad000 r--p 00001000 08:02 5900521                    /usr/lib/x86_64-linux-gnu/libXau.so.6.0.0
7fdc1b3ad000-7fdc1b3ae000 rw-p 00002000 08:02 5900521                    /usr/lib/x86_64-linux-gnu/libXau.so.6.0.0
7fdc1b3ae000-7fdc1b3b8000 r-xp 00000000 08:02 5898478                    /usr/lib/x86_64-linux-gnu/libdrm.so.2.4.0
7fdc1b3b8000-7fdc1b5b7000 ---p 0000a000 08:02 5898478                    /usr/lib/x86_64-linux-gnu/libdrm.so.2.4.0
7fdc1b5b7000-7fdc1b5b8000 r--p 00009000 08:02 5898478                    /usr/lib/x86_64-linux-gnu/libdrm.so.2.4.0
7fdc1b5b8000-7fdc1b5b9000 rw-p 0000a000 08:02 5898478                    /usr/lib/x86_64-linux-gnu/libdrm.so.2.4.0
7fdc1b5b9000-7fdc1b5ce000 r-xp 00000000 08:02 5903803                    /usr/lib/x86_64-linux-gnu/libxcb-glx.so.0.0.0
7fdc1b5ce000-7fdc1b7cd000 ---p 00015000 08:02 5903803                    /usr/lib/x86_64-linux-gnu/libxcb-glx.so.0.0.0
7fdc1b7cd000-7fdc1b7cf000 r--p 00014000 08:02 5903803                    /usr/lib/x86_64-linux-gnu/libxcb-glx.so.0.0.0
7fdc1b7cf000-7fdc1b7d0000 rw-p 00016000 08:02 5903803                    /usr/lib/x86_64-linux-gnu/libxcb-glx.so.0.0.0
7fdc1b7d0000-7fdc1b7d1000 r-xp 00000000 08:02 5900831                    /usr/lib/x86_64-linux-gnu/libX11-xcb.so.1.0.0
7fdc1b7d1000-7fdc1b9d0000 ---p 00001000 08:02 5900831                    /usr/lib/x86_64-linux-gnu/libX11-xcb.so.1.0.0
7fdc1b9d0000-7fdc1b9d1000 r--p 00000000 08:02 5900831                    /usr/lib/x86_64-linux-gnu/libX11-xcb.so.1.0.0
7fdc1b9d1000-7fdc1b9d2000 rw-p 00001000 08:02 5900831                    /usr/lib/x86_64-linux-gnu/libX11-xcb.so.1.0.0
7fdc1b9d2000-7fdc1b9d7000 r-xp 00000000 08:02 5900872                    /usr/lib/x86_64-linux-gnu/libXfixes.so.3.1.0
7fdc1b9d7000-7fdc1bbd6000 ---p 00005000 08:02 5900872                    /usr/lib/x86_64-linux-gnu/libXfixes.so.3.1.0
7fdc1bbd6000-7fdc1bbd7000 r--p 00004000 08:02 5900872                    /usr/lib/x86_64-linux-gnu/libXfixes.so.3.1.0
7fdc1bbd7000-7fdc1bbd8000 rw-p 00005000 08:02 5900872                    /usr/lib/x86_64-linux-gnu/libXfixes.so.3.1.0
7fdc1bbd8000-7fdc1bbda000 r-xp 00000000 08:02 5903660                    /usr/lib/x86_64-linux-gnu/libXdamage.so.1.1.0
7fdc1bbda000-7fdc1bdd9000 ---p 00002000 08:02 5903660                    /usr/lib/x86_64-linux-gnu/libXdamage.so.1.1.0
7fdc1bdd9000-7fdc1bdda000 r--p 00001000 08:02 5903660                    /usr/lib/x86_64-linux-gnu/libXdamage.so.1.1.0
7fdc1bdda000-7fdc1bddb000 rw-p 00002000 08:02 5903660                    /usr/lib/x86_64-linux-gnu/libXdamage.so.1.1.0
7fdc1bddb000-7fdc1bdfc000 r-xp 00000000 08:02 5900918                    /usr/lib/x86_64-linux-gnu/libglapi.so.0.0.0
7fdc1bdfc000-7fdc1bffb000 ---p 00021000 08:02 5900918                    /usr/lib/x86_64-linux-gnu/libglapi.so.0.0.0
7fdc1bffb000-7fdc1bffe000 r--p 00020000 08:02 5900918                    /usr/lib/x86_64-linux-gnu/libglapi.so.0.0.0
7fdc1bffe000-7fdc1bfff000 rw-p 00023000 08:02 5900918                    /usr/lib/x86_64-linux-gnu/libglapi.so.0.0.0
7fdc1bfff000-7fdc1c000000 rw-p 00000000 00:00 0 
7fdc1c000000-7fdc1c021000 rw-p 00000000 00:00 0 
7fdc1c021000-7fdc20000000 ---p 00000000 00:00 0 
7fdc20000000-7fdc20001000 r--s 00000000 08:02 19007772                   /var/cache/fontconfig/0d8c3b2ac0904cb8a57a757ad11a4a08-le64.cache-3
7fdc20001000-7fdc20002000 r--s 00000000 08:02 19011612                   /var/cache/fontconfig/4794a0821666d79190d59a36cb4f44b5-le64.cache-3
7fdc20002000-7fdc20003000 r--s 00000000 08:02 19007764                   /var/cache/fontconfig/56cf4f4769d0f4abc89a4895d7bd3ae1-le64.cache-3
7fdc20003000-7fdc20008000 r--s 00000000 08:02 19007762                   /var/cache/fontconfig/b47c4e1ecd0709278f4910c18777a504-le64.cache-3
7fdc20008000-7fdc2000b000 r--s 00000000 08:02 19007334                   /var/cache/fontconfig/e49e89034d371f0f9de17aab02136486-le64.cache-3
7fdc2000b000-7fdc2001b000 r--s 00000000 08:02 19007761                   /var/cache/fontconfig/d52a8644073d54c13679302ca1180695-le64.cache-3
7fdc2001b000-7fdc2003f000 r--p 00000000 08:02 5902077                    /usr/share/glib-2.0/schemas/gschemas.compiled
7fdc2003f000-7fdc20042000 ---p 00000000 00:00 0 
7fdc20042000-7fdc20140000 rw-p 00000000 00:00 0                          [stack:13916]
7fdc20140000-7fdc20150000 r-xp 00000000 08:02 5900783                    /usr/lib/x86_64-linux-gnu/libXext.so.6.4.0
7fdc20150000-7fdc2034f000 ---p 00010000 08:02 5900783                    /usr/lib/x86_64-linux-gnu/libXext.so.6.4.0
7fdc2034f000-7fdc20350000 r--p 0000f000 08:02 5900783                    /usr/lib/x86_64-linux-gnu/libXext.so.6.4.0
7fdc20350000-7fdc20351000 rw-p 00010000 08:02 5900783                    /usr/lib/x86_64-linux-gnu/libXext.so.6.4.0
7fdc20351000-7fdc2036e000 r-xp 00000000 08:02 5900532                    /usr/lib/x86_64-linux-gnu/libxcb.so.1.1.0
7fdc2036e000-7fdc2056d000 ---p 0001d000 08:02 5900532                    /usr/lib/x86_64-linux-gnu/libxcb.so.1.1.0
7fdc2056d000-7fdc2056e000 r--p 0001c000 08:02 5900532                    /usr/lib/x86_64-linux-gnu/libxcb.so.1.1.0
7fdc2056e000-7fdc2056f000 rw-p 0001d000 08:02 5900532                    /usr/lib/x86_64-linux-gnu/libxcb.so.1.1.0
7fdc2056f000-7fdc205cc000 r-xp 00000000 08:02 6161263                    /usr/lib/x86_64-linux-gnu/mesa/libGL.so.1.2
7fdc205cc000-7fdc207cb000 ---p 0005d000 08:02 6161263                    /usr/lib/x86_64-linux-gnu/mesa/libGL.so.1.2
7fdc207cb000-7fdc207cd000 r--p 0005c000 08:02 6161263                    /usr/lib/x86_64-linux-gnu/mesa/libGL.so.1.2
7fdc207cd000-7fdc207ce000 rw-p 0005e000 08:02 6161263                    /usr/lib/x86_64-linux-gnu/mesa/libGL.so.1.2
7fdc207ce000-7fdc207cf000 rw-p 00000000 00:00 0 
7fdc207cf000-7fdc207d3000 r-xp 00000000 08:02 5903805                    /usr/lib/x86_64-linux-gnu/libXxf86vm.so.1.0.0
7fdc207d3000-7fdc209d2000 ---p 00004000 08:02 5903805                    /usr/lib/x86_64-linux-gnu/libXxf86vm.so.1.0.0
7fdc209d2000-7fdc209d3000 r--p 00003000 08:02 5903805                    /usr/lib/x86_64-linux-gnu/libXxf86vm.so.1.0.0
7fdc209d3000-7fdc209d4000 rw-p 00004000 08:02 5903805                    /usr/lib/x86_64-linux-gnu/libXxf86vm.so.1.0.0
7fdc209d4000-7fdc20b04000 r-xp 00000000 08:02 5900778                    /usr/lib/x86_64-linux-gnu/libX11.so.6.3.0
7fdc20b04000-7fdc20d04000 ---p 00130000 08:02 5900778                    /usr/lib/x86_64-linux-gnu/libX11.so.6.3.0
7fdc20d04000-7fdc20d05000 r--p 00130000 08:02 5900778                    /usr/lib/x86_64-linux-gnu/libX11.so.6.3.0
7fdc20d05000-7fdc20d09000 rw-p 00131000 08:02 5900778                    /usr/lib/x86_64-linux-gnu/libX11.so.6.3.0
7fdc20d09000-7fdc20d0a000 r--s 00000000 08:02 19007763                   /var/cache/fontconfig/b9d506c9ac06c20b433354fa67a72993-le64.cache-3
7fdc20d0a000-7fdc20d10000 r--s 00000000 08:02 19006965                   /var/cache/fontconfig/3f7329c5293ffd510edef78f73874cfd-le64.cache-3
7fdc20d10000-7fdc20d13000 r--s 00000000 08:02 19006963                   /var/cache/fontconfig/e13b20fdb08344e0e664864cc2ede53d-le64.cache-3
7fdc20d13000-7fdc20d17000 r--s 00000000 08:02 19007335                   /var/cache/fontconfig/7ef2298fde41cc6eeb7af42e48b7d293-le64.cache-3
7fdc20d17000-7fdc20d18000 r--p 00000000 08:02 8130354                    /etc/dconf/db/local
7fdc20d18000-7fdc20d1a000 r--p 00000000 00:19 15778175                   /home/se413006/.config/dconf/user
7fdc20d1a000-7fdc20d1b000 r--s 00000000 00:19 14320263                   /home/se413006/.cache/dconf/user
7fdc20d1b000-7fdc20d22000 r--s 00000000 08:02 5911439                    /usr/lib/x86_64-linux-gnu/gconv/gconv-modules.cache
7fdc20d22000-7fdc20d2b000 r-xp 00000000 08:02 10749491                   /usr/lib/jvm/jdk1.7.0_45/jre/lib/amd64/libprism-es2.so
7fdc20d2b000-7fdc20f2a000 ---p 00009000 08:02 10749491                   /usr/lib/jvm/jdk1.7.0_45/jre/lib/amd64/libprism-es2.so
7fdc20f2a000-7fdc20f2b000 r--p 00008000 08:02 10749491                   /usr/lib/jvm/jdk1.7.0_45/jre/lib/amd64/libprism-es2.so
7fdc20f2b000-7fdc20f2c000 rw-p 00009000 08:02 10749491                   /usr/lib/jvm/jdk1.7.0_45/jre/lib/amd64/libprism-es2.so
7fdc20f2c000-7fdc20f2f000 ---p 00000000 00:00 0 
7fdc20f2f000-7fdc2102d000 rw-p 00000000 00:00 0                          [stack:13915]
7fdc2102d000-7fdc21030000 r--s 00017000 00:19 23545898                   /home/se413006/NetBeansProjects/DynamicSynthesizer/dist/run643693270/lib/tritonus_share.jar
7fdc21030000-7fdc21031000 r--s 00002000 00:19 23545897                   /home/se413006/NetBeansProjects/DynamicSynthesizer/dist/run643693270/lib/tritonus_aos.jar
7fdc21031000-7fdc21033000 r--s 0000d000 00:19 23545895                   /home/se413006/NetBeansProjects/DynamicSynthesizer/dist/run643693270/lib/minim.jar
7fdc21033000-7fdc2103e000 r--s 0006f000 00:19 23545893                   /home/se413006/NetBeansProjects/DynamicSynthesizer/dist/run643693270/lib/jtransforms-2.4.jar
7fdc2103e000-7fdc2104c000 r--s 00082000 00:19 23545892                   /home/se413006/NetBeansProjects/DynamicSynthesizer/dist/run643693270/lib/jsyn-beta-16.6.4.jar
7fdc2104c000-7fdc2104f000 r--s 00028000 00:19 23545891                   /home/se413006/NetBeansProjects/DynamicSynthesizer/dist/run643693270/lib/jsndobj.jar
7fdc2104f000-7fdc21052000 r--s 00017000 00:19 23545889                   /home/se413006/NetBeansProjects/DynamicSynthesizer/dist/run643693270/lib/jl1.0.jar
7fdc21052000-7fdc2105e000 r--s 000e5000 00:19 23545888                   /home/se413006/NetBeansProjects/DynamicSynthesizer/dist/run643693270/lib/ScenicView.jar
7fdc2105e000-7fdc2106c000 r--s 00082000 00:19 21155869                   /home/se413006/Downloads/jsyn-beta-16.6.4.jar
7fdc2106c000-7fdc21078000 r--s 000e5000 00:19 573572                     /home/se413006/Documents/JavaFxExternalLibs/ScenicView.jar
7fdc21078000-7fdc21083000 r--s 0006f000 00:19 21156293                   /home/se413006/Downloads/jtransforms-2.4.jar
7fdc21083000-7fdc21096000 r--s 000d4000 08:02 9446270                    /usr/lib/jvm/jdk1.7.0_45/jre/lib/plugin.jar
7fdc21096000-7fdc21099000 ---p 00000000 00:00 0 
7fdc21099000-7fdc21197000 rw-p 00000000 00:00 0                          [stack:13914]
7fdc21197000-7fdc211b5000 r-xp 00000000 08:02 10749448                   /usr/lib/jvm/jdk1.7.0_45/jre/lib/amd64/libdeploy.so
7fdc211b5000-7fdc213b5000 ---p 0001e000 08:02 10749448                   /usr/lib/jvm/jdk1.7.0_45/jre/lib/amd64/libdeploy.so
7fdc213b5000-7fdc213b7000 rw-p 0001e000 08:02 10749448                   /usr/lib/jvm/jdk1.7.0_45/jre/lib/amd64/libdeploy.so
7fdc213b7000-7fdc213c7000 rw-p 00000000 00:00 0 
7fdc213c7000-7fdc213ca000 ---p 00000000 00:00 0 
7fdc213ca000-7fdc214c8000 rw-p 00000000 00:00 0                          [stack:13913]
7fdc214c8000-7fdc21556000 r--s 00ddd000 08:02 9446315                    /usr/lib/jvm/jdk1.7.0_45/jre/lib/jfxrt.jar
7fdc21556000-7fdc21557000 ---p 00000000 00:00 0 
7fdc21557000-7fdc21657000 rw-p 00000000 00:00 0                          [stack:13912]
7fdc21657000-7fdc2165a000 ---p 00000000 00:00 0 
7fdc2165a000-7fdc21758000 rw-p 00000000 00:00 0                          [stack:13911]
7fdc21758000-7fdc2175b000 ---p 00000000 00:00 0 
7fdc2175b000-7fdc21859000 rw-p 00000000 00:00 0                          [stack:13910]
7fdc21859000-7fdc2185c000 ---p 00000000 00:00 0 
7fdc2185c000-7fdc2195a000 rw-p 00000000 00:00 0                          [stack:13909]
7fdc2195a000-7fdc2195d000 ---p 00000000 00:00 0 
7fdc2195d000-7fdc21a5b000 rw-p 00000000 00:00 0                          [stack:13908]
7fdc21a5b000-7fdc21a5e000 ---p 00000000 00:00 0 
7fdc21a5e000-7fdc21b5c000 rw-p 00000000 00:00 0                          [stack:13907]
7fdc21b5c000-7fdc21b5f000 ---p 00000000 00:00 0 
7fdc21b5f000-7fdc21c5d000 rw-p 00000000 00:00 0                          [stack:13906]
7fdc21c5d000-7fdc21c5e000 ---p 00000000 00:00 0 
7fdc21c5e000-7fdc24000000 rw-p 00000000 00:00 0                          [stack:13905]
7fdc24000000-7fdc24021000 rw-p 00000000 00:00 0 
7fdc24021000-7fdc28000000 ---p 00000000 00:00 0 
7fdc28000000-7fdc28001000 r--s 00005000 00:19 23545896                   /home/se413006/NetBeansProjects/DynamicSynthesizer/dist/run643693270/lib/mp3spi1.9.4.jar
7fdc28001000-7fdc28004000 r--s 00028000 00:19 21580459                   /home/se413006/sndobj-sndobj/jsndobj.jar
7fdc28004000-7fdc2801c000 r--s 001d4000 08:02 9446271                    /usr/lib/jvm/jdk1.7.0_45/jre/lib/deploy.jar
7fdc2801c000-7fdc28dce000 rw-p 00000000 00:00 0 
7fdc28dce000-7fdc28f8a000 r--s 039b2000 08:02 9446276                    /usr/lib/jvm/jdk1.7.0_45/jre/lib/rt.jar
7fdc28f8a000-7fdc29000000 rw-p 00000000 00:00 0 
7fdc29000000-7fdc29270000 rwxp 00000000 00:00 0 
7fdc29270000-7fdc2c174000 rw-p 00000000 00:00 0 
7fdc2c174000-7fdc30000000 ---p 00000000 00:00 0 
7fdc30000000-7fdc302d8000 rw-p 00000000 00:00 0 
7fdc302d8000-7fdc302d9000 ---p 00000000 00:00 0 
7fdc302d9000-7fdc303d9000 rw-p 00000000 00:00 0                          [stack:13904]
7fdc303d9000-7fdc303da000 ---p 00000000 00:00 0 
7fdc303da000-7fdc304da000 rw-p 00000000 00:00 0                          [stack:13903]
7fdc304da000-7fdc304db000 ---p 00000000 00:00 0 
7fdc304db000-7fdc305db000 rw-p 00000000 00:00 0                          [stack:13902]
7fdc305db000-7fdc305dc000 ---p 00000000 00:00 0 
7fdc305dc000-7fdc306e7000 rw-p 00000000 00:00 0                          [stack:13901]
7fdc306e7000-7fdc30705000 rw-p 00000000 00:00 0 
7fdc30705000-7fdc30719000 rw-p 00000000 00:00 0 
7fdc30719000-7fdc30846000 rw-p 00000000 00:00 0 
7fdc30846000-7fdc30851000 rw-p 00000000 00:00 0 
7fdc30851000-7fdc3086f000 rw-p 00000000 00:00 0 
7fdc3086f000-7fdc30883000 rw-p 00000000 00:00 0 
7fdc30883000-7fdc309af000 rw-p 00000000 00:00 0 
7fdc309af000-7fdc309c1000 rw-p 00000000 00:00 0 
7fdc309c1000-7fdc30a50000 rw-p 00000000 00:00 0 
7fdc30a50000-7fdc30a51000 rw-p 00000000 00:00 0 
7fdc30a51000-7fdc30a6b000 r-xp 00000000 08:02 10749474                   /usr/lib/jvm/jdk1.7.0_45/jre/lib/amd64/libzip.so
7fdc30a6b000-7fdc30c6b000 ---p 0001a000 08:02 10749474                   /usr/lib/jvm/jdk1.7.0_45/jre/lib/amd64/libzip.so
7fdc30c6b000-7fdc30c6c000 rw-p 0001a000 08:02 10749474                   /usr/lib/jvm/jdk1.7.0_45/jre/lib/amd64/libzip.so
7fdc30c6c000-7fdc30c72000 r-xp 00000000 08:02 7866684                    /lib/x86_64-linux-gnu/libnss_sss.so.2
7fdc30c72000-7fdc30e71000 ---p 00006000 08:02 7866684                    /lib/x86_64-linux-gnu/libnss_sss.so.2
7fdc30e71000-7fdc30e72000 r--p 00005000 08:02 7866684                    /lib/x86_64-linux-gnu/libnss_sss.so.2
7fdc30e72000-7fdc30e73000 rw-p 00006000 08:02 7866684                    /lib/x86_64-linux-gnu/libnss_sss.so.2
7fdc30e73000-7fdc30e7f000 r-xp 00000000 08:02 7867763                    /lib/x86_64-linux-gnu/libnss_files-2.15.so
7fdc30e7f000-7fdc3107e000 ---p 0000c000 08:02 7867763                    /lib/x86_64-linux-gnu/libnss_files-2.15.so
7fdc3107e000-7fdc3107f000 r--p 0000b000 08:02 7867763                    /lib/x86_64-linux-gnu/libnss_files-2.15.so
7fdc3107f000-7fdc31080000 rw-p 0000c000 08:02 7867763                    /lib/x86_64-linux-gnu/libnss_files-2.15.so
7fdc31080000-7fdc3108a000 r-xp 00000000 08:02 7867767                    /lib/x86_64-linux-gnu/libnss_nis-2.15.so
7fdc3108a000-7fdc3128a000 ---p 0000a000 08:02 7867767                    /lib/x86_64-linux-gnu/libnss_nis-2.15.so
7fdc3128a000-7fdc3128b000 r--p 0000a000 08:02 7867767                    /lib/x86_64-linux-gnu/libnss_nis-2.15.so
7fdc3128b000-7fdc3128c000 rw-p 0000b000 08:02 7867767                    /lib/x86_64-linux-gnu/libnss_nis-2.15.so
7fdc3128c000-7fdc312a3000 r-xp 00000000 08:02 7867779                    /lib/x86_64-linux-gnu/libnsl-2.15.so
7fdc312a3000-7fdc314a2000 ---p 00017000 08:02 7867779                    /lib/x86_64-linux-gnu/libnsl-2.15.so
7fdc314a2000-7fdc314a3000 r--p 00016000 08:02 7867779                    /lib/x86_64-linux-gnu/libnsl-2.15.so
7fdc314a3000-7fdc314a4000 rw-p 00017000 08:02 7867779                    /lib/x86_64-linux-gnu/libnsl-2.15.so
7fdc314a4000-7fdc314a6000 rw-p 00000000 00:00 0 
7fdc314a6000-7fdc314ae000 r-xp 00000000 08:02 7867761                    /lib/x86_64-linux-gnu/libnss_compat-2.15.so
7fdc314ae000-7fdc316ad000 ---p 00008000 08:02 7867761                    /lib/x86_64-linux-gnu/libnss_compat-2.15.so
7fdc316ad000-7fdc316ae000 r--p 00007000 08:02 7867761                    /lib/x86_64-linux-gnu/libnss_compat-2.15.so
7fdc316ae000-7fdc316af000 rw-p 00008000 08:02 7867761                    /lib/x86_64-linux-gnu/libnss_compat-2.15.so
7fdc316af000-7fdc316d8000 r-xp 00000000 08:02 10749465                   /usr/lib/jvm/jdk1.7.0_45/jre/lib/amd64/libjava.so
7fdc316d8000-7fdc318d8000 ---p 00029000 08:02 10749465                   /usr/lib/jvm/jdk1.7.0_45/jre/lib/amd64/libjava.so
7fdc318d8000-7fdc318da000 rw-p 00029000 08:02 10749465                   /usr/lib/jvm/jdk1.7.0_45/jre/lib/amd64/libjava.so
7fdc318da000-7fdc318e7000 r-xp 00000000 08:02 10749454                   /usr/lib/jvm/jdk1.7.0_45/jre/lib/amd64/libverify.so
7fdc318e7000-7fdc31ae6000 ---p 0000d000 08:02 10749454                   /usr/lib/jvm/jdk1.7.0_45/jre/lib/amd64/libverify.so
7fdc31ae6000-7fdc31ae8000 rw-p 0000c000 08:02 10749454                   /usr/lib/jvm/jdk1.7.0_45/jre/lib/amd64/libverify.so
7fdc31ae8000-7fdc31aef000 r-xp 00000000 08:02 7867766                    /lib/x86_64-linux-gnu/librt-2.15.so
7fdc31aef000-7fdc31cee000 ---p 00007000 08:02 7867766                    /lib/x86_64-linux-gnu/librt-2.15.so
7fdc31cee000-7fdc31cef000 r--p 00006000 08:02 7867766                    /lib/x86_64-linux-gnu/librt-2.15.so
7fdc31cef000-7fdc31cf0000 rw-p 00007000 08:02 7867766                    /lib/x86_64-linux-gnu/librt-2.15.so
7fdc31cf0000-7fdc31deb000 r-xp 00000000 08:02 7867770                    /lib/x86_64-linux-gnu/libm-2.15.so
7fdc31deb000-7fdc31fea000 ---p 000fb000 08:02 7867770                    /lib/x86_64-linux-gnu/libm-2.15.so
7fdc31fea000-7fdc31feb000 r--p 000fa000 08:02 7867770                    /lib/x86_64-linux-gnu/libm-2.15.so
7fdc31feb000-7fdc31fec000 rw-p 000fb000 08:02 7867770                    /lib/x86_64-linux-gnu/libm-2.15.so
7fdc31fec000-7fdc32b4e000 r-xp 00000000 08:02 10749472                   /usr/lib/jvm/jdk1.7.0_45/jre/lib/amd64/server/libjvm.so
7fdc32b4e000-7fdc32d4e000 ---p 00b62000 08:02 10749472                   /usr/lib/jvm/jdk1.7.0_45/jre/lib/amd64/server/libjvm.so
7fdc32d4e000-7fdc32e11000 rw-p 00b62000 08:02 10749472                   /usr/lib/jvm/jdk1.7.0_45/jre/lib/amd64/server/libjvm.so
7fdc32e11000-7fdc32e52000 rw-p 00000000 00:00 0 
7fdc32e52000-7fdc33007000 r-xp 00000000 08:02 7867759                    /lib/x86_64-linux-gnu/libc-2.15.so
7fdc33007000-7fdc33207000 ---p 001b5000 08:02 7867759                    /lib/x86_64-linux-gnu/libc-2.15.so
7fdc33207000-7fdc3320b000 r--p 001b5000 08:02 7867759                    /lib/x86_64-linux-gnu/libc-2.15.so
7fdc3320b000-7fdc3320d000 rw-p 001b9000 08:02 7867759                    /lib/x86_64-linux-gnu/libc-2.15.so
7fdc3320d000-7fdc33212000 rw-p 00000000 00:00 0 
7fdc33212000-7fdc33214000 r-xp 00000000 08:02 7867774                    /lib/x86_64-linux-gnu/libdl-2.15.so
7fdc33214000-7fdc33414000 ---p 00002000 08:02 7867774                    /lib/x86_64-linux-gnu/libdl-2.15.so
7fdc33414000-7fdc33415000 r--p 00002000 08:02 7867774                    /lib/x86_64-linux-gnu/libdl-2.15.so
7fdc33415000-7fdc33416000 rw-p 00003000 08:02 7867774                    /lib/x86_64-linux-gnu/libdl-2.15.so
7fdc33416000-7fdc3342c000 r-xp 00000000 08:02 10748736                   /usr/lib/jvm/jdk1.7.0_45/lib/amd64/jli/libjli.so
7fdc3342c000-7fdc3362c000 ---p 00016000 08:02 10748736                   /usr/lib/jvm/jdk1.7.0_45/lib/amd64/jli/libjli.so
7fdc3362c000-7fdc3362d000 rw-p 00016000 08:02 10748736                   /usr/lib/jvm/jdk1.7.0_45/lib/amd64/jli/libjli.so
7fdc3362d000-7fdc33645000 r-xp 00000000 08:02 7867768                    /lib/x86_64-linux-gnu/libpthread-2.15.so
7fdc33645000-7fdc33844000 ---p 00018000 08:02 7867768                    /lib/x86_64-linux-gnu/libpthread-2.15.so
7fdc33844000-7fdc33845000 r--p 00017000 08:02 7867768                    /lib/x86_64-linux-gnu/libpthread-2.15.so
7fdc33845000-7fdc33846000 rw-p 00018000 08:02 7867768                    /lib/x86_64-linux-gnu/libpthread-2.15.so
7fdc33846000-7fdc3384a000 rw-p 00000000 00:00 0 
7fdc3384a000-7fdc3386c000 r-xp 00000000 08:02 7867771                    /lib/x86_64-linux-gnu/ld-2.15.so
7fdc3386c000-7fdc3386d000 r--s 00000000 00:19 23545894                   /home/se413006/NetBeansProjects/DynamicSynthesizer/dist/run643693270/lib/minim-spi.jar
7fdc3386d000-7fdc3386e000 r--s 0000b000 00:19 23545890                   /home/se413006/NetBeansProjects/DynamicSynthesizer/dist/run643693270/lib/jsminim.jar
7fdc3386e000-7fdc33871000 r--s 00017000 00:19 21629910                   /home/se413006/minim/library/tritonus_share.jar
7fdc33871000-7fdc33872000 r--s 00002000 00:19 21629909                   /home/se413006/minim/library/tritonus_aos.jar
7fdc33872000-7fdc33873000 r--s 00005000 00:19 21629908                   /home/se413006/minim/library/mp3spi1.9.4.jar
7fdc33873000-7fdc33875000 r--s 0000d000 00:19 21629906                   /home/se413006/minim/library/minim.jar
7fdc33875000-7fdc33876000 r--s 00000000 00:19 21629907                   /home/se413006/minim/library/minim-spi.jar
7fdc33876000-7fdc33877000 r--s 0000b000 00:19 21629905                   /home/se413006/minim/library/jsminim.jar
7fdc33877000-7fdc33896000 rw-p 00000000 00:00 0 
7fdc33896000-7fdc3394c000 rw-p 00000000 00:00 0 
7fdc3394c000-7fdc3394f000 ---p 00000000 00:00 0 
7fdc3394f000-7fdc33a51000 rw-p 00000000 00:00 0                          [stack:13900]
7fdc33a51000-7fdc33a5a000 r--s 00067000 08:02 9446296                    /usr/lib/jvm/jdk1.7.0_45/jre/lib/javaws.jar
7fdc33a5a000-7fdc33a5d000 r--s 00017000 00:19 21629904                   /home/se413006/minim/library/jl1.0.jar
7fdc33a5d000-7fdc33a60000 r--s 00144000 00:19 23545885                   /home/se413006/NetBeansProjects/DynamicSynthesizer/dist/run643693270/DynamicSynthesizer.jar
7fdc33a60000-7fdc33a68000 rw-s 00000000 08:02 5243033                    /tmp/hsperfdata_se413006/13896
7fdc33a68000-7fdc33a69000 rw-p 00000000 00:00 0 
7fdc33a69000-7fdc33a6a000 r--p 00000000 00:00 0 
7fdc33a6a000-7fdc33a6c000 rw-p 00000000 00:00 0 
7fdc33a6c000-7fdc33a6d000 r--p 00022000 08:02 7867771                    /lib/x86_64-linux-gnu/ld-2.15.so
7fdc33a6d000-7fdc33a6f000 rw-p 00023000 08:02 7867771                    /lib/x86_64-linux-gnu/ld-2.15.so
7fff48bc5000-7fff48be6000 rw-p 00000000 00:00 0                          [stack]
7fff48bfe000-7fff48c00000 r-xp 00000000 00:00 0                          [vdso]
ffffffffff600000-ffffffffff601000 r-xp 00000000 00:00 0                  [vsyscall]

VM Arguments:
jvm_args: -Dfile.encoding=UTF-8 
java_command: com.javafx.main.Main
Launcher Type: SUN_STANDARD

Environment Variables:
PATH=/usr/lib/lightdm/lightdm:/usr/local/sbin:/usr/local/bin:/usr/sbin:/usr/bin:/sbin:/bin:/usr/games:/var/cfengine/bin
LD_LIBRARY_PATH=/usr/lib/jvm/java-7-openjdk-amd64/jre/lib/amd64:/usr/lib/jvm/java-7-openjdk-amd64/jre/lib/i386:
SHELL=/bin/bash
DISPLAY=:0

Signal Handlers:
SIGSEGV: [libjvm.so+0x9935b0], sa_mask[0]=0x7ffbfeff, sa_flags=0x10000004
SIGBUS: [libjvm.so+0x9935b0], sa_mask[0]=0x7ffbfeff, sa_flags=0x10000004
SIGFPE: [libjvm.so+0x810330], sa_mask[0]=0x7ffbfeff, sa_flags=0x10000004
SIGPIPE: SIG_IGN, sa_mask[0]=0x00001000, sa_flags=0x10000000
SIGXFSZ: [libjvm.so+0x810330], sa_mask[0]=0x7ffbfeff, sa_flags=0x10000004
SIGILL: [libjvm.so+0x810330], sa_mask[0]=0x7ffbfeff, sa_flags=0x10000004
SIGUSR1: SIG_DFL, sa_mask[0]=0x00000000, sa_flags=0x00000000
SIGUSR2: [libjvm.so+0x811820], sa_mask[0]=0x00000004, sa_flags=0x10000004
SIGHUP: [libjvm.so+0x812790], sa_mask[0]=0x7ffbfeff, sa_flags=0x10000004
SIGINT: SIG_IGN, sa_mask[0]=0x00000000, sa_flags=0x00000000
SIGTERM: [libjvm.so+0x812790], sa_mask[0]=0x7ffbfeff, sa_flags=0x10000004
SIGQUIT: [libjvm.so+0x812790], sa_mask[0]=0x7ffbfeff, sa_flags=0x10000004


---------------  S Y S T E M  ---------------

OS:wheezy/sid

uname:Linux 3.8.0-36-generic #52~precise1-Ubuntu SMP Mon Feb 3 21:54:46 UTC 2014 x86_64
libc:glibc 2.15 NPTL 2.15 
rlimit: STACK 8192k, CORE 0k, NPROC 30580, NOFILE 4096, AS infinity
load average:0.70 0.86 0.75

/proc/meminfo:
MemTotal:        3933176 kB
MemFree:          334164 kB
Buffers:           12884 kB
Cached:           593944 kB
SwapCached:       106672 kB
Active:          2505600 kB
Inactive:         892496 kB
Active(anon):    2252380 kB
Inactive(anon):   790124 kB
Active(file):     253220 kB
Inactive(file):   102372 kB
Unevictable:         112 kB
Mlocked:             112 kB
SwapTotal:       3945468 kB
SwapFree:        2817064 kB
Dirty:               808 kB
Writeback:             0 kB
AnonPages:       2729660 kB
Mapped:           114796 kB
Shmem:            251236 kB
Slab:              89712 kB
SReclaimable:      51024 kB
SUnreclaim:        38688 kB
KernelStack:        5488 kB
PageTables:        48604 kB
NFS_Unstable:          0 kB
Bounce:                0 kB
WritebackTmp:          0 kB
CommitLimit:     5912056 kB
Committed_AS:    7430124 kB
VmallocTotal:   34359738367 kB
VmallocUsed:      350268 kB
VmallocChunk:   34359384848 kB
HardwareCorrupted:     0 kB
AnonHugePages:         0 kB
HugePages_Total:       0
HugePages_Free:        0
HugePages_Rsvd:        0
HugePages_Surp:        0
Hugepagesize:       2048 kB
DirectMap4k:       69632 kB
DirectMap2M:     4016128 kB


CPU:total 4 (2 cores per cpu, 2 threads per core) family 6 model 58 stepping 9, cmov, cx8, fxsr, mmx, sse, sse2, sse3, ssse3, sse4.1, sse4.2, popcnt, avx, erms, ht, tsc, tscinvbit, tscinv

/proc/cpuinfo:
processor	: 0
vendor_id	: GenuineIntel
cpu family	: 6
model		: 58
model name	: Intel(R) Core(TM) i3-3225 CPU @ 3.30GHz
stepping	: 9
microcode	: 0x16
cpu MHz		: 3100.000
cache size	: 3072 KB
physical id	: 0
siblings	: 4
core id		: 0
cpu cores	: 2
apicid		: 0
initial apicid	: 0
fpu		: yes
fpu_exception	: yes
cpuid level	: 13
wp		: yes
flags		: fpu vme de pse tsc msr pae mce cx8 apic sep mtrr pge mca cmov pat pse36 clflush dts acpi mmx fxsr sse sse2 ss ht tm pbe syscall nx rdtscp lm constant_tsc arch_perfmon pebs bts rep_good nopl xtopology nonstop_tsc aperfmperf eagerfpu pni pclmulqdq dtes64 monitor ds_cpl vmx est tm2 ssse3 cx16 xtpr pdcm pcid sse4_1 sse4_2 popcnt tsc_deadline_timer xsave avx f16c lahf_lm arat epb xsaveopt pln pts dtherm tpr_shadow vnmi flexpriority ept vpid fsgsbase smep erms
bogomips	: 6585.20
clflush size	: 64
cache_alignment	: 64
address sizes	: 36 bits physical, 48 bits virtual
power management:

processor	: 1
vendor_id	: GenuineIntel
cpu family	: 6
model		: 58
model name	: Intel(R) Core(TM) i3-3225 CPU @ 3.30GHz
stepping	: 9
microcode	: 0x16
cpu MHz		: 3300.000
cache size	: 3072 KB
physical id	: 0
siblings	: 4
core id		: 1
cpu cores	: 2
apicid		: 2
initial apicid	: 2
fpu		: yes
fpu_exception	: yes
cpuid level	: 13
wp		: yes
flags		: fpu vme de pse tsc msr pae mce cx8 apic sep mtrr pge mca cmov pat pse36 clflush dts acpi mmx fxsr sse sse2 ss ht tm pbe syscall nx rdtscp lm constant_tsc arch_perfmon pebs bts rep_good nopl xtopology nonstop_tsc aperfmperf eagerfpu pni pclmulqdq dtes64 monitor ds_cpl vmx est tm2 ssse3 cx16 xtpr pdcm pcid sse4_1 sse4_2 popcnt tsc_deadline_timer xsave avx f16c lahf_lm arat epb xsaveopt pln pts dtherm tpr_shadow vnmi flexpriority ept vpid fsgsbase smep erms
bogomips	: 6585.20
clflush size	: 64
cache_alignment	: 64
address sizes	: 36 bits physical, 48 bits virtual
power management:

processor	: 2
vendor_id	: GenuineIntel
cpu family	: 6
model		: 58
model name	: Intel(R) Core(TM) i3-3225 CPU @ 3.30GHz
stepping	: 9
microcode	: 0x16
cpu MHz		: 1600.000
cache size	: 3072 KB
physical id	: 0
siblings	: 4
core id		: 0
cpu cores	: 2
apicid		: 1
initial apicid	: 1
fpu		: yes
fpu_exception	: yes
cpuid level	: 13
wp		: yes
flags		: fpu vme de pse tsc msr pae mce cx8 apic sep mtrr pge mca cmov pat pse36 clflush dts acpi mmx fxsr sse sse2 ss ht tm pbe syscall nx rdtscp lm constant_tsc arch_perfmon pebs bts rep_good nopl xtopology nonstop_tsc aperfmperf eagerfpu pni pclmulqdq dtes64 monitor ds_cpl vmx est tm2 ssse3 cx16 xtpr pdcm pcid sse4_1 sse4_2 popcnt tsc_deadline_timer xsave avx f16c lahf_lm arat epb xsaveopt pln pts dtherm tpr_shadow vnmi flexpriority ept vpid fsgsbase smep erms
bogomips	: 6585.20
clflush size	: 64
cache_alignment	: 64
address sizes	: 36 bits physical, 48 bits virtual
power management:

processor	: 3
vendor_id	: GenuineIntel
cpu family	: 6
model		: 58
model name	: Intel(R) Core(TM) i3-3225 CPU @ 3.30GHz
stepping	: 9
microcode	: 0x16
cpu MHz		: 3300.000
cache size	: 3072 KB
physical id	: 0
siblings	: 4
core id		: 1
cpu cores	: 2
apicid		: 3
initial apicid	: 3
fpu		: yes
fpu_exception	: yes
cpuid level	: 13
wp		: yes
flags		: fpu vme de pse tsc msr pae mce cx8 apic sep mtrr pge mca cmov pat pse36 clflush dts acpi mmx fxsr sse sse2 ss ht tm pbe syscall nx rdtscp lm constant_tsc arch_perfmon pebs bts rep_good nopl xtopology nonstop_tsc aperfmperf eagerfpu pni pclmulqdq dtes64 monitor ds_cpl vmx est tm2 ssse3 cx16 xtpr pdcm pcid sse4_1 sse4_2 popcnt tsc_deadline_timer xsave avx f16c lahf_lm arat epb xsaveopt pln pts dtherm tpr_shadow vnmi flexpriority ept vpid fsgsbase smep erms
bogomips	: 6585.20
clflush size	: 64
cache_alignment	: 64
address sizes	: 36 bits physical, 48 bits virtual
power management:



Memory: 4k page, physical 3933176k(334164k free), swap 3945468k(2817064k free)

vm_info: Java HotSpot(TM) 64-Bit Server VM (24.45-b08) for linux-amd64 JRE (1.7.0_45-b18), built on Oct  8 2013 05:44:25 by "java_re" with gcc 4.3.0 20080428 (Red Hat 4.3.0-8)

time: Tue Mar 11 13:45:29 2014
elapsed time: 4 seconds

