#
# A fatal error has been detected by the Java Runtime Environment:
#
#  SIGSEGV (0xb) at pc=0x00007fce661d8e9a, pid=8392, tid=140524456888064
#
# JRE version: Java(TM) SE Runtime Environment (7.0_45-b18) (build 1.7.0_45-b18)
# Java VM: Java HotSpot(TM) 64-Bit Server VM (24.45-b08 mixed mode linux-amd64 compressed oops)
# Problematic frame:
# C  [libsndobj.so.2.6.5+0x42e9a]  SinAnal::DoProcess()+0x1ba
#
# Failed to write core dump. Core dumps have been disabled. To enable core dumping, try "ulimit -c unlimited" before starting Java again
#
# If you would like to submit a bug report, please visit:
#   http://bugreport.sun.com/bugreport/crash.jsp
# The crash happened outside the Java Virtual Machine in native code.
# See problematic frame for where to report the bug.
#

---------------  T H R E A D  ---------------

Current thread (0x00007fce78140000):  JavaThread "JavaFX Application Thread" [_thread_in_native, id=8416, stack(0x00007fce6645c000,0x00007fce6655d000)]

siginfo:si_signo=SIGSEGV: si_errno=0, si_code=1 (SEGV_MAPERR), si_addr=0x00007fcc5c1ff3a0

Registers:
RAX=0x00007fce5c1fef28, RBX=0x00007fce5c1e41a0, RCX=0x0000000000000012, RDX=0xffffffff80000000
RSP=0x00007fce66559190, RBP=0x0000000000000101, RSI=0x00007fce5c1e4290, RDI=0x0000000000000012
R8 =0x000000000000001e, R9 =0x0000000055555556, R10=0x0000000000000007, R11=0x0000000000000000
R12=0x00007fce5c1ff3a0, R13=0x00000000bfbb9db8, R14=0x00007fce66559250, R15=0x00007fce78140000
RIP=0x00007fce661d8e9a, EFLAGS=0x0000000000010206, CSGSFS=0x0000000000000033, ERR=0x0000000000000004
  TRAPNO=0x000000000000000e

Top of Stack: (sp=0x00007fce66559190)
0x00007fce66559190:   00007fce66559220 0000000000000000
0x00007fce665591a0:   00000000bfbb9db8 00007fce66559220
0x00007fce665591b0:   0000000000000000 00007fceb9012cd8
0x00007fce665591c0:   0000000000000000 00007fce665591b8
0x00007fce665591d0:   00000000bed50fcc 00007fce66559228
0x00007fce665591e0:   00007fce665591e0 0000000000000000
0x00007fce665591f0:   00007fce66559250 00000000bfbe4f48
0x00007fce66559200:   0000000000000000 00000000bfbb9db8
0x00007fce66559210:   0000000000000000 00007fce66559240
0x00007fce66559220:   00007fce66559298 00007fceb9006292
0x00007fce66559230:   00000000ec64bba0 00007fceb900ecd2
0x00007fce66559240:   00000000ec650ad0 00007fce5c1e41a0
0x00007fce66559250:   00007fce665592a8 00007fce66559258
0x00007fce66559260:   00000000bfbe7c1d 00007fce665592a8
0x00007fce66559270:   00000000bfbe7fb0 0000000000000000
0x00007fce66559280:   00000000bfbe7c28 00007fce66559240
0x00007fce66559290:   00007fce665592a8 00007fce665592f0
0x00007fce665592a0:   00007fceb9006292 00000000ec650ad0
0x00007fce665592b0:   00007fce665592b0 00000000bf3a1be3
0x00007fce665592c0:   00007fce66559310 00000000bf3a2208
0x00007fce665592d0:   0000000000000000 00000000bf3a1e10
0x00007fce665592e0:   00007fce665592a8 00007fce66559308
0x00007fce665592f0:   00007fce66559358 00007fceb9006058
0x00007fce66559300:   0000000000000001 00000000ec69fab8
0x00007fce66559310:   00000000c3f23348 00007fce66559318
0x00007fce66559320:   00000000bf3a1ed5 00007fce66559370
0x00007fce66559330:   00000000bf3a2208 0000000000000000
0x00007fce66559340:   00000000bf3a1ef8 00007fce66559308
0x00007fce66559350:   00007fce66559368 00007fce665593b8
0x00007fce66559360:   00007fceb9006706 00000000ec69fab8
0x00007fce66559370:   00000000c3f23348 00007fce66559378
0x00007fce66559380:   00000000bf3a0df6 00007fce665593e8 

Instructions: (pc=0x00007fce661d8e9a)
0x00007fce661d8e7a:   24 8e 4c 8b a3 88 00 00 00 f3 41 0f 10 04 94 4c
0x00007fce661d8e8a:   8b 63 78 f3 0f 2a cd 48 63 d5 8b ab c0 00 00 00
0x00007fce661d8e9a:   f3 41 0f 10 14 94 83 ed 01 f3 0f 5c c1 f3 0f 2a
0x00007fce661d8eaa:   cd 0f 2e 08 0f 86 7c 00 00 00 f3 41 0f 10 4c 94 

Register to memory mapping:

RAX=0x00007fce5c1fef28 is an unknown value
RBX=0x00007fce5c1e41a0 is an unknown value
RCX=0x0000000000000012 is an unknown value
RDX=0xffffffff80000000 is an unknown value
RSP=0x00007fce66559190 is pointing into the stack for thread: 0x00007fce78140000
RBP=0x0000000000000101 is an unknown value
RSI=0x00007fce5c1e4290 is an unknown value
RDI=0x0000000000000012 is an unknown value
R8 =0x000000000000001e is an unknown value
R9 =0x0000000055555556 is an unknown value
R10=0x0000000000000007 is an unknown value
R11=0x0000000000000000 is an unknown value
R12=0x00007fce5c1ff3a0 is an unknown value
R13=0x00000000bfbb9db8 is an oop
{method} 
 - klass: {other class}
R14=0x00007fce66559250 is pointing into the stack for thread: 0x00007fce78140000
R15=0x00007fce78140000 is a thread


Stack: [0x00007fce6645c000,0x00007fce6655d000],  sp=0x00007fce66559190,  free space=1012k
Native frames: (J=compiled Java code, j=interpreted, Vv=VM code, C=native code)
C  [libsndobj.so.2.6.5+0x42e9a]  SinAnal::DoProcess()+0x1ba

Java frames: (J=compiled Java code, j=interpreted, Vv=VM code)
j  JSndObj.jsndobjJNI.SinAnal_DoProcess(JLJSndObj/SinAnal;)S+0
j  JSndObj.SinAnal.DoProcess()S+5
j  synthesizer.Synthesizer$2.handle(Ljavafx/event/ActionEvent;)V+51
j  synthesizer.Synthesizer$2.handle(Ljavafx/event/Event;)V+5
j  com.sun.javafx.event.CompositeEventHandler.dispatchBubblingEvent(Ljavafx/event/Event;)V+62
j  com.sun.javafx.event.EventHandlerManager.dispatchBubblingEvent(Ljavafx/event/EventType;Ljavafx/event/Event;)Ljavafx/event/Event;+29
j  com.sun.javafx.event.EventHandlerManager.dispatchBubblingEvent(Ljavafx/event/Event;)Ljavafx/event/Event;+8
j  com.sun.javafx.event.CompositeEventDispatcher.dispatchBubblingEvent(Ljavafx/event/Event;)Ljavafx/event/Event;+11
j  com.sun.javafx.event.BasicEventDispatcher.dispatchEvent(Ljavafx/event/Event;Ljavafx/event/EventDispatchChain;)Ljavafx/event/Event;+29
j  com.sun.javafx.event.EventDispatchChainImpl.dispatchEvent(Ljavafx/event/Event;)Ljavafx/event/Event;+69
j  com.sun.javafx.event.BasicEventDispatcher.dispatchEvent(Ljavafx/event/Event;Ljavafx/event/EventDispatchChain;)Ljavafx/event/Event;+17
j  com.sun.javafx.event.EventDispatchChainImpl.dispatchEvent(Ljavafx/event/Event;)Ljavafx/event/Event;+69
j  com.sun.javafx.event.BasicEventDispatcher.dispatchEvent(Ljavafx/event/Event;Ljavafx/event/EventDispatchChain;)Ljavafx/event/Event;+17
j  com.sun.javafx.event.EventDispatchChainImpl.dispatchEvent(Ljavafx/event/Event;)Ljavafx/event/Event;+69
j  com.sun.javafx.event.EventUtil.fireEventImpl(Ljavafx/event/EventDispatchChain;Ljavafx/event/EventTarget;Ljavafx/event/Event;)Ljavafx/event/Event;+10
j  com.sun.javafx.event.EventUtil.fireEvent(Ljavafx/event/EventTarget;Ljavafx/event/Event;)Ljavafx/event/Event;+37
j  javafx.event.Event.fireEvent(Ljavafx/event/EventTarget;Ljavafx/event/Event;)V+30
j  javafx.scene.Node.fireEvent(Ljavafx/event/Event;)V+86
j  javafx.scene.control.Button.fire()V+8
j  com.sun.javafx.scene.control.behavior.ButtonBehavior.mouseReleased(Ljavafx/scene/input/MouseEvent;)V+23
j  com.sun.javafx.scene.control.skin.SkinBase$4.handle(Ljavafx/scene/input/MouseEvent;)V+83
j  com.sun.javafx.scene.control.skin.SkinBase$4.handle(Ljavafx/event/Event;)V+5
j  com.sun.javafx.event.CompositeEventHandler.dispatchBubblingEvent(Ljavafx/event/Event;)V+42
j  com.sun.javafx.event.EventHandlerManager.dispatchBubblingEvent(Ljavafx/event/EventType;Ljavafx/event/Event;)Ljavafx/event/Event;+29
j  com.sun.javafx.event.EventHandlerManager.dispatchBubblingEvent(Ljavafx/event/Event;)Ljavafx/event/Event;+8
j  com.sun.javafx.event.CompositeEventDispatcher.dispatchBubblingEvent(Ljavafx/event/Event;)Ljavafx/event/Event;+11
j  com.sun.javafx.event.BasicEventDispatcher.dispatchEvent(Ljavafx/event/Event;Ljavafx/event/EventDispatchChain;)Ljavafx/event/Event;+29
j  com.sun.javafx.event.EventDispatchChainImpl.dispatchEvent(Ljavafx/event/Event;)Ljavafx/event/Event;+69
j  com.sun.javafx.event.BasicEventDispatcher.dispatchEvent(Ljavafx/event/Event;Ljavafx/event/EventDispatchChain;)Ljavafx/event/Event;+17
j  com.sun.javafx.event.EventDispatchChainImpl.dispatchEvent(Ljavafx/event/Event;)Ljavafx/event/Event;+69
j  com.sun.javafx.event.BasicEventDispatcher.dispatchEvent(Ljavafx/event/Event;Ljavafx/event/EventDispatchChain;)Ljavafx/event/Event;+17
j  com.sun.javafx.event.EventDispatchChainImpl.dispatchEvent(Ljavafx/event/Event;)Ljavafx/event/Event;+69
j  com.sun.javafx.event.BasicEventDispatcher.dispatchEvent(Ljavafx/event/Event;Ljavafx/event/EventDispatchChain;)Ljavafx/event/Event;+17
j  com.sun.javafx.event.EventDispatchChainImpl.dispatchEvent(Ljavafx/event/Event;)Ljavafx/event/Event;+69
j  com.sun.javafx.event.EventUtil.fireEventImpl(Ljavafx/event/EventDispatchChain;Ljavafx/event/EventTarget;Ljavafx/event/Event;)Ljavafx/event/Event;+10
j  com.sun.javafx.event.EventUtil.fireEvent(Ljavafx/event/EventTarget;Ljavafx/event/Event;)Ljavafx/event/Event;+46
j  javafx.event.Event.fireEvent(Ljavafx/event/EventTarget;Ljavafx/event/Event;)V+30
j  javafx.scene.Scene$MouseHandler.process(Ljavafx/scene/input/MouseEvent;Z)V+405
j  javafx.scene.Scene$MouseHandler.process(Ljavafx/scene/input/MouseEvent;)V+3
j  javafx.scene.Scene$MouseHandler.access$1900(Ljavafx/scene/Scene$MouseHandler;Ljavafx/scene/input/MouseEvent;)V+2
j  javafx.scene.Scene.impl_processMouseEvent(Ljavafx/scene/input/MouseEvent;)V+16
j  javafx.scene.Scene$ScenePeerListener.mouseEvent(Ljava/lang/Object;)V+11
j  com.sun.javafx.tk.quantum.GlassViewEventHandler$MouseEventNotification.run()Ljava/lang/Void;+329
j  com.sun.javafx.tk.quantum.GlassViewEventHandler$MouseEventNotification.run()Ljava/lang/Object;+1
v  ~StubRoutines::call_stub
j  java.security.AccessController.doPrivileged(Ljava/security/PrivilegedAction;Ljava/security/AccessControlContext;)Ljava/lang/Object;+0
j  com.sun.javafx.tk.quantum.GlassViewEventHandler.handleMouseEvent(Lcom/sun/glass/ui/View;JIIIIIIIIZZ)V+117
j  com.sun.glass.ui.View.handleMouseEvent(JIIIIIIIIZZ)V+38
j  com.sun.glass.ui.View.notifyMouse(IIIIIIIZZ)V+184
v  ~StubRoutines::call_stub
j  com.sun.glass.ui.gtk.GtkApplication._runLoop([Ljava/lang/String;Lcom/sun/glass/ui/Launchable;Z)V+0
j  com.sun.glass.ui.gtk.GtkApplication$3$1.run()V+38
j  java.lang.Thread.run()V+11
v  ~StubRoutines::call_stub

---------------  P R O C E S S  ---------------

Java Threads: ( => current thread )
  0x00007fce7c04b800 JavaThread "Java2D Disposer" daemon [_thread_blocked, id=8418, stack(0x00007fce650cd000,0x00007fce651ce000)]
  0x00007fce5c0c5000 JavaThread "Prism Font Disposer" daemon [_thread_blocked, id=8417, stack(0x00007fce6592d000,0x00007fce65a2e000)]
=>0x00007fce78140000 JavaThread "JavaFX Application Thread" [_thread_in_native, id=8416, stack(0x00007fce6645c000,0x00007fce6655d000)]
  0x00007fce7813f800 JavaThread "Thread-3" daemon [_thread_blocked, id=8415, stack(0x00007fce6c03e000,0x00007fce6c13f000)]
  0x00007fce78089000 JavaThread "Disposer" daemon [_thread_blocked, id=8412, stack(0x00007fcea80f4000,0x00007fcea81f5000)]
  0x00007fce78081000 JavaThread "QuantumRenderer-0" daemon [_thread_blocked, id=8411, stack(0x00007fcea8fe1000,0x00007fcea90e2000)]
  0x00007fcebc138000 JavaThread "JavaFX-Launcher" [_thread_blocked, id=8410, stack(0x00007fcea9124000,0x00007fcea9225000)]
  0x00007fcebc11f800 JavaThread "traceMsgQueueThread" daemon [_thread_blocked, id=8409, stack(0x00007fcea9455000,0x00007fcea9556000)]
  0x00007fcebc096000 JavaThread "Service Thread" daemon [_thread_blocked, id=8407, stack(0x00007fcea9657000,0x00007fcea9758000)]
  0x00007fcebc094000 JavaThread "C2 CompilerThread1" daemon [_thread_blocked, id=8406, stack(0x00007fcea9758000,0x00007fcea9859000)]
  0x00007fcebc091000 JavaThread "C2 CompilerThread0" daemon [_thread_blocked, id=8405, stack(0x00007fcea9859000,0x00007fcea995a000)]
  0x00007fcebc086800 JavaThread "Signal Dispatcher" daemon [_thread_blocked, id=8404, stack(0x00007fcea995a000,0x00007fcea9a5b000)]
  0x00007fcebc070800 JavaThread "Finalizer" daemon [_thread_blocked, id=8403, stack(0x00007fcea9a5b000,0x00007fcea9b5c000)]
  0x00007fcebc06c800 JavaThread "Reference Handler" daemon [_thread_blocked, id=8402, stack(0x00007fcea9b5c000,0x00007fcea9c5d000)]
  0x00007fcebc00a800 JavaThread "main" [_thread_blocked, id=8396, stack(0x00007fcec3a00000,0x00007fcec3b01000)]

Other Threads:
  0x00007fcebc06a000 VMThread [stack: 0x00007fcea9c5d000,0x00007fcea9d5e000] [id=8401]
  0x00007fcebc0a9000 WatcherThread [stack: 0x00007fcea9556000,0x00007fcea9657000] [id=8408]

VM state:not at safepoint (normal execution)

VM Mutex/Monitor currently owned by a thread: None

Heap
 PSYoungGen      total 33280K, used 10822K [0x00000000ebf00000, 0x00000000ee200000, 0x0000000100000000)
  eden space 30720K, 26% used [0x00000000ebf00000,0x00000000ec717bc8,0x00000000edd00000)
  from space 2560K, 99% used [0x00000000edf80000,0x00000000ee1f9cf8,0x00000000ee200000)
  to   space 2560K, 0% used [0x00000000edd00000,0x00000000edd00000,0x00000000edf80000)
 ParOldGen       total 40960K, used 3561K [0x00000000c3e00000, 0x00000000c6600000, 0x00000000ebf00000)
  object space 40960K, 8% used [0x00000000c3e00000,0x00000000c417a5c0,0x00000000c6600000)
 PSPermGen       total 21504K, used 16297K [0x00000000bec00000, 0x00000000c0100000, 0x00000000c3e00000)
  object space 21504K, 75% used [0x00000000bec00000,0x00000000bfbea438,0x00000000c0100000)

Card table byte_map: [0x00007fcec08fa000,0x00007fcec0b05000] byte_map_base: 0x00007fcec0304000

Polling page: 0x00007fcec3b1d000

Code Cache  [0x00007fceb9000000, 0x00007fceb9270000, 0x00007fcebc000000)
 total_blobs=912 nmethods=119 adapters=746 free_code_cache=48096Kb largest_free_block=49227072

Compilation events (10 events):
Event: 5.816 Thread 0x00007fcebc094000 nmethod 115 0x00007fceb9106290 code [0x00007fceb91063c0, 0x00007fceb9106418]
Event: 5.816 Thread 0x00007fcebc091000 nmethod 113 0x00007fceb91088d0 code [0x00007fceb9108a40, 0x00007fceb9108d48]
Event: 6.674 Thread 0x00007fcebc094000  116             com.sun.javafx.css.StyleableProperty::getConverter (5 bytes)
Event: 6.675 Thread 0x00007fcebc094000 nmethod 116 0x00007fceb91071d0 code [0x00007fceb9107300, 0x00007fceb9107358]
Event: 7.237 Thread 0x00007fcebc091000  117             java.util.ArrayList::access$100 (5 bytes)
Event: 7.237 Thread 0x00007fcebc094000  118             com.sun.javafx.scene.DirtyBits::getMask (5 bytes)
Event: 7.237 Thread 0x00007fcebc094000 nmethod 118 0x00007fceb9109550 code [0x00007fceb9109680, 0x00007fceb91096d8]
Event: 7.237 Thread 0x00007fcebc091000 nmethod 117 0x00007fceb9109350 code [0x00007fceb9109480, 0x00007fceb91094d8]
Event: 7.240 Thread 0x00007fcebc091000  119  s          sun.java2d.loops.GraphicsPrimitiveMgr::locatePrim (96 bytes)
Event: 7.259 Thread 0x00007fcebc091000 nmethod 119 0x00007fceb9109bd0 code [0x00007fceb9109dc0, 0x00007fceb910ab58]

GC Heap History (4 events):
Event: 0.522 GC heap before
{Heap before GC invocations=1 (full 0):
 PSYoungGen      total 17920K, used 15360K [0x00000000ebf00000, 0x00000000ed300000, 0x0000000100000000)
  eden space 15360K, 100% used [0x00000000ebf00000,0x00000000ece00000,0x00000000ece00000)
  from space 2560K, 0% used [0x00000000ed080000,0x00000000ed080000,0x00000000ed300000)
  to   space 2560K, 0% used [0x00000000ece00000,0x00000000ece00000,0x00000000ed080000)
 ParOldGen       total 40960K, used 0K [0x00000000c3e00000, 0x00000000c6600000, 0x00000000ebf00000)
  object space 40960K, 0% used [0x00000000c3e00000,0x00000000c3e00000,0x00000000c6600000)
 PSPermGen       total 21504K, used 9530K [0x00000000bec00000, 0x00000000c0100000, 0x00000000c3e00000)
  object space 21504K, 44% used [0x00000000bec00000,0x00000000bf54ea38,0x00000000c0100000)
Event: 0.528 GC heap after
Heap after GC invocations=1 (full 0):
 PSYoungGen      total 17920K, used 2528K [0x00000000ebf00000, 0x00000000ee200000, 0x0000000100000000)
  eden space 15360K, 0% used [0x00000000ebf00000,0x00000000ebf00000,0x00000000ece00000)
  from space 2560K, 98% used [0x00000000ece00000,0x00000000ed078040,0x00000000ed080000)
  to   space 2560K, 0% used [0x00000000edf80000,0x00000000edf80000,0x00000000ee200000)
 ParOldGen       total 40960K, used 283K [0x00000000c3e00000, 0x00000000c6600000, 0x00000000ebf00000)
  object space 40960K, 0% used [0x00000000c3e00000,0x00000000c3e46fd0,0x00000000c6600000)
 PSPermGen       total 21504K, used 9530K [0x00000000bec00000, 0x00000000c0100000, 0x00000000c3e00000)
  object space 21504K, 44% used [0x00000000bec00000,0x00000000bf54ea38,0x00000000c0100000)
}
Event: 1.048 GC heap before
{Heap before GC invocations=2 (full 0):
 PSYoungGen      total 17920K, used 15870K [0x00000000ebf00000, 0x00000000ee200000, 0x0000000100000000)
  eden space 15360K, 86% used [0x00000000ebf00000,0x00000000ecc079a0,0x00000000ece00000)
  from space 2560K, 98% used [0x00000000ece00000,0x00000000ed078040,0x00000000ed080000)
  to   space 2560K, 0% used [0x00000000edf80000,0x00000000edf80000,0x00000000ee200000)
 ParOldGen       total 40960K, used 283K [0x00000000c3e00000, 0x00000000c6600000, 0x00000000ebf00000)
  object space 40960K, 0% used [0x00000000c3e00000,0x00000000c3e46fd0,0x00000000c6600000)
 PSPermGen       total 21504K, used 13608K [0x00000000bec00000, 0x00000000c0100000, 0x00000000c3e00000)
  object space 21504K, 63% used [0x00000000bec00000,0x00000000bf94a0a0,0x00000000c0100000)
Event: 1.054 GC heap after
Heap after GC invocations=2 (full 0):
 PSYoungGen      total 33280K, used 2535K [0x00000000ebf00000, 0x00000000ee200000, 0x0000000100000000)
  eden space 30720K, 0% used [0x00000000ebf00000,0x00000000ebf00000,0x00000000edd00000)
  from space 2560K, 99% used [0x00000000edf80000,0x00000000ee1f9cf8,0x00000000ee200000)
  to   space 2560K, 0% used [0x00000000edd00000,0x00000000edd00000,0x00000000edf80000)
 ParOldGen       total 40960K, used 3561K [0x00000000c3e00000, 0x00000000c6600000, 0x00000000ebf00000)
  object space 40960K, 8% used [0x00000000c3e00000,0x00000000c417a5c0,0x00000000c6600000)
 PSPermGen       total 21504K, used 13608K [0x00000000bec00000, 0x00000000c0100000, 0x00000000c3e00000)
  object space 21504K, 63% used [0x00000000bec00000,0x00000000bf94a0a0,0x00000000c0100000)
}

Deoptimization events (10 events):
Event: 0.737 Thread 0x00007fce78140000 Uncommon trap: reason=bimorphic action=maybe_recompile pc=0x00007fceb9097984 method=java.util.Collections$UnmodifiableList.get(I)Ljava/lang/Object; @ 5
Event: 0.737 Thread 0x00007fce78140000 Uncommon trap: reason=bimorphic action=maybe_recompile pc=0x00007fceb909a4e4 method=java.util.Collections$UnmodifiableCollection.size()I @ 4
Event: 0.753 Thread 0x00007fce78140000 Uncommon trap: reason=predicate action=maybe_recompile pc=0x00007fceb90981f0 method=java.util.Arrays.fill([Ljava/lang/Object;Ljava/lang/Object;)V @ 10
Event: 0.780 Thread 0x00007fce78140000 Uncommon trap: reason=null_check action=make_not_entrant pc=0x00007fceb90b0798 method=com.sun.javafx.css.SimpleSelector.mightApply(Ljava/lang/String;Ljava/lang/String;Ljava/util/List;)Z @ 29
Event: 0.785 Thread 0x00007fce78140000 Uncommon trap: reason=array_check action=maybe_recompile pc=0x00007fceb90ab078 method=java.util.Arrays.fill([Ljava/lang/Object;Ljava/lang/Object;)V @ 13
Event: 0.785 Thread 0x00007fce78140000 Uncommon trap: reason=array_check action=maybe_recompile pc=0x00007fceb90ab078 method=java.util.Arrays.fill([Ljava/lang/Object;Ljava/lang/Object;)V @ 13
Event: 0.785 Thread 0x00007fce78140000 Uncommon trap: reason=array_check action=maybe_recompile pc=0x00007fceb90ab078 method=java.util.Arrays.fill([Ljava/lang/Object;Ljava/lang/Object;)V @ 13
Event: 0.785 Thread 0x00007fce78140000 Uncommon trap: reason=array_check action=maybe_recompile pc=0x00007fceb90ab078 method=java.util.Arrays.fill([Ljava/lang/Object;Ljava/lang/Object;)V @ 13
Event: 0.996 Thread 0x00007fce78140000 Uncommon trap: reason=null_check action=make_not_entrant pc=0x00007fceb90a4374 method=javafx.scene.Node.getParent()Ljavafx/scene/Parent; @ 18
Event: 1.057 Thread 0x00007fce78081000 Uncommon trap: reason=bimorphic action=maybe_recompile pc=0x00007fceb909a4e4 method=java.util.Collections$UnmodifiableCollection.size()I @ 4

Internal exceptions (10 events):
Event: 0.737 Thread 0x00007fce78140000 Threw 0x00000000ec78e608 at /HUDSON/workspace/7u-2-build-linux-amd64/jdk7u45/229/hotspot/src/share/vm/prims/jvm.cpp:1244
Event: 0.780 Thread 0x00007fce78140000 Implicit null exception at 0x00007fceb90ae182 to 0x00007fceb90b06e9
Event: 0.996 Thread 0x00007fce78140000 Implicit null exception at 0x00007fceb90a431a to 0x00007fceb90a4369
Event: 1.058 Thread 0x00007fce78081000 Threw 0x00000000ec2e9a90 at /HUDSON/workspace/7u-2-build-linux-amd64/jdk7u45/229/hotspot/src/share/vm/prims/jni.cpp:717
Event: 1.058 Thread 0x00007fce78081000 Threw 0x00000000ec2ea2a8 at /HUDSON/workspace/7u-2-build-linux-amd64/jdk7u45/229/hotspot/src/share/vm/prims/jni.cpp:717
Event: 1.059 Thread 0x00007fce78081000 Threw 0x00000000ec2ec310 at /HUDSON/workspace/7u-2-build-linux-amd64/jdk7u45/229/hotspot/src/share/vm/prims/jvm.cpp:1244
Event: 1.062 Thread 0x00007fce78081000 Threw 0x00000000ec303750 at /HUDSON/workspace/7u-2-build-linux-amd64/jdk7u45/229/hotspot/src/share/vm/prims/jvm.cpp:1244
Event: 1.062 Thread 0x00007fce78081000 Threw 0x00000000ec305b90 at /HUDSON/workspace/7u-2-build-linux-amd64/jdk7u45/229/hotspot/src/share/vm/prims/jvm.cpp:1244
Event: 1.063 Thread 0x00007fce78081000 Threw 0x00000000ec307698 at /HUDSON/workspace/7u-2-build-linux-amd64/jdk7u45/229/hotspot/src/share/vm/prims/jvm.cpp:1244
Event: 1.198 Thread 0x00007fce78081000 Threw 0x00000000ec505c98 at /HUDSON/workspace/7u-2-build-linux-amd64/jdk7u45/229/hotspot/src/share/vm/prims/jvm.cpp:1244

Events (10 events):
Event: 4.056 Executing VM operation: EnableBiasedLocking
Event: 4.056 Executing VM operation: EnableBiasedLocking done
Event: 5.756 loading class 0x00007fce5c097720
Event: 5.756 loading class 0x00007fce5c097720 done
Event: 5.757 loading class 0x00007fce5c097ba0
Event: 5.757 loading class 0x00007fce5c097ba0 done
Event: 5.761 loading class 0x00007fcec010bc90
Event: 5.761 loading class 0x00007fcec010bc90 done
Event: 5.763 loading class 0x00007fce5c098160
Event: 5.763 loading class 0x00007fce5c098160 done


Dynamic libraries:
00400000-00401000 r-xp 00000000 08:02 9176824                            /usr/lib/jvm/jdk1.7.0_45/bin/java
00600000-00601000 rw-p 00000000 08:02 9176824                            /usr/lib/jvm/jdk1.7.0_45/bin/java
021ad000-021ce000 rw-p 00000000 00:00 0                                  [heap]
bec00000-c0100000 rw-p 00000000 00:00 0 
c0100000-c3e00000 rw-p 00000000 00:00 0 
c3e00000-c6600000 rw-p 00000000 00:00 0 
c6600000-ebf00000 rw-p 00000000 00:00 0 
ebf00000-ee200000 rw-p 00000000 00:00 0 
ee200000-100000000 rw-p 00000000 00:00 0 
7fce20000000-7fce20022000 rw-p 00000000 00:00 0 
7fce20022000-7fce24000000 ---p 00000000 00:00 0 
7fce28000000-7fce28022000 rw-p 00000000 00:00 0 
7fce28022000-7fce2c000000 ---p 00000000 00:00 0 
7fce2c000000-7fce2c022000 rw-p 00000000 00:00 0 
7fce2c022000-7fce30000000 ---p 00000000 00:00 0 
7fce32ffe000-7fce32fff000 ---p 00000000 00:00 0 
7fce32fff000-7fce337ff000 rw-p 00000000 00:00 0 
7fce34000000-7fce34022000 rw-p 00000000 00:00 0 
7fce34022000-7fce38000000 ---p 00000000 00:00 0 
7fce38000000-7fce38022000 rw-p 00000000 00:00 0 
7fce38022000-7fce3c000000 ---p 00000000 00:00 0 
7fce3c000000-7fce3c022000 rw-p 00000000 00:00 0 
7fce3c022000-7fce40000000 ---p 00000000 00:00 0 
7fce40000000-7fce40022000 rw-p 00000000 00:00 0 
7fce40022000-7fce44000000 ---p 00000000 00:00 0 
7fce44529000-7fce4452a000 ---p 00000000 00:00 0 
7fce4452a000-7fce44d2a000 rw-p 00000000 00:00 0 
7fce44d2a000-7fce44d2b000 ---p 00000000 00:00 0 
7fce44d2b000-7fce4552b000 rw-p 00000000 00:00 0 
7fce4552b000-7fce4552c000 ---p 00000000 00:00 0 
7fce4552c000-7fce45d2c000 rw-p 00000000 00:00 0 
7fce45d2c000-7fce45d70000 r-xp 00000000 08:02 5904258                    /usr/lib/x86_64-linux-gnu/libibus-1.0.so.0.401.0
7fce45d70000-7fce45f6f000 ---p 00044000 08:02 5904258                    /usr/lib/x86_64-linux-gnu/libibus-1.0.so.0.401.0
7fce45f6f000-7fce45f71000 r--p 00043000 08:02 5904258                    /usr/lib/x86_64-linux-gnu/libibus-1.0.so.0.401.0
7fce45f71000-7fce45f72000 rw-p 00045000 08:02 5904258                    /usr/lib/x86_64-linux-gnu/libibus-1.0.so.0.401.0
7fce45f72000-7fce45f73000 rw-p 00000000 00:00 0 
7fce45f73000-7fce45f79000 r-xp 00000000 08:02 6164765                    /usr/lib/x86_64-linux-gnu/gtk-2.0/2.10.0/immodules/im-ibus.so
7fce45f79000-7fce46178000 ---p 00006000 08:02 6164765                    /usr/lib/x86_64-linux-gnu/gtk-2.0/2.10.0/immodules/im-ibus.so
7fce46178000-7fce46179000 r--p 00005000 08:02 6164765                    /usr/lib/x86_64-linux-gnu/gtk-2.0/2.10.0/immodules/im-ibus.so
7fce46179000-7fce4617a000 rw-p 00006000 08:02 6164765                    /usr/lib/x86_64-linux-gnu/gtk-2.0/2.10.0/immodules/im-ibus.so
7fce4617a000-7fce461cc000 r--p 00000000 08:02 9046012                    /usr/share/fonts/truetype/ubuntu-font-family/Ubuntu-B.ttf
7fce479cf000-7fce479d1000 r-xp 00000000 08:02 6030445                    /usr/lib/x86_64-linux-gnu/pango/1.6.0/modules/pango-basic-fc.so
7fce479d1000-7fce47bd0000 ---p 00002000 08:02 6030445                    /usr/lib/x86_64-linux-gnu/pango/1.6.0/modules/pango-basic-fc.so
7fce47bd0000-7fce47bd1000 r--p 00001000 08:02 6030445                    /usr/lib/x86_64-linux-gnu/pango/1.6.0/modules/pango-basic-fc.so
7fce47bd1000-7fce47bd2000 rw-p 00002000 08:02 6030445                    /usr/lib/x86_64-linux-gnu/pango/1.6.0/modules/pango-basic-fc.so
7fce47bd2000-7fce47bec000 r-xp 00000000 08:02 5903403                    /usr/lib/x86_64-linux-gnu/libdbusmenu-glib.so.4.0.13
7fce47bec000-7fce47deb000 ---p 0001a000 08:02 5903403                    /usr/lib/x86_64-linux-gnu/libdbusmenu-glib.so.4.0.13
7fce47deb000-7fce47dec000 r--p 00019000 08:02 5903403                    /usr/lib/x86_64-linux-gnu/libdbusmenu-glib.so.4.0.13
7fce47dec000-7fce47ded000 rw-p 0001a000 08:02 5903403                    /usr/lib/x86_64-linux-gnu/libdbusmenu-glib.so.4.0.13
7fce47ded000-7fce47dff000 r-xp 00000000 08:02 5903449                    /usr/lib/x86_64-linux-gnu/libdbusmenu-gtk.so.4.0.13
7fce47dff000-7fce47ffe000 ---p 00012000 08:02 5903449                    /usr/lib/x86_64-linux-gnu/libdbusmenu-gtk.so.4.0.13
7fce47ffe000-7fce47fff000 r--p 00011000 08:02 5903449                    /usr/lib/x86_64-linux-gnu/libdbusmenu-gtk.so.4.0.13
7fce47fff000-7fce48000000 rw-p 00012000 08:02 5903449                    /usr/lib/x86_64-linux-gnu/libdbusmenu-gtk.so.4.0.13
7fce48000000-7fce48022000 rw-p 00000000 00:00 0 
7fce48022000-7fce4c000000 ---p 00000000 00:00 0 
7fce4c01b000-7fce4c020000 r-xp 00000000 08:02 6030473                    /usr/lib/x86_64-linux-gnu/gtk-2.0/2.10.0/menuproxies/libappmenu.so
7fce4c020000-7fce4c21f000 ---p 00005000 08:02 6030473                    /usr/lib/x86_64-linux-gnu/gtk-2.0/2.10.0/menuproxies/libappmenu.so
7fce4c21f000-7fce4c220000 r--p 00004000 08:02 6030473                    /usr/lib/x86_64-linux-gnu/gtk-2.0/2.10.0/menuproxies/libappmenu.so
7fce4c220000-7fce4c221000 rw-p 00005000 08:02 6030473                    /usr/lib/x86_64-linux-gnu/gtk-2.0/2.10.0/menuproxies/libappmenu.so
7fce4c221000-7fce4c222000 ---p 00000000 00:00 0 
7fce4c222000-7fce4ca22000 rw-p 00000000 00:00 0                          [stack:8428]
7fce4cfc9000-7fce4d022000 r-xp 00000000 08:02 5913470                    /usr/lib/lib_jsndobj.so
7fce4d022000-7fce4d221000 ---p 00059000 08:02 5913470                    /usr/lib/lib_jsndobj.so
7fce4d221000-7fce4d222000 r--p 00058000 08:02 5913470                    /usr/lib/lib_jsndobj.so
7fce4d222000-7fce4d223000 rw-p 00059000 08:02 5913470                    /usr/lib/lib_jsndobj.so
7fce4d223000-7fce4d374000 r-xp 00000000 08:02 5903380                    /usr/lib/x86_64-linux-gnu/libxml2.so.2.7.8
7fce4d374000-7fce4d574000 ---p 00151000 08:02 5903380                    /usr/lib/x86_64-linux-gnu/libxml2.so.2.7.8
7fce4d574000-7fce4d57c000 r--p 00151000 08:02 5903380                    /usr/lib/x86_64-linux-gnu/libxml2.so.2.7.8
7fce4d57c000-7fce4d57e000 rw-p 00159000 08:02 5903380                    /usr/lib/x86_64-linux-gnu/libxml2.so.2.7.8
7fce4d57e000-7fce4d57f000 rw-p 00000000 00:00 0 
7fce4d57f000-7fce4d5b6000 r-xp 00000000 08:02 5903855                    /usr/lib/x86_64-linux-gnu/libcroco-0.6.so.3.0.1
7fce4d5b6000-7fce4d7b5000 ---p 00037000 08:02 5903855                    /usr/lib/x86_64-linux-gnu/libcroco-0.6.so.3.0.1
7fce4d7b5000-7fce4d7b8000 r--p 00036000 08:02 5903855                    /usr/lib/x86_64-linux-gnu/libcroco-0.6.so.3.0.1
7fce4d7b8000-7fce4d7b9000 rw-p 00039000 08:02 5903855                    /usr/lib/x86_64-linux-gnu/libcroco-0.6.so.3.0.1
7fce4d7b9000-7fce4d7ed000 r-xp 00000000 08:02 5903857                    /usr/lib/x86_64-linux-gnu/librsvg-2.so.2.36.1
7fce4d7ed000-7fce4d9ec000 ---p 00034000 08:02 5903857                    /usr/lib/x86_64-linux-gnu/librsvg-2.so.2.36.1
7fce4d9ec000-7fce4d9ed000 r--p 00033000 08:02 5903857                    /usr/lib/x86_64-linux-gnu/librsvg-2.so.2.36.1
7fce4d9ed000-7fce4d9ee000 rw-p 00034000 08:02 5903857                    /usr/lib/x86_64-linux-gnu/librsvg-2.so.2.36.1
7fce4d9ee000-7fce4d9f0000 r-xp 00000000 08:02 6033119                    /usr/lib/x86_64-linux-gnu/gdk-pixbuf-2.0/2.10.0/loaders/libpixbufloader-svg.so
7fce4d9f0000-7fce4dbef000 ---p 00002000 08:02 6033119                    /usr/lib/x86_64-linux-gnu/gdk-pixbuf-2.0/2.10.0/loaders/libpixbufloader-svg.so
7fce4dbef000-7fce4dbf0000 r--p 00001000 08:02 6033119                    /usr/lib/x86_64-linux-gnu/gdk-pixbuf-2.0/2.10.0/loaders/libpixbufloader-svg.so
7fce4dbf0000-7fce4dbf1000 rw-p 00002000 08:02 6033119                    /usr/lib/x86_64-linux-gnu/gdk-pixbuf-2.0/2.10.0/loaders/libpixbufloader-svg.so
7fce4dbf1000-7fce4ee9c000 r--p 00000000 08:02 6172673                    /usr/share/icons/hicolor/icon-theme.cache
7fce4ee9c000-7fce4f787000 r--p 00000000 08:02 6300108                    /usr/share/icons/gnome/icon-theme.cache
7fce4f787000-7fce4f797000 r-xp 00000000 08:02 6033371                    /usr/lib/x86_64-linux-gnu/gio/modules/libgioremote-volume-monitor.so
7fce4f797000-7fce4f996000 ---p 00010000 08:02 6033371                    /usr/lib/x86_64-linux-gnu/gio/modules/libgioremote-volume-monitor.so
7fce4f996000-7fce4f997000 r--p 0000f000 08:02 6033371                    /usr/lib/x86_64-linux-gnu/gio/modules/libgioremote-volume-monitor.so
7fce4f997000-7fce4f998000 rw-p 00010000 08:02 6033371                    /usr/lib/x86_64-linux-gnu/gio/modules/libgioremote-volume-monitor.so
7fce4f998000-7fce4f9a4000 r-xp 00000000 08:02 7864410                    /lib/x86_64-linux-gnu/libudev.so.0.13.0
7fce4f9a4000-7fce4fba3000 ---p 0000c000 08:02 7864410                    /lib/x86_64-linux-gnu/libudev.so.0.13.0
7fce4fba3000-7fce4fba4000 r--p 0000b000 08:02 7864410                    /lib/x86_64-linux-gnu/libudev.so.0.13.0
7fce4fba4000-7fce4fba5000 rw-p 0000c000 08:02 7864410                    /lib/x86_64-linux-gnu/libudev.so.0.13.0
7fce4fba5000-7fce4fbe7000 r-xp 00000000 08:02 7864396                    /lib/x86_64-linux-gnu/libdbus-1.so.3.5.8
7fce4fbe7000-7fce4fde7000 ---p 00042000 08:02 7864396                    /lib/x86_64-linux-gnu/libdbus-1.so.3.5.8
7fce4fde7000-7fce4fde8000 r--p 00042000 08:02 7864396                    /lib/x86_64-linux-gnu/libdbus-1.so.3.5.8
7fce4fde8000-7fce4fde9000 rw-p 00043000 08:02 7864396                    /lib/x86_64-linux-gnu/libdbus-1.so.3.5.8
7fce4fde9000-7fce4fdff000 r-xp 00000000 08:02 6686470                    /usr/lib/x86_64-linux-gnu/gvfs/libgvfscommon.so
7fce4fdff000-7fce4fffe000 ---p 00016000 08:02 6686470                    /usr/lib/x86_64-linux-gnu/gvfs/libgvfscommon.so
7fce4fffe000-7fce4ffff000 r--p 00015000 08:02 6686470                    /usr/lib/x86_64-linux-gnu/gvfs/libgvfscommon.so
7fce4ffff000-7fce50000000 rw-p 00016000 08:02 6686470                    /usr/lib/x86_64-linux-gnu/gvfs/libgvfscommon.so
7fce50000000-7fce50021000 rw-p 00000000 00:00 0 
7fce50021000-7fce54000000 ---p 00000000 00:00 0 
7fce54000000-7fce54021000 rw-p 00000000 00:00 0 
7fce54021000-7fce58000000 ---p 00000000 00:00 0 
7fce58000000-7fce58021000 rw-p 00000000 00:00 0 
7fce58021000-7fce5c000000 ---p 00000000 00:00 0 
7fce5c000000-7fce5c49e000 rw-p 00000000 00:00 0 
7fce5c49e000-7fce60000000 ---p 00000000 00:00 0 
7fce60000000-7fce60022000 rw-p 00000000 00:00 0 
7fce60022000-7fce64000000 ---p 00000000 00:00 0 
7fce6400b000-7fce6406b000 rw-s 00000000 00:04 593002529                  /SYSV00000000 (deleted)
7fce6406b000-7fce64154000 r--p 00000000 08:02 6165433                    /usr/share/icons/Humanity/icon-theme.cache
7fce64154000-7fce6417c000 r-xp 00000000 08:02 6033370                    /usr/lib/x86_64-linux-gnu/gio/modules/libgvfsdbus.so
7fce6417c000-7fce6437b000 ---p 00028000 08:02 6033370                    /usr/lib/x86_64-linux-gnu/gio/modules/libgvfsdbus.so
7fce6437b000-7fce6437c000 r--p 00027000 08:02 6033370                    /usr/lib/x86_64-linux-gnu/gio/modules/libgvfsdbus.so
7fce6437c000-7fce6437d000 rw-p 00028000 08:02 6033370                    /usr/lib/x86_64-linux-gnu/gio/modules/libgvfsdbus.so
7fce6437d000-7fce643e5000 r-xp 00000000 08:02 10749464                   /usr/lib/jvm/jdk1.7.0_45/jre/lib/amd64/libt2k.so
7fce643e5000-7fce645e5000 ---p 00068000 08:02 10749464                   /usr/lib/jvm/jdk1.7.0_45/jre/lib/amd64/libt2k.so
7fce645e5000-7fce645ec000 rw-p 00068000 08:02 10749464                   /usr/lib/jvm/jdk1.7.0_45/jre/lib/amd64/libt2k.so
7fce645ec000-7fce645fc000 rw-p 00000000 00:00 0 
7fce645fc000-7fce6460c000 r-xp 00000000 08:02 10749498                   /usr/lib/jvm/jdk1.7.0_45/jre/lib/amd64/libnio.so
7fce6460c000-7fce6480c000 ---p 00010000 08:02 10749498                   /usr/lib/jvm/jdk1.7.0_45/jre/lib/amd64/libnio.so
7fce6480c000-7fce6480d000 rw-p 00010000 08:02 10749498                   /usr/lib/jvm/jdk1.7.0_45/jre/lib/amd64/libnio.so
7fce6480d000-7fce64814000 r-xp 00000000 08:02 7867765                    /lib/x86_64-linux-gnu/libnss_dns-2.15.so
7fce64814000-7fce64a13000 ---p 00007000 08:02 7867765                    /lib/x86_64-linux-gnu/libnss_dns-2.15.so
7fce64a13000-7fce64a14000 r--p 00006000 08:02 7867765                    /lib/x86_64-linux-gnu/libnss_dns-2.15.so
7fce64a14000-7fce64a15000 rw-p 00007000 08:02 7867765                    /lib/x86_64-linux-gnu/libnss_dns-2.15.so
7fce64a15000-7fce64a2b000 r-xp 00000000 08:02 10749449                   /usr/lib/jvm/jdk1.7.0_45/jre/lib/amd64/libnet.so
7fce64a2b000-7fce64c2b000 ---p 00016000 08:02 10749449                   /usr/lib/jvm/jdk1.7.0_45/jre/lib/amd64/libnet.so
7fce64c2b000-7fce64c2c000 rw-p 00016000 08:02 10749449                   /usr/lib/jvm/jdk1.7.0_45/jre/lib/amd64/libnet.so
7fce64c2c000-7fce64c8c000 r-xp 00000000 08:02 10749492                   /usr/lib/jvm/jdk1.7.0_45/jre/lib/amd64/libfontmanager.so
7fce64c8c000-7fce64e8b000 ---p 00060000 08:02 10749492                   /usr/lib/jvm/jdk1.7.0_45/jre/lib/amd64/libfontmanager.so
7fce64e8b000-7fce64e8f000 rw-p 0005f000 08:02 10749492                   /usr/lib/jvm/jdk1.7.0_45/jre/lib/amd64/libfontmanager.so
7fce64e8f000-7fce64ea0000 rw-p 00000000 00:00 0 
7fce64ea0000-7fce64eca000 r-xp 00000000 08:02 10749487                   /usr/lib/jvm/jdk1.7.0_45/jre/lib/amd64/libdcpr.so
7fce64eca000-7fce650ca000 ---p 0002a000 08:02 10749487                   /usr/lib/jvm/jdk1.7.0_45/jre/lib/amd64/libdcpr.so
7fce650ca000-7fce650cd000 rw-p 0002a000 08:02 10749487                   /usr/lib/jvm/jdk1.7.0_45/jre/lib/amd64/libdcpr.so
7fce650cd000-7fce650d0000 ---p 00000000 00:00 0 
7fce650d0000-7fce651ce000 rw-p 00000000 00:00 0                          [stack:8418]
7fce651ce000-7fce6521e000 r-xp 00000000 08:02 10749501                   /usr/lib/jvm/jdk1.7.0_45/jre/lib/amd64/xawt/libmawt.so
7fce6521e000-7fce6541e000 ---p 00050000 08:02 10749501                   /usr/lib/jvm/jdk1.7.0_45/jre/lib/amd64/xawt/libmawt.so
7fce6541e000-7fce65422000 rw-p 00050000 08:02 10749501                   /usr/lib/jvm/jdk1.7.0_45/jre/lib/amd64/xawt/libmawt.so
7fce65422000-7fce65423000 rw-p 00000000 00:00 0 
7fce65423000-7fce654c5000 r-xp 00000000 08:02 10749457                   /usr/lib/jvm/jdk1.7.0_45/jre/lib/amd64/libawt.so
7fce654c5000-7fce656c5000 ---p 000a2000 08:02 10749457                   /usr/lib/jvm/jdk1.7.0_45/jre/lib/amd64/libawt.so
7fce656c5000-7fce656d1000 rw-p 000a2000 08:02 10749457                   /usr/lib/jvm/jdk1.7.0_45/jre/lib/amd64/libawt.so
7fce656d1000-7fce656f5000 rw-p 00000000 00:00 0 
7fce656f5000-7fce6572b000 r-xp 00000000 08:02 10749506                   /usr/lib/jvm/jdk1.7.0_45/jre/lib/amd64/libjavafx-iio.so
7fce6572b000-7fce6592b000 ---p 00036000 08:02 10749506                   /usr/lib/jvm/jdk1.7.0_45/jre/lib/amd64/libjavafx-iio.so
7fce6592b000-7fce6592c000 r--p 00036000 08:02 10749506                   /usr/lib/jvm/jdk1.7.0_45/jre/lib/amd64/libjavafx-iio.so
7fce6592c000-7fce6592d000 rw-p 00037000 08:02 10749506                   /usr/lib/jvm/jdk1.7.0_45/jre/lib/amd64/libjavafx-iio.so
7fce6592d000-7fce65930000 ---p 00000000 00:00 0 
7fce65930000-7fce65a2e000 rw-p 00000000 00:00 0                          [stack:8417]
7fce65a2e000-7fce65a86000 r-xp 00000000 08:02 10749455                   /usr/lib/jvm/jdk1.7.0_45/jre/lib/amd64/libjavafx-font.so
7fce65a86000-7fce65c85000 ---p 00058000 08:02 10749455                   /usr/lib/jvm/jdk1.7.0_45/jre/lib/amd64/libjavafx-font.so
7fce65c85000-7fce65c8a000 r--p 00057000 08:02 10749455                   /usr/lib/jvm/jdk1.7.0_45/jre/lib/amd64/libjavafx-font.so
7fce65c8a000-7fce65c8b000 rw-p 0005c000 08:02 10749455                   /usr/lib/jvm/jdk1.7.0_45/jre/lib/amd64/libjavafx-font.so
7fce65c8b000-7fce65c8c000 rw-p 00000000 00:00 0 
7fce65c8c000-7fce65c9f000 r-xp 00000000 08:02 5903755                    /usr/lib/x86_64-linux-gnu/libjack.so.0.0.28
7fce65c9f000-7fce65e9e000 ---p 00013000 08:02 5903755                    /usr/lib/x86_64-linux-gnu/libjack.so.0.0.28
7fce65e9e000-7fce65e9f000 r--p 00012000 08:02 5903755                    /usr/lib/x86_64-linux-gnu/libjack.so.0.0.28
7fce65e9f000-7fce65ea0000 rw-p 00013000 08:02 5903755                    /usr/lib/x86_64-linux-gnu/libjack.so.0.0.28
7fce65ea0000-7fce65ea9000 rw-p 00000000 00:00 0 
7fce65ea9000-7fce65f8f000 r-xp 00000000 08:02 5903385                    /usr/lib/x86_64-linux-gnu/libasound.so.2.0.0
7fce65f8f000-7fce6618f000 ---p 000e6000 08:02 5903385                    /usr/lib/x86_64-linux-gnu/libasound.so.2.0.0
7fce6618f000-7fce66195000 r--p 000e6000 08:02 5903385                    /usr/lib/x86_64-linux-gnu/libasound.so.2.0.0
7fce66195000-7fce66196000 rw-p 000ec000 08:02 5903385                    /usr/lib/x86_64-linux-gnu/libasound.so.2.0.0
7fce66196000-7fce66254000 r-xp 00000000 00:19 21580457                   /home/se413006/sndobj-sndobj/lib/libsndobj.so.2.6.5
7fce66254000-7fce66454000 ---p 000be000 00:19 21580457                   /home/se413006/sndobj-sndobj/lib/libsndobj.so.2.6.5
7fce66454000-7fce66458000 r--p 000be000 00:19 21580457                   /home/se413006/sndobj-sndobj/lib/libsndobj.so.2.6.5
7fce66458000-7fce6645c000 rw-p 000c2000 00:19 21580457                   /home/se413006/sndobj-sndobj/lib/libsndobj.so.2.6.5
7fce6645c000-7fce6645f000 ---p 00000000 00:00 0 
7fce6645f000-7fce6655d000 rw-p 00000000 00:00 0                          [stack:8416]
7fce6655d000-7fce66563000 r-xp 00000000 08:02 5903718                    /usr/lib/x86_64-linux-gnu/libogg.so.0.7.1
7fce66563000-7fce66762000 ---p 00006000 08:02 5903718                    /usr/lib/x86_64-linux-gnu/libogg.so.0.7.1
7fce66762000-7fce66763000 r--p 00005000 08:02 5903718                    /usr/lib/x86_64-linux-gnu/libogg.so.0.7.1
7fce66763000-7fce66764000 rw-p 00006000 08:02 5903718                    /usr/lib/x86_64-linux-gnu/libogg.so.0.7.1
7fce66764000-7fce6678f000 r-xp 00000000 08:02 5903728                    /usr/lib/x86_64-linux-gnu/libvorbis.so.0.4.5
7fce6678f000-7fce6698e000 ---p 0002b000 08:02 5903728                    /usr/lib/x86_64-linux-gnu/libvorbis.so.0.4.5
7fce6698e000-7fce6698f000 r--p 0002a000 08:02 5903728                    /usr/lib/x86_64-linux-gnu/libvorbis.so.0.4.5
7fce6698f000-7fce66990000 rw-p 0002b000 08:02 5903728                    /usr/lib/x86_64-linux-gnu/libvorbis.so.0.4.5
7fce66990000-7fce66998000 r-xp 00000000 08:02 5903501                    /usr/lib/x86_64-linux-gnu/libltdl.so.7.3.0
7fce66998000-7fce66b98000 ---p 00008000 08:02 5903501                    /usr/lib/x86_64-linux-gnu/libltdl.so.7.3.0
7fce66b98000-7fce66b99000 r--p 00008000 08:02 5903501                    /usr/lib/x86_64-linux-gnu/libltdl.so.7.3.0
7fce66b99000-7fce66b9a000 rw-p 00009000 08:02 5903501                    /usr/lib/x86_64-linux-gnu/libltdl.so.7.3.0
7fce66b9a000-7fce66baa000 r-xp 00000000 08:02 5903911                    /usr/lib/x86_64-linux-gnu/libtdb.so.1.2.9
7fce66baa000-7fce66da9000 ---p 00010000 08:02 5903911                    /usr/lib/x86_64-linux-gnu/libtdb.so.1.2.9
7fce66da9000-7fce66daa000 r--p 0000f000 08:02 5903911                    /usr/lib/x86_64-linux-gnu/libtdb.so.1.2.9
7fce66daa000-7fce66dab000 rw-p 00010000 08:02 5903911                    /usr/lib/x86_64-linux-gnu/libtdb.so.1.2.9
7fce66dab000-7fce66db2000 r-xp 00000000 08:02 5903913                    /usr/lib/x86_64-linux-gnu/libvorbisfile.so.3.3.4
7fce66db2000-7fce66fb1000 ---p 00007000 08:02 5903913                    /usr/lib/x86_64-linux-gnu/libvorbisfile.so.3.3.4
7fce66fb1000-7fce66fb2000 r--p 00006000 08:02 5903913                    /usr/lib/x86_64-linux-gnu/libvorbisfile.so.3.3.4
7fce66fb2000-7fce66fb3000 rw-p 00007000 08:02 5903913                    /usr/lib/x86_64-linux-gnu/libvorbisfile.so.3.3.4
7fce66fb3000-7fce66fc2000 r-xp 00000000 08:02 5903915                    /usr/lib/x86_64-linux-gnu/libcanberra.so.0.2.5
7fce66fc2000-7fce671c1000 ---p 0000f000 08:02 5903915                    /usr/lib/x86_64-linux-gnu/libcanberra.so.0.2.5
7fce671c1000-7fce671c2000 r--p 0000e000 08:02 5903915                    /usr/lib/x86_64-linux-gnu/libcanberra.so.0.2.5
7fce671c2000-7fce671c3000 rw-p 0000f000 08:02 5903915                    /usr/lib/x86_64-linux-gnu/libcanberra.so.0.2.5
7fce671c3000-7fce671c7000 r-xp 00000000 08:02 5903917                    /usr/lib/x86_64-linux-gnu/libcanberra-gtk.so.0.1.8
7fce671c7000-7fce673c6000 ---p 00004000 08:02 5903917                    /usr/lib/x86_64-linux-gnu/libcanberra-gtk.so.0.1.8
7fce673c6000-7fce673c7000 r--p 00003000 08:02 5903917                    /usr/lib/x86_64-linux-gnu/libcanberra-gtk.so.0.1.8
7fce673c7000-7fce673c8000 rw-p 00004000 08:02 5903917                    /usr/lib/x86_64-linux-gnu/libcanberra-gtk.so.0.1.8
7fce673c8000-7fce673cd000 r-xp 00000000 08:02 7089152                    /usr/lib/x86_64-linux-gnu/gtk-2.0/modules/libcanberra-gtk-module.so
7fce673cd000-7fce675cc000 ---p 00005000 08:02 7089152                    /usr/lib/x86_64-linux-gnu/gtk-2.0/modules/libcanberra-gtk-module.so
7fce675cc000-7fce675cd000 r--p 00004000 08:02 7089152                    /usr/lib/x86_64-linux-gnu/gtk-2.0/modules/libcanberra-gtk-module.so
7fce675cd000-7fce675ce000 rw-p 00005000 08:02 7089152                    /usr/lib/x86_64-linux-gnu/gtk-2.0/modules/libcanberra-gtk-module.so
7fce675ce000-7fce675fd000 r-xp 00000000 08:02 6164745                    /usr/lib/x86_64-linux-gnu/gtk-2.0/2.10.0/engines/libmurrine.so
7fce675fd000-7fce677fd000 ---p 0002f000 08:02 6164745                    /usr/lib/x86_64-linux-gnu/gtk-2.0/2.10.0/engines/libmurrine.so
7fce677fd000-7fce677fe000 r--p 0002f000 08:02 6164745                    /usr/lib/x86_64-linux-gnu/gtk-2.0/2.10.0/engines/libmurrine.so
7fce677fe000-7fce677ff000 rw-p 00030000 08:02 6164745                    /usr/lib/x86_64-linux-gnu/gtk-2.0/2.10.0/engines/libmurrine.so
7fce677ff000-7fce67800000 ---p 00000000 00:00 0 
7fce67800000-7fce68000000 rw-p 00000000 00:00 0                          [stack:8414]
7fce68000000-7fce68021000 rw-p 00000000 00:00 0 
7fce68021000-7fce6c000000 ---p 00000000 00:00 0 
7fce6c001000-7fce6c021000 rw-p 00000000 00:00 0 
7fce6c021000-7fce6c03e000 r--p 00000000 08:02 7090092                    /usr/share/fonts/truetype/droid/DroidSansMono.ttf
7fce6c03e000-7fce6c041000 ---p 00000000 00:00 0 
7fce6c041000-7fce6c13f000 rw-p 00000000 00:00 0                          [stack:8415]
7fce6c13f000-7fce6c140000 ---p 00000000 00:00 0 
7fce6c140000-7fce6c940000 rw-p 00000000 00:00 0                          [stack:8413]
7fce6c940000-7fce6c947000 r-xp 00000000 08:02 6032917                    /usr/lib/x86_64-linux-gnu/gio/modules/libdconfsettings.so
7fce6c947000-7fce6cb46000 ---p 00007000 08:02 6032917                    /usr/lib/x86_64-linux-gnu/gio/modules/libdconfsettings.so
7fce6cb46000-7fce6cb47000 r--p 00006000 08:02 6032917                    /usr/lib/x86_64-linux-gnu/gio/modules/libdconfsettings.so
7fce6cb47000-7fce6cb48000 rw-p 00007000 08:02 6032917                    /usr/lib/x86_64-linux-gnu/gio/modules/libdconfsettings.so
7fce6cb48000-7fce6cb58000 r-xp 00000000 08:02 5906201                    /usr/lib/liboverlay-scrollbar-0.2.so.0.0.16
7fce6cb58000-7fce6cd57000 ---p 00010000 08:02 5906201                    /usr/lib/liboverlay-scrollbar-0.2.so.0.0.16
7fce6cd57000-7fce6cd58000 r--p 0000f000 08:02 5906201                    /usr/lib/liboverlay-scrollbar-0.2.so.0.0.16
7fce6cd58000-7fce6cd59000 rw-p 00010000 08:02 5906201                    /usr/lib/liboverlay-scrollbar-0.2.so.0.0.16
7fce6cd59000-7fce6cd95000 r-xp 00000000 08:02 7864519                    /lib/x86_64-linux-gnu/libpcre.so.3.12.1
7fce6cd95000-7fce6cf94000 ---p 0003c000 08:02 7864519                    /lib/x86_64-linux-gnu/libpcre.so.3.12.1
7fce6cf94000-7fce6cf95000 r--p 0003b000 08:02 7864519                    /lib/x86_64-linux-gnu/libpcre.so.3.12.1
7fce6cf95000-7fce6cf96000 rw-p 0003c000 08:02 7864519                    /lib/x86_64-linux-gnu/libpcre.so.3.12.1
7fce6cf96000-7fce6cf9d000 r-xp 00000000 08:02 5899876                    /usr/lib/x86_64-linux-gnu/libffi.so.6.0.0
7fce6cf9d000-7fce6d19c000 ---p 00007000 08:02 5899876                    /usr/lib/x86_64-linux-gnu/libffi.so.6.0.0
7fce6d19c000-7fce6d19d000 r--p 00006000 08:02 5899876                    /usr/lib/x86_64-linux-gnu/libffi.so.6.0.0
7fce6d19d000-7fce6d19e000 rw-p 00007000 08:02 5899876                    /usr/lib/x86_64-linux-gnu/libffi.so.6.0.0
7fce6d19e000-7fce6d1a6000 r-xp 00000000 08:02 5903421                    /usr/lib/x86_64-linux-gnu/libxcb-render.so.0.0.0
7fce6d1a6000-7fce6d3a6000 ---p 00008000 08:02 5903421                    /usr/lib/x86_64-linux-gnu/libxcb-render.so.0.0.0
7fce6d3a6000-7fce6d3a7000 r--p 00008000 08:02 5903421                    /usr/lib/x86_64-linux-gnu/libxcb-render.so.0.0.0
7fce6d3a7000-7fce6d3a8000 rw-p 00009000 08:02 5903421                    /usr/lib/x86_64-linux-gnu/libxcb-render.so.0.0.0
7fce6d3a8000-7fce6d3aa000 r-xp 00000000 08:02 5903423                    /usr/lib/x86_64-linux-gnu/libxcb-shm.so.0.0.0
7fce6d3aa000-7fce6d5a9000 ---p 00002000 08:02 5903423                    /usr/lib/x86_64-linux-gnu/libxcb-shm.so.0.0.0
7fce6d5a9000-7fce6d5aa000 r--p 00001000 08:02 5903423                    /usr/lib/x86_64-linux-gnu/libxcb-shm.so.0.0.0
7fce6d5aa000-7fce6d5ab000 rw-p 00002000 08:02 5903423                    /usr/lib/x86_64-linux-gnu/libxcb-shm.so.0.0.0
7fce6d5ab000-7fce6d5d1000 r-xp 00000000 08:02 7864508                    /lib/x86_64-linux-gnu/libpng12.so.0.46.0
7fce6d5d1000-7fce6d7d1000 ---p 00026000 08:02 7864508                    /lib/x86_64-linux-gnu/libpng12.so.0.46.0
7fce6d7d1000-7fce6d7d2000 r--p 00026000 08:02 7864508                    /lib/x86_64-linux-gnu/libpng12.so.0.46.0
7fce6d7d2000-7fce6d7d3000 rw-p 00027000 08:02 7864508                    /lib/x86_64-linux-gnu/libpng12.so.0.46.0
7fce6d7d3000-7fce6d863000 r-xp 00000000 08:02 5901514                    /usr/lib/x86_64-linux-gnu/libpixman-1.so.0.30.2
7fce6d863000-7fce6da62000 ---p 00090000 08:02 5901514                    /usr/lib/x86_64-linux-gnu/libpixman-1.so.0.30.2
7fce6da62000-7fce6da69000 r--p 0008f000 08:02 5901514                    /usr/lib/x86_64-linux-gnu/libpixman-1.so.0.30.2
7fce6da69000-7fce6da6a000 rw-p 00096000 08:02 5901514                    /usr/lib/x86_64-linux-gnu/libpixman-1.so.0.30.2
7fce6da6a000-7fce6da82000 r-xp 00000000 08:02 7867764                    /lib/x86_64-linux-gnu/libresolv-2.15.so
7fce6da82000-7fce6dc82000 ---p 00018000 08:02 7867764                    /lib/x86_64-linux-gnu/libresolv-2.15.so
7fce6dc82000-7fce6dc83000 r--p 00018000 08:02 7867764                    /lib/x86_64-linux-gnu/libresolv-2.15.so
7fce6dc83000-7fce6dc84000 rw-p 00019000 08:02 7867764                    /lib/x86_64-linux-gnu/libresolv-2.15.so
7fce6dc84000-7fce6dc86000 rw-p 00000000 00:00 0 
7fce6dc86000-7fce6dca3000 r-xp 00000000 08:02 7864493                    /lib/x86_64-linux-gnu/libselinux.so.1
7fce6dca3000-7fce6dea2000 ---p 0001d000 08:02 7864493                    /lib/x86_64-linux-gnu/libselinux.so.1
7fce6dea2000-7fce6dea3000 r--p 0001c000 08:02 7864493                    /lib/x86_64-linux-gnu/libselinux.so.1
7fce6dea3000-7fce6dea4000 rw-p 0001d000 08:02 7864493                    /lib/x86_64-linux-gnu/libselinux.so.1
7fce6dea4000-7fce6dea5000 rw-p 00000000 00:00 0 
7fce6dea5000-7fce6dea7000 r-xp 00000000 08:02 5903654                    /usr/lib/x86_64-linux-gnu/libXcomposite.so.1.0.0
7fce6dea7000-7fce6e0a6000 ---p 00002000 08:02 5903654                    /usr/lib/x86_64-linux-gnu/libXcomposite.so.1.0.0
7fce6e0a6000-7fce6e0a7000 r--p 00001000 08:02 5903654                    /usr/lib/x86_64-linux-gnu/libXcomposite.so.1.0.0
7fce6e0a7000-7fce6e0a8000 rw-p 00002000 08:02 5903654                    /usr/lib/x86_64-linux-gnu/libXcomposite.so.1.0.0
7fce6e0a8000-7fce6e0b1000 r-xp 00000000 08:02 5903658                    /usr/lib/x86_64-linux-gnu/libXcursor.so.1.0.2
7fce6e0b1000-7fce6e2b0000 ---p 00009000 08:02 5903658                    /usr/lib/x86_64-linux-gnu/libXcursor.so.1.0.2
7fce6e2b0000-7fce6e2b1000 r--p 00008000 08:02 5903658                    /usr/lib/x86_64-linux-gnu/libXcursor.so.1.0.2
7fce6e2b1000-7fce6e2b2000 rw-p 00009000 08:02 5903658                    /usr/lib/x86_64-linux-gnu/libXcursor.so.1.0.2
7fce6e2b2000-7fce6e2b9000 r-xp 00000000 08:02 5900891                    /usr/lib/x86_64-linux-gnu/libXrandr.so.2.2.0
7fce6e2b9000-7fce6e4b8000 ---p 00007000 08:02 5900891                    /usr/lib/x86_64-linux-gnu/libXrandr.so.2.2.0
7fce6e4b8000-7fce6e4b9000 r--p 00006000 08:02 5900891                    /usr/lib/x86_64-linux-gnu/libXrandr.so.2.2.0
7fce6e4b9000-7fce6e4ba000 rw-p 00007000 08:02 5900891                    /usr/lib/x86_64-linux-gnu/libXrandr.so.2.2.0
7fce6e4ba000-7fce6e4c9000 r-xp 00000000 08:02 5903651                    /usr/lib/x86_64-linux-gnu/libXi.so.6.1.0
7fce6e4c9000-7fce6e6c8000 ---p 0000f000 08:02 5903651                    /usr/lib/x86_64-linux-gnu/libXi.so.6.1.0
7fce6e6c8000-7fce6e6c9000 r--p 0000e000 08:02 5903651                    /usr/lib/x86_64-linux-gnu/libXi.so.6.1.0
7fce6e6c9000-7fce6e6ca000 rw-p 0000f000 08:02 5903651                    /usr/lib/x86_64-linux-gnu/libXi.so.6.1.0
7fce6e6ca000-7fce6e6cc000 r-xp 00000000 08:02 5900876                    /usr/lib/x86_64-linux-gnu/libXinerama.so.1.0.0
7fce6e6cc000-7fce6e8cb000 ---p 00002000 08:02 5900876                    /usr/lib/x86_64-linux-gnu/libXinerama.so.1.0.0
7fce6e8cb000-7fce6e8cc000 r--p 00001000 08:02 5900876                    /usr/lib/x86_64-linux-gnu/libXinerama.so.1.0.0
7fce6e8cc000-7fce6e8cd000 rw-p 00002000 08:02 5900876                    /usr/lib/x86_64-linux-gnu/libXinerama.so.1.0.0
7fce6e8cd000-7fce6e8d6000 r-xp 00000000 08:02 5900883                    /usr/lib/x86_64-linux-gnu/libXrender.so.1.3.0
7fce6e8d6000-7fce6ead5000 ---p 00009000 08:02 5900883                    /usr/lib/x86_64-linux-gnu/libXrender.so.1.3.0
7fce6ead5000-7fce6ead6000 r--p 00008000 08:02 5900883                    /usr/lib/x86_64-linux-gnu/libXrender.so.1.3.0
7fce6ead6000-7fce6ead7000 rw-p 00009000 08:02 5900883                    /usr/lib/x86_64-linux-gnu/libXrender.so.1.3.0
7fce6ead7000-7fce6eadc000 r-xp 00000000 08:02 5903809                    /usr/lib/x86_64-linux-gnu/libXtst.so.6.1.0
7fce6eadc000-7fce6ecdb000 ---p 00005000 08:02 5903809                    /usr/lib/x86_64-linux-gnu/libXtst.so.6.1.0
7fce6ecdb000-7fce6ecdc000 r--p 00004000 08:02 5903809                    /usr/lib/x86_64-linux-gnu/libXtst.so.6.1.0
7fce6ecdc000-7fce6ecdd000 rw-p 00005000 08:02 5903809                    /usr/lib/x86_64-linux-gnu/libXtst.so.6.1.0
7fce6ecdd000-7fce6edcf000 r-xp 00000000 08:02 7864545                    /lib/x86_64-linux-gnu/libglib-2.0.so.0.3200.4
7fce6edcf000-7fce6efcf000 ---p 000f2000 08:02 7864545                    /lib/x86_64-linux-gnu/libglib-2.0.so.0.3200.4
7fce6efcf000-7fce6efd0000 r--p 000f2000 08:02 7864545                    /lib/x86_64-linux-gnu/libglib-2.0.so.0.3200.4
7fce6efd0000-7fce6efd1000 rw-p 000f3000 08:02 7864545                    /lib/x86_64-linux-gnu/libglib-2.0.so.0.3200.4
7fce6efd1000-7fce6efd2000 rw-p 00000000 00:00 0 
7fce6efd2000-7fce6efd3000 r-xp 00000000 08:02 5901947                    /usr/lib/x86_64-linux-gnu/libgthread-2.0.so.0.3200.4
7fce6efd3000-7fce6f1d2000 ---p 00001000 08:02 5901947                    /usr/lib/x86_64-linux-gnu/libgthread-2.0.so.0.3200.4
7fce6f1d2000-7fce6f1d3000 r--p 00000000 08:02 5901947                    /usr/lib/x86_64-linux-gnu/libgthread-2.0.so.0.3200.4
7fce6f1d3000-7fce6f1d4000 rw-p 00001000 08:02 5901947                    /usr/lib/x86_64-linux-gnu/libgthread-2.0.so.0.3200.4
7fce6f1d4000-7fce6f1d7000 r-xp 00000000 08:02 5901943                    /usr/lib/x86_64-linux-gnu/libgmodule-2.0.so.0.3200.4
7fce6f1d7000-7fce6f3d6000 ---p 00003000 08:02 5901943                    /usr/lib/x86_64-linux-gnu/libgmodule-2.0.so.0.3200.4
7fce6f3d6000-7fce6f3d7000 r--p 00002000 08:02 5901943                    /usr/lib/x86_64-linux-gnu/libgmodule-2.0.so.0.3200.4
7fce6f3d7000-7fce6f3d8000 rw-p 00003000 08:02 5901943                    /usr/lib/x86_64-linux-gnu/libgmodule-2.0.so.0.3200.4
7fce6f3d8000-7fce6f425000 r-xp 00000000 08:02 5901949                    /usr/lib/x86_64-linux-gnu/libgobject-2.0.so.0.3200.4
7fce6f425000-7fce6f625000 ---p 0004d000 08:02 5901949                    /usr/lib/x86_64-linux-gnu/libgobject-2.0.so.0.3200.4
7fce6f625000-7fce6f626000 r--p 0004d000 08:02 5901949                    /usr/lib/x86_64-linux-gnu/libgobject-2.0.so.0.3200.4
7fce6f626000-7fce6f627000 rw-p 0004e000 08:02 5901949                    /usr/lib/x86_64-linux-gnu/libgobject-2.0.so.0.3200.4
7fce6f627000-7fce6f65b000 r-xp 00000000 08:02 5903419                    /usr/lib/x86_64-linux-gnu/libfontconfig.so.1.4.4
7fce6f65b000-7fce6f85b000 ---p 00034000 08:02 5903419                    /usr/lib/x86_64-linux-gnu/libfontconfig.so.1.4.4
7fce6f85b000-7fce6f85c000 r--p 00034000 08:02 5903419                    /usr/lib/x86_64-linux-gnu/libfontconfig.so.1.4.4
7fce6f85c000-7fce6f85d000 rw-p 00035000 08:02 5903419                    /usr/lib/x86_64-linux-gnu/libfontconfig.so.1.4.4
7fce6f85d000-7fce6f8f3000 r-xp 00000000 08:02 5900798                    /usr/lib/x86_64-linux-gnu/libfreetype.so.6.8.0
7fce6f8f3000-7fce6faf2000 ---p 00096000 08:02 5900798                    /usr/lib/x86_64-linux-gnu/libfreetype.so.6.8.0
7fce6faf2000-7fce6faf8000 r--p 00095000 08:02 5900798                    /usr/lib/x86_64-linux-gnu/libfreetype.so.6.8.0
7fce6faf8000-7fce6faf9000 rw-p 0009b000 08:02 5900798                    /usr/lib/x86_64-linux-gnu/libfreetype.so.6.8.0
7fce6faf9000-7fce6fb3f000 r-xp 00000000 08:02 5903442                    /usr/lib/x86_64-linux-gnu/libpango-1.0.so.0.3000.0
7fce6fb3f000-7fce6fd3f000 ---p 00046000 08:02 5903442                    /usr/lib/x86_64-linux-gnu/libpango-1.0.so.0.3000.0
7fce6fd3f000-7fce6fd41000 r--p 00046000 08:02 5903442                    /usr/lib/x86_64-linux-gnu/libpango-1.0.so.0.3000.0
7fce6fd41000-7fce6fd42000 rw-p 00048000 08:02 5903442                    /usr/lib/x86_64-linux-gnu/libpango-1.0.so.0.3000.0
7fce6fd42000-7fce6fdfb000 r-xp 00000000 08:02 5903425                    /usr/lib/x86_64-linux-gnu/libcairo.so.2.11000.2
7fce6fdfb000-7fce6fffa000 ---p 000b9000 08:02 5903425                    /usr/lib/x86_64-linux-gnu/libcairo.so.2.11000.2
7fce6fffa000-7fce6fffc000 r--p 000b8000 08:02 5903425                    /usr/lib/x86_64-linux-gnu/libcairo.so.2.11000.2
7fce6fffc000-7fce6fffd000 rw-p 000ba000 08:02 5903425                    /usr/lib/x86_64-linux-gnu/libcairo.so.2.11000.2
7fce6fffd000-7fce70000000 rw-p 00000000 00:00 0 
7fce70000000-7fce70021000 rw-p 00000000 00:00 0 
7fce70021000-7fce74000000 ---p 00000000 00:00 0 
7fce7400e000-7fce74065000 r--p 00000000 08:02 9046010                    /usr/share/fonts/truetype/ubuntu-font-family/Ubuntu-R.ttf
7fce74065000-7fce74081000 r--s 00000000 08:02 6033532                    /usr/share/mime/mime.cache
7fce74081000-7fce7408c000 r--p 00000000 08:02 6165434                    /usr/share/icons/Humanity-Dark/icon-theme.cache
7fce7408c000-7fce740af000 r--p 00000000 08:02 7215041                    /usr/share/icons/ubuntu-mono-dark/icon-theme.cache
7fce740af000-7fce740c8000 r--s 00000000 08:02 6031631                    /usr/share/fonts/type1/gsfonts/n022004l.pfb
7fce740c8000-7fce740e1000 r--s 00000000 08:02 6031567                    /usr/share/fonts/type1/gsfonts/n021003l.pfb
7fce740e1000-7fce740ec000 r-xp 00000000 08:02 5903443                    /usr/lib/x86_64-linux-gnu/libpangocairo-1.0.so.0.3000.0
7fce740ec000-7fce742eb000 ---p 0000b000 08:02 5903443                    /usr/lib/x86_64-linux-gnu/libpangocairo-1.0.so.0.3000.0
7fce742eb000-7fce742ec000 r--p 0000a000 08:02 5903443                    /usr/lib/x86_64-linux-gnu/libpangocairo-1.0.so.0.3000.0
7fce742ec000-7fce742ed000 rw-p 0000b000 08:02 5903443                    /usr/lib/x86_64-linux-gnu/libpangocairo-1.0.so.0.3000.0
7fce742ed000-7fce7430b000 r-xp 00000000 08:02 5903416                    /usr/lib/x86_64-linux-gnu/libgdk_pixbuf-2.0.so.0.2600.1
7fce7430b000-7fce7450b000 ---p 0001e000 08:02 5903416                    /usr/lib/x86_64-linux-gnu/libgdk_pixbuf-2.0.so.0.2600.1
7fce7450b000-7fce7450c000 r--p 0001e000 08:02 5903416                    /usr/lib/x86_64-linux-gnu/libgdk_pixbuf-2.0.so.0.2600.1
7fce7450c000-7fce7450d000 rw-p 0001f000 08:02 5903416                    /usr/lib/x86_64-linux-gnu/libgdk_pixbuf-2.0.so.0.2600.1
7fce7450d000-7fce74536000 r-xp 00000000 08:02 5903441                    /usr/lib/x86_64-linux-gnu/libpangoft2-1.0.so.0.3000.0
7fce74536000-7fce74735000 ---p 00029000 08:02 5903441                    /usr/lib/x86_64-linux-gnu/libpangoft2-1.0.so.0.3000.0
7fce74735000-7fce74736000 r--p 00028000 08:02 5903441                    /usr/lib/x86_64-linux-gnu/libpangoft2-1.0.so.0.3000.0
7fce74736000-7fce74737000 rw-p 00029000 08:02 5903441                    /usr/lib/x86_64-linux-gnu/libpangoft2-1.0.so.0.3000.0
7fce74737000-7fce7487f000 r-xp 00000000 08:02 5901948                    /usr/lib/x86_64-linux-gnu/libgio-2.0.so.0.3200.4
7fce7487f000-7fce74a7e000 ---p 00148000 08:02 5901948                    /usr/lib/x86_64-linux-gnu/libgio-2.0.so.0.3200.4
7fce74a7e000-7fce74a82000 r--p 00147000 08:02 5901948                    /usr/lib/x86_64-linux-gnu/libgio-2.0.so.0.3200.4
7fce74a82000-7fce74a84000 rw-p 0014b000 08:02 5901948                    /usr/lib/x86_64-linux-gnu/libgio-2.0.so.0.3200.4
7fce74a84000-7fce74a86000 rw-p 00000000 00:00 0 
7fce74a86000-7fce74aa5000 r-xp 00000000 08:02 5903405                    /usr/lib/x86_64-linux-gnu/libatk-1.0.so.0.20409.1
7fce74aa5000-7fce74ca5000 ---p 0001f000 08:02 5903405                    /usr/lib/x86_64-linux-gnu/libatk-1.0.so.0.20409.1
7fce74ca5000-7fce74ca7000 r--p 0001f000 08:02 5903405                    /usr/lib/x86_64-linux-gnu/libatk-1.0.so.0.20409.1
7fce74ca7000-7fce74ca8000 rw-p 00021000 08:02 5903405                    /usr/lib/x86_64-linux-gnu/libatk-1.0.so.0.20409.1
7fce74ca8000-7fce74d55000 r-xp 00000000 08:02 5903852                    /usr/lib/x86_64-linux-gnu/libgdk-x11-2.0.so.0.2400.10
7fce74d55000-7fce74f54000 ---p 000ad000 08:02 5903852                    /usr/lib/x86_64-linux-gnu/libgdk-x11-2.0.so.0.2400.10
7fce74f54000-7fce74f58000 r--p 000ac000 08:02 5903852                    /usr/lib/x86_64-linux-gnu/libgdk-x11-2.0.so.0.2400.10
7fce74f58000-7fce74f5a000 rw-p 000b0000 08:02 5903852                    /usr/lib/x86_64-linux-gnu/libgdk-x11-2.0.so.0.2400.10
7fce74f5a000-7fce75387000 r-xp 00000000 08:02 5903851                    /usr/lib/x86_64-linux-gnu/libgtk-x11-2.0.so.0.2400.10
7fce75387000-7fce75587000 ---p 0042d000 08:02 5903851                    /usr/lib/x86_64-linux-gnu/libgtk-x11-2.0.so.0.2400.10
7fce75587000-7fce7558e000 r--p 0042d000 08:02 5903851                    /usr/lib/x86_64-linux-gnu/libgtk-x11-2.0.so.0.2400.10
7fce7558e000-7fce75592000 rw-p 00434000 08:02 5903851                    /usr/lib/x86_64-linux-gnu/libgtk-x11-2.0.so.0.2400.10
7fce75592000-7fce75594000 rw-p 00000000 00:00 0 
7fce75594000-7fce755b9000 r-xp 00000000 08:02 10749490                   /usr/lib/jvm/jdk1.7.0_45/jre/lib/amd64/libglass.so
7fce755b9000-7fce757b9000 ---p 00025000 08:02 10749490                   /usr/lib/jvm/jdk1.7.0_45/jre/lib/amd64/libglass.so
7fce757b9000-7fce757ba000 r--p 00025000 08:02 10749490                   /usr/lib/jvm/jdk1.7.0_45/jre/lib/amd64/libglass.so
7fce757ba000-7fce757bb000 rw-p 00026000 08:02 10749490                   /usr/lib/jvm/jdk1.7.0_45/jre/lib/amd64/libglass.so
7fce757bb000-7fce757d1000 r-xp 00000000 08:02 7864490                    /lib/x86_64-linux-gnu/libz.so.1.2.3.4
7fce757d1000-7fce759d0000 ---p 00016000 08:02 7864490                    /lib/x86_64-linux-gnu/libz.so.1.2.3.4
7fce759d0000-7fce759d1000 r--p 00015000 08:02 7864490                    /lib/x86_64-linux-gnu/libz.so.1.2.3.4
7fce759d1000-7fce759d2000 rw-p 00016000 08:02 7864490                    /lib/x86_64-linux-gnu/libz.so.1.2.3.4
7fce759d2000-7fce759da000 r-xp 00000000 08:02 5899619                    /usr/lib/x86_64-linux-gnu/libpciaccess.so.0.11.0
7fce759da000-7fce75bd9000 ---p 00008000 08:02 5899619                    /usr/lib/x86_64-linux-gnu/libpciaccess.so.0.11.0
7fce75bd9000-7fce75bda000 r--p 00007000 08:02 5899619                    /usr/lib/x86_64-linux-gnu/libpciaccess.so.0.11.0
7fce75bda000-7fce75bdb000 rw-p 00008000 08:02 5899619                    /usr/lib/x86_64-linux-gnu/libpciaccess.so.0.11.0
7fce75bdb000-7fce75bf0000 r-xp 00000000 08:02 7864442                    /lib/x86_64-linux-gnu/libgcc_s.so.1
7fce75bf0000-7fce75def000 ---p 00015000 08:02 7864442                    /lib/x86_64-linux-gnu/libgcc_s.so.1
7fce75def000-7fce75df0000 r--p 00014000 08:02 7864442                    /lib/x86_64-linux-gnu/libgcc_s.so.1
7fce75df0000-7fce75df1000 rw-p 00015000 08:02 7864442                    /lib/x86_64-linux-gnu/libgcc_s.so.1
7fce75df1000-7fce75ed3000 r-xp 00000000 08:02 5899870                    /usr/lib/x86_64-linux-gnu/libstdc++.so.6.0.16
7fce75ed3000-7fce760d2000 ---p 000e2000 08:02 5899870                    /usr/lib/x86_64-linux-gnu/libstdc++.so.6.0.16
7fce760d2000-7fce760da000 r--p 000e1000 08:02 5899870                    /usr/lib/x86_64-linux-gnu/libstdc++.so.6.0.16
7fce760da000-7fce760dc000 rw-p 000e9000 08:02 5899870                    /usr/lib/x86_64-linux-gnu/libstdc++.so.6.0.16
7fce760dc000-7fce760f1000 rw-p 00000000 00:00 0 
7fce760f1000-7fce76111000 r-xp 00000000 08:02 5899423                    /usr/lib/x86_64-linux-gnu/libdrm_intel.so.1.0.0
7fce76111000-7fce76310000 ---p 00020000 08:02 5899423                    /usr/lib/x86_64-linux-gnu/libdrm_intel.so.1.0.0
7fce76310000-7fce76311000 r--p 0001f000 08:02 5899423                    /usr/lib/x86_64-linux-gnu/libdrm_intel.so.1.0.0
7fce76311000-7fce76312000 rw-p 00020000 08:02 5899423                    /usr/lib/x86_64-linux-gnu/libdrm_intel.so.1.0.0
7fce76312000-7fce76339000 r-xp 00000000 08:02 7864387                    /lib/x86_64-linux-gnu/libexpat.so.1.5.2
7fce76339000-7fce76539000 ---p 00027000 08:02 7864387                    /lib/x86_64-linux-gnu/libexpat.so.1.5.2
7fce76539000-7fce7653b000 r--p 00027000 08:02 7864387                    /lib/x86_64-linux-gnu/libexpat.so.1.5.2
7fce7653b000-7fce7653c000 rw-p 00029000 08:02 7864387                    /lib/x86_64-linux-gnu/libexpat.so.1.5.2
7fce7653c000-7fce76662000 r-xp 00000000 08:02 5915048                    /usr/lib/x86_64-linux-gnu/dri/libglsl.so
7fce76662000-7fce76861000 ---p 00126000 08:02 5915048                    /usr/lib/x86_64-linux-gnu/dri/libglsl.so
7fce76861000-7fce7686a000 r--p 00125000 08:02 5915048                    /usr/lib/x86_64-linux-gnu/dri/libglsl.so
7fce7686a000-7fce7686d000 rw-p 0012e000 08:02 5915048                    /usr/lib/x86_64-linux-gnu/dri/libglsl.so
7fce7686d000-7fce7686e000 rw-p 00000000 00:00 0 
7fce7686e000-7fce76aad000 r-xp 00000000 08:02 5899682                    /usr/lib/x86_64-linux-gnu/dri/libdricore.so
7fce76aad000-7fce76cad000 ---p 0023f000 08:02 5899682                    /usr/lib/x86_64-linux-gnu/dri/libdricore.so
7fce76cad000-7fce76cb7000 r--p 0023f000 08:02 5899682                    /usr/lib/x86_64-linux-gnu/dri/libdricore.so
7fce76cb7000-7fce76cba000 rw-p 00249000 08:02 5899682                    /usr/lib/x86_64-linux-gnu/dri/libdricore.so
7fce76cba000-7fce76cd0000 rw-p 00000000 00:00 0 
7fce76cd0000-7fce76d9e000 r-xp 00000000 08:02 5915050                    /usr/lib/x86_64-linux-gnu/dri/i965_dri.so
7fce76d9e000-7fce76f9e000 ---p 000ce000 08:02 5915050                    /usr/lib/x86_64-linux-gnu/dri/i965_dri.so
7fce76f9e000-7fce76fa1000 r--p 000ce000 08:02 5915050                    /usr/lib/x86_64-linux-gnu/dri/i965_dri.so
7fce76fa1000-7fce76fa5000 rw-p 000d1000 08:02 5915050                    /usr/lib/x86_64-linux-gnu/dri/i965_dri.so
7fce76fa5000-7fce76faa000 r-xp 00000000 08:02 5900527                    /usr/lib/x86_64-linux-gnu/libXdmcp.so.6.0.0
7fce76faa000-7fce771a9000 ---p 00005000 08:02 5900527                    /usr/lib/x86_64-linux-gnu/libXdmcp.so.6.0.0
7fce771a9000-7fce771aa000 r--p 00004000 08:02 5900527                    /usr/lib/x86_64-linux-gnu/libXdmcp.so.6.0.0
7fce771aa000-7fce771ab000 rw-p 00005000 08:02 5900527                    /usr/lib/x86_64-linux-gnu/libXdmcp.so.6.0.0
7fce771ab000-7fce771ad000 r-xp 00000000 08:02 5900521                    /usr/lib/x86_64-linux-gnu/libXau.so.6.0.0
7fce771ad000-7fce773ac000 ---p 00002000 08:02 5900521                    /usr/lib/x86_64-linux-gnu/libXau.so.6.0.0
7fce773ac000-7fce773ad000 r--p 00001000 08:02 5900521                    /usr/lib/x86_64-linux-gnu/libXau.so.6.0.0
7fce773ad000-7fce773ae000 rw-p 00002000 08:02 5900521                    /usr/lib/x86_64-linux-gnu/libXau.so.6.0.0
7fce773ae000-7fce773b8000 r-xp 00000000 08:02 5898478                    /usr/lib/x86_64-linux-gnu/libdrm.so.2.4.0
7fce773b8000-7fce775b7000 ---p 0000a000 08:02 5898478                    /usr/lib/x86_64-linux-gnu/libdrm.so.2.4.0
7fce775b7000-7fce775b8000 r--p 00009000 08:02 5898478                    /usr/lib/x86_64-linux-gnu/libdrm.so.2.4.0
7fce775b8000-7fce775b9000 rw-p 0000a000 08:02 5898478                    /usr/lib/x86_64-linux-gnu/libdrm.so.2.4.0
7fce775b9000-7fce775ce000 r-xp 00000000 08:02 5903803                    /usr/lib/x86_64-linux-gnu/libxcb-glx.so.0.0.0
7fce775ce000-7fce777cd000 ---p 00015000 08:02 5903803                    /usr/lib/x86_64-linux-gnu/libxcb-glx.so.0.0.0
7fce777cd000-7fce777cf000 r--p 00014000 08:02 5903803                    /usr/lib/x86_64-linux-gnu/libxcb-glx.so.0.0.0
7fce777cf000-7fce777d0000 rw-p 00016000 08:02 5903803                    /usr/lib/x86_64-linux-gnu/libxcb-glx.so.0.0.0
7fce777d0000-7fce777d1000 r-xp 00000000 08:02 5900831                    /usr/lib/x86_64-linux-gnu/libX11-xcb.so.1.0.0
7fce777d1000-7fce779d0000 ---p 00001000 08:02 5900831                    /usr/lib/x86_64-linux-gnu/libX11-xcb.so.1.0.0
7fce779d0000-7fce779d1000 r--p 00000000 08:02 5900831                    /usr/lib/x86_64-linux-gnu/libX11-xcb.so.1.0.0
7fce779d1000-7fce779d2000 rw-p 00001000 08:02 5900831                    /usr/lib/x86_64-linux-gnu/libX11-xcb.so.1.0.0
7fce779d2000-7fce779d7000 r-xp 00000000 08:02 5900872                    /usr/lib/x86_64-linux-gnu/libXfixes.so.3.1.0
7fce779d7000-7fce77bd6000 ---p 00005000 08:02 5900872                    /usr/lib/x86_64-linux-gnu/libXfixes.so.3.1.0
7fce77bd6000-7fce77bd7000 r--p 00004000 08:02 5900872                    /usr/lib/x86_64-linux-gnu/libXfixes.so.3.1.0
7fce77bd7000-7fce77bd8000 rw-p 00005000 08:02 5900872                    /usr/lib/x86_64-linux-gnu/libXfixes.so.3.1.0
7fce77bd8000-7fce77bda000 r-xp 00000000 08:02 5903660                    /usr/lib/x86_64-linux-gnu/libXdamage.so.1.1.0
7fce77bda000-7fce77dd9000 ---p 00002000 08:02 5903660                    /usr/lib/x86_64-linux-gnu/libXdamage.so.1.1.0
7fce77dd9000-7fce77dda000 r--p 00001000 08:02 5903660                    /usr/lib/x86_64-linux-gnu/libXdamage.so.1.1.0
7fce77dda000-7fce77ddb000 rw-p 00002000 08:02 5903660                    /usr/lib/x86_64-linux-gnu/libXdamage.so.1.1.0
7fce77ddb000-7fce77dfc000 r-xp 00000000 08:02 5900918                    /usr/lib/x86_64-linux-gnu/libglapi.so.0.0.0
7fce77dfc000-7fce77ffb000 ---p 00021000 08:02 5900918                    /usr/lib/x86_64-linux-gnu/libglapi.so.0.0.0
7fce77ffb000-7fce77ffe000 r--p 00020000 08:02 5900918                    /usr/lib/x86_64-linux-gnu/libglapi.so.0.0.0
7fce77ffe000-7fce77fff000 rw-p 00023000 08:02 5900918                    /usr/lib/x86_64-linux-gnu/libglapi.so.0.0.0
7fce77fff000-7fce78000000 rw-p 00000000 00:00 0 
7fce78000000-7fce781a0000 rw-p 00000000 00:00 0 
7fce781a0000-7fce7c000000 ---p 00000000 00:00 0 
7fce7c000000-7fce7c203000 rw-p 00000000 00:00 0 
7fce7c203000-7fce80000000 ---p 00000000 00:00 0 
7fce80000000-7fce80021000 rw-p 00000000 00:00 0 
7fce80021000-7fce84000000 ---p 00000000 00:00 0 
7fce84000000-7fce84021000 rw-p 00000000 00:00 0 
7fce84021000-7fce88000000 ---p 00000000 00:00 0 
7fce88000000-7fce886d9000 rw-p 00000000 00:00 0 
7fce886d9000-7fce8c000000 ---p 00000000 00:00 0 
7fce8c000000-7fce8c021000 rw-p 00000000 00:00 0 
7fce8c021000-7fce90000000 ---p 00000000 00:00 0 
7fce90000000-7fce90021000 rw-p 00000000 00:00 0 
7fce90021000-7fce94000000 ---p 00000000 00:00 0 
7fce94000000-7fce94636000 rw-p 00000000 00:00 0 
7fce94636000-7fce98000000 ---p 00000000 00:00 0 
7fce98000000-7fce98021000 rw-p 00000000 00:00 0 
7fce98021000-7fce9c000000 ---p 00000000 00:00 0 
7fce9c000000-7fce9c021000 rw-p 00000000 00:00 0 
7fce9c021000-7fcea0000000 ---p 00000000 00:00 0 
7fcea0000000-7fcea0021000 rw-p 00000000 00:00 0 
7fcea0021000-7fcea4000000 ---p 00000000 00:00 0 
7fcea4000000-7fcea4021000 rw-p 00000000 00:00 0 
7fcea4021000-7fcea8000000 ---p 00000000 00:00 0 
7fcea8004000-7fcea801a000 r--s 00000000 08:02 6031600                    /usr/share/fonts/type1/gsfonts/n021024l.pfb
7fcea801a000-7fcea8030000 r--s 00000000 08:02 6031653                    /usr/share/fonts/type1/gsfonts/n022023l.pfb
7fcea8030000-7fcea8047000 r--s 00000000 08:02 6031605                    /usr/share/fonts/type1/gsfonts/n021023l.pfb
7fcea8047000-7fcea8051000 r--s 00000000 08:02 9175330                    /usr/share/fonts/type1/mathml/Symbol.pfb
7fcea8051000-7fcea8062000 r--s 00000000 08:02 6031610                    /usr/share/fonts/type1/gsfonts/n019023l.pfb
7fcea8062000-7fcea8076000 r--s 00000000 08:02 6031586                    /usr/share/fonts/type1/gsfonts/n019003l.pfb
7fcea8076000-7fcea807a000 r--s 000f7000 08:02 10749419                   /usr/lib/jvm/jdk1.7.0_45/jre/lib/ext/localedata.jar
7fcea807a000-7fcea807b000 r--s 00000000 08:02 19007778                   /var/cache/fontconfig/c05880de57d1f5e948fdfacc138775d9-le64.cache-3
7fcea807b000-7fcea8084000 r--s 00000000 08:02 19007777                   /var/cache/fontconfig/945677eb7aeaf62f1d50efc3fb3ec7d8-le64.cache-3
7fcea8084000-7fcea8086000 r--s 00000000 08:02 19007775                   /var/cache/fontconfig/99e8ed0e538f840c565b6ed5dad60d56-le64.cache-3
7fcea8086000-7fcea808a000 r--s 00000000 08:02 19007774                   /var/cache/fontconfig/2cd17615ca594fa2959ae173292e504c-le64.cache-3
7fcea808a000-7fcea808b000 r--s 00000000 08:02 19007773                   /var/cache/fontconfig/e7071f4a29fa870f4323321c154eba04-le64.cache-3
7fcea808b000-7fcea808c000 r--s 00000000 08:02 19007772                   /var/cache/fontconfig/0d8c3b2ac0904cb8a57a757ad11a4a08-le64.cache-3
7fcea808c000-7fcea8092000 r--s 00000000 08:02 19007771                   /var/cache/fontconfig/a755afe4a08bf5b97852ceb7400b47bc-le64.cache-3
7fcea8092000-7fcea809b000 r--s 00000000 08:02 19007336                   /var/cache/fontconfig/6d41288fd70b0be22e8c3a91e032eec0-le64.cache-3
7fcea809b000-7fcea80ab000 r--s 00000000 08:02 19007769                   /var/cache/fontconfig/04aabc0a78ac019cf9454389977116d2-le64.cache-3
7fcea80ab000-7fcea80ae000 r--s 00000000 08:02 19007768                   /var/cache/fontconfig/385c0604a188198f04d133e54aba7fe7-le64.cache-3
7fcea80ae000-7fcea80af000 r--s 00000000 08:02 19011612                   /var/cache/fontconfig/4794a0821666d79190d59a36cb4f44b5-le64.cache-3
7fcea80af000-7fcea80b2000 r--s 00000000 08:02 19007766                   /var/cache/fontconfig/8801497958630a81b71ace7c5f9b32a8-le64.cache-3
7fcea80b2000-7fcea80b7000 r--s 00000000 08:02 19007765                   /var/cache/fontconfig/3047814df9a2f067bd2d96a2b9c36e5a-le64.cache-3
7fcea80b7000-7fcea80b8000 r--s 00000000 08:02 19007764                   /var/cache/fontconfig/56cf4f4769d0f4abc89a4895d7bd3ae1-le64.cache-3
7fcea80b8000-7fcea80bd000 r--s 00000000 08:02 19007762                   /var/cache/fontconfig/b47c4e1ecd0709278f4910c18777a504-le64.cache-3
7fcea80bd000-7fcea80c0000 r--s 00000000 08:02 19007334                   /var/cache/fontconfig/e49e89034d371f0f9de17aab02136486-le64.cache-3
7fcea80c0000-7fcea80d0000 r--s 00000000 08:02 19007761                   /var/cache/fontconfig/d52a8644073d54c13679302ca1180695-le64.cache-3
7fcea80d0000-7fcea80f4000 r--p 00000000 08:02 5902077                    /usr/share/glib-2.0/schemas/gschemas.compiled
7fcea80f4000-7fcea80f7000 ---p 00000000 00:00 0 
7fcea80f7000-7fcea81f5000 rw-p 00000000 00:00 0                          [stack:8412]
7fcea81f5000-7fcea8205000 r-xp 00000000 08:02 5900783                    /usr/lib/x86_64-linux-gnu/libXext.so.6.4.0
7fcea8205000-7fcea8404000 ---p 00010000 08:02 5900783                    /usr/lib/x86_64-linux-gnu/libXext.so.6.4.0
7fcea8404000-7fcea8405000 r--p 0000f000 08:02 5900783                    /usr/lib/x86_64-linux-gnu/libXext.so.6.4.0
7fcea8405000-7fcea8406000 rw-p 00010000 08:02 5900783                    /usr/lib/x86_64-linux-gnu/libXext.so.6.4.0
7fcea8406000-7fcea8423000 r-xp 00000000 08:02 5900532                    /usr/lib/x86_64-linux-gnu/libxcb.so.1.1.0
7fcea8423000-7fcea8622000 ---p 0001d000 08:02 5900532                    /usr/lib/x86_64-linux-gnu/libxcb.so.1.1.0
7fcea8622000-7fcea8623000 r--p 0001c000 08:02 5900532                    /usr/lib/x86_64-linux-gnu/libxcb.so.1.1.0
7fcea8623000-7fcea8624000 rw-p 0001d000 08:02 5900532                    /usr/lib/x86_64-linux-gnu/libxcb.so.1.1.0
7fcea8624000-7fcea8681000 r-xp 00000000 08:02 6161263                    /usr/lib/x86_64-linux-gnu/mesa/libGL.so.1.2
7fcea8681000-7fcea8880000 ---p 0005d000 08:02 6161263                    /usr/lib/x86_64-linux-gnu/mesa/libGL.so.1.2
7fcea8880000-7fcea8882000 r--p 0005c000 08:02 6161263                    /usr/lib/x86_64-linux-gnu/mesa/libGL.so.1.2
7fcea8882000-7fcea8883000 rw-p 0005e000 08:02 6161263                    /usr/lib/x86_64-linux-gnu/mesa/libGL.so.1.2
7fcea8883000-7fcea8884000 rw-p 00000000 00:00 0 
7fcea8884000-7fcea8888000 r-xp 00000000 08:02 5903805                    /usr/lib/x86_64-linux-gnu/libXxf86vm.so.1.0.0
7fcea8888000-7fcea8a87000 ---p 00004000 08:02 5903805                    /usr/lib/x86_64-linux-gnu/libXxf86vm.so.1.0.0
7fcea8a87000-7fcea8a88000 r--p 00003000 08:02 5903805                    /usr/lib/x86_64-linux-gnu/libXxf86vm.so.1.0.0
7fcea8a88000-7fcea8a89000 rw-p 00004000 08:02 5903805                    /usr/lib/x86_64-linux-gnu/libXxf86vm.so.1.0.0
7fcea8a89000-7fcea8bb9000 r-xp 00000000 08:02 5900778                    /usr/lib/x86_64-linux-gnu/libX11.so.6.3.0
7fcea8bb9000-7fcea8db9000 ---p 00130000 08:02 5900778                    /usr/lib/x86_64-linux-gnu/libX11.so.6.3.0
7fcea8db9000-7fcea8dba000 r--p 00130000 08:02 5900778                    /usr/lib/x86_64-linux-gnu/libX11.so.6.3.0
7fcea8dba000-7fcea8dbe000 rw-p 00131000 08:02 5900778                    /usr/lib/x86_64-linux-gnu/libX11.so.6.3.0
7fcea8dbe000-7fcea8dbf000 r--s 00000000 08:02 19007763                   /var/cache/fontconfig/b9d506c9ac06c20b433354fa67a72993-le64.cache-3
7fcea8dbf000-7fcea8dc5000 r--s 00000000 08:02 19006965                   /var/cache/fontconfig/3f7329c5293ffd510edef78f73874cfd-le64.cache-3
7fcea8dc5000-7fcea8dc8000 r--s 00000000 08:02 19006963                   /var/cache/fontconfig/e13b20fdb08344e0e664864cc2ede53d-le64.cache-3
7fcea8dc8000-7fcea8dcc000 r--s 00000000 08:02 19007335                   /var/cache/fontconfig/7ef2298fde41cc6eeb7af42e48b7d293-le64.cache-3
7fcea8dcc000-7fcea8dcd000 r--p 00000000 08:02 8130354                    /etc/dconf/db/local
7fcea8dcd000-7fcea8dcf000 r--p 00000000 00:19 21155005                   /home/se413006/.config/dconf/user
7fcea8dcf000-7fcea8dd0000 r--s 00000000 00:19 21155009                   /home/se413006/.cache/dconf/user
7fcea8dd0000-7fcea8dd7000 r--s 00000000 08:02 5911439                    /usr/lib/x86_64-linux-gnu/gconv/gconv-modules.cache
7fcea8dd7000-7fcea8de0000 r-xp 00000000 08:02 10749491                   /usr/lib/jvm/jdk1.7.0_45/jre/lib/amd64/libprism-es2.so
7fcea8de0000-7fcea8fdf000 ---p 00009000 08:02 10749491                   /usr/lib/jvm/jdk1.7.0_45/jre/lib/amd64/libprism-es2.so
7fcea8fdf000-7fcea8fe0000 r--p 00008000 08:02 10749491                   /usr/lib/jvm/jdk1.7.0_45/jre/lib/amd64/libprism-es2.so
7fcea8fe0000-7fcea8fe1000 rw-p 00009000 08:02 10749491                   /usr/lib/jvm/jdk1.7.0_45/jre/lib/amd64/libprism-es2.so
7fcea8fe1000-7fcea8fe4000 ---p 00000000 00:00 0 
7fcea8fe4000-7fcea90e2000 rw-p 00000000 00:00 0                          [stack:8411]
7fcea90e2000-7fcea90e5000 r--s 00017000 00:19 24576144                   /home/se413006/NetBeansProjects/DynamicSynthesizer/dist/run922658958/lib/tritonus_share.jar
7fcea90e5000-7fcea90f0000 r--s 0006f000 00:19 24576137                   /home/se413006/NetBeansProjects/DynamicSynthesizer/dist/run922658958/lib/jtransforms-2.4.jar
7fcea90f0000-7fcea90fe000 r--s 00082000 00:19 24576135                   /home/se413006/NetBeansProjects/DynamicSynthesizer/dist/run922658958/lib/jsyn-beta-16.6.4.jar
7fcea90fe000-7fcea910a000 r--s 000e5000 00:19 24576121                   /home/se413006/NetBeansProjects/DynamicSynthesizer/dist/run922658958/lib/ScenicView.jar
7fcea910a000-7fcea9118000 r--s 00082000 00:19 21155869                   /home/se413006/Downloads/jsyn-beta-16.6.4.jar
7fcea9118000-7fcea9124000 r--s 000e5000 00:19 573572                     /home/se413006/Documents/JavaFxExternalLibs/ScenicView.jar
7fcea9124000-7fcea9127000 ---p 00000000 00:00 0 
7fcea9127000-7fcea9225000 rw-p 00000000 00:00 0                          [stack:8410]
7fcea9225000-7fcea9243000 r-xp 00000000 08:02 10749448                   /usr/lib/jvm/jdk1.7.0_45/jre/lib/amd64/libdeploy.so
7fcea9243000-7fcea9443000 ---p 0001e000 08:02 10749448                   /usr/lib/jvm/jdk1.7.0_45/jre/lib/amd64/libdeploy.so
7fcea9443000-7fcea9445000 rw-p 0001e000 08:02 10749448                   /usr/lib/jvm/jdk1.7.0_45/jre/lib/amd64/libdeploy.so
7fcea9445000-7fcea9455000 rw-p 00000000 00:00 0 
7fcea9455000-7fcea9458000 ---p 00000000 00:00 0 
7fcea9458000-7fcea9556000 rw-p 00000000 00:00 0                          [stack:8409]
7fcea9556000-7fcea9557000 ---p 00000000 00:00 0 
7fcea9557000-7fcea9657000 rw-p 00000000 00:00 0                          [stack:8408]
7fcea9657000-7fcea965a000 ---p 00000000 00:00 0 
7fcea965a000-7fcea9758000 rw-p 00000000 00:00 0                          [stack:8407]
7fcea9758000-7fcea975b000 ---p 00000000 00:00 0 
7fcea975b000-7fcea9859000 rw-p 00000000 00:00 0                          [stack:8406]
7fcea9859000-7fcea985c000 ---p 00000000 00:00 0 
7fcea985c000-7fcea995a000 rw-p 00000000 00:00 0                          [stack:8405]
7fcea995a000-7fcea995d000 ---p 00000000 00:00 0 
7fcea995d000-7fcea9a5b000 rw-p 00000000 00:00 0                          [stack:8404]
7fcea9a5b000-7fcea9a5e000 ---p 00000000 00:00 0 
7fcea9a5e000-7fcea9b5c000 rw-p 00000000 00:00 0                          [stack:8403]
7fcea9b5c000-7fcea9b5f000 ---p 00000000 00:00 0 
7fcea9b5f000-7fcea9c5d000 rw-p 00000000 00:00 0                          [stack:8402]
7fcea9c5d000-7fcea9c5e000 ---p 00000000 00:00 0 
7fcea9c5e000-7fceac000000 rw-p 00000000 00:00 0                          [stack:8401]
7fceac000000-7fceac021000 rw-p 00000000 00:00 0 
7fceac021000-7fceb0000000 ---p 00000000 00:00 0 
7fceb0000000-7fceb0021000 rw-p 00000000 00:00 0 
7fceb0021000-7fceb4000000 ---p 00000000 00:00 0 
7fceb4000000-7fceb4021000 rw-p 00000000 00:00 0 
7fceb4021000-7fceb8000000 ---p 00000000 00:00 0 
7fceb8000000-7fceb8001000 r--s 00002000 00:19 24576143                   /home/se413006/NetBeansProjects/DynamicSynthesizer/dist/run922658958/lib/tritonus_aos.jar
7fceb8001000-7fceb8002000 r--s 00005000 00:19 24576141                   /home/se413006/NetBeansProjects/DynamicSynthesizer/dist/run922658958/lib/mp3spi1.9.4.jar
7fceb8002000-7fceb8004000 r--s 0000d000 00:19 24576140                   /home/se413006/NetBeansProjects/DynamicSynthesizer/dist/run922658958/lib/minim.jar
7fceb8004000-7fceb8007000 r--s 00028000 00:19 24576132                   /home/se413006/NetBeansProjects/DynamicSynthesizer/dist/run922658958/lib/jsndobj.jar
7fceb8007000-7fceb8012000 r--s 0006f000 00:19 21156293                   /home/se413006/Downloads/jtransforms-2.4.jar
7fceb8012000-7fceb8025000 r--s 000d4000 08:02 9446270                    /usr/lib/jvm/jdk1.7.0_45/jre/lib/plugin.jar
7fceb8025000-7fceb80b3000 r--s 00ddd000 08:02 9446315                    /usr/lib/jvm/jdk1.7.0_45/jre/lib/jfxrt.jar
7fceb80b3000-7fceb8e44000 rw-p 00000000 00:00 0 
7fceb8e44000-7fceb9000000 r--s 039b2000 08:02 9446276                    /usr/lib/jvm/jdk1.7.0_45/jre/lib/rt.jar
7fceb9000000-7fceb9270000 rwxp 00000000 00:00 0 
7fceb9270000-7fcebc16b000 rw-p 00000000 00:00 0 
7fcebc16b000-7fcec0000000 ---p 00000000 00:00 0 
7fcec0000000-7fcec0001000 r--s 00000000 00:19 24576138                   /home/se413006/NetBeansProjects/DynamicSynthesizer/dist/run922658958/lib/minim-spi.jar
7fcec0001000-7fcec0002000 r--s 0000b000 00:19 24576131                   /home/se413006/NetBeansProjects/DynamicSynthesizer/dist/run922658958/lib/jsminim.jar
7fcec0002000-7fcec0005000 r--s 00017000 00:19 24576125                   /home/se413006/NetBeansProjects/DynamicSynthesizer/dist/run922658958/lib/jl1.0.jar
7fcec0005000-7fcec001d000 r--s 001d4000 08:02 9446271                    /usr/lib/jvm/jdk1.7.0_45/jre/lib/deploy.jar
7fcec001d000-7fcec038c000 rw-p 00000000 00:00 0 
7fcec038c000-7fcec038d000 ---p 00000000 00:00 0 
7fcec038d000-7fcec048d000 rw-p 00000000 00:00 0                          [stack:8400]
7fcec048d000-7fcec048e000 ---p 00000000 00:00 0 
7fcec048e000-7fcec058e000 rw-p 00000000 00:00 0                          [stack:8399]
7fcec058e000-7fcec058f000 ---p 00000000 00:00 0 
7fcec058f000-7fcec068f000 rw-p 00000000 00:00 0                          [stack:8398]
7fcec068f000-7fcec0690000 ---p 00000000 00:00 0 
7fcec0690000-7fcec079b000 rw-p 00000000 00:00 0                          [stack:8397]
7fcec079b000-7fcec07b9000 rw-p 00000000 00:00 0 
7fcec07b9000-7fcec07cd000 rw-p 00000000 00:00 0 
7fcec07cd000-7fcec08fa000 rw-p 00000000 00:00 0 
7fcec08fa000-7fcec0905000 rw-p 00000000 00:00 0 
7fcec0905000-7fcec0923000 rw-p 00000000 00:00 0 
7fcec0923000-7fcec0937000 rw-p 00000000 00:00 0 
7fcec0937000-7fcec0a63000 rw-p 00000000 00:00 0 
7fcec0a63000-7fcec0a75000 rw-p 00000000 00:00 0 
7fcec0a75000-7fcec0b04000 rw-p 00000000 00:00 0 
7fcec0b04000-7fcec0b05000 rw-p 00000000 00:00 0 
7fcec0b05000-7fcec0b1f000 r-xp 00000000 08:02 10749474                   /usr/lib/jvm/jdk1.7.0_45/jre/lib/amd64/libzip.so
7fcec0b1f000-7fcec0d1f000 ---p 0001a000 08:02 10749474                   /usr/lib/jvm/jdk1.7.0_45/jre/lib/amd64/libzip.so
7fcec0d1f000-7fcec0d20000 rw-p 0001a000 08:02 10749474                   /usr/lib/jvm/jdk1.7.0_45/jre/lib/amd64/libzip.so
7fcec0d20000-7fcec0d26000 r-xp 00000000 08:02 7866684                    /lib/x86_64-linux-gnu/libnss_sss.so.2
7fcec0d26000-7fcec0f25000 ---p 00006000 08:02 7866684                    /lib/x86_64-linux-gnu/libnss_sss.so.2
7fcec0f25000-7fcec0f26000 r--p 00005000 08:02 7866684                    /lib/x86_64-linux-gnu/libnss_sss.so.2
7fcec0f26000-7fcec0f27000 rw-p 00006000 08:02 7866684                    /lib/x86_64-linux-gnu/libnss_sss.so.2
7fcec0f27000-7fcec0f33000 r-xp 00000000 08:02 7867763                    /lib/x86_64-linux-gnu/libnss_files-2.15.so
7fcec0f33000-7fcec1132000 ---p 0000c000 08:02 7867763                    /lib/x86_64-linux-gnu/libnss_files-2.15.so
7fcec1132000-7fcec1133000 r--p 0000b000 08:02 7867763                    /lib/x86_64-linux-gnu/libnss_files-2.15.so
7fcec1133000-7fcec1134000 rw-p 0000c000 08:02 7867763                    /lib/x86_64-linux-gnu/libnss_files-2.15.so
7fcec1134000-7fcec113e000 r-xp 00000000 08:02 7867767                    /lib/x86_64-linux-gnu/libnss_nis-2.15.so
7fcec113e000-7fcec133e000 ---p 0000a000 08:02 7867767                    /lib/x86_64-linux-gnu/libnss_nis-2.15.so
7fcec133e000-7fcec133f000 r--p 0000a000 08:02 7867767                    /lib/x86_64-linux-gnu/libnss_nis-2.15.so
7fcec133f000-7fcec1340000 rw-p 0000b000 08:02 7867767                    /lib/x86_64-linux-gnu/libnss_nis-2.15.so
7fcec1340000-7fcec1357000 r-xp 00000000 08:02 7867779                    /lib/x86_64-linux-gnu/libnsl-2.15.so
7fcec1357000-7fcec1556000 ---p 00017000 08:02 7867779                    /lib/x86_64-linux-gnu/libnsl-2.15.so
7fcec1556000-7fcec1557000 r--p 00016000 08:02 7867779                    /lib/x86_64-linux-gnu/libnsl-2.15.so
7fcec1557000-7fcec1558000 rw-p 00017000 08:02 7867779                    /lib/x86_64-linux-gnu/libnsl-2.15.so
7fcec1558000-7fcec155a000 rw-p 00000000 00:00 0 
7fcec155a000-7fcec1562000 r-xp 00000000 08:02 7867761                    /lib/x86_64-linux-gnu/libnss_compat-2.15.so
7fcec1562000-7fcec1761000 ---p 00008000 08:02 7867761                    /lib/x86_64-linux-gnu/libnss_compat-2.15.so
7fcec1761000-7fcec1762000 r--p 00007000 08:02 7867761                    /lib/x86_64-linux-gnu/libnss_compat-2.15.so
7fcec1762000-7fcec1763000 rw-p 00008000 08:02 7867761                    /lib/x86_64-linux-gnu/libnss_compat-2.15.so
7fcec1763000-7fcec178c000 r-xp 00000000 08:02 10749465                   /usr/lib/jvm/jdk1.7.0_45/jre/lib/amd64/libjava.so
7fcec178c000-7fcec198c000 ---p 00029000 08:02 10749465                   /usr/lib/jvm/jdk1.7.0_45/jre/lib/amd64/libjava.so
7fcec198c000-7fcec198e000 rw-p 00029000 08:02 10749465                   /usr/lib/jvm/jdk1.7.0_45/jre/lib/amd64/libjava.so
7fcec198e000-7fcec199b000 r-xp 00000000 08:02 10749454                   /usr/lib/jvm/jdk1.7.0_45/jre/lib/amd64/libverify.so
7fcec199b000-7fcec1b9a000 ---p 0000d000 08:02 10749454                   /usr/lib/jvm/jdk1.7.0_45/jre/lib/amd64/libverify.so
7fcec1b9a000-7fcec1b9c000 rw-p 0000c000 08:02 10749454                   /usr/lib/jvm/jdk1.7.0_45/jre/lib/amd64/libverify.so
7fcec1b9c000-7fcec1ba3000 r-xp 00000000 08:02 7867766                    /lib/x86_64-linux-gnu/librt-2.15.so
7fcec1ba3000-7fcec1da2000 ---p 00007000 08:02 7867766                    /lib/x86_64-linux-gnu/librt-2.15.so
7fcec1da2000-7fcec1da3000 r--p 00006000 08:02 7867766                    /lib/x86_64-linux-gnu/librt-2.15.so
7fcec1da3000-7fcec1da4000 rw-p 00007000 08:02 7867766                    /lib/x86_64-linux-gnu/librt-2.15.so
7fcec1da4000-7fcec1e9f000 r-xp 00000000 08:02 7867770                    /lib/x86_64-linux-gnu/libm-2.15.so
7fcec1e9f000-7fcec209e000 ---p 000fb000 08:02 7867770                    /lib/x86_64-linux-gnu/libm-2.15.so
7fcec209e000-7fcec209f000 r--p 000fa000 08:02 7867770                    /lib/x86_64-linux-gnu/libm-2.15.so
7fcec209f000-7fcec20a0000 rw-p 000fb000 08:02 7867770                    /lib/x86_64-linux-gnu/libm-2.15.so
7fcec20a0000-7fcec2c02000 r-xp 00000000 08:02 10749472                   /usr/lib/jvm/jdk1.7.0_45/jre/lib/amd64/server/libjvm.so
7fcec2c02000-7fcec2e02000 ---p 00b62000 08:02 10749472                   /usr/lib/jvm/jdk1.7.0_45/jre/lib/amd64/server/libjvm.so
7fcec2e02000-7fcec2ec5000 rw-p 00b62000 08:02 10749472                   /usr/lib/jvm/jdk1.7.0_45/jre/lib/amd64/server/libjvm.so
7fcec2ec5000-7fcec2f06000 rw-p 00000000 00:00 0 
7fcec2f06000-7fcec30bb000 r-xp 00000000 08:02 7867759                    /lib/x86_64-linux-gnu/libc-2.15.so
7fcec30bb000-7fcec32bb000 ---p 001b5000 08:02 7867759                    /lib/x86_64-linux-gnu/libc-2.15.so
7fcec32bb000-7fcec32bf000 r--p 001b5000 08:02 7867759                    /lib/x86_64-linux-gnu/libc-2.15.so
7fcec32bf000-7fcec32c1000 rw-p 001b9000 08:02 7867759                    /lib/x86_64-linux-gnu/libc-2.15.so
7fcec32c1000-7fcec32c6000 rw-p 00000000 00:00 0 
7fcec32c6000-7fcec32c8000 r-xp 00000000 08:02 7867774                    /lib/x86_64-linux-gnu/libdl-2.15.so
7fcec32c8000-7fcec34c8000 ---p 00002000 08:02 7867774                    /lib/x86_64-linux-gnu/libdl-2.15.so
7fcec34c8000-7fcec34c9000 r--p 00002000 08:02 7867774                    /lib/x86_64-linux-gnu/libdl-2.15.so
7fcec34c9000-7fcec34ca000 rw-p 00003000 08:02 7867774                    /lib/x86_64-linux-gnu/libdl-2.15.so
7fcec34ca000-7fcec34e0000 r-xp 00000000 08:02 10748736                   /usr/lib/jvm/jdk1.7.0_45/lib/amd64/jli/libjli.so
7fcec34e0000-7fcec36e0000 ---p 00016000 08:02 10748736                   /usr/lib/jvm/jdk1.7.0_45/lib/amd64/jli/libjli.so
7fcec36e0000-7fcec36e1000 rw-p 00016000 08:02 10748736                   /usr/lib/jvm/jdk1.7.0_45/lib/amd64/jli/libjli.so
7fcec36e1000-7fcec36f9000 r-xp 00000000 08:02 7867768                    /lib/x86_64-linux-gnu/libpthread-2.15.so
7fcec36f9000-7fcec38f8000 ---p 00018000 08:02 7867768                    /lib/x86_64-linux-gnu/libpthread-2.15.so
7fcec38f8000-7fcec38f9000 r--p 00017000 08:02 7867768                    /lib/x86_64-linux-gnu/libpthread-2.15.so
7fcec38f9000-7fcec38fa000 rw-p 00018000 08:02 7867768                    /lib/x86_64-linux-gnu/libpthread-2.15.so
7fcec38fa000-7fcec38fe000 rw-p 00000000 00:00 0 
7fcec38fe000-7fcec3920000 r-xp 00000000 08:02 7867771                    /lib/x86_64-linux-gnu/ld-2.15.so
7fcec3920000-7fcec3923000 r--s 00028000 00:19 21580459                   /home/se413006/sndobj-sndobj/jsndobj.jar
7fcec3923000-7fcec3926000 r--s 00017000 00:19 21629910                   /home/se413006/minim/library/tritonus_share.jar
7fcec3926000-7fcec3927000 r--s 00002000 00:19 21629909                   /home/se413006/minim/library/tritonus_aos.jar
7fcec3927000-7fcec3928000 r--s 00005000 00:19 21629908                   /home/se413006/minim/library/mp3spi1.9.4.jar
7fcec3928000-7fcec392a000 r--s 0000d000 00:19 21629906                   /home/se413006/minim/library/minim.jar
7fcec392a000-7fcec392b000 r--s 00000000 00:19 21629907                   /home/se413006/minim/library/minim-spi.jar
7fcec392b000-7fcec394a000 rw-p 00000000 00:00 0 
7fcec394a000-7fcec3a00000 rw-p 00000000 00:00 0 
7fcec3a00000-7fcec3a03000 ---p 00000000 00:00 0 
7fcec3a03000-7fcec3b05000 rw-p 00000000 00:00 0                          [stack:8396]
7fcec3b05000-7fcec3b06000 r--s 0000b000 00:19 21629905                   /home/se413006/minim/library/jsminim.jar
7fcec3b06000-7fcec3b0f000 r--s 00067000 08:02 9446296                    /usr/lib/jvm/jdk1.7.0_45/jre/lib/javaws.jar
7fcec3b0f000-7fcec3b12000 r--s 00017000 00:19 21629904                   /home/se413006/minim/library/jl1.0.jar
7fcec3b12000-7fcec3b14000 r--s 0013d000 00:19 24526965                   /home/se413006/NetBeansProjects/DynamicSynthesizer/dist/run922658958/DynamicSynthesizer.jar
7fcec3b14000-7fcec3b1c000 rw-s 00000000 08:02 5242944                    /tmp/hsperfdata_se413006/8392
7fcec3b1c000-7fcec3b1d000 rw-p 00000000 00:00 0 
7fcec3b1d000-7fcec3b1e000 r--p 00000000 00:00 0 
7fcec3b1e000-7fcec3b20000 rw-p 00000000 00:00 0 
7fcec3b20000-7fcec3b21000 r--p 00022000 08:02 7867771                    /lib/x86_64-linux-gnu/ld-2.15.so
7fcec3b21000-7fcec3b23000 rw-p 00023000 08:02 7867771                    /lib/x86_64-linux-gnu/ld-2.15.so
7ffff8639000-7ffff865a000 rw-p 00000000 00:00 0                          [stack]
7ffff8755000-7ffff8757000 r-xp 00000000 00:00 0                          [vdso]
ffffffffff600000-ffffffffff601000 r-xp 00000000 00:00 0                  [vsyscall]

VM Arguments:
jvm_args: -Dfile.encoding=UTF-8 
java_command: com.javafx.main.Main
Launcher Type: SUN_STANDARD

Environment Variables:
PATH=/usr/lib/lightdm/lightdm:/usr/local/sbin:/usr/local/bin:/usr/sbin:/usr/bin:/sbin:/bin:/usr/games:/var/cfengine/bin
LD_LIBRARY_PATH=/usr/lib/jvm/java-7-openjdk-amd64/jre/lib/amd64:/usr/lib/jvm/java-7-openjdk-amd64/jre/lib/i386:
SHELL=/bin/bash
DISPLAY=:0

Signal Handlers:
SIGSEGV: [libjvm.so+0x9935b0], sa_mask[0]=0x7ffbfeff, sa_flags=0x10000004
SIGBUS: [libjvm.so+0x9935b0], sa_mask[0]=0x7ffbfeff, sa_flags=0x10000004
SIGFPE: [libjvm.so+0x810330], sa_mask[0]=0x7ffbfeff, sa_flags=0x10000004
SIGPIPE: SIG_IGN, sa_mask[0]=0x00001000, sa_flags=0x10000000
SIGXFSZ: [libjvm.so+0x810330], sa_mask[0]=0x7ffbfeff, sa_flags=0x10000004
SIGILL: [libjvm.so+0x810330], sa_mask[0]=0x7ffbfeff, sa_flags=0x10000004
SIGUSR1: SIG_DFL, sa_mask[0]=0x00000000, sa_flags=0x00000000
SIGUSR2: [libjvm.so+0x811820], sa_mask[0]=0x00000004, sa_flags=0x10000004
SIGHUP: [libjvm.so+0x812790], sa_mask[0]=0x7ffbfeff, sa_flags=0x10000004
SIGINT: SIG_IGN, sa_mask[0]=0x00000000, sa_flags=0x00000000
SIGTERM: [libjvm.so+0x812790], sa_mask[0]=0x7ffbfeff, sa_flags=0x10000004
SIGQUIT: [libjvm.so+0x812790], sa_mask[0]=0x7ffbfeff, sa_flags=0x10000004


---------------  S Y S T E M  ---------------

OS:wheezy/sid

uname:Linux 3.8.0-36-generic #52~precise1-Ubuntu SMP Mon Feb 3 21:54:46 UTC 2014 x86_64
libc:glibc 2.15 NPTL 2.15 
rlimit: STACK 8192k, CORE 0k, NPROC 30580, NOFILE 4096, AS infinity
load average:0.30 0.14 0.20

/proc/meminfo:
MemTotal:        3933176 kB
MemFree:          529644 kB
Buffers:           17544 kB
Cached:           907296 kB
SwapCached:         2524 kB
Active:          2304948 kB
Inactive:         895104 kB
Active(anon):    2105940 kB
Inactive(anon):   594852 kB
Active(file):     199008 kB
Inactive(file):   300252 kB
Unevictable:          32 kB
Mlocked:              32 kB
SwapTotal:       3945468 kB
SwapFree:        3759220 kB
Dirty:               172 kB
Writeback:             0 kB
AnonPages:       2272716 kB
Mapped:           150592 kB
Shmem:            425580 kB
Slab:              93780 kB
SReclaimable:      58552 kB
SUnreclaim:        35228 kB
KernelStack:        5024 kB
PageTables:        44108 kB
NFS_Unstable:          0 kB
Bounce:                0 kB
WritebackTmp:          0 kB
CommitLimit:     5912056 kB
Committed_AS:    6358920 kB
VmallocTotal:   34359738367 kB
VmallocUsed:      350268 kB
VmallocChunk:   34359384848 kB
HardwareCorrupted:     0 kB
AnonHugePages:         0 kB
HugePages_Total:       0
HugePages_Free:        0
HugePages_Rsvd:        0
HugePages_Surp:        0
Hugepagesize:       2048 kB
DirectMap4k:       63488 kB
DirectMap2M:     4022272 kB


CPU:total 4 (2 cores per cpu, 2 threads per core) family 6 model 58 stepping 9, cmov, cx8, fxsr, mmx, sse, sse2, sse3, ssse3, sse4.1, sse4.2, popcnt, avx, erms, ht, tsc, tscinvbit, tscinv

/proc/cpuinfo:
processor	: 0
vendor_id	: GenuineIntel
cpu family	: 6
model		: 58
model name	: Intel(R) Core(TM) i3-3225 CPU @ 3.30GHz
stepping	: 9
microcode	: 0x16
cpu MHz		: 1600.000
cache size	: 3072 KB
physical id	: 0
siblings	: 4
core id		: 0
cpu cores	: 2
apicid		: 0
initial apicid	: 0
fpu		: yes
fpu_exception	: yes
cpuid level	: 13
wp		: yes
flags		: fpu vme de pse tsc msr pae mce cx8 apic sep mtrr pge mca cmov pat pse36 clflush dts acpi mmx fxsr sse sse2 ss ht tm pbe syscall nx rdtscp lm constant_tsc arch_perfmon pebs bts rep_good nopl xtopology nonstop_tsc aperfmperf eagerfpu pni pclmulqdq dtes64 monitor ds_cpl vmx est tm2 ssse3 cx16 xtpr pdcm pcid sse4_1 sse4_2 popcnt tsc_deadline_timer xsave avx f16c lahf_lm arat epb xsaveopt pln pts dtherm tpr_shadow vnmi flexpriority ept vpid fsgsbase smep erms
bogomips	: 6584.98
clflush size	: 64
cache_alignment	: 64
address sizes	: 36 bits physical, 48 bits virtual
power management:

processor	: 1
vendor_id	: GenuineIntel
cpu family	: 6
model		: 58
model name	: Intel(R) Core(TM) i3-3225 CPU @ 3.30GHz
stepping	: 9
microcode	: 0x16
cpu MHz		: 2100.000
cache size	: 3072 KB
physical id	: 0
siblings	: 4
core id		: 1
cpu cores	: 2
apicid		: 2
initial apicid	: 2
fpu		: yes
fpu_exception	: yes
cpuid level	: 13
wp		: yes
flags		: fpu vme de pse tsc msr pae mce cx8 apic sep mtrr pge mca cmov pat pse36 clflush dts acpi mmx fxsr sse sse2 ss ht tm pbe syscall nx rdtscp lm constant_tsc arch_perfmon pebs bts rep_good nopl xtopology nonstop_tsc aperfmperf eagerfpu pni pclmulqdq dtes64 monitor ds_cpl vmx est tm2 ssse3 cx16 xtpr pdcm pcid sse4_1 sse4_2 popcnt tsc_deadline_timer xsave avx f16c lahf_lm arat epb xsaveopt pln pts dtherm tpr_shadow vnmi flexpriority ept vpid fsgsbase smep erms
bogomips	: 6584.98
clflush size	: 64
cache_alignment	: 64
address sizes	: 36 bits physical, 48 bits virtual
power management:

processor	: 2
vendor_id	: GenuineIntel
cpu family	: 6
model		: 58
model name	: Intel(R) Core(TM) i3-3225 CPU @ 3.30GHz
stepping	: 9
microcode	: 0x16
cpu MHz		: 3300.000
cache size	: 3072 KB
physical id	: 0
siblings	: 4
core id		: 0
cpu cores	: 2
apicid		: 1
initial apicid	: 1
fpu		: yes
fpu_exception	: yes
cpuid level	: 13
wp		: yes
flags		: fpu vme de pse tsc msr pae mce cx8 apic sep mtrr pge mca cmov pat pse36 clflush dts acpi mmx fxsr sse sse2 ss ht tm pbe syscall nx rdtscp lm constant_tsc arch_perfmon pebs bts rep_good nopl xtopology nonstop_tsc aperfmperf eagerfpu pni pclmulqdq dtes64 monitor ds_cpl vmx est tm2 ssse3 cx16 xtpr pdcm pcid sse4_1 sse4_2 popcnt tsc_deadline_timer xsave avx f16c lahf_lm arat epb xsaveopt pln pts dtherm tpr_shadow vnmi flexpriority ept vpid fsgsbase smep erms
bogomips	: 6584.98
clflush size	: 64
cache_alignment	: 64
address sizes	: 36 bits physical, 48 bits virtual
power management:

processor	: 3
vendor_id	: GenuineIntel
cpu family	: 6
model		: 58
model name	: Intel(R) Core(TM) i3-3225 CPU @ 3.30GHz
stepping	: 9
microcode	: 0x16
cpu MHz		: 1600.000
cache size	: 3072 KB
physical id	: 0
siblings	: 4
core id		: 1
cpu cores	: 2
apicid		: 3
initial apicid	: 3
fpu		: yes
fpu_exception	: yes
cpuid level	: 13
wp		: yes
flags		: fpu vme de pse tsc msr pae mce cx8 apic sep mtrr pge mca cmov pat pse36 clflush dts acpi mmx fxsr sse sse2 ss ht tm pbe syscall nx rdtscp lm constant_tsc arch_perfmon pebs bts rep_good nopl xtopology nonstop_tsc aperfmperf eagerfpu pni pclmulqdq dtes64 monitor ds_cpl vmx est tm2 ssse3 cx16 xtpr pdcm pcid sse4_1 sse4_2 popcnt tsc_deadline_timer xsave avx f16c lahf_lm arat epb xsaveopt pln pts dtherm tpr_shadow vnmi flexpriority ept vpid fsgsbase smep erms
bogomips	: 6584.98
clflush size	: 64
cache_alignment	: 64
address sizes	: 36 bits physical, 48 bits virtual
power management:



Memory: 4k page, physical 3933176k(529644k free), swap 3945468k(3759220k free)

vm_info: Java HotSpot(TM) 64-Bit Server VM (24.45-b08) for linux-amd64 JRE (1.7.0_45-b18), built on Oct  8 2013 05:44:25 by "java_re" with gcc 4.3.0 20080428 (Red Hat 4.3.0-8)

time: Fri Feb 21 12:54:25 2014
elapsed time: 7 seconds

