#
# A fatal error has been detected by the Java Runtime Environment:
#
#  SIGSEGV (0xb) at pc=0x00007f518d181f48, pid=13783, tid=139988239898368
#
# JRE version: Java(TM) SE Runtime Environment (7.0_45-b18) (build 1.7.0_45-b18)
# Java VM: Java HotSpot(TM) 64-Bit Server VM (24.45-b08 mixed mode linux-amd64 compressed oops)
# Problematic frame:
# C  [libsndobj.so.2.6.5+0x4af48]  SndWave::Read()+0x38
#
# Failed to write core dump. Core dumps have been disabled. To enable core dumping, try "ulimit -c unlimited" before starting Java again
#
# If you would like to submit a bug report, please visit:
#   http://bugreport.sun.com/bugreport/crash.jsp
# The crash happened outside the Java Virtual Machine in native code.
# See problematic frame for where to report the bug.
#

---------------  T H R E A D  ---------------

Current thread (0x00007f519c148800):  JavaThread "JavaFX Application Thread" [_thread_in_native, id=13807, stack(0x00007f518d3fd000,0x00007f518d4fe000)]

siginfo:si_signo=SIGSEGV: si_errno=0, si_code=1 (SEGV_MAPERR), si_addr=0x0000000000000000

Registers:
RAX=0x0000000000000000, RBX=0x00000000bfafef80, RCX=0x0000000000000000, RDX=0x0000000000000200
RSP=0x00007f518d4fa070, RBP=0x00007f51784027c0, RSI=0x00007f518d4fa120, RDI=0x00007f51784027c0
R8 =0x00007f51e5ea6a60, R9 =0x0000000000000000, R10=0x00007f51dc9e3cac, R11=0x00007f51e5916a90
R12=0x0000000000000000, R13=0x00000000bfafef80, R14=0x0000000000000000, R15=0x00007f519c148800
RIP=0x00007f518d181f48, EFLAGS=0x0000000000010246, CSGSFS=0x0000000000000033, ERR=0x0000000000000006
  TRAPNO=0x000000000000000e

Top of Stack: (sp=0x00007f518d4fa070)
0x00007f518d4fa070:   00000000bfafef80 0000000000000000
0x00007f518d4fa080:   00000000bfafef80 00007f518d4fa110
0x00007f518d4fa090:   0000000000000000 00000000bfafef80
0x00007f518d4fa0a0:   00007f518d4fa140 00007f51dc9e3cd8
0x00007f518d4fa0b0:   00007f518d4fa198 00007f51dc9ee9c3
0x00007f518d4fa0c0:   00007f519c148800 00007f5100000000
0x00007f518d4fa0d0:   00007f518d4fa0d0 00000000bfafef80
0x00007f518d4fa0e0:   00007f518d4fa140 00000000bfb1ba50
0x00007f518d4fa0f0:   0000000000000000 00000000bfafef80
0x00007f518d4fa100:   0000000000000000 00007f518d4fa130
0x00007f518d4fa110:   00007f518d4fa188 00007f51dc9d7292
0x00007f518d4fa120:   00000000ec114900 00007f51dc9dfcd2
0x00007f518d4fa130:   00000000ec100958 00007f51784027c0
0x00007f518d4fa140:   00000000ec100958 00007f518d4fa148
0x00007f518d4fa150:   00000000bfab1845 00007f518d4fa198
0x00007f518d4fa160:   00000000bfabdab0 0000000000000000
0x00007f518d4fa170:   00000000bfab1850 00007f518d4fa130
0x00007f518d4fa180:   00007f518d4fa198 00007f518d4fa1e8
0x00007f518d4fa190:   00007f51dc9d7292 00000000ec100958
0x00007f518d4fa1a0:   00000000ec0d57a8 00007f518d4fa1a8
0x00007f518d4fa1b0:   00000000bfaae42b 00007f518d4fa210
0x00007f518d4fa1c0:   00000000bfabce50 0000000000000000
0x00007f518d4fa1d0:   00000000bfaae528 00007f518d4fa198
0x00007f518d4fa1e0:   00007f518d4fa210 00007f518d4fa260
0x00007f518d4fa1f0:   00007f51dc9d7233 0000000000000000
0x00007f518d4fa200:   0000000000000000 0000000000000056
0x00007f518d4fa210:   00000000ec0d57a8 00000000edf81088
0x00007f518d4fa220:   00007f518d4fa220 00000000bf35f3c8
0x00007f518d4fa230:   00007f518d4fa280 00000000bf35f818
0x00007f518d4fa240:   0000000000000000 00000000bf35f400
0x00007f518d4fa250:   00007f518d4fa210 00007f518d4fa278
0x00007f518d4fa260:   00007f518d4fa2c8 00007f51dc9d7058 

Instructions: (pc=0x00007f518d181f48)
0x00007f518d181f28:   7f 52 03 74 40 8b 55 30 45 31 f6 c7 45 28 00 00
0x00007f518d181f38:   00 00 85 d2 7e 1f 48 8b 4d 10 31 c0 0f 1f 40 00
0x00007f518d181f48:   c7 04 81 00 00 00 00 48 83 c0 01 39 c2 7f f1 89
0x00007f518d181f58:   55 28 45 31 f6 48 83 c4 10 44 89 f0 5b 5d 41 5c 

Register to memory mapping:

RAX=0x0000000000000000 is an unknown value
RBX=0x00000000bfafef80 is an oop
{method} 
 - klass: {other class}
RCX=0x0000000000000000 is an unknown value
RDX=0x0000000000000200 is an unknown value
RSP=0x00007f518d4fa070 is pointing into the stack for thread: 0x00007f519c148800
RBP=0x00007f51784027c0 is an unknown value
RSI=0x00007f518d4fa120 is pointing into the stack for thread: 0x00007f519c148800
RDI=0x00007f51784027c0 is an unknown value
R8 =0x00007f51e5ea6a60: <offset 0xe37a60> in /usr/lib/jvm/jdk1.7.0_45/jre/lib/amd64/server/libjvm.so at 0x00007f51e506f000
R9 =0x0000000000000000 is an unknown value
R10=0x00007f51dc9e3cac is at code_begin+620 in an Interpreter codelet
method entry point (kind = native)  [0x00007f51dc9e3a40, 0x00007f51dc9e42a0]  2144 bytes
R11=0x00007f51e5916a90: <offset 0x8a7a90> in /usr/lib/jvm/jdk1.7.0_45/jre/lib/amd64/server/libjvm.so at 0x00007f51e506f000
R12=0x0000000000000000 is an unknown value
R13=0x00000000bfafef80 is an oop
{method} 
 - klass: {other class}
R14=0x0000000000000000 is an unknown value
R15=0x00007f519c148800 is a thread


Stack: [0x00007f518d3fd000,0x00007f518d4fe000],  sp=0x00007f518d4fa070,  free space=1012k
Native frames: (J=compiled Java code, j=interpreted, Vv=VM code, C=native code)
C  [libsndobj.so.2.6.5+0x4af48]  SndWave::Read()+0x38

Java frames: (J=compiled Java code, j=interpreted, Vv=VM code)
j  JSndObj.jsndobjJNI.SndWave_Read(JLJSndObj/SndWave;)S+0
j  JSndObj.SndWave.Read()S+5
j  synthesizer.SndAnalysis.analSound()Ljava/util/ArrayList;+27
j  synthesizer.Synthesizer$1.handle(Ljavafx/event/ActionEvent;)V+48
j  synthesizer.Synthesizer$1.handle(Ljavafx/event/Event;)V+5
j  com.sun.javafx.event.CompositeEventHandler.dispatchBubblingEvent(Ljavafx/event/Event;)V+62
j  com.sun.javafx.event.EventHandlerManager.dispatchBubblingEvent(Ljavafx/event/EventType;Ljavafx/event/Event;)Ljavafx/event/Event;+29
j  com.sun.javafx.event.EventHandlerManager.dispatchBubblingEvent(Ljavafx/event/Event;)Ljavafx/event/Event;+8
j  com.sun.javafx.event.CompositeEventDispatcher.dispatchBubblingEvent(Ljavafx/event/Event;)Ljavafx/event/Event;+11
j  com.sun.javafx.event.BasicEventDispatcher.dispatchEvent(Ljavafx/event/Event;Ljavafx/event/EventDispatchChain;)Ljavafx/event/Event;+29
j  com.sun.javafx.event.EventDispatchChainImpl.dispatchEvent(Ljavafx/event/Event;)Ljavafx/event/Event;+69
j  com.sun.javafx.event.BasicEventDispatcher.dispatchEvent(Ljavafx/event/Event;Ljavafx/event/EventDispatchChain;)Ljavafx/event/Event;+17
j  com.sun.javafx.event.EventDispatchChainImpl.dispatchEvent(Ljavafx/event/Event;)Ljavafx/event/Event;+69
j  com.sun.javafx.event.EventUtil.fireEventImpl(Ljavafx/event/EventDispatchChain;Ljavafx/event/EventTarget;Ljavafx/event/Event;)Ljavafx/event/Event;+10
j  com.sun.javafx.event.EventUtil.fireEvent(Ljavafx/event/EventTarget;Ljavafx/event/Event;)Ljavafx/event/Event;+37
j  javafx.event.Event.fireEvent(Ljavafx/event/EventTarget;Ljavafx/event/Event;)V+30
j  javafx.scene.Node.fireEvent(Ljavafx/event/Event;)V+86
j  javafx.scene.control.Button.fire()V+8
j  com.sun.javafx.scene.control.behavior.ButtonBehavior.mouseReleased(Ljavafx/scene/input/MouseEvent;)V+23
j  com.sun.javafx.scene.control.skin.SkinBase$4.handle(Ljavafx/scene/input/MouseEvent;)V+83
j  com.sun.javafx.scene.control.skin.SkinBase$4.handle(Ljavafx/event/Event;)V+5
j  com.sun.javafx.event.CompositeEventHandler.dispatchBubblingEvent(Ljavafx/event/Event;)V+42
j  com.sun.javafx.event.EventHandlerManager.dispatchBubblingEvent(Ljavafx/event/EventType;Ljavafx/event/Event;)Ljavafx/event/Event;+29
j  com.sun.javafx.event.EventHandlerManager.dispatchBubblingEvent(Ljavafx/event/Event;)Ljavafx/event/Event;+8
j  com.sun.javafx.event.CompositeEventDispatcher.dispatchBubblingEvent(Ljavafx/event/Event;)Ljavafx/event/Event;+11
j  com.sun.javafx.event.BasicEventDispatcher.dispatchEvent(Ljavafx/event/Event;Ljavafx/event/EventDispatchChain;)Ljavafx/event/Event;+29
j  com.sun.javafx.event.EventDispatchChainImpl.dispatchEvent(Ljavafx/event/Event;)Ljavafx/event/Event;+69
j  com.sun.javafx.event.BasicEventDispatcher.dispatchEvent(Ljavafx/event/Event;Ljavafx/event/EventDispatchChain;)Ljavafx/event/Event;+17
j  com.sun.javafx.event.EventDispatchChainImpl.dispatchEvent(Ljavafx/event/Event;)Ljavafx/event/Event;+69
j  com.sun.javafx.event.BasicEventDispatcher.dispatchEvent(Ljavafx/event/Event;Ljavafx/event/EventDispatchChain;)Ljavafx/event/Event;+17
j  com.sun.javafx.event.EventDispatchChainImpl.dispatchEvent(Ljavafx/event/Event;)Ljavafx/event/Event;+69
j  com.sun.javafx.event.EventUtil.fireEventImpl(Ljavafx/event/EventDispatchChain;Ljavafx/event/EventTarget;Ljavafx/event/Event;)Ljavafx/event/Event;+10
j  com.sun.javafx.event.EventUtil.fireEvent(Ljavafx/event/EventTarget;Ljavafx/event/Event;)Ljavafx/event/Event;+46
j  javafx.event.Event.fireEvent(Ljavafx/event/EventTarget;Ljavafx/event/Event;)V+30
j  javafx.scene.Scene$MouseHandler.process(Ljavafx/scene/input/MouseEvent;Z)V+405
j  javafx.scene.Scene$MouseHandler.process(Ljavafx/scene/input/MouseEvent;)V+3
j  javafx.scene.Scene$MouseHandler.access$1900(Ljavafx/scene/Scene$MouseHandler;Ljavafx/scene/input/MouseEvent;)V+2
j  javafx.scene.Scene.impl_processMouseEvent(Ljavafx/scene/input/MouseEvent;)V+16
j  javafx.scene.Scene$ScenePeerListener.mouseEvent(Ljava/lang/Object;)V+11
j  com.sun.javafx.tk.quantum.GlassViewEventHandler$MouseEventNotification.run()Ljava/lang/Void;+329
j  com.sun.javafx.tk.quantum.GlassViewEventHandler$MouseEventNotification.run()Ljava/lang/Object;+1
v  ~StubRoutines::call_stub
j  java.security.AccessController.doPrivileged(Ljava/security/PrivilegedAction;Ljava/security/AccessControlContext;)Ljava/lang/Object;+0
j  com.sun.javafx.tk.quantum.GlassViewEventHandler.handleMouseEvent(Lcom/sun/glass/ui/View;JIIIIIIIIZZ)V+117
j  com.sun.glass.ui.View.handleMouseEvent(JIIIIIIIIZZ)V+38
j  com.sun.glass.ui.View.notifyMouse(IIIIIIIZZ)V+184
v  ~StubRoutines::call_stub
j  com.sun.glass.ui.gtk.GtkApplication._runLoop([Ljava/lang/String;Lcom/sun/glass/ui/Launchable;Z)V+0
j  com.sun.glass.ui.gtk.GtkApplication$3$1.run()V+38
j  java.lang.Thread.run()V+11
v  ~StubRoutines::call_stub

---------------  P R O C E S S  ---------------

Java Threads: ( => current thread )
  0x00007f5190047800 JavaThread "Java2D Disposer" daemon [_thread_blocked, id=13809, stack(0x00007f518c06e000,0x00007f518c16f000)]
  0x00007f51780ef800 JavaThread "Prism Font Disposer" daemon [_thread_blocked, id=13808, stack(0x00007f518c696000,0x00007f518c797000)]
=>0x00007f519c148800 JavaThread "JavaFX Application Thread" [_thread_in_native, id=13807, stack(0x00007f518d3fd000,0x00007f518d4fe000)]
  0x00007f519c147800 JavaThread "Thread-3" daemon [_thread_blocked, id=13806, stack(0x00007f51c40be000,0x00007f51c41bf000)]
  0x00007f519c089800 JavaThread "Disposer" daemon [_thread_blocked, id=13803, stack(0x00007f51cc7e6000,0x00007f51cc8e7000)]
  0x00007f519c088800 JavaThread "QuantumRenderer-0" daemon [_thread_blocked, id=13802, stack(0x00007f51cfeff000,0x00007f51d0000000)]
  0x00007f51e0140000 JavaThread "JavaFX-Launcher" [_thread_blocked, id=13801, stack(0x00007f51d4110000,0x00007f51d4211000)]
  0x00007f51e0127800 JavaThread "traceMsgQueueThread" daemon [_thread_blocked, id=13800, stack(0x00007f51d4441000,0x00007f51d4542000)]
  0x00007f51e0096000 JavaThread "Service Thread" daemon [_thread_blocked, id=13798, stack(0x00007f51d46e9000,0x00007f51d47ea000)]
  0x00007f51e0094000 JavaThread "C2 CompilerThread1" daemon [_thread_in_native, id=13797, stack(0x00007f51d47ea000,0x00007f51d48eb000)]
  0x00007f51e0091000 JavaThread "C2 CompilerThread0" daemon [_thread_blocked, id=13796, stack(0x00007f51d48eb000,0x00007f51d49ec000)]
  0x00007f51e0086800 JavaThread "Signal Dispatcher" daemon [_thread_blocked, id=13795, stack(0x00007f51d49ec000,0x00007f51d4aed000)]
  0x00007f51e0070800 JavaThread "Finalizer" daemon [_thread_blocked, id=13794, stack(0x00007f51d4aed000,0x00007f51d4bee000)]
  0x00007f51e006c800 JavaThread "Reference Handler" daemon [_thread_blocked, id=13793, stack(0x00007f51d4bee000,0x00007f51d4cef000)]
  0x00007f51e000a800 JavaThread "main" [_thread_blocked, id=13787, stack(0x00007f51e69cf000,0x00007f51e6ad0000)]

Other Threads:
  0x00007f51e006a000 VMThread [stack: 0x00007f51d4cef000,0x00007f51d4df0000] [id=13792]
  0x00007f51e00a1000 WatcherThread [stack: 0x00007f51d45e8000,0x00007f51d46e9000] [id=13799]

VM state:not at safepoint (normal execution)

VM Mutex/Monitor currently owned by a thread: None

Heap
 PSYoungGen      total 33280K, used 5201K [0x00000000ebf00000, 0x00000000ee200000, 0x0000000100000000)
  eden space 30720K, 8% used [0x00000000ebf00000,0x00000000ec19a380,0x00000000edd00000)
  from space 2560K, 99% used [0x00000000edf80000,0x00000000ee1fa288,0x00000000ee200000)
  to   space 2560K, 0% used [0x00000000edd00000,0x00000000edd00000,0x00000000edf80000)
 ParOldGen       total 40960K, used 7301K [0x00000000c3e00000, 0x00000000c6600000, 0x00000000ebf00000)
  object space 40960K, 17% used [0x00000000c3e00000,0x00000000c4521780,0x00000000c6600000)
 PSPermGen       total 21504K, used 15483K [0x00000000bec00000, 0x00000000c0100000, 0x00000000c3e00000)
  object space 21504K, 72% used [0x00000000bec00000,0x00000000bfb1edd8,0x00000000c0100000)

Card table byte_map: [0x00007f51dc7c6000,0x00007f51dc9d1000] byte_map_base: 0x00007f51dc1d0000

Polling page: 0x00007f51e6aec000

Code Cache  [0x00007f51dc9d1000, 0x00007f51dcc41000, 0x00007f51df9d1000)
 total_blobs=885 nmethods=102 adapters=736 free_code_cache=48165Kb largest_free_block=49316032

Compilation events (10 events):
Event: 1.213 Thread 0x00007f51e0091000 nmethod 96 0x00007f51dcaac090 code [0x00007f51dcaac360, 0x00007f51dcaad4a0]
Event: 1.804 Thread 0x00007f51e0094000   99             java.util.HashMap::put (142 bytes)
Event: 1.819 Thread 0x00007f51e0094000 nmethod 99 0x00007f51dcaa6990 code [0x00007f51dcaa6bc0, 0x00007f51dcaa7490]
Event: 3.376 Thread 0x00007f51e0091000  100             com.sun.javafx.css.StyleHelper::getStyleMap (13 bytes)
Event: 3.377 Thread 0x00007f51e0091000 nmethod 100 0x00007f51dcaaa110 code [0x00007f51dcaaa260, 0x00007f51dcaaa318]
Event: 3.445 Thread 0x00007f51e0094000  101             java.lang.String::startsWith (7 bytes)
Event: 3.449 Thread 0x00007f51e0094000 nmethod 101 0x00007f51dcaa65d0 code [0x00007f51dcaa6720, 0x00007f51dcaa6818]
Event: 3.602 Thread 0x00007f51e0091000  102             com.sun.javafx.css.StyleableProperty::getProperty (5 bytes)
Event: 3.602 Thread 0x00007f51e0091000 nmethod 102 0x00007f51dcaa63d0 code [0x00007f51dcaa6500, 0x00007f51dcaa6558]
Event: 5.963 Thread 0x00007f51e0094000  103   !         java.net.URL::<init> (543 bytes)

GC Heap History (4 events):
Event: 0.547 GC heap before
{Heap before GC invocations=1 (full 0):
 PSYoungGen      total 17920K, used 15360K [0x00000000ebf00000, 0x00000000ed300000, 0x0000000100000000)
  eden space 15360K, 100% used [0x00000000ebf00000,0x00000000ece00000,0x00000000ece00000)
  from space 2560K, 0% used [0x00000000ed080000,0x00000000ed080000,0x00000000ed300000)
  to   space 2560K, 0% used [0x00000000ece00000,0x00000000ece00000,0x00000000ed080000)
 ParOldGen       total 40960K, used 0K [0x00000000c3e00000, 0x00000000c6600000, 0x00000000ebf00000)
  object space 40960K, 0% used [0x00000000c3e00000,0x00000000c3e00000,0x00000000c6600000)
 PSPermGen       total 21504K, used 8489K [0x00000000bec00000, 0x00000000c0100000, 0x00000000c3e00000)
  object space 21504K, 39% used [0x00000000bec00000,0x00000000bf44a788,0x00000000c0100000)
Event: 0.553 GC heap after
Heap after GC invocations=1 (full 0):
 PSYoungGen      total 17920K, used 2413K [0x00000000ebf00000, 0x00000000ee200000, 0x0000000100000000)
  eden space 15360K, 0% used [0x00000000ebf00000,0x00000000ebf00000,0x00000000ece00000)
  from space 2560K, 94% used [0x00000000ece00000,0x00000000ed05b7a8,0x00000000ed080000)
  to   space 2560K, 0% used [0x00000000edf80000,0x00000000edf80000,0x00000000ee200000)
 ParOldGen       total 40960K, used 1765K [0x00000000c3e00000, 0x00000000c6600000, 0x00000000ebf00000)
  object space 40960K, 4% used [0x00000000c3e00000,0x00000000c3fb9750,0x00000000c6600000)
 PSPermGen       total 21504K, used 8489K [0x00000000bec00000, 0x00000000c0100000, 0x00000000c3e00000)
  object space 21504K, 39% used [0x00000000bec00000,0x00000000bf44a788,0x00000000c0100000)
}
Event: 1.110 GC heap before
{Heap before GC invocations=2 (full 0):
 PSYoungGen      total 17920K, used 17773K [0x00000000ebf00000, 0x00000000ee200000, 0x0000000100000000)
  eden space 15360K, 100% used [0x00000000ebf00000,0x00000000ece00000,0x00000000ece00000)
  from space 2560K, 94% used [0x00000000ece00000,0x00000000ed05b7a8,0x00000000ed080000)
  to   space 2560K, 0% used [0x00000000edf80000,0x00000000edf80000,0x00000000ee200000)
 ParOldGen       total 40960K, used 1765K [0x00000000c3e00000, 0x00000000c6600000, 0x00000000ebf00000)
  object space 40960K, 4% used [0x00000000c3e00000,0x00000000c3fb9750,0x00000000c6600000)
 PSPermGen       total 21504K, used 14599K [0x00000000bec00000, 0x00000000c0100000, 0x00000000c3e00000)
  object space 21504K, 67% used [0x00000000bec00000,0x00000000bfa41cb0,0x00000000c0100000)
Event: 1.121 GC heap after
Heap after GC invocations=2 (full 0):
 PSYoungGen      total 33280K, used 2536K [0x00000000ebf00000, 0x00000000ee200000, 0x0000000100000000)
  eden space 30720K, 0% used [0x00000000ebf00000,0x00000000ebf00000,0x00000000edd00000)
  from space 2560K, 99% used [0x00000000edf80000,0x00000000ee1fa288,0x00000000ee200000)
  to   space 2560K, 0% used [0x00000000edd00000,0x00000000edd00000,0x00000000edf80000)
 ParOldGen       total 40960K, used 7301K [0x00000000c3e00000, 0x00000000c6600000, 0x00000000ebf00000)
  object space 40960K, 17% used [0x00000000c3e00000,0x00000000c4521780,0x00000000c6600000)
 PSPermGen       total 21504K, used 14599K [0x00000000bec00000, 0x00000000c0100000, 0x00000000c3e00000)
  object space 21504K, 67% used [0x00000000bec00000,0x00000000bfa41cb0,0x00000000c0100000)
}

Deoptimization events (10 events):
Event: 0.740 Thread 0x00007f519c148800 Uncommon trap: reason=bimorphic action=maybe_recompile pc=0x00007f51dca66844 method=java.util.Collections$UnmodifiableList.get(I)Ljava/lang/Object; @ 5
Event: 0.740 Thread 0x00007f519c148800 Uncommon trap: reason=bimorphic action=maybe_recompile pc=0x00007f51dca67a64 method=java.util.Collections$UnmodifiableCollection.size()I @ 4
Event: 0.777 Thread 0x00007f519c148800 Uncommon trap: reason=bimorphic action=maybe_recompile pc=0x00007f51dca4a668 method=java.util.HashMap.getEntry(Ljava/lang/Object;)Ljava/util/HashMap$Entry; @ 68
Event: 0.815 Thread 0x00007f519c148800 Uncommon trap: reason=null_check action=make_not_entrant pc=0x00007f51dca7d7d4 method=com.sun.javafx.css.SimpleSelector.mightApply(Ljava/lang/String;Ljava/lang/String;Ljava/util/List;)Z @ 29
Event: 0.848 Thread 0x00007f519c148800 Uncommon trap: reason=predicate action=maybe_recompile pc=0x00007f51dca6a630 method=java.util.Arrays.fill([Ljava/lang/Object;Ljava/lang/Object;)V @ 10
Event: 0.853 Thread 0x00007f519c148800 Uncommon trap: reason=class_check action=maybe_recompile pc=0x00007f51dca4d2f8 method=java.io.DataInputStream.readByte()B @ 4
Event: 0.853 Thread 0x00007f519c148800 Uncommon trap: reason=class_check action=maybe_recompile pc=0x00007f51dca4d2f8 method=java.io.DataInputStream.readByte()B @ 4
Event: 0.853 Thread 0x00007f519c148800 Uncommon trap: reason=class_check action=maybe_recompile pc=0x00007f51dca4d2f8 method=java.io.DataInputStream.readByte()B @ 4
Event: 0.853 Thread 0x00007f519c148800 Uncommon trap: reason=class_check action=maybe_recompile pc=0x00007f51dca4d2f8 method=java.io.DataInputStream.readByte()B @ 4
Event: 0.969 Thread 0x00007f519c088800 Uncommon trap: reason=bimorphic action=maybe_recompile pc=0x00007f51dca67a64 method=java.util.Collections$UnmodifiableCollection.size()I @ 4

Internal exceptions (10 events):
Event: 0.739 Thread 0x00007f519c148800 Threw 0x00000000ec4b4e50 at /HUDSON/workspace/7u-2-build-linux-amd64/jdk7u45/229/hotspot/src/share/vm/prims/jvm.cpp:1244
Event: 0.740 Thread 0x00007f519c148800 Threw 0x00000000ec4bdfe0 at /HUDSON/workspace/7u-2-build-linux-amd64/jdk7u45/229/hotspot/src/share/vm/prims/jvm.cpp:1244
Event: 0.740 Thread 0x00007f519c148800 Threw 0x00000000ec4c4b58 at /HUDSON/workspace/7u-2-build-linux-amd64/jdk7u45/229/hotspot/src/share/vm/prims/jvm.cpp:1244
Event: 0.815 Thread 0x00007f519c148800 Implicit null exception at 0x00007f51dca7b3d2 to 0x00007f51dca7d725
Event: 0.970 Thread 0x00007f519c088800 Threw 0x00000000ec90b378 at /HUDSON/workspace/7u-2-build-linux-amd64/jdk7u45/229/hotspot/src/share/vm/prims/jni.cpp:717
Event: 0.970 Thread 0x00007f519c088800 Threw 0x00000000ec90bb90 at /HUDSON/workspace/7u-2-build-linux-amd64/jdk7u45/229/hotspot/src/share/vm/prims/jni.cpp:717
Event: 0.973 Thread 0x00007f519c088800 Threw 0x00000000ec90dbf8 at /HUDSON/workspace/7u-2-build-linux-amd64/jdk7u45/229/hotspot/src/share/vm/prims/jvm.cpp:1244
Event: 0.981 Thread 0x00007f519c088800 Threw 0x00000000ec9250e0 at /HUDSON/workspace/7u-2-build-linux-amd64/jdk7u45/229/hotspot/src/share/vm/prims/jvm.cpp:1244
Event: 0.982 Thread 0x00007f519c088800 Threw 0x00000000ec927520 at /HUDSON/workspace/7u-2-build-linux-amd64/jdk7u45/229/hotspot/src/share/vm/prims/jvm.cpp:1244
Event: 0.982 Thread 0x00007f519c088800 Threw 0x00000000ec929028 at /HUDSON/workspace/7u-2-build-linux-amd64/jdk7u45/229/hotspot/src/share/vm/prims/jvm.cpp:1244

Events (10 events):
Event: 5.964 loading class 0x00007f517835a4d0
Event: 5.964 loading class 0x00007f517835a4d0 done
Event: 5.965 loading class 0x00007f51783939d0
Event: 5.965 loading class 0x00007f51783939d0 done
Event: 5.965 loading class 0x00007f517829fa60
Event: 5.965 loading class 0x00007f517829fa60 done
Event: 5.971 loading class 0x00007f51e4063c90
Event: 5.971 loading class 0x00007f51e4063c90 done
Event: 5.973 loading class 0x00007f517836bf60
Event: 5.973 loading class 0x00007f517836bf60 done


Dynamic libraries:
00400000-00401000 r-xp 00000000 08:02 9176824                            /usr/lib/jvm/jdk1.7.0_45/bin/java
00600000-00601000 rw-p 00000000 08:02 9176824                            /usr/lib/jvm/jdk1.7.0_45/bin/java
019b2000-019d3000 rw-p 00000000 00:00 0                                  [heap]
bec00000-c0100000 rw-p 00000000 00:00 0 
c0100000-c3e00000 rw-p 00000000 00:00 0 
c3e00000-c6600000 rw-p 00000000 00:00 0 
c6600000-ebf00000 rw-p 00000000 00:00 0 
ebf00000-ee200000 rw-p 00000000 00:00 0 
ee200000-100000000 rw-p 00000000 00:00 0 
7f5148000000-7f5148022000 rw-p 00000000 00:00 0 
7f5148022000-7f514c000000 ---p 00000000 00:00 0 
7f514c000000-7f514c022000 rw-p 00000000 00:00 0 
7f514c022000-7f5150000000 ---p 00000000 00:00 0 
7f5150000000-7f5150022000 rw-p 00000000 00:00 0 
7f5150022000-7f5154000000 ---p 00000000 00:00 0 
7f5154000000-7f5154022000 rw-p 00000000 00:00 0 
7f5154022000-7f5158000000 ---p 00000000 00:00 0 
7f5158000000-7f5158022000 rw-p 00000000 00:00 0 
7f5158022000-7f515c000000 ---p 00000000 00:00 0 
7f515e7fd000-7f515e7fe000 ---p 00000000 00:00 0 
7f515e7fe000-7f515effe000 rw-p 00000000 00:00 0 
7f5160000000-7f5160022000 rw-p 00000000 00:00 0 
7f5160022000-7f5164000000 ---p 00000000 00:00 0 
7f5164000000-7f5164022000 rw-p 00000000 00:00 0 
7f5164022000-7f5168000000 ---p 00000000 00:00 0 
7f5168000000-7f5168022000 rw-p 00000000 00:00 0 
7f5168022000-7f516c000000 ---p 00000000 00:00 0 
7f516c7c3000-7f516c7c4000 ---p 00000000 00:00 0 
7f516c7c4000-7f516cfc4000 rw-p 00000000 00:00 0                          [stack:13818]
7f516cfc4000-7f516cfc5000 ---p 00000000 00:00 0 
7f516cfc5000-7f516d7c5000 rw-p 00000000 00:00 0 
7f516dfc6000-7f516dfc7000 ---p 00000000 00:00 0 
7f516dfc7000-7f516e7c7000 rw-p 00000000 00:00 0 
7f516e7c7000-7f516e7c9000 r-xp 00000000 08:02 6030445                    /usr/lib/x86_64-linux-gnu/pango/1.6.0/modules/pango-basic-fc.so
7f516e7c9000-7f516e9c8000 ---p 00002000 08:02 6030445                    /usr/lib/x86_64-linux-gnu/pango/1.6.0/modules/pango-basic-fc.so
7f516e9c8000-7f516e9c9000 r--p 00001000 08:02 6030445                    /usr/lib/x86_64-linux-gnu/pango/1.6.0/modules/pango-basic-fc.so
7f516e9c9000-7f516e9ca000 rw-p 00002000 08:02 6030445                    /usr/lib/x86_64-linux-gnu/pango/1.6.0/modules/pango-basic-fc.so
7f516e9ca000-7f516e9e4000 r-xp 00000000 08:02 5903403                    /usr/lib/x86_64-linux-gnu/libdbusmenu-glib.so.4.0.13
7f516e9e4000-7f516ebe3000 ---p 0001a000 08:02 5903403                    /usr/lib/x86_64-linux-gnu/libdbusmenu-glib.so.4.0.13
7f516ebe3000-7f516ebe4000 r--p 00019000 08:02 5903403                    /usr/lib/x86_64-linux-gnu/libdbusmenu-glib.so.4.0.13
7f516ebe4000-7f516ebe5000 rw-p 0001a000 08:02 5903403                    /usr/lib/x86_64-linux-gnu/libdbusmenu-glib.so.4.0.13
7f516ebe5000-7f516ebf7000 r-xp 00000000 08:02 5903449                    /usr/lib/x86_64-linux-gnu/libdbusmenu-gtk.so.4.0.13
7f516ebf7000-7f516edf6000 ---p 00012000 08:02 5903449                    /usr/lib/x86_64-linux-gnu/libdbusmenu-gtk.so.4.0.13
7f516edf6000-7f516edf7000 r--p 00011000 08:02 5903449                    /usr/lib/x86_64-linux-gnu/libdbusmenu-gtk.so.4.0.13
7f516edf7000-7f516edf8000 rw-p 00012000 08:02 5903449                    /usr/lib/x86_64-linux-gnu/libdbusmenu-gtk.so.4.0.13
7f516edf8000-7f516edfd000 r-xp 00000000 08:02 6030473                    /usr/lib/x86_64-linux-gnu/gtk-2.0/2.10.0/menuproxies/libappmenu.so
7f516edfd000-7f516effc000 ---p 00005000 08:02 6030473                    /usr/lib/x86_64-linux-gnu/gtk-2.0/2.10.0/menuproxies/libappmenu.so
7f516effc000-7f516effd000 r--p 00004000 08:02 6030473                    /usr/lib/x86_64-linux-gnu/gtk-2.0/2.10.0/menuproxies/libappmenu.so
7f516effd000-7f516effe000 rw-p 00005000 08:02 6030473                    /usr/lib/x86_64-linux-gnu/gtk-2.0/2.10.0/menuproxies/libappmenu.so
7f516f5a5000-7f516f5fe000 r-xp 00000000 08:02 5913470                    /usr/lib/lib_jsndobj.so
7f516f5fe000-7f516f7fd000 ---p 00059000 08:02 5913470                    /usr/lib/lib_jsndobj.so
7f516f7fd000-7f516f7fe000 r--p 00058000 08:02 5913470                    /usr/lib/lib_jsndobj.so
7f516f7fe000-7f516f7ff000 rw-p 00059000 08:02 5913470                    /usr/lib/lib_jsndobj.so
7f516f7ff000-7f516f800000 ---p 00000000 00:00 0 
7f516f800000-7f5170000000 rw-p 00000000 00:00 0 
7f5170000000-7f5170021000 rw-p 00000000 00:00 0 
7f5170021000-7f5174000000 ---p 00000000 00:00 0 
7f51741c1000-7f5174312000 r-xp 00000000 08:02 5903380                    /usr/lib/x86_64-linux-gnu/libxml2.so.2.7.8
7f5174312000-7f5174512000 ---p 00151000 08:02 5903380                    /usr/lib/x86_64-linux-gnu/libxml2.so.2.7.8
7f5174512000-7f517451a000 r--p 00151000 08:02 5903380                    /usr/lib/x86_64-linux-gnu/libxml2.so.2.7.8
7f517451a000-7f517451c000 rw-p 00159000 08:02 5903380                    /usr/lib/x86_64-linux-gnu/libxml2.so.2.7.8
7f517451c000-7f517451d000 rw-p 00000000 00:00 0 
7f517451d000-7f5174554000 r-xp 00000000 08:02 5903855                    /usr/lib/x86_64-linux-gnu/libcroco-0.6.so.3.0.1
7f5174554000-7f5174753000 ---p 00037000 08:02 5903855                    /usr/lib/x86_64-linux-gnu/libcroco-0.6.so.3.0.1
7f5174753000-7f5174756000 r--p 00036000 08:02 5903855                    /usr/lib/x86_64-linux-gnu/libcroco-0.6.so.3.0.1
7f5174756000-7f5174757000 rw-p 00039000 08:02 5903855                    /usr/lib/x86_64-linux-gnu/libcroco-0.6.so.3.0.1
7f5174757000-7f517478b000 r-xp 00000000 08:02 5903857                    /usr/lib/x86_64-linux-gnu/librsvg-2.so.2.36.1
7f517478b000-7f517498a000 ---p 00034000 08:02 5903857                    /usr/lib/x86_64-linux-gnu/librsvg-2.so.2.36.1
7f517498a000-7f517498b000 r--p 00033000 08:02 5903857                    /usr/lib/x86_64-linux-gnu/librsvg-2.so.2.36.1
7f517498b000-7f517498c000 rw-p 00034000 08:02 5903857                    /usr/lib/x86_64-linux-gnu/librsvg-2.so.2.36.1
7f517498c000-7f517498e000 r-xp 00000000 08:02 6033119                    /usr/lib/x86_64-linux-gnu/gdk-pixbuf-2.0/2.10.0/loaders/libpixbufloader-svg.so
7f517498e000-7f5174b8d000 ---p 00002000 08:02 6033119                    /usr/lib/x86_64-linux-gnu/gdk-pixbuf-2.0/2.10.0/loaders/libpixbufloader-svg.so
7f5174b8d000-7f5174b8e000 r--p 00001000 08:02 6033119                    /usr/lib/x86_64-linux-gnu/gdk-pixbuf-2.0/2.10.0/loaders/libpixbufloader-svg.so
7f5174b8e000-7f5174b8f000 rw-p 00002000 08:02 6033119                    /usr/lib/x86_64-linux-gnu/gdk-pixbuf-2.0/2.10.0/loaders/libpixbufloader-svg.so
7f5174b8f000-7f5175e3a000 r--p 00000000 08:02 6172673                    /usr/share/icons/hicolor/icon-theme.cache
7f5175e3a000-7f5176725000 r--p 00000000 08:02 6300108                    /usr/share/icons/gnome/icon-theme.cache
7f5176725000-7f517680e000 r--p 00000000 08:02 6165433                    /usr/share/icons/Humanity/icon-theme.cache
7f517680e000-7f517681e000 r-xp 00000000 08:02 6033371                    /usr/lib/x86_64-linux-gnu/gio/modules/libgioremote-volume-monitor.so
7f517681e000-7f5176a1d000 ---p 00010000 08:02 6033371                    /usr/lib/x86_64-linux-gnu/gio/modules/libgioremote-volume-monitor.so
7f5176a1d000-7f5176a1e000 r--p 0000f000 08:02 6033371                    /usr/lib/x86_64-linux-gnu/gio/modules/libgioremote-volume-monitor.so
7f5176a1e000-7f5176a1f000 rw-p 00010000 08:02 6033371                    /usr/lib/x86_64-linux-gnu/gio/modules/libgioremote-volume-monitor.so
7f5176a1f000-7f5176a2b000 r-xp 00000000 08:02 7864410                    /lib/x86_64-linux-gnu/libudev.so.0.13.0
7f5176a2b000-7f5176c2a000 ---p 0000c000 08:02 7864410                    /lib/x86_64-linux-gnu/libudev.so.0.13.0
7f5176c2a000-7f5176c2b000 r--p 0000b000 08:02 7864410                    /lib/x86_64-linux-gnu/libudev.so.0.13.0
7f5176c2b000-7f5176c2c000 rw-p 0000c000 08:02 7864410                    /lib/x86_64-linux-gnu/libudev.so.0.13.0
7f5176c2c000-7f5176c6e000 r-xp 00000000 08:02 7864396                    /lib/x86_64-linux-gnu/libdbus-1.so.3.5.8
7f5176c6e000-7f5176e6e000 ---p 00042000 08:02 7864396                    /lib/x86_64-linux-gnu/libdbus-1.so.3.5.8
7f5176e6e000-7f5176e6f000 r--p 00042000 08:02 7864396                    /lib/x86_64-linux-gnu/libdbus-1.so.3.5.8
7f5176e6f000-7f5176e70000 rw-p 00043000 08:02 7864396                    /lib/x86_64-linux-gnu/libdbus-1.so.3.5.8
7f5176e70000-7f5176e86000 r-xp 00000000 08:02 6686470                    /usr/lib/x86_64-linux-gnu/gvfs/libgvfscommon.so
7f5176e86000-7f5177085000 ---p 00016000 08:02 6686470                    /usr/lib/x86_64-linux-gnu/gvfs/libgvfscommon.so
7f5177085000-7f5177086000 r--p 00015000 08:02 6686470                    /usr/lib/x86_64-linux-gnu/gvfs/libgvfscommon.so
7f5177086000-7f5177087000 rw-p 00016000 08:02 6686470                    /usr/lib/x86_64-linux-gnu/gvfs/libgvfscommon.so
7f5177087000-7f51770af000 r-xp 00000000 08:02 6033370                    /usr/lib/x86_64-linux-gnu/gio/modules/libgvfsdbus.so
7f51770af000-7f51772ae000 ---p 00028000 08:02 6033370                    /usr/lib/x86_64-linux-gnu/gio/modules/libgvfsdbus.so
7f51772ae000-7f51772af000 r--p 00027000 08:02 6033370                    /usr/lib/x86_64-linux-gnu/gio/modules/libgvfsdbus.so
7f51772af000-7f51772b0000 rw-p 00028000 08:02 6033370                    /usr/lib/x86_64-linux-gnu/gio/modules/libgvfsdbus.so
7f51772b0000-7f5177318000 r-xp 00000000 08:02 10749464                   /usr/lib/jvm/jdk1.7.0_45/jre/lib/amd64/libt2k.so
7f5177318000-7f5177518000 ---p 00068000 08:02 10749464                   /usr/lib/jvm/jdk1.7.0_45/jre/lib/amd64/libt2k.so
7f5177518000-7f517751f000 rw-p 00068000 08:02 10749464                   /usr/lib/jvm/jdk1.7.0_45/jre/lib/amd64/libt2k.so
7f517751f000-7f517752f000 rw-p 00000000 00:00 0 
7f517752f000-7f517753f000 r-xp 00000000 08:02 10749498                   /usr/lib/jvm/jdk1.7.0_45/jre/lib/amd64/libnio.so
7f517753f000-7f517773f000 ---p 00010000 08:02 10749498                   /usr/lib/jvm/jdk1.7.0_45/jre/lib/amd64/libnio.so
7f517773f000-7f5177740000 rw-p 00010000 08:02 10749498                   /usr/lib/jvm/jdk1.7.0_45/jre/lib/amd64/libnio.so
7f5177740000-7f5177747000 r-xp 00000000 08:02 7867765                    /lib/x86_64-linux-gnu/libnss_dns-2.15.so
7f5177747000-7f5177946000 ---p 00007000 08:02 7867765                    /lib/x86_64-linux-gnu/libnss_dns-2.15.so
7f5177946000-7f5177947000 r--p 00006000 08:02 7867765                    /lib/x86_64-linux-gnu/libnss_dns-2.15.so
7f5177947000-7f5177948000 rw-p 00007000 08:02 7867765                    /lib/x86_64-linux-gnu/libnss_dns-2.15.so
7f5177948000-7f517795e000 r-xp 00000000 08:02 10749449                   /usr/lib/jvm/jdk1.7.0_45/jre/lib/amd64/libnet.so
7f517795e000-7f5177b5e000 ---p 00016000 08:02 10749449                   /usr/lib/jvm/jdk1.7.0_45/jre/lib/amd64/libnet.so
7f5177b5e000-7f5177b5f000 rw-p 00016000 08:02 10749449                   /usr/lib/jvm/jdk1.7.0_45/jre/lib/amd64/libnet.so
7f5177b5f000-7f5177bbf000 r-xp 00000000 08:02 10749492                   /usr/lib/jvm/jdk1.7.0_45/jre/lib/amd64/libfontmanager.so
7f5177bbf000-7f5177dbe000 ---p 00060000 08:02 10749492                   /usr/lib/jvm/jdk1.7.0_45/jre/lib/amd64/libfontmanager.so
7f5177dbe000-7f5177dc2000 rw-p 0005f000 08:02 10749492                   /usr/lib/jvm/jdk1.7.0_45/jre/lib/amd64/libfontmanager.so
7f5177dc2000-7f5177dd3000 rw-p 00000000 00:00 0 
7f5177dd3000-7f5177dfd000 r-xp 00000000 08:02 10749487                   /usr/lib/jvm/jdk1.7.0_45/jre/lib/amd64/libdcpr.so
7f5177dfd000-7f5177ffd000 ---p 0002a000 08:02 10749487                   /usr/lib/jvm/jdk1.7.0_45/jre/lib/amd64/libdcpr.so
7f5177ffd000-7f5178000000 rw-p 0002a000 08:02 10749487                   /usr/lib/jvm/jdk1.7.0_45/jre/lib/amd64/libdcpr.so
7f5178000000-7f51784a4000 rw-p 00000000 00:00 0 
7f51784a4000-7f517c000000 ---p 00000000 00:00 0 
7f517c000000-7f517c021000 rw-p 00000000 00:00 0 
7f517c021000-7f5180000000 ---p 00000000 00:00 0 
7f5180000000-7f5180022000 rw-p 00000000 00:00 0 
7f5180022000-7f5184000000 ---p 00000000 00:00 0 
7f5184000000-7f5184021000 rw-p 00000000 00:00 0 
7f5184021000-7f5188000000 ---p 00000000 00:00 0 
7f5188000000-7f5188022000 rw-p 00000000 00:00 0 
7f5188022000-7f518c000000 ---p 00000000 00:00 0 
7f518c01c000-7f518c06e000 r--p 00000000 08:02 9046012                    /usr/share/fonts/truetype/ubuntu-font-family/Ubuntu-B.ttf
7f518c06e000-7f518c071000 ---p 00000000 00:00 0 
7f518c071000-7f518c16f000 rw-p 00000000 00:00 0                          [stack:13809]
7f518c16f000-7f518c1bf000 r-xp 00000000 08:02 10749501                   /usr/lib/jvm/jdk1.7.0_45/jre/lib/amd64/xawt/libmawt.so
7f518c1bf000-7f518c3bf000 ---p 00050000 08:02 10749501                   /usr/lib/jvm/jdk1.7.0_45/jre/lib/amd64/xawt/libmawt.so
7f518c3bf000-7f518c3c3000 rw-p 00050000 08:02 10749501                   /usr/lib/jvm/jdk1.7.0_45/jre/lib/amd64/xawt/libmawt.so
7f518c3c3000-7f518c3c4000 rw-p 00000000 00:00 0 
7f518c3c4000-7f518c466000 r-xp 00000000 08:02 10749457                   /usr/lib/jvm/jdk1.7.0_45/jre/lib/amd64/libawt.so
7f518c466000-7f518c666000 ---p 000a2000 08:02 10749457                   /usr/lib/jvm/jdk1.7.0_45/jre/lib/amd64/libawt.so
7f518c666000-7f518c672000 rw-p 000a2000 08:02 10749457                   /usr/lib/jvm/jdk1.7.0_45/jre/lib/amd64/libawt.so
7f518c672000-7f518c696000 rw-p 00000000 00:00 0 
7f518c696000-7f518c699000 ---p 00000000 00:00 0 
7f518c699000-7f518c797000 rw-p 00000000 00:00 0                          [stack:13808]
7f518c797000-7f518c7ef000 r-xp 00000000 08:02 10749455                   /usr/lib/jvm/jdk1.7.0_45/jre/lib/amd64/libjavafx-font.so
7f518c7ef000-7f518c9ee000 ---p 00058000 08:02 10749455                   /usr/lib/jvm/jdk1.7.0_45/jre/lib/amd64/libjavafx-font.so
7f518c9ee000-7f518c9f3000 r--p 00057000 08:02 10749455                   /usr/lib/jvm/jdk1.7.0_45/jre/lib/amd64/libjavafx-font.so
7f518c9f3000-7f518c9f4000 rw-p 0005c000 08:02 10749455                   /usr/lib/jvm/jdk1.7.0_45/jre/lib/amd64/libjavafx-font.so
7f518c9f4000-7f518c9f5000 rw-p 00000000 00:00 0 
7f518c9f5000-7f518ca2b000 r-xp 00000000 08:02 10749506                   /usr/lib/jvm/jdk1.7.0_45/jre/lib/amd64/libjavafx-iio.so
7f518ca2b000-7f518cc2b000 ---p 00036000 08:02 10749506                   /usr/lib/jvm/jdk1.7.0_45/jre/lib/amd64/libjavafx-iio.so
7f518cc2b000-7f518cc2c000 r--p 00036000 08:02 10749506                   /usr/lib/jvm/jdk1.7.0_45/jre/lib/amd64/libjavafx-iio.so
7f518cc2c000-7f518cc2d000 rw-p 00037000 08:02 10749506                   /usr/lib/jvm/jdk1.7.0_45/jre/lib/amd64/libjavafx-iio.so
7f518cc2d000-7f518cc40000 r-xp 00000000 08:02 5903755                    /usr/lib/x86_64-linux-gnu/libjack.so.0.0.28
7f518cc40000-7f518ce3f000 ---p 00013000 08:02 5903755                    /usr/lib/x86_64-linux-gnu/libjack.so.0.0.28
7f518ce3f000-7f518ce40000 r--p 00012000 08:02 5903755                    /usr/lib/x86_64-linux-gnu/libjack.so.0.0.28
7f518ce40000-7f518ce41000 rw-p 00013000 08:02 5903755                    /usr/lib/x86_64-linux-gnu/libjack.so.0.0.28
7f518ce41000-7f518ce4a000 rw-p 00000000 00:00 0 
7f518ce4a000-7f518cf30000 r-xp 00000000 08:02 5903385                    /usr/lib/x86_64-linux-gnu/libasound.so.2.0.0
7f518cf30000-7f518d130000 ---p 000e6000 08:02 5903385                    /usr/lib/x86_64-linux-gnu/libasound.so.2.0.0
7f518d130000-7f518d136000 r--p 000e6000 08:02 5903385                    /usr/lib/x86_64-linux-gnu/libasound.so.2.0.0
7f518d136000-7f518d137000 rw-p 000ec000 08:02 5903385                    /usr/lib/x86_64-linux-gnu/libasound.so.2.0.0
7f518d137000-7f518d1f5000 r-xp 00000000 00:19 21580457                   /home/se413006/sndobj-sndobj/lib/libsndobj.so.2.6.5
7f518d1f5000-7f518d3f5000 ---p 000be000 00:19 21580457                   /home/se413006/sndobj-sndobj/lib/libsndobj.so.2.6.5
7f518d3f5000-7f518d3f9000 r--p 000be000 00:19 21580457                   /home/se413006/sndobj-sndobj/lib/libsndobj.so.2.6.5
7f518d3f9000-7f518d3fd000 rw-p 000c2000 00:19 21580457                   /home/se413006/sndobj-sndobj/lib/libsndobj.so.2.6.5
7f518d3fd000-7f518d400000 ---p 00000000 00:00 0 
7f518d400000-7f518d4fe000 rw-p 00000000 00:00 0                          [stack:13807]
7f518d4fe000-7f518d504000 r-xp 00000000 08:02 5903718                    /usr/lib/x86_64-linux-gnu/libogg.so.0.7.1
7f518d504000-7f518d703000 ---p 00006000 08:02 5903718                    /usr/lib/x86_64-linux-gnu/libogg.so.0.7.1
7f518d703000-7f518d704000 r--p 00005000 08:02 5903718                    /usr/lib/x86_64-linux-gnu/libogg.so.0.7.1
7f518d704000-7f518d705000 rw-p 00006000 08:02 5903718                    /usr/lib/x86_64-linux-gnu/libogg.so.0.7.1
7f518d705000-7f518d730000 r-xp 00000000 08:02 5903728                    /usr/lib/x86_64-linux-gnu/libvorbis.so.0.4.5
7f518d730000-7f518d92f000 ---p 0002b000 08:02 5903728                    /usr/lib/x86_64-linux-gnu/libvorbis.so.0.4.5
7f518d92f000-7f518d930000 r--p 0002a000 08:02 5903728                    /usr/lib/x86_64-linux-gnu/libvorbis.so.0.4.5
7f518d930000-7f518d931000 rw-p 0002b000 08:02 5903728                    /usr/lib/x86_64-linux-gnu/libvorbis.so.0.4.5
7f518d931000-7f518d939000 r-xp 00000000 08:02 5903501                    /usr/lib/x86_64-linux-gnu/libltdl.so.7.3.0
7f518d939000-7f518db39000 ---p 00008000 08:02 5903501                    /usr/lib/x86_64-linux-gnu/libltdl.so.7.3.0
7f518db39000-7f518db3a000 r--p 00008000 08:02 5903501                    /usr/lib/x86_64-linux-gnu/libltdl.so.7.3.0
7f518db3a000-7f518db3b000 rw-p 00009000 08:02 5903501                    /usr/lib/x86_64-linux-gnu/libltdl.so.7.3.0
7f518db3b000-7f518db4b000 r-xp 00000000 08:02 5903911                    /usr/lib/x86_64-linux-gnu/libtdb.so.1.2.9
7f518db4b000-7f518dd4a000 ---p 00010000 08:02 5903911                    /usr/lib/x86_64-linux-gnu/libtdb.so.1.2.9
7f518dd4a000-7f518dd4b000 r--p 0000f000 08:02 5903911                    /usr/lib/x86_64-linux-gnu/libtdb.so.1.2.9
7f518dd4b000-7f518dd4c000 rw-p 00010000 08:02 5903911                    /usr/lib/x86_64-linux-gnu/libtdb.so.1.2.9
7f518dd4c000-7f518dd53000 r-xp 00000000 08:02 5903913                    /usr/lib/x86_64-linux-gnu/libvorbisfile.so.3.3.4
7f518dd53000-7f518df52000 ---p 00007000 08:02 5903913                    /usr/lib/x86_64-linux-gnu/libvorbisfile.so.3.3.4
7f518df52000-7f518df53000 r--p 00006000 08:02 5903913                    /usr/lib/x86_64-linux-gnu/libvorbisfile.so.3.3.4
7f518df53000-7f518df54000 rw-p 00007000 08:02 5903913                    /usr/lib/x86_64-linux-gnu/libvorbisfile.so.3.3.4
7f518df54000-7f518df63000 r-xp 00000000 08:02 5903915                    /usr/lib/x86_64-linux-gnu/libcanberra.so.0.2.5
7f518df63000-7f518e162000 ---p 0000f000 08:02 5903915                    /usr/lib/x86_64-linux-gnu/libcanberra.so.0.2.5
7f518e162000-7f518e163000 r--p 0000e000 08:02 5903915                    /usr/lib/x86_64-linux-gnu/libcanberra.so.0.2.5
7f518e163000-7f518e164000 rw-p 0000f000 08:02 5903915                    /usr/lib/x86_64-linux-gnu/libcanberra.so.0.2.5
7f518e164000-7f518e168000 r-xp 00000000 08:02 5903917                    /usr/lib/x86_64-linux-gnu/libcanberra-gtk.so.0.1.8
7f518e168000-7f518e367000 ---p 00004000 08:02 5903917                    /usr/lib/x86_64-linux-gnu/libcanberra-gtk.so.0.1.8
7f518e367000-7f518e368000 r--p 00003000 08:02 5903917                    /usr/lib/x86_64-linux-gnu/libcanberra-gtk.so.0.1.8
7f518e368000-7f518e369000 rw-p 00004000 08:02 5903917                    /usr/lib/x86_64-linux-gnu/libcanberra-gtk.so.0.1.8
7f518e369000-7f518e36e000 r-xp 00000000 08:02 7089152                    /usr/lib/x86_64-linux-gnu/gtk-2.0/modules/libcanberra-gtk-module.so
7f518e36e000-7f518e56d000 ---p 00005000 08:02 7089152                    /usr/lib/x86_64-linux-gnu/gtk-2.0/modules/libcanberra-gtk-module.so
7f518e56d000-7f518e56e000 r--p 00004000 08:02 7089152                    /usr/lib/x86_64-linux-gnu/gtk-2.0/modules/libcanberra-gtk-module.so
7f518e56e000-7f518e56f000 rw-p 00005000 08:02 7089152                    /usr/lib/x86_64-linux-gnu/gtk-2.0/modules/libcanberra-gtk-module.so
7f518e56f000-7f518e59e000 r-xp 00000000 08:02 6164745                    /usr/lib/x86_64-linux-gnu/gtk-2.0/2.10.0/engines/libmurrine.so
7f518e59e000-7f518e79e000 ---p 0002f000 08:02 6164745                    /usr/lib/x86_64-linux-gnu/gtk-2.0/2.10.0/engines/libmurrine.so
7f518e79e000-7f518e79f000 r--p 0002f000 08:02 6164745                    /usr/lib/x86_64-linux-gnu/gtk-2.0/2.10.0/engines/libmurrine.so
7f518e79f000-7f518e7a0000 rw-p 00030000 08:02 6164745                    /usr/lib/x86_64-linux-gnu/gtk-2.0/2.10.0/engines/libmurrine.so
7f518e7a0000-7f518e7a1000 ---p 00000000 00:00 0 
7f518e7a1000-7f518efa1000 rw-p 00000000 00:00 0                          [stack:13805]
7f518efa1000-7f518efa2000 ---p 00000000 00:00 0 
7f518efa2000-7f518f7a2000 rw-p 00000000 00:00 0                          [stack:13804]
7f518f7a2000-7f518f7a9000 r-xp 00000000 08:02 6032917                    /usr/lib/x86_64-linux-gnu/gio/modules/libdconfsettings.so
7f518f7a9000-7f518f9a8000 ---p 00007000 08:02 6032917                    /usr/lib/x86_64-linux-gnu/gio/modules/libdconfsettings.so
7f518f9a8000-7f518f9a9000 r--p 00006000 08:02 6032917                    /usr/lib/x86_64-linux-gnu/gio/modules/libdconfsettings.so
7f518f9a9000-7f518f9aa000 rw-p 00007000 08:02 6032917                    /usr/lib/x86_64-linux-gnu/gio/modules/libdconfsettings.so
7f518f9aa000-7f518f9ba000 r-xp 00000000 08:02 5906201                    /usr/lib/liboverlay-scrollbar-0.2.so.0.0.16
7f518f9ba000-7f518fbb9000 ---p 00010000 08:02 5906201                    /usr/lib/liboverlay-scrollbar-0.2.so.0.0.16
7f518fbb9000-7f518fbba000 r--p 0000f000 08:02 5906201                    /usr/lib/liboverlay-scrollbar-0.2.so.0.0.16
7f518fbba000-7f518fbbb000 rw-p 00010000 08:02 5906201                    /usr/lib/liboverlay-scrollbar-0.2.so.0.0.16
7f518fbbb000-7f518fbf7000 r-xp 00000000 08:02 7864519                    /lib/x86_64-linux-gnu/libpcre.so.3.12.1
7f518fbf7000-7f518fdf6000 ---p 0003c000 08:02 7864519                    /lib/x86_64-linux-gnu/libpcre.so.3.12.1
7f518fdf6000-7f518fdf7000 r--p 0003b000 08:02 7864519                    /lib/x86_64-linux-gnu/libpcre.so.3.12.1
7f518fdf7000-7f518fdf8000 rw-p 0003c000 08:02 7864519                    /lib/x86_64-linux-gnu/libpcre.so.3.12.1
7f518fdf8000-7f518fdff000 r-xp 00000000 08:02 5899876                    /usr/lib/x86_64-linux-gnu/libffi.so.6.0.0
7f518fdff000-7f518fffe000 ---p 00007000 08:02 5899876                    /usr/lib/x86_64-linux-gnu/libffi.so.6.0.0
7f518fffe000-7f518ffff000 r--p 00006000 08:02 5899876                    /usr/lib/x86_64-linux-gnu/libffi.so.6.0.0
7f518ffff000-7f5190000000 rw-p 00007000 08:02 5899876                    /usr/lib/x86_64-linux-gnu/libffi.so.6.0.0
7f5190000000-7f5190203000 rw-p 00000000 00:00 0 
7f5190203000-7f5194000000 ---p 00000000 00:00 0 
7f5194000000-7f5194021000 rw-p 00000000 00:00 0 
7f5194021000-7f5198000000 ---p 00000000 00:00 0 
7f5198000000-7f5198021000 rw-p 00000000 00:00 0 
7f5198021000-7f519c000000 ---p 00000000 00:00 0 
7f519c000000-7f519c1a5000 rw-p 00000000 00:00 0 
7f519c1a5000-7f51a0000000 ---p 00000000 00:00 0 
7f51a0000000-7f51a0021000 rw-p 00000000 00:00 0 
7f51a0021000-7f51a4000000 ---p 00000000 00:00 0 
7f51a4000000-7f51a4021000 rw-p 00000000 00:00 0 
7f51a4021000-7f51a8000000 ---p 00000000 00:00 0 
7f51a8000000-7f51a83a3000 rw-p 00000000 00:00 0 
7f51a83a3000-7f51ac000000 ---p 00000000 00:00 0 
7f51ac000000-7f51ac5aa000 rw-p 00000000 00:00 0 
7f51ac5aa000-7f51b0000000 ---p 00000000 00:00 0 
7f51b0000000-7f51b0021000 rw-p 00000000 00:00 0 
7f51b0021000-7f51b4000000 ---p 00000000 00:00 0 
7f51b4000000-7f51b4021000 rw-p 00000000 00:00 0 
7f51b4021000-7f51b8000000 ---p 00000000 00:00 0 
7f51b8000000-7f51b8021000 rw-p 00000000 00:00 0 
7f51b8021000-7f51bc000000 ---p 00000000 00:00 0 
7f51bc000000-7f51bc021000 rw-p 00000000 00:00 0 
7f51bc021000-7f51c0000000 ---p 00000000 00:00 0 
7f51c0000000-7f51c0021000 rw-p 00000000 00:00 0 
7f51c0021000-7f51c4000000 ---p 00000000 00:00 0 
7f51c4007000-7f51c4067000 rw-s 00000000 00:04 1242136590                 /SYSV00000000 (deleted)
7f51c4067000-7f51c40be000 r--p 00000000 08:02 9046010                    /usr/share/fonts/truetype/ubuntu-font-family/Ubuntu-R.ttf
7f51c40be000-7f51c40c1000 ---p 00000000 00:00 0 
7f51c40c1000-7f51c41bf000 rw-p 00000000 00:00 0                          [stack:13806]
7f51c41bf000-7f51c41c7000 r-xp 00000000 08:02 5903421                    /usr/lib/x86_64-linux-gnu/libxcb-render.so.0.0.0
7f51c41c7000-7f51c43c7000 ---p 00008000 08:02 5903421                    /usr/lib/x86_64-linux-gnu/libxcb-render.so.0.0.0
7f51c43c7000-7f51c43c8000 r--p 00008000 08:02 5903421                    /usr/lib/x86_64-linux-gnu/libxcb-render.so.0.0.0
7f51c43c8000-7f51c43c9000 rw-p 00009000 08:02 5903421                    /usr/lib/x86_64-linux-gnu/libxcb-render.so.0.0.0
7f51c43c9000-7f51c43cb000 r-xp 00000000 08:02 5903423                    /usr/lib/x86_64-linux-gnu/libxcb-shm.so.0.0.0
7f51c43cb000-7f51c45ca000 ---p 00002000 08:02 5903423                    /usr/lib/x86_64-linux-gnu/libxcb-shm.so.0.0.0
7f51c45ca000-7f51c45cb000 r--p 00001000 08:02 5903423                    /usr/lib/x86_64-linux-gnu/libxcb-shm.so.0.0.0
7f51c45cb000-7f51c45cc000 rw-p 00002000 08:02 5903423                    /usr/lib/x86_64-linux-gnu/libxcb-shm.so.0.0.0
7f51c45cc000-7f51c45f2000 r-xp 00000000 08:02 7864508                    /lib/x86_64-linux-gnu/libpng12.so.0.46.0
7f51c45f2000-7f51c47f2000 ---p 00026000 08:02 7864508                    /lib/x86_64-linux-gnu/libpng12.so.0.46.0
7f51c47f2000-7f51c47f3000 r--p 00026000 08:02 7864508                    /lib/x86_64-linux-gnu/libpng12.so.0.46.0
7f51c47f3000-7f51c47f4000 rw-p 00027000 08:02 7864508                    /lib/x86_64-linux-gnu/libpng12.so.0.46.0
7f51c47f4000-7f51c4884000 r-xp 00000000 08:02 5901514                    /usr/lib/x86_64-linux-gnu/libpixman-1.so.0.30.2
7f51c4884000-7f51c4a83000 ---p 00090000 08:02 5901514                    /usr/lib/x86_64-linux-gnu/libpixman-1.so.0.30.2
7f51c4a83000-7f51c4a8a000 r--p 0008f000 08:02 5901514                    /usr/lib/x86_64-linux-gnu/libpixman-1.so.0.30.2
7f51c4a8a000-7f51c4a8b000 rw-p 00096000 08:02 5901514                    /usr/lib/x86_64-linux-gnu/libpixman-1.so.0.30.2
7f51c4a8b000-7f51c4aa3000 r-xp 00000000 08:02 7867764                    /lib/x86_64-linux-gnu/libresolv-2.15.so
7f51c4aa3000-7f51c4ca3000 ---p 00018000 08:02 7867764                    /lib/x86_64-linux-gnu/libresolv-2.15.so
7f51c4ca3000-7f51c4ca4000 r--p 00018000 08:02 7867764                    /lib/x86_64-linux-gnu/libresolv-2.15.so
7f51c4ca4000-7f51c4ca5000 rw-p 00019000 08:02 7867764                    /lib/x86_64-linux-gnu/libresolv-2.15.so
7f51c4ca5000-7f51c4ca7000 rw-p 00000000 00:00 0 
7f51c4ca7000-7f51c4cc4000 r-xp 00000000 08:02 7864493                    /lib/x86_64-linux-gnu/libselinux.so.1
7f51c4cc4000-7f51c4ec3000 ---p 0001d000 08:02 7864493                    /lib/x86_64-linux-gnu/libselinux.so.1
7f51c4ec3000-7f51c4ec4000 r--p 0001c000 08:02 7864493                    /lib/x86_64-linux-gnu/libselinux.so.1
7f51c4ec4000-7f51c4ec5000 rw-p 0001d000 08:02 7864493                    /lib/x86_64-linux-gnu/libselinux.so.1
7f51c4ec5000-7f51c4ec6000 rw-p 00000000 00:00 0 
7f51c4ec6000-7f51c4ec8000 r-xp 00000000 08:02 5903654                    /usr/lib/x86_64-linux-gnu/libXcomposite.so.1.0.0
7f51c4ec8000-7f51c50c7000 ---p 00002000 08:02 5903654                    /usr/lib/x86_64-linux-gnu/libXcomposite.so.1.0.0
7f51c50c7000-7f51c50c8000 r--p 00001000 08:02 5903654                    /usr/lib/x86_64-linux-gnu/libXcomposite.so.1.0.0
7f51c50c8000-7f51c50c9000 rw-p 00002000 08:02 5903654                    /usr/lib/x86_64-linux-gnu/libXcomposite.so.1.0.0
7f51c50c9000-7f51c50d2000 r-xp 00000000 08:02 5903658                    /usr/lib/x86_64-linux-gnu/libXcursor.so.1.0.2
7f51c50d2000-7f51c52d1000 ---p 00009000 08:02 5903658                    /usr/lib/x86_64-linux-gnu/libXcursor.so.1.0.2
7f51c52d1000-7f51c52d2000 r--p 00008000 08:02 5903658                    /usr/lib/x86_64-linux-gnu/libXcursor.so.1.0.2
7f51c52d2000-7f51c52d3000 rw-p 00009000 08:02 5903658                    /usr/lib/x86_64-linux-gnu/libXcursor.so.1.0.2
7f51c52d3000-7f51c52da000 r-xp 00000000 08:02 5900891                    /usr/lib/x86_64-linux-gnu/libXrandr.so.2.2.0
7f51c52da000-7f51c54d9000 ---p 00007000 08:02 5900891                    /usr/lib/x86_64-linux-gnu/libXrandr.so.2.2.0
7f51c54d9000-7f51c54da000 r--p 00006000 08:02 5900891                    /usr/lib/x86_64-linux-gnu/libXrandr.so.2.2.0
7f51c54da000-7f51c54db000 rw-p 00007000 08:02 5900891                    /usr/lib/x86_64-linux-gnu/libXrandr.so.2.2.0
7f51c54db000-7f51c54ea000 r-xp 00000000 08:02 5903651                    /usr/lib/x86_64-linux-gnu/libXi.so.6.1.0
7f51c54ea000-7f51c56e9000 ---p 0000f000 08:02 5903651                    /usr/lib/x86_64-linux-gnu/libXi.so.6.1.0
7f51c56e9000-7f51c56ea000 r--p 0000e000 08:02 5903651                    /usr/lib/x86_64-linux-gnu/libXi.so.6.1.0
7f51c56ea000-7f51c56eb000 rw-p 0000f000 08:02 5903651                    /usr/lib/x86_64-linux-gnu/libXi.so.6.1.0
7f51c56eb000-7f51c56ed000 r-xp 00000000 08:02 5900876                    /usr/lib/x86_64-linux-gnu/libXinerama.so.1.0.0
7f51c56ed000-7f51c58ec000 ---p 00002000 08:02 5900876                    /usr/lib/x86_64-linux-gnu/libXinerama.so.1.0.0
7f51c58ec000-7f51c58ed000 r--p 00001000 08:02 5900876                    /usr/lib/x86_64-linux-gnu/libXinerama.so.1.0.0
7f51c58ed000-7f51c58ee000 rw-p 00002000 08:02 5900876                    /usr/lib/x86_64-linux-gnu/libXinerama.so.1.0.0
7f51c58ee000-7f51c58f7000 r-xp 00000000 08:02 5900883                    /usr/lib/x86_64-linux-gnu/libXrender.so.1.3.0
7f51c58f7000-7f51c5af6000 ---p 00009000 08:02 5900883                    /usr/lib/x86_64-linux-gnu/libXrender.so.1.3.0
7f51c5af6000-7f51c5af7000 r--p 00008000 08:02 5900883                    /usr/lib/x86_64-linux-gnu/libXrender.so.1.3.0
7f51c5af7000-7f51c5af8000 rw-p 00009000 08:02 5900883                    /usr/lib/x86_64-linux-gnu/libXrender.so.1.3.0
7f51c5af8000-7f51c5afd000 r-xp 00000000 08:02 5903809                    /usr/lib/x86_64-linux-gnu/libXtst.so.6.1.0
7f51c5afd000-7f51c5cfc000 ---p 00005000 08:02 5903809                    /usr/lib/x86_64-linux-gnu/libXtst.so.6.1.0
7f51c5cfc000-7f51c5cfd000 r--p 00004000 08:02 5903809                    /usr/lib/x86_64-linux-gnu/libXtst.so.6.1.0
7f51c5cfd000-7f51c5cfe000 rw-p 00005000 08:02 5903809                    /usr/lib/x86_64-linux-gnu/libXtst.so.6.1.0
7f51c5cfe000-7f51c5df0000 r-xp 00000000 08:02 7864545                    /lib/x86_64-linux-gnu/libglib-2.0.so.0.3200.4
7f51c5df0000-7f51c5ff0000 ---p 000f2000 08:02 7864545                    /lib/x86_64-linux-gnu/libglib-2.0.so.0.3200.4
7f51c5ff0000-7f51c5ff1000 r--p 000f2000 08:02 7864545                    /lib/x86_64-linux-gnu/libglib-2.0.so.0.3200.4
7f51c5ff1000-7f51c5ff2000 rw-p 000f3000 08:02 7864545                    /lib/x86_64-linux-gnu/libglib-2.0.so.0.3200.4
7f51c5ff2000-7f51c5ff3000 rw-p 00000000 00:00 0 
7f51c5ff3000-7f51c5ff4000 r-xp 00000000 08:02 5901947                    /usr/lib/x86_64-linux-gnu/libgthread-2.0.so.0.3200.4
7f51c5ff4000-7f51c61f3000 ---p 00001000 08:02 5901947                    /usr/lib/x86_64-linux-gnu/libgthread-2.0.so.0.3200.4
7f51c61f3000-7f51c61f4000 r--p 00000000 08:02 5901947                    /usr/lib/x86_64-linux-gnu/libgthread-2.0.so.0.3200.4
7f51c61f4000-7f51c61f5000 rw-p 00001000 08:02 5901947                    /usr/lib/x86_64-linux-gnu/libgthread-2.0.so.0.3200.4
7f51c61f5000-7f51c61f8000 r-xp 00000000 08:02 5901943                    /usr/lib/x86_64-linux-gnu/libgmodule-2.0.so.0.3200.4
7f51c61f8000-7f51c63f7000 ---p 00003000 08:02 5901943                    /usr/lib/x86_64-linux-gnu/libgmodule-2.0.so.0.3200.4
7f51c63f7000-7f51c63f8000 r--p 00002000 08:02 5901943                    /usr/lib/x86_64-linux-gnu/libgmodule-2.0.so.0.3200.4
7f51c63f8000-7f51c63f9000 rw-p 00003000 08:02 5901943                    /usr/lib/x86_64-linux-gnu/libgmodule-2.0.so.0.3200.4
7f51c63f9000-7f51c6446000 r-xp 00000000 08:02 5901949                    /usr/lib/x86_64-linux-gnu/libgobject-2.0.so.0.3200.4
7f51c6446000-7f51c6646000 ---p 0004d000 08:02 5901949                    /usr/lib/x86_64-linux-gnu/libgobject-2.0.so.0.3200.4
7f51c6646000-7f51c6647000 r--p 0004d000 08:02 5901949                    /usr/lib/x86_64-linux-gnu/libgobject-2.0.so.0.3200.4
7f51c6647000-7f51c6648000 rw-p 0004e000 08:02 5901949                    /usr/lib/x86_64-linux-gnu/libgobject-2.0.so.0.3200.4
7f51c6648000-7f51c667c000 r-xp 00000000 08:02 5903419                    /usr/lib/x86_64-linux-gnu/libfontconfig.so.1.4.4
7f51c667c000-7f51c687c000 ---p 00034000 08:02 5903419                    /usr/lib/x86_64-linux-gnu/libfontconfig.so.1.4.4
7f51c687c000-7f51c687d000 r--p 00034000 08:02 5903419                    /usr/lib/x86_64-linux-gnu/libfontconfig.so.1.4.4
7f51c687d000-7f51c687e000 rw-p 00035000 08:02 5903419                    /usr/lib/x86_64-linux-gnu/libfontconfig.so.1.4.4
7f51c687e000-7f51c6914000 r-xp 00000000 08:02 5900798                    /usr/lib/x86_64-linux-gnu/libfreetype.so.6.8.0
7f51c6914000-7f51c6b13000 ---p 00096000 08:02 5900798                    /usr/lib/x86_64-linux-gnu/libfreetype.so.6.8.0
7f51c6b13000-7f51c6b19000 r--p 00095000 08:02 5900798                    /usr/lib/x86_64-linux-gnu/libfreetype.so.6.8.0
7f51c6b19000-7f51c6b1a000 rw-p 0009b000 08:02 5900798                    /usr/lib/x86_64-linux-gnu/libfreetype.so.6.8.0
7f51c6b1a000-7f51c6b60000 r-xp 00000000 08:02 5903442                    /usr/lib/x86_64-linux-gnu/libpango-1.0.so.0.3000.0
7f51c6b60000-7f51c6d60000 ---p 00046000 08:02 5903442                    /usr/lib/x86_64-linux-gnu/libpango-1.0.so.0.3000.0
7f51c6d60000-7f51c6d62000 r--p 00046000 08:02 5903442                    /usr/lib/x86_64-linux-gnu/libpango-1.0.so.0.3000.0
7f51c6d62000-7f51c6d63000 rw-p 00048000 08:02 5903442                    /usr/lib/x86_64-linux-gnu/libpango-1.0.so.0.3000.0
7f51c6d63000-7f51c6e1c000 r-xp 00000000 08:02 5903425                    /usr/lib/x86_64-linux-gnu/libcairo.so.2.11000.2
7f51c6e1c000-7f51c701b000 ---p 000b9000 08:02 5903425                    /usr/lib/x86_64-linux-gnu/libcairo.so.2.11000.2
7f51c701b000-7f51c701d000 r--p 000b8000 08:02 5903425                    /usr/lib/x86_64-linux-gnu/libcairo.so.2.11000.2
7f51c701d000-7f51c701e000 rw-p 000ba000 08:02 5903425                    /usr/lib/x86_64-linux-gnu/libcairo.so.2.11000.2
7f51c701e000-7f51c7021000 rw-p 00000000 00:00 0 
7f51c7021000-7f51c702c000 r-xp 00000000 08:02 5903443                    /usr/lib/x86_64-linux-gnu/libpangocairo-1.0.so.0.3000.0
7f51c702c000-7f51c722b000 ---p 0000b000 08:02 5903443                    /usr/lib/x86_64-linux-gnu/libpangocairo-1.0.so.0.3000.0
7f51c722b000-7f51c722c000 r--p 0000a000 08:02 5903443                    /usr/lib/x86_64-linux-gnu/libpangocairo-1.0.so.0.3000.0
7f51c722c000-7f51c722d000 rw-p 0000b000 08:02 5903443                    /usr/lib/x86_64-linux-gnu/libpangocairo-1.0.so.0.3000.0
7f51c722d000-7f51c724b000 r-xp 00000000 08:02 5903416                    /usr/lib/x86_64-linux-gnu/libgdk_pixbuf-2.0.so.0.2600.1
7f51c724b000-7f51c744b000 ---p 0001e000 08:02 5903416                    /usr/lib/x86_64-linux-gnu/libgdk_pixbuf-2.0.so.0.2600.1
7f51c744b000-7f51c744c000 r--p 0001e000 08:02 5903416                    /usr/lib/x86_64-linux-gnu/libgdk_pixbuf-2.0.so.0.2600.1
7f51c744c000-7f51c744d000 rw-p 0001f000 08:02 5903416                    /usr/lib/x86_64-linux-gnu/libgdk_pixbuf-2.0.so.0.2600.1
7f51c744d000-7f51c7476000 r-xp 00000000 08:02 5903441                    /usr/lib/x86_64-linux-gnu/libpangoft2-1.0.so.0.3000.0
7f51c7476000-7f51c7675000 ---p 00029000 08:02 5903441                    /usr/lib/x86_64-linux-gnu/libpangoft2-1.0.so.0.3000.0
7f51c7675000-7f51c7676000 r--p 00028000 08:02 5903441                    /usr/lib/x86_64-linux-gnu/libpangoft2-1.0.so.0.3000.0
7f51c7676000-7f51c7677000 rw-p 00029000 08:02 5903441                    /usr/lib/x86_64-linux-gnu/libpangoft2-1.0.so.0.3000.0
7f51c7677000-7f51c77bf000 r-xp 00000000 08:02 5901948                    /usr/lib/x86_64-linux-gnu/libgio-2.0.so.0.3200.4
7f51c77bf000-7f51c79be000 ---p 00148000 08:02 5901948                    /usr/lib/x86_64-linux-gnu/libgio-2.0.so.0.3200.4
7f51c79be000-7f51c79c2000 r--p 00147000 08:02 5901948                    /usr/lib/x86_64-linux-gnu/libgio-2.0.so.0.3200.4
7f51c79c2000-7f51c79c4000 rw-p 0014b000 08:02 5901948                    /usr/lib/x86_64-linux-gnu/libgio-2.0.so.0.3200.4
7f51c79c4000-7f51c79c6000 rw-p 00000000 00:00 0 
7f51c79c6000-7f51c7df3000 r-xp 00000000 08:02 5903851                    /usr/lib/x86_64-linux-gnu/libgtk-x11-2.0.so.0.2400.10
7f51c7df3000-7f51c7ff3000 ---p 0042d000 08:02 5903851                    /usr/lib/x86_64-linux-gnu/libgtk-x11-2.0.so.0.2400.10
7f51c7ff3000-7f51c7ffa000 r--p 0042d000 08:02 5903851                    /usr/lib/x86_64-linux-gnu/libgtk-x11-2.0.so.0.2400.10
7f51c7ffa000-7f51c7ffe000 rw-p 00434000 08:02 5903851                    /usr/lib/x86_64-linux-gnu/libgtk-x11-2.0.so.0.2400.10
7f51c7ffe000-7f51c8000000 rw-p 00000000 00:00 0 
7f51c8000000-7f51c8021000 rw-p 00000000 00:00 0 
7f51c8021000-7f51cc000000 ---p 00000000 00:00 0 
7f51cc011000-7f51cc02d000 r--s 00000000 08:02 6033531                    /usr/share/mime/mime.cache
7f51cc02d000-7f51cc038000 r--p 00000000 08:02 6165434                    /usr/share/icons/Humanity-Dark/icon-theme.cache
7f51cc038000-7f51cc05b000 r--p 00000000 08:02 7215041                    /usr/share/icons/ubuntu-mono-dark/icon-theme.cache
7f51cc05b000-7f51cc074000 r--s 00000000 08:02 6031631                    /usr/share/fonts/type1/gsfonts/n022004l.pfb
7f51cc074000-7f51cc08d000 r--s 00000000 08:02 6031567                    /usr/share/fonts/type1/gsfonts/n021003l.pfb
7f51cc08d000-7f51cc0a3000 r--s 00000000 08:02 6031600                    /usr/share/fonts/type1/gsfonts/n021024l.pfb
7f51cc0a3000-7f51cc0b9000 r--s 00000000 08:02 6031653                    /usr/share/fonts/type1/gsfonts/n022023l.pfb
7f51cc0b9000-7f51cc0d0000 r--s 00000000 08:02 6031605                    /usr/share/fonts/type1/gsfonts/n021023l.pfb
7f51cc0d0000-7f51cc0da000 r--s 00000000 08:02 9175330                    /usr/share/fonts/type1/mathml/Symbol.pfb
7f51cc0da000-7f51cc0eb000 r--s 00000000 08:02 6031610                    /usr/share/fonts/type1/gsfonts/n019023l.pfb
7f51cc0eb000-7f51cc10a000 r-xp 00000000 08:02 5903405                    /usr/lib/x86_64-linux-gnu/libatk-1.0.so.0.20409.1
7f51cc10a000-7f51cc30a000 ---p 0001f000 08:02 5903405                    /usr/lib/x86_64-linux-gnu/libatk-1.0.so.0.20409.1
7f51cc30a000-7f51cc30c000 r--p 0001f000 08:02 5903405                    /usr/lib/x86_64-linux-gnu/libatk-1.0.so.0.20409.1
7f51cc30c000-7f51cc30d000 rw-p 00021000 08:02 5903405                    /usr/lib/x86_64-linux-gnu/libatk-1.0.so.0.20409.1
7f51cc30d000-7f51cc3ba000 r-xp 00000000 08:02 5903852                    /usr/lib/x86_64-linux-gnu/libgdk-x11-2.0.so.0.2400.10
7f51cc3ba000-7f51cc5b9000 ---p 000ad000 08:02 5903852                    /usr/lib/x86_64-linux-gnu/libgdk-x11-2.0.so.0.2400.10
7f51cc5b9000-7f51cc5bd000 r--p 000ac000 08:02 5903852                    /usr/lib/x86_64-linux-gnu/libgdk-x11-2.0.so.0.2400.10
7f51cc5bd000-7f51cc5bf000 rw-p 000b0000 08:02 5903852                    /usr/lib/x86_64-linux-gnu/libgdk-x11-2.0.so.0.2400.10
7f51cc5bf000-7f51cc5e4000 r-xp 00000000 08:02 10749490                   /usr/lib/jvm/jdk1.7.0_45/jre/lib/amd64/libglass.so
7f51cc5e4000-7f51cc7e4000 ---p 00025000 08:02 10749490                   /usr/lib/jvm/jdk1.7.0_45/jre/lib/amd64/libglass.so
7f51cc7e4000-7f51cc7e5000 r--p 00025000 08:02 10749490                   /usr/lib/jvm/jdk1.7.0_45/jre/lib/amd64/libglass.so
7f51cc7e5000-7f51cc7e6000 rw-p 00026000 08:02 10749490                   /usr/lib/jvm/jdk1.7.0_45/jre/lib/amd64/libglass.so
7f51cc7e6000-7f51cc7e9000 ---p 00000000 00:00 0 
7f51cc7e9000-7f51cc8e7000 rw-p 00000000 00:00 0                          [stack:13803]
7f51cc8e7000-7f51cc8fd000 r-xp 00000000 08:02 7864490                    /lib/x86_64-linux-gnu/libz.so.1.2.3.4
7f51cc8fd000-7f51ccafc000 ---p 00016000 08:02 7864490                    /lib/x86_64-linux-gnu/libz.so.1.2.3.4
7f51ccafc000-7f51ccafd000 r--p 00015000 08:02 7864490                    /lib/x86_64-linux-gnu/libz.so.1.2.3.4
7f51ccafd000-7f51ccafe000 rw-p 00016000 08:02 7864490                    /lib/x86_64-linux-gnu/libz.so.1.2.3.4
7f51ccafe000-7f51ccb06000 r-xp 00000000 08:02 5899619                    /usr/lib/x86_64-linux-gnu/libpciaccess.so.0.11.0
7f51ccb06000-7f51ccd05000 ---p 00008000 08:02 5899619                    /usr/lib/x86_64-linux-gnu/libpciaccess.so.0.11.0
7f51ccd05000-7f51ccd06000 r--p 00007000 08:02 5899619                    /usr/lib/x86_64-linux-gnu/libpciaccess.so.0.11.0
7f51ccd06000-7f51ccd07000 rw-p 00008000 08:02 5899619                    /usr/lib/x86_64-linux-gnu/libpciaccess.so.0.11.0
7f51ccd07000-7f51ccd1c000 r-xp 00000000 08:02 7864442                    /lib/x86_64-linux-gnu/libgcc_s.so.1
7f51ccd1c000-7f51ccf1b000 ---p 00015000 08:02 7864442                    /lib/x86_64-linux-gnu/libgcc_s.so.1
7f51ccf1b000-7f51ccf1c000 r--p 00014000 08:02 7864442                    /lib/x86_64-linux-gnu/libgcc_s.so.1
7f51ccf1c000-7f51ccf1d000 rw-p 00015000 08:02 7864442                    /lib/x86_64-linux-gnu/libgcc_s.so.1
7f51ccf1d000-7f51ccfff000 r-xp 00000000 08:02 5899870                    /usr/lib/x86_64-linux-gnu/libstdc++.so.6.0.16
7f51ccfff000-7f51cd1fe000 ---p 000e2000 08:02 5899870                    /usr/lib/x86_64-linux-gnu/libstdc++.so.6.0.16
7f51cd1fe000-7f51cd206000 r--p 000e1000 08:02 5899870                    /usr/lib/x86_64-linux-gnu/libstdc++.so.6.0.16
7f51cd206000-7f51cd208000 rw-p 000e9000 08:02 5899870                    /usr/lib/x86_64-linux-gnu/libstdc++.so.6.0.16
7f51cd208000-7f51cd21d000 rw-p 00000000 00:00 0 
7f51cd21d000-7f51cd23d000 r-xp 00000000 08:02 5899423                    /usr/lib/x86_64-linux-gnu/libdrm_intel.so.1.0.0
7f51cd23d000-7f51cd43c000 ---p 00020000 08:02 5899423                    /usr/lib/x86_64-linux-gnu/libdrm_intel.so.1.0.0
7f51cd43c000-7f51cd43d000 r--p 0001f000 08:02 5899423                    /usr/lib/x86_64-linux-gnu/libdrm_intel.so.1.0.0
7f51cd43d000-7f51cd43e000 rw-p 00020000 08:02 5899423                    /usr/lib/x86_64-linux-gnu/libdrm_intel.so.1.0.0
7f51cd43e000-7f51cd465000 r-xp 00000000 08:02 7864387                    /lib/x86_64-linux-gnu/libexpat.so.1.5.2
7f51cd465000-7f51cd665000 ---p 00027000 08:02 7864387                    /lib/x86_64-linux-gnu/libexpat.so.1.5.2
7f51cd665000-7f51cd667000 r--p 00027000 08:02 7864387                    /lib/x86_64-linux-gnu/libexpat.so.1.5.2
7f51cd667000-7f51cd668000 rw-p 00029000 08:02 7864387                    /lib/x86_64-linux-gnu/libexpat.so.1.5.2
7f51cd668000-7f51cd78e000 r-xp 00000000 08:02 5915048                    /usr/lib/x86_64-linux-gnu/dri/libglsl.so
7f51cd78e000-7f51cd98d000 ---p 00126000 08:02 5915048                    /usr/lib/x86_64-linux-gnu/dri/libglsl.so
7f51cd98d000-7f51cd996000 r--p 00125000 08:02 5915048                    /usr/lib/x86_64-linux-gnu/dri/libglsl.so
7f51cd996000-7f51cd999000 rw-p 0012e000 08:02 5915048                    /usr/lib/x86_64-linux-gnu/dri/libglsl.so
7f51cd999000-7f51cd99a000 rw-p 00000000 00:00 0 
7f51cd99a000-7f51cdbd9000 r-xp 00000000 08:02 5899682                    /usr/lib/x86_64-linux-gnu/dri/libdricore.so
7f51cdbd9000-7f51cddd9000 ---p 0023f000 08:02 5899682                    /usr/lib/x86_64-linux-gnu/dri/libdricore.so
7f51cddd9000-7f51cdde3000 r--p 0023f000 08:02 5899682                    /usr/lib/x86_64-linux-gnu/dri/libdricore.so
7f51cdde3000-7f51cdde6000 rw-p 00249000 08:02 5899682                    /usr/lib/x86_64-linux-gnu/dri/libdricore.so
7f51cdde6000-7f51cddfc000 rw-p 00000000 00:00 0 
7f51cddfc000-7f51cdeca000 r-xp 00000000 08:02 5915050                    /usr/lib/x86_64-linux-gnu/dri/i965_dri.so
7f51cdeca000-7f51ce0ca000 ---p 000ce000 08:02 5915050                    /usr/lib/x86_64-linux-gnu/dri/i965_dri.so
7f51ce0ca000-7f51ce0cd000 r--p 000ce000 08:02 5915050                    /usr/lib/x86_64-linux-gnu/dri/i965_dri.so
7f51ce0cd000-7f51ce0d1000 rw-p 000d1000 08:02 5915050                    /usr/lib/x86_64-linux-gnu/dri/i965_dri.so
7f51ce0d1000-7f51ce0d6000 r-xp 00000000 08:02 5900527                    /usr/lib/x86_64-linux-gnu/libXdmcp.so.6.0.0
7f51ce0d6000-7f51ce2d5000 ---p 00005000 08:02 5900527                    /usr/lib/x86_64-linux-gnu/libXdmcp.so.6.0.0
7f51ce2d5000-7f51ce2d6000 r--p 00004000 08:02 5900527                    /usr/lib/x86_64-linux-gnu/libXdmcp.so.6.0.0
7f51ce2d6000-7f51ce2d7000 rw-p 00005000 08:02 5900527                    /usr/lib/x86_64-linux-gnu/libXdmcp.so.6.0.0
7f51ce2d7000-7f51ce2d9000 r-xp 00000000 08:02 5900521                    /usr/lib/x86_64-linux-gnu/libXau.so.6.0.0
7f51ce2d9000-7f51ce4d8000 ---p 00002000 08:02 5900521                    /usr/lib/x86_64-linux-gnu/libXau.so.6.0.0
7f51ce4d8000-7f51ce4d9000 r--p 00001000 08:02 5900521                    /usr/lib/x86_64-linux-gnu/libXau.so.6.0.0
7f51ce4d9000-7f51ce4da000 rw-p 00002000 08:02 5900521                    /usr/lib/x86_64-linux-gnu/libXau.so.6.0.0
7f51ce4da000-7f51ce4e4000 r-xp 00000000 08:02 5898478                    /usr/lib/x86_64-linux-gnu/libdrm.so.2.4.0
7f51ce4e4000-7f51ce6e3000 ---p 0000a000 08:02 5898478                    /usr/lib/x86_64-linux-gnu/libdrm.so.2.4.0
7f51ce6e3000-7f51ce6e4000 r--p 00009000 08:02 5898478                    /usr/lib/x86_64-linux-gnu/libdrm.so.2.4.0
7f51ce6e4000-7f51ce6e5000 rw-p 0000a000 08:02 5898478                    /usr/lib/x86_64-linux-gnu/libdrm.so.2.4.0
7f51ce6e5000-7f51ce6fa000 r-xp 00000000 08:02 5903803                    /usr/lib/x86_64-linux-gnu/libxcb-glx.so.0.0.0
7f51ce6fa000-7f51ce8f9000 ---p 00015000 08:02 5903803                    /usr/lib/x86_64-linux-gnu/libxcb-glx.so.0.0.0
7f51ce8f9000-7f51ce8fb000 r--p 00014000 08:02 5903803                    /usr/lib/x86_64-linux-gnu/libxcb-glx.so.0.0.0
7f51ce8fb000-7f51ce8fc000 rw-p 00016000 08:02 5903803                    /usr/lib/x86_64-linux-gnu/libxcb-glx.so.0.0.0
7f51ce8fc000-7f51ce8fd000 r-xp 00000000 08:02 5900831                    /usr/lib/x86_64-linux-gnu/libX11-xcb.so.1.0.0
7f51ce8fd000-7f51ceafc000 ---p 00001000 08:02 5900831                    /usr/lib/x86_64-linux-gnu/libX11-xcb.so.1.0.0
7f51ceafc000-7f51ceafd000 r--p 00000000 08:02 5900831                    /usr/lib/x86_64-linux-gnu/libX11-xcb.so.1.0.0
7f51ceafd000-7f51ceafe000 rw-p 00001000 08:02 5900831                    /usr/lib/x86_64-linux-gnu/libX11-xcb.so.1.0.0
7f51ceafe000-7f51ceb03000 r-xp 00000000 08:02 5900872                    /usr/lib/x86_64-linux-gnu/libXfixes.so.3.1.0
7f51ceb03000-7f51ced02000 ---p 00005000 08:02 5900872                    /usr/lib/x86_64-linux-gnu/libXfixes.so.3.1.0
7f51ced02000-7f51ced03000 r--p 00004000 08:02 5900872                    /usr/lib/x86_64-linux-gnu/libXfixes.so.3.1.0
7f51ced03000-7f51ced04000 rw-p 00005000 08:02 5900872                    /usr/lib/x86_64-linux-gnu/libXfixes.so.3.1.0
7f51ced04000-7f51ced06000 r-xp 00000000 08:02 5903660                    /usr/lib/x86_64-linux-gnu/libXdamage.so.1.1.0
7f51ced06000-7f51cef05000 ---p 00002000 08:02 5903660                    /usr/lib/x86_64-linux-gnu/libXdamage.so.1.1.0
7f51cef05000-7f51cef06000 r--p 00001000 08:02 5903660                    /usr/lib/x86_64-linux-gnu/libXdamage.so.1.1.0
7f51cef06000-7f51cef07000 rw-p 00002000 08:02 5903660                    /usr/lib/x86_64-linux-gnu/libXdamage.so.1.1.0
7f51cef07000-7f51cef28000 r-xp 00000000 08:02 5900918                    /usr/lib/x86_64-linux-gnu/libglapi.so.0.0.0
7f51cef28000-7f51cf127000 ---p 00021000 08:02 5900918                    /usr/lib/x86_64-linux-gnu/libglapi.so.0.0.0
7f51cf127000-7f51cf12a000 r--p 00020000 08:02 5900918                    /usr/lib/x86_64-linux-gnu/libglapi.so.0.0.0
7f51cf12a000-7f51cf12b000 rw-p 00023000 08:02 5900918                    /usr/lib/x86_64-linux-gnu/libglapi.so.0.0.0
7f51cf12b000-7f51cf12c000 rw-p 00000000 00:00 0 
7f51cf12c000-7f51cf13c000 r-xp 00000000 08:02 5900783                    /usr/lib/x86_64-linux-gnu/libXext.so.6.4.0
7f51cf13c000-7f51cf33b000 ---p 00010000 08:02 5900783                    /usr/lib/x86_64-linux-gnu/libXext.so.6.4.0
7f51cf33b000-7f51cf33c000 r--p 0000f000 08:02 5900783                    /usr/lib/x86_64-linux-gnu/libXext.so.6.4.0
7f51cf33c000-7f51cf33d000 rw-p 00010000 08:02 5900783                    /usr/lib/x86_64-linux-gnu/libXext.so.6.4.0
7f51cf33d000-7f51cf35a000 r-xp 00000000 08:02 5900532                    /usr/lib/x86_64-linux-gnu/libxcb.so.1.1.0
7f51cf35a000-7f51cf559000 ---p 0001d000 08:02 5900532                    /usr/lib/x86_64-linux-gnu/libxcb.so.1.1.0
7f51cf559000-7f51cf55a000 r--p 0001c000 08:02 5900532                    /usr/lib/x86_64-linux-gnu/libxcb.so.1.1.0
7f51cf55a000-7f51cf55b000 rw-p 0001d000 08:02 5900532                    /usr/lib/x86_64-linux-gnu/libxcb.so.1.1.0
7f51cf55b000-7f51cf5b8000 r-xp 00000000 08:02 6161263                    /usr/lib/x86_64-linux-gnu/mesa/libGL.so.1.2
7f51cf5b8000-7f51cf7b7000 ---p 0005d000 08:02 6161263                    /usr/lib/x86_64-linux-gnu/mesa/libGL.so.1.2
7f51cf7b7000-7f51cf7b9000 r--p 0005c000 08:02 6161263                    /usr/lib/x86_64-linux-gnu/mesa/libGL.so.1.2
7f51cf7b9000-7f51cf7ba000 rw-p 0005e000 08:02 6161263                    /usr/lib/x86_64-linux-gnu/mesa/libGL.so.1.2
7f51cf7ba000-7f51cf7bb000 rw-p 00000000 00:00 0 
7f51cf7bb000-7f51cf7bf000 r-xp 00000000 08:02 5903805                    /usr/lib/x86_64-linux-gnu/libXxf86vm.so.1.0.0
7f51cf7bf000-7f51cf9be000 ---p 00004000 08:02 5903805                    /usr/lib/x86_64-linux-gnu/libXxf86vm.so.1.0.0
7f51cf9be000-7f51cf9bf000 r--p 00003000 08:02 5903805                    /usr/lib/x86_64-linux-gnu/libXxf86vm.so.1.0.0
7f51cf9bf000-7f51cf9c0000 rw-p 00004000 08:02 5903805                    /usr/lib/x86_64-linux-gnu/libXxf86vm.so.1.0.0
7f51cf9c0000-7f51cfaf0000 r-xp 00000000 08:02 5900778                    /usr/lib/x86_64-linux-gnu/libX11.so.6.3.0
7f51cfaf0000-7f51cfcf0000 ---p 00130000 08:02 5900778                    /usr/lib/x86_64-linux-gnu/libX11.so.6.3.0
7f51cfcf0000-7f51cfcf1000 r--p 00130000 08:02 5900778                    /usr/lib/x86_64-linux-gnu/libX11.so.6.3.0
7f51cfcf1000-7f51cfcf5000 rw-p 00131000 08:02 5900778                    /usr/lib/x86_64-linux-gnu/libX11.so.6.3.0
7f51cfcf5000-7f51cfcfe000 r-xp 00000000 08:02 10749491                   /usr/lib/jvm/jdk1.7.0_45/jre/lib/amd64/libprism-es2.so
7f51cfcfe000-7f51cfefd000 ---p 00009000 08:02 10749491                   /usr/lib/jvm/jdk1.7.0_45/jre/lib/amd64/libprism-es2.so
7f51cfefd000-7f51cfefe000 r--p 00008000 08:02 10749491                   /usr/lib/jvm/jdk1.7.0_45/jre/lib/amd64/libprism-es2.so
7f51cfefe000-7f51cfeff000 rw-p 00009000 08:02 10749491                   /usr/lib/jvm/jdk1.7.0_45/jre/lib/amd64/libprism-es2.so
7f51cfeff000-7f51cff02000 ---p 00000000 00:00 0 
7f51cff02000-7f51d0000000 rw-p 00000000 00:00 0                          [stack:13802]
7f51d0000000-7f51d0021000 rw-p 00000000 00:00 0 
7f51d0021000-7f51d4000000 ---p 00000000 00:00 0 
7f51d4005000-7f51d4019000 r--s 00000000 08:02 6031586                    /usr/share/fonts/type1/gsfonts/n019003l.pfb
7f51d4019000-7f51d401d000 r--s 000f7000 08:02 10749419                   /usr/lib/jvm/jdk1.7.0_45/jre/lib/ext/localedata.jar
7f51d401d000-7f51d401e000 r--s 00000000 08:02 19007778                   /var/cache/fontconfig/c05880de57d1f5e948fdfacc138775d9-le64.cache-3
7f51d401e000-7f51d4027000 r--s 00000000 08:02 19007777                   /var/cache/fontconfig/945677eb7aeaf62f1d50efc3fb3ec7d8-le64.cache-3
7f51d4027000-7f51d4029000 r--s 00000000 08:02 19007775                   /var/cache/fontconfig/99e8ed0e538f840c565b6ed5dad60d56-le64.cache-3
7f51d4029000-7f51d402d000 r--s 00000000 08:02 19007774                   /var/cache/fontconfig/2cd17615ca594fa2959ae173292e504c-le64.cache-3
7f51d402d000-7f51d402e000 r--s 00000000 08:02 19007773                   /var/cache/fontconfig/e7071f4a29fa870f4323321c154eba04-le64.cache-3
7f51d402e000-7f51d402f000 r--s 00000000 08:02 19007772                   /var/cache/fontconfig/0d8c3b2ac0904cb8a57a757ad11a4a08-le64.cache-3
7f51d402f000-7f51d4035000 r--s 00000000 08:02 19007771                   /var/cache/fontconfig/a755afe4a08bf5b97852ceb7400b47bc-le64.cache-3
7f51d4035000-7f51d403e000 r--s 00000000 08:02 19007336                   /var/cache/fontconfig/6d41288fd70b0be22e8c3a91e032eec0-le64.cache-3
7f51d403e000-7f51d404e000 r--s 00000000 08:02 19007769                   /var/cache/fontconfig/04aabc0a78ac019cf9454389977116d2-le64.cache-3
7f51d404e000-7f51d4051000 r--s 00000000 08:02 19007768                   /var/cache/fontconfig/385c0604a188198f04d133e54aba7fe7-le64.cache-3
7f51d4051000-7f51d4052000 r--s 00000000 08:02 19011612                   /var/cache/fontconfig/4794a0821666d79190d59a36cb4f44b5-le64.cache-3
7f51d4052000-7f51d4055000 r--s 00000000 08:02 19007766                   /var/cache/fontconfig/8801497958630a81b71ace7c5f9b32a8-le64.cache-3
7f51d4055000-7f51d405a000 r--s 00000000 08:02 19007765                   /var/cache/fontconfig/3047814df9a2f067bd2d96a2b9c36e5a-le64.cache-3
7f51d405a000-7f51d405b000 r--s 00000000 08:02 19007764                   /var/cache/fontconfig/56cf4f4769d0f4abc89a4895d7bd3ae1-le64.cache-3
7f51d405b000-7f51d405c000 r--s 00000000 08:02 19007763                   /var/cache/fontconfig/b9d506c9ac06c20b433354fa67a72993-le64.cache-3
7f51d405c000-7f51d4061000 r--s 00000000 08:02 19007762                   /var/cache/fontconfig/b47c4e1ecd0709278f4910c18777a504-le64.cache-3
7f51d4061000-7f51d4064000 r--s 00000000 08:02 19007334                   /var/cache/fontconfig/e49e89034d371f0f9de17aab02136486-le64.cache-3
7f51d4064000-7f51d4074000 r--s 00000000 08:02 19007761                   /var/cache/fontconfig/d52a8644073d54c13679302ca1180695-le64.cache-3
7f51d4074000-7f51d407a000 r--s 00000000 08:02 19006965                   /var/cache/fontconfig/3f7329c5293ffd510edef78f73874cfd-le64.cache-3
7f51d407a000-7f51d407d000 r--s 00000000 08:02 19006963                   /var/cache/fontconfig/e13b20fdb08344e0e664864cc2ede53d-le64.cache-3
7f51d407d000-7f51d4081000 r--s 00000000 08:02 19007335                   /var/cache/fontconfig/7ef2298fde41cc6eeb7af42e48b7d293-le64.cache-3
7f51d4081000-7f51d4082000 r--p 00000000 08:02 8130354                    /etc/dconf/db/local
7f51d4082000-7f51d4084000 r--p 00000000 00:19 15778175                   /home/se413006/.config/dconf/user
7f51d4084000-7f51d4085000 r--s 00000000 00:19 14320263                   /home/se413006/.cache/dconf/user
7f51d4085000-7f51d408c000 r--s 00000000 08:02 5911439                    /usr/lib/x86_64-linux-gnu/gconv/gconv-modules.cache
7f51d408c000-7f51d40b0000 r--p 00000000 08:02 5902077                    /usr/share/glib-2.0/schemas/gschemas.compiled
7f51d40b0000-7f51d40b3000 r--s 00017000 00:19 23545898                   /home/se413006/NetBeansProjects/DynamicSynthesizer/dist/run761850649/lib/tritonus_share.jar
7f51d40b3000-7f51d40be000 r--s 0006f000 00:19 23545893                   /home/se413006/NetBeansProjects/DynamicSynthesizer/dist/run761850649/lib/jtransforms-2.4.jar
7f51d40be000-7f51d40cc000 r--s 00082000 00:19 23545892                   /home/se413006/NetBeansProjects/DynamicSynthesizer/dist/run761850649/lib/jsyn-beta-16.6.4.jar
7f51d40cc000-7f51d40d8000 r--s 000e5000 00:19 23545888                   /home/se413006/NetBeansProjects/DynamicSynthesizer/dist/run761850649/lib/ScenicView.jar
7f51d40d8000-7f51d40e6000 r--s 00082000 00:19 21155869                   /home/se413006/Downloads/jsyn-beta-16.6.4.jar
7f51d40e6000-7f51d40f2000 r--s 000e5000 00:19 573572                     /home/se413006/Documents/JavaFxExternalLibs/ScenicView.jar
7f51d40f2000-7f51d40fd000 r--s 0006f000 00:19 21156293                   /home/se413006/Downloads/jtransforms-2.4.jar
7f51d40fd000-7f51d4110000 r--s 000d4000 08:02 9446270                    /usr/lib/jvm/jdk1.7.0_45/jre/lib/plugin.jar
7f51d4110000-7f51d4113000 ---p 00000000 00:00 0 
7f51d4113000-7f51d4211000 rw-p 00000000 00:00 0                          [stack:13801]
7f51d4211000-7f51d422f000 r-xp 00000000 08:02 10749448                   /usr/lib/jvm/jdk1.7.0_45/jre/lib/amd64/libdeploy.so
7f51d422f000-7f51d442f000 ---p 0001e000 08:02 10749448                   /usr/lib/jvm/jdk1.7.0_45/jre/lib/amd64/libdeploy.so
7f51d442f000-7f51d4431000 rw-p 0001e000 08:02 10749448                   /usr/lib/jvm/jdk1.7.0_45/jre/lib/amd64/libdeploy.so
7f51d4431000-7f51d4441000 rw-p 00000000 00:00 0 
7f51d4441000-7f51d4444000 ---p 00000000 00:00 0 
7f51d4444000-7f51d4542000 rw-p 00000000 00:00 0                          [stack:13800]
7f51d4542000-7f51d455a000 r--s 001d4000 08:02 9446271                    /usr/lib/jvm/jdk1.7.0_45/jre/lib/deploy.jar
7f51d455a000-7f51d45e8000 r--s 00ddd000 08:02 9446315                    /usr/lib/jvm/jdk1.7.0_45/jre/lib/jfxrt.jar
7f51d45e8000-7f51d45e9000 ---p 00000000 00:00 0 
7f51d45e9000-7f51d46e9000 rw-p 00000000 00:00 0                          [stack:13799]
7f51d46e9000-7f51d46ec000 ---p 00000000 00:00 0 
7f51d46ec000-7f51d47ea000 rw-p 00000000 00:00 0                          [stack:13798]
7f51d47ea000-7f51d47ed000 ---p 00000000 00:00 0 
7f51d47ed000-7f51d48eb000 rw-p 00000000 00:00 0                          [stack:13797]
7f51d48eb000-7f51d48ee000 ---p 00000000 00:00 0 
7f51d48ee000-7f51d49ec000 rw-p 00000000 00:00 0                          [stack:13796]
7f51d49ec000-7f51d49ef000 ---p 00000000 00:00 0 
7f51d49ef000-7f51d4aed000 rw-p 00000000 00:00 0                          [stack:13795]
7f51d4aed000-7f51d4af0000 ---p 00000000 00:00 0 
7f51d4af0000-7f51d4bee000 rw-p 00000000 00:00 0                          [stack:13794]
7f51d4bee000-7f51d4bf1000 ---p 00000000 00:00 0 
7f51d4bf1000-7f51d4cef000 rw-p 00000000 00:00 0                          [stack:13793]
7f51d4cef000-7f51d4cf0000 ---p 00000000 00:00 0 
7f51d4cf0000-7f51d5da4000 rw-p 00000000 00:00 0                          [stack:13792]
7f51d5da4000-7f51d5f60000 r--s 039b2000 08:02 9446276                    /usr/lib/jvm/jdk1.7.0_45/jre/lib/rt.jar
7f51d5f60000-7f51d8000000 rw-p 00000000 00:00 0 
7f51d8000000-7f51d8021000 rw-p 00000000 00:00 0 
7f51d8021000-7f51dc000000 ---p 00000000 00:00 0 
7f51dc000000-7f51dc001000 r--s 00002000 00:19 23545897                   /home/se413006/NetBeansProjects/DynamicSynthesizer/dist/run761850649/lib/tritonus_aos.jar
7f51dc001000-7f51dc281000 rw-p 00000000 00:00 0 
7f51dc281000-7f51dc282000 ---p 00000000 00:00 0 
7f51dc282000-7f51dc382000 rw-p 00000000 00:00 0                          [stack:13791]
7f51dc382000-7f51dc383000 ---p 00000000 00:00 0 
7f51dc383000-7f51dc483000 rw-p 00000000 00:00 0                          [stack:13790]
7f51dc483000-7f51dc484000 ---p 00000000 00:00 0 
7f51dc484000-7f51dc584000 rw-p 00000000 00:00 0                          [stack:13789]
7f51dc584000-7f51dc585000 ---p 00000000 00:00 0 
7f51dc585000-7f51dc699000 rw-p 00000000 00:00 0                          [stack:13788]
7f51dc699000-7f51dc7c6000 rw-p 00000000 00:00 0 
7f51dc7c6000-7f51dc7d1000 rw-p 00000000 00:00 0 
7f51dc7d1000-7f51dc7ef000 rw-p 00000000 00:00 0 
7f51dc7ef000-7f51dc803000 rw-p 00000000 00:00 0 
7f51dc803000-7f51dc92f000 rw-p 00000000 00:00 0 
7f51dc92f000-7f51dc941000 rw-p 00000000 00:00 0 
7f51dc941000-7f51dc9d0000 rw-p 00000000 00:00 0 
7f51dc9d0000-7f51dc9d1000 rw-p 00000000 00:00 0 
7f51dc9d1000-7f51dcc41000 rwxp 00000000 00:00 0 
7f51dcc41000-7f51df9d1000 rw-p 00000000 00:00 0 
7f51df9d1000-7f51df9eb000 r-xp 00000000 08:02 10749474                   /usr/lib/jvm/jdk1.7.0_45/jre/lib/amd64/libzip.so
7f51df9eb000-7f51dfbeb000 ---p 0001a000 08:02 10749474                   /usr/lib/jvm/jdk1.7.0_45/jre/lib/amd64/libzip.so
7f51dfbeb000-7f51dfbec000 rw-p 0001a000 08:02 10749474                   /usr/lib/jvm/jdk1.7.0_45/jre/lib/amd64/libzip.so
7f51dfbec000-7f51dfbf2000 r-xp 00000000 08:02 7866684                    /lib/x86_64-linux-gnu/libnss_sss.so.2
7f51dfbf2000-7f51dfdf1000 ---p 00006000 08:02 7866684                    /lib/x86_64-linux-gnu/libnss_sss.so.2
7f51dfdf1000-7f51dfdf2000 r--p 00005000 08:02 7866684                    /lib/x86_64-linux-gnu/libnss_sss.so.2
7f51dfdf2000-7f51dfdf3000 rw-p 00006000 08:02 7866684                    /lib/x86_64-linux-gnu/libnss_sss.so.2
7f51dfdf3000-7f51dfdff000 r-xp 00000000 08:02 7867763                    /lib/x86_64-linux-gnu/libnss_files-2.15.so
7f51dfdff000-7f51dfffe000 ---p 0000c000 08:02 7867763                    /lib/x86_64-linux-gnu/libnss_files-2.15.so
7f51dfffe000-7f51dffff000 r--p 0000b000 08:02 7867763                    /lib/x86_64-linux-gnu/libnss_files-2.15.so
7f51dffff000-7f51e0000000 rw-p 0000c000 08:02 7867763                    /lib/x86_64-linux-gnu/libnss_files-2.15.so
7f51e0000000-7f51e0173000 rw-p 00000000 00:00 0 
7f51e0173000-7f51e4000000 ---p 00000000 00:00 0 
7f51e4000000-7f51e4001000 r--s 00005000 00:19 23545896                   /home/se413006/NetBeansProjects/DynamicSynthesizer/dist/run761850649/lib/mp3spi1.9.4.jar
7f51e4001000-7f51e4003000 r--s 0000d000 00:19 23545895                   /home/se413006/NetBeansProjects/DynamicSynthesizer/dist/run761850649/lib/minim.jar
7f51e4003000-7f51e4006000 r--s 00028000 00:19 23545891                   /home/se413006/NetBeansProjects/DynamicSynthesizer/dist/run761850649/lib/jsndobj.jar
7f51e4006000-7f51e4009000 r--s 00017000 00:19 23545889                   /home/se413006/NetBeansProjects/DynamicSynthesizer/dist/run761850649/lib/jl1.0.jar
7f51e4009000-7f51e400c000 r--s 00028000 00:19 21580459                   /home/se413006/sndobj-sndobj/jsndobj.jar
7f51e400c000-7f51e40e5000 rw-p 00000000 00:00 0 
7f51e40e5000-7f51e4103000 rw-p 00000000 00:00 0 
7f51e4103000-7f51e410d000 r-xp 00000000 08:02 7867767                    /lib/x86_64-linux-gnu/libnss_nis-2.15.so
7f51e410d000-7f51e430d000 ---p 0000a000 08:02 7867767                    /lib/x86_64-linux-gnu/libnss_nis-2.15.so
7f51e430d000-7f51e430e000 r--p 0000a000 08:02 7867767                    /lib/x86_64-linux-gnu/libnss_nis-2.15.so
7f51e430e000-7f51e430f000 rw-p 0000b000 08:02 7867767                    /lib/x86_64-linux-gnu/libnss_nis-2.15.so
7f51e430f000-7f51e4326000 r-xp 00000000 08:02 7867779                    /lib/x86_64-linux-gnu/libnsl-2.15.so
7f51e4326000-7f51e4525000 ---p 00017000 08:02 7867779                    /lib/x86_64-linux-gnu/libnsl-2.15.so
7f51e4525000-7f51e4526000 r--p 00016000 08:02 7867779                    /lib/x86_64-linux-gnu/libnsl-2.15.so
7f51e4526000-7f51e4527000 rw-p 00017000 08:02 7867779                    /lib/x86_64-linux-gnu/libnsl-2.15.so
7f51e4527000-7f51e4529000 rw-p 00000000 00:00 0 
7f51e4529000-7f51e4531000 r-xp 00000000 08:02 7867761                    /lib/x86_64-linux-gnu/libnss_compat-2.15.so
7f51e4531000-7f51e4730000 ---p 00008000 08:02 7867761                    /lib/x86_64-linux-gnu/libnss_compat-2.15.so
7f51e4730000-7f51e4731000 r--p 00007000 08:02 7867761                    /lib/x86_64-linux-gnu/libnss_compat-2.15.so
7f51e4731000-7f51e4732000 rw-p 00008000 08:02 7867761                    /lib/x86_64-linux-gnu/libnss_compat-2.15.so
7f51e4732000-7f51e475b000 r-xp 00000000 08:02 10749465                   /usr/lib/jvm/jdk1.7.0_45/jre/lib/amd64/libjava.so
7f51e475b000-7f51e495b000 ---p 00029000 08:02 10749465                   /usr/lib/jvm/jdk1.7.0_45/jre/lib/amd64/libjava.so
7f51e495b000-7f51e495d000 rw-p 00029000 08:02 10749465                   /usr/lib/jvm/jdk1.7.0_45/jre/lib/amd64/libjava.so
7f51e495d000-7f51e496a000 r-xp 00000000 08:02 10749454                   /usr/lib/jvm/jdk1.7.0_45/jre/lib/amd64/libverify.so
7f51e496a000-7f51e4b69000 ---p 0000d000 08:02 10749454                   /usr/lib/jvm/jdk1.7.0_45/jre/lib/amd64/libverify.so
7f51e4b69000-7f51e4b6b000 rw-p 0000c000 08:02 10749454                   /usr/lib/jvm/jdk1.7.0_45/jre/lib/amd64/libverify.so
7f51e4b6b000-7f51e4b72000 r-xp 00000000 08:02 7867766                    /lib/x86_64-linux-gnu/librt-2.15.so
7f51e4b72000-7f51e4d71000 ---p 00007000 08:02 7867766                    /lib/x86_64-linux-gnu/librt-2.15.so
7f51e4d71000-7f51e4d72000 r--p 00006000 08:02 7867766                    /lib/x86_64-linux-gnu/librt-2.15.so
7f51e4d72000-7f51e4d73000 rw-p 00007000 08:02 7867766                    /lib/x86_64-linux-gnu/librt-2.15.so
7f51e4d73000-7f51e4e6e000 r-xp 00000000 08:02 7867770                    /lib/x86_64-linux-gnu/libm-2.15.so
7f51e4e6e000-7f51e506d000 ---p 000fb000 08:02 7867770                    /lib/x86_64-linux-gnu/libm-2.15.so
7f51e506d000-7f51e506e000 r--p 000fa000 08:02 7867770                    /lib/x86_64-linux-gnu/libm-2.15.so
7f51e506e000-7f51e506f000 rw-p 000fb000 08:02 7867770                    /lib/x86_64-linux-gnu/libm-2.15.so
7f51e506f000-7f51e5bd1000 r-xp 00000000 08:02 10749472                   /usr/lib/jvm/jdk1.7.0_45/jre/lib/amd64/server/libjvm.so
7f51e5bd1000-7f51e5dd1000 ---p 00b62000 08:02 10749472                   /usr/lib/jvm/jdk1.7.0_45/jre/lib/amd64/server/libjvm.so
7f51e5dd1000-7f51e5e94000 rw-p 00b62000 08:02 10749472                   /usr/lib/jvm/jdk1.7.0_45/jre/lib/amd64/server/libjvm.so
7f51e5e94000-7f51e5ed5000 rw-p 00000000 00:00 0 
7f51e5ed5000-7f51e608a000 r-xp 00000000 08:02 7867759                    /lib/x86_64-linux-gnu/libc-2.15.so
7f51e608a000-7f51e628a000 ---p 001b5000 08:02 7867759                    /lib/x86_64-linux-gnu/libc-2.15.so
7f51e628a000-7f51e628e000 r--p 001b5000 08:02 7867759                    /lib/x86_64-linux-gnu/libc-2.15.so
7f51e628e000-7f51e6290000 rw-p 001b9000 08:02 7867759                    /lib/x86_64-linux-gnu/libc-2.15.so
7f51e6290000-7f51e6295000 rw-p 00000000 00:00 0 
7f51e6295000-7f51e6297000 r-xp 00000000 08:02 7867774                    /lib/x86_64-linux-gnu/libdl-2.15.so
7f51e6297000-7f51e6497000 ---p 00002000 08:02 7867774                    /lib/x86_64-linux-gnu/libdl-2.15.so
7f51e6497000-7f51e6498000 r--p 00002000 08:02 7867774                    /lib/x86_64-linux-gnu/libdl-2.15.so
7f51e6498000-7f51e6499000 rw-p 00003000 08:02 7867774                    /lib/x86_64-linux-gnu/libdl-2.15.so
7f51e6499000-7f51e64af000 r-xp 00000000 08:02 10748736                   /usr/lib/jvm/jdk1.7.0_45/lib/amd64/jli/libjli.so
7f51e64af000-7f51e66af000 ---p 00016000 08:02 10748736                   /usr/lib/jvm/jdk1.7.0_45/lib/amd64/jli/libjli.so
7f51e66af000-7f51e66b0000 rw-p 00016000 08:02 10748736                   /usr/lib/jvm/jdk1.7.0_45/lib/amd64/jli/libjli.so
7f51e66b0000-7f51e66c8000 r-xp 00000000 08:02 7867768                    /lib/x86_64-linux-gnu/libpthread-2.15.so
7f51e66c8000-7f51e68c7000 ---p 00018000 08:02 7867768                    /lib/x86_64-linux-gnu/libpthread-2.15.so
7f51e68c7000-7f51e68c8000 r--p 00017000 08:02 7867768                    /lib/x86_64-linux-gnu/libpthread-2.15.so
7f51e68c8000-7f51e68c9000 rw-p 00018000 08:02 7867768                    /lib/x86_64-linux-gnu/libpthread-2.15.so
7f51e68c9000-7f51e68cd000 rw-p 00000000 00:00 0 
7f51e68cd000-7f51e68ef000 r-xp 00000000 08:02 7867771                    /lib/x86_64-linux-gnu/ld-2.15.so
7f51e68ef000-7f51e68f0000 r--s 00000000 00:19 23545894                   /home/se413006/NetBeansProjects/DynamicSynthesizer/dist/run761850649/lib/minim-spi.jar
7f51e68f0000-7f51e68f1000 r--s 0000b000 00:19 23545890                   /home/se413006/NetBeansProjects/DynamicSynthesizer/dist/run761850649/lib/jsminim.jar
7f51e68f1000-7f51e68f4000 r--s 00017000 00:19 21629910                   /home/se413006/minim/library/tritonus_share.jar
7f51e68f4000-7f51e68f5000 r--s 00002000 00:19 21629909                   /home/se413006/minim/library/tritonus_aos.jar
7f51e68f5000-7f51e68f6000 r--s 00005000 00:19 21629908                   /home/se413006/minim/library/mp3spi1.9.4.jar
7f51e68f6000-7f51e68f8000 r--s 0000d000 00:19 21629906                   /home/se413006/minim/library/minim.jar
7f51e68f8000-7f51e68f9000 r--s 00000000 00:19 21629907                   /home/se413006/minim/library/minim-spi.jar
7f51e68f9000-7f51e68fa000 r--s 0000b000 00:19 21629905                   /home/se413006/minim/library/jsminim.jar
7f51e68fa000-7f51e6919000 rw-p 00000000 00:00 0 
7f51e6919000-7f51e69cf000 rw-p 00000000 00:00 0 
7f51e69cf000-7f51e69d2000 ---p 00000000 00:00 0 
7f51e69d2000-7f51e6ad4000 rw-p 00000000 00:00 0                          [stack:13787]
7f51e6ad4000-7f51e6add000 r--s 00067000 08:02 9446296                    /usr/lib/jvm/jdk1.7.0_45/jre/lib/javaws.jar
7f51e6add000-7f51e6ae0000 r--s 00017000 00:19 21629904                   /home/se413006/minim/library/jl1.0.jar
7f51e6ae0000-7f51e6ae3000 r--s 00144000 00:19 23545885                   /home/se413006/NetBeansProjects/DynamicSynthesizer/dist/run761850649/DynamicSynthesizer.jar
7f51e6ae3000-7f51e6aeb000 rw-s 00000000 08:02 5243033                    /tmp/hsperfdata_se413006/13783
7f51e6aeb000-7f51e6aec000 rw-p 00000000 00:00 0 
7f51e6aec000-7f51e6aed000 r--p 00000000 00:00 0 
7f51e6aed000-7f51e6aef000 rw-p 00000000 00:00 0 
7f51e6aef000-7f51e6af0000 r--p 00022000 08:02 7867771                    /lib/x86_64-linux-gnu/ld-2.15.so
7f51e6af0000-7f51e6af2000 rw-p 00023000 08:02 7867771                    /lib/x86_64-linux-gnu/ld-2.15.so
7fff0d875000-7fff0d896000 rw-p 00000000 00:00 0                          [stack]
7fff0d8e7000-7fff0d8e9000 r-xp 00000000 00:00 0                          [vdso]
ffffffffff600000-ffffffffff601000 r-xp 00000000 00:00 0                  [vsyscall]

VM Arguments:
jvm_args: -Dfile.encoding=UTF-8 
java_command: com.javafx.main.Main
Launcher Type: SUN_STANDARD

Environment Variables:
PATH=/usr/lib/lightdm/lightdm:/usr/local/sbin:/usr/local/bin:/usr/sbin:/usr/bin:/sbin:/bin:/usr/games:/var/cfengine/bin
LD_LIBRARY_PATH=/usr/lib/jvm/java-7-openjdk-amd64/jre/lib/amd64:/usr/lib/jvm/java-7-openjdk-amd64/jre/lib/i386:
SHELL=/bin/bash
DISPLAY=:0

Signal Handlers:
SIGSEGV: [libjvm.so+0x9935b0], sa_mask[0]=0x7ffbfeff, sa_flags=0x10000004
SIGBUS: [libjvm.so+0x9935b0], sa_mask[0]=0x7ffbfeff, sa_flags=0x10000004
SIGFPE: [libjvm.so+0x810330], sa_mask[0]=0x7ffbfeff, sa_flags=0x10000004
SIGPIPE: SIG_IGN, sa_mask[0]=0x00001000, sa_flags=0x10000000
SIGXFSZ: [libjvm.so+0x810330], sa_mask[0]=0x7ffbfeff, sa_flags=0x10000004
SIGILL: [libjvm.so+0x810330], sa_mask[0]=0x7ffbfeff, sa_flags=0x10000004
SIGUSR1: SIG_DFL, sa_mask[0]=0x00000000, sa_flags=0x00000000
SIGUSR2: [libjvm.so+0x811820], sa_mask[0]=0x00000004, sa_flags=0x10000004
SIGHUP: [libjvm.so+0x812790], sa_mask[0]=0x7ffbfeff, sa_flags=0x10000004
SIGINT: SIG_IGN, sa_mask[0]=0x00000000, sa_flags=0x00000000
SIGTERM: [libjvm.so+0x812790], sa_mask[0]=0x7ffbfeff, sa_flags=0x10000004
SIGQUIT: [libjvm.so+0x812790], sa_mask[0]=0x7ffbfeff, sa_flags=0x10000004


---------------  S Y S T E M  ---------------

OS:wheezy/sid

uname:Linux 3.8.0-36-generic #52~precise1-Ubuntu SMP Mon Feb 3 21:54:46 UTC 2014 x86_64
libc:glibc 2.15 NPTL 2.15 
rlimit: STACK 8192k, CORE 0k, NPROC 30580, NOFILE 4096, AS infinity
load average:0.81 0.89 0.76

/proc/meminfo:
MemTotal:        3933176 kB
MemFree:          331212 kB
Buffers:           12700 kB
Cached:           591856 kB
SwapCached:       106380 kB
Active:          2509200 kB
Inactive:         889856 kB
Active(anon):    2256168 kB
Inactive(anon):   788144 kB
Active(file):     253032 kB
Inactive(file):   101712 kB
Unevictable:         112 kB
Mlocked:             112 kB
SwapTotal:       3945468 kB
SwapFree:        2816848 kB
Dirty:               148 kB
Writeback:             0 kB
AnonPages:       2732768 kB
Mapped:           115152 kB
Shmem:            249812 kB
Slab:              89740 kB
SReclaimable:      51020 kB
SUnreclaim:        38720 kB
KernelStack:        5488 kB
PageTables:        48644 kB
NFS_Unstable:          0 kB
Bounce:                0 kB
WritebackTmp:          0 kB
CommitLimit:     5912056 kB
Committed_AS:    7432684 kB
VmallocTotal:   34359738367 kB
VmallocUsed:      350268 kB
VmallocChunk:   34359384848 kB
HardwareCorrupted:     0 kB
AnonHugePages:         0 kB
HugePages_Total:       0
HugePages_Free:        0
HugePages_Rsvd:        0
HugePages_Surp:        0
Hugepagesize:       2048 kB
DirectMap4k:       69632 kB
DirectMap2M:     4016128 kB


CPU:total 4 (2 cores per cpu, 2 threads per core) family 6 model 58 stepping 9, cmov, cx8, fxsr, mmx, sse, sse2, sse3, ssse3, sse4.1, sse4.2, popcnt, avx, erms, ht, tsc, tscinvbit, tscinv

/proc/cpuinfo:
processor	: 0
vendor_id	: GenuineIntel
cpu family	: 6
model		: 58
model name	: Intel(R) Core(TM) i3-3225 CPU @ 3.30GHz
stepping	: 9
microcode	: 0x16
cpu MHz		: 1600.000
cache size	: 3072 KB
physical id	: 0
siblings	: 4
core id		: 0
cpu cores	: 2
apicid		: 0
initial apicid	: 0
fpu		: yes
fpu_exception	: yes
cpuid level	: 13
wp		: yes
flags		: fpu vme de pse tsc msr pae mce cx8 apic sep mtrr pge mca cmov pat pse36 clflush dts acpi mmx fxsr sse sse2 ss ht tm pbe syscall nx rdtscp lm constant_tsc arch_perfmon pebs bts rep_good nopl xtopology nonstop_tsc aperfmperf eagerfpu pni pclmulqdq dtes64 monitor ds_cpl vmx est tm2 ssse3 cx16 xtpr pdcm pcid sse4_1 sse4_2 popcnt tsc_deadline_timer xsave avx f16c lahf_lm arat epb xsaveopt pln pts dtherm tpr_shadow vnmi flexpriority ept vpid fsgsbase smep erms
bogomips	: 6585.20
clflush size	: 64
cache_alignment	: 64
address sizes	: 36 bits physical, 48 bits virtual
power management:

processor	: 1
vendor_id	: GenuineIntel
cpu family	: 6
model		: 58
model name	: Intel(R) Core(TM) i3-3225 CPU @ 3.30GHz
stepping	: 9
microcode	: 0x16
cpu MHz		: 1600.000
cache size	: 3072 KB
physical id	: 0
siblings	: 4
core id		: 1
cpu cores	: 2
apicid		: 2
initial apicid	: 2
fpu		: yes
fpu_exception	: yes
cpuid level	: 13
wp		: yes
flags		: fpu vme de pse tsc msr pae mce cx8 apic sep mtrr pge mca cmov pat pse36 clflush dts acpi mmx fxsr sse sse2 ss ht tm pbe syscall nx rdtscp lm constant_tsc arch_perfmon pebs bts rep_good nopl xtopology nonstop_tsc aperfmperf eagerfpu pni pclmulqdq dtes64 monitor ds_cpl vmx est tm2 ssse3 cx16 xtpr pdcm pcid sse4_1 sse4_2 popcnt tsc_deadline_timer xsave avx f16c lahf_lm arat epb xsaveopt pln pts dtherm tpr_shadow vnmi flexpriority ept vpid fsgsbase smep erms
bogomips	: 6585.20
clflush size	: 64
cache_alignment	: 64
address sizes	: 36 bits physical, 48 bits virtual
power management:

processor	: 2
vendor_id	: GenuineIntel
cpu family	: 6
model		: 58
model name	: Intel(R) Core(TM) i3-3225 CPU @ 3.30GHz
stepping	: 9
microcode	: 0x16
cpu MHz		: 3200.000
cache size	: 3072 KB
physical id	: 0
siblings	: 4
core id		: 0
cpu cores	: 2
apicid		: 1
initial apicid	: 1
fpu		: yes
fpu_exception	: yes
cpuid level	: 13
wp		: yes
flags		: fpu vme de pse tsc msr pae mce cx8 apic sep mtrr pge mca cmov pat pse36 clflush dts acpi mmx fxsr sse sse2 ss ht tm pbe syscall nx rdtscp lm constant_tsc arch_perfmon pebs bts rep_good nopl xtopology nonstop_tsc aperfmperf eagerfpu pni pclmulqdq dtes64 monitor ds_cpl vmx est tm2 ssse3 cx16 xtpr pdcm pcid sse4_1 sse4_2 popcnt tsc_deadline_timer xsave avx f16c lahf_lm arat epb xsaveopt pln pts dtherm tpr_shadow vnmi flexpriority ept vpid fsgsbase smep erms
bogomips	: 6585.20
clflush size	: 64
cache_alignment	: 64
address sizes	: 36 bits physical, 48 bits virtual
power management:

processor	: 3
vendor_id	: GenuineIntel
cpu family	: 6
model		: 58
model name	: Intel(R) Core(TM) i3-3225 CPU @ 3.30GHz
stepping	: 9
microcode	: 0x16
cpu MHz		: 3300.000
cache size	: 3072 KB
physical id	: 0
siblings	: 4
core id		: 1
cpu cores	: 2
apicid		: 3
initial apicid	: 3
fpu		: yes
fpu_exception	: yes
cpuid level	: 13
wp		: yes
flags		: fpu vme de pse tsc msr pae mce cx8 apic sep mtrr pge mca cmov pat pse36 clflush dts acpi mmx fxsr sse sse2 ss ht tm pbe syscall nx rdtscp lm constant_tsc arch_perfmon pebs bts rep_good nopl xtopology nonstop_tsc aperfmperf eagerfpu pni pclmulqdq dtes64 monitor ds_cpl vmx est tm2 ssse3 cx16 xtpr pdcm pcid sse4_1 sse4_2 popcnt tsc_deadline_timer xsave avx f16c lahf_lm arat epb xsaveopt pln pts dtherm tpr_shadow vnmi flexpriority ept vpid fsgsbase smep erms
bogomips	: 6585.20
clflush size	: 64
cache_alignment	: 64
address sizes	: 36 bits physical, 48 bits virtual
power management:



Memory: 4k page, physical 3933176k(331212k free), swap 3945468k(2816848k free)

vm_info: Java HotSpot(TM) 64-Bit Server VM (24.45-b08) for linux-amd64 JRE (1.7.0_45-b18), built on Oct  8 2013 05:44:25 by "java_re" with gcc 4.3.0 20080428 (Red Hat 4.3.0-8)

time: Tue Mar 11 13:45:16 2014
elapsed time: 5 seconds

