#
# A fatal error has been detected by the Java Runtime Environment:
#
#  SIGSEGV (0xb) at pc=0x00007f3e69377664, pid=12680, tid=139906033669888
#
# JRE version: Java(TM) SE Runtime Environment (7.0_45-b18) (build 1.7.0_45-b18)
# Java VM: Java HotSpot(TM) 64-Bit Server VM (24.45-b08 mixed mode linux-amd64 compressed oops)
# Problematic frame:
# C  [libsndobj.so.2.6.5+0x38664]  SndIn::DoProcess()+0x54
#
# Failed to write core dump. Core dumps have been disabled. To enable core dumping, try "ulimit -c unlimited" before starting Java again
#
# If you would like to submit a bug report, please visit:
#   http://bugreport.sun.com/bugreport/crash.jsp
# The crash happened outside the Java Virtual Machine in native code.
# See problematic frame for where to report the bug.
#

---------------  T H R E A D  ---------------

Current thread (0x00007f3e78133000):  JavaThread "JavaFX Application Thread" [_thread_in_native, id=12704, stack(0x00007f3e69605000,0x00007f3e69706000)]

siginfo:si_signo=SIGSEGV: si_errno=0, si_code=1 (SEGV_MAPERR), si_addr=0x0000000000000000

Registers:
RAX=0x0000000000000001, RBX=0x00000000bf399b10, RCX=0x0000000000000000, RDX=0x0000000000000000
RSP=0x00007f3e697033f8, RBP=0x00007f3e69703458, RSI=0x0000000000000000, RDI=0x00007f3e5408d070
R8 =0x0000000000000200, R9 =0x0000000000000001, R10=0x0000000000000001, R11=0x00007f3ec1a3ca90
R12=0x0000000000000000, R13=0x00000000bf399b10, R14=0x00007f3e69703488, R15=0x00007f3e78133000
RIP=0x00007f3e69377664, EFLAGS=0x0000000000010202, CSGSFS=0x0000000000000033, ERR=0x0000000000000004
  TRAPNO=0x000000000000000e

Top of Stack: (sp=0x00007f3e697033f8)
0x00007f3e697033f8:   00007f3eb8bf0cd8 00007f3eb8be3310
0x00007f3e69703408:   0000000000000000 00007f3e78133000
0x00007f3e69703418:   00007f3e69703418 00000000bf399b10
0x00007f3e69703428:   00007f3e69703488 00000000bf3e3830
0x00007f3e69703438:   0000000000000000 00000000bf399b10
0x00007f3e69703448:   0000000000000000 00007f3e69703478
0x00007f3e69703458:   00007f3e697034d0 00007f3eb8be4292
0x00007f3e69703468:   00000000ecab52b8 00007f3eb8beccd2
0x00007f3e69703478:   00000000ecab6ee8 00007f3e5408d070
0x00007f3e69703488:   00000000ecab6ee8 00007f3e69703490
0x00007f3e69703498:   00000000bf10521d 00007f3e697034e0
0x00007f3e697034a8:   00000000bf3e4310 0000000000000000
0x00007f3e697034b8:   00000000bf105228 00007f3e69703478
0x00007f3e697034c8:   00007f3e697034e0 00007f3e69703528
0x00007f3e697034d8:   00007f3eb8be4292 00000000ecab6ee8
0x00007f3e697034e8:   00007f3e697034e8 00000000beebecf0
0x00007f3e697034f8:   00007f3e69703590 00000000bf134610
0x00007f3e69703508:   0000000000000000 00000000beebef30
0x00007f3e69703518:   00007f3e697034e0 00007f3e69703588
0x00007f3e69703528:   00007f3e697035d8 00007f3eb8be4058
0x00007f3e69703538:   0000000000000000 0000000000000000
0x00007f3e69703548:   00000000eca94b30 00000000eca93f70
0x00007f3e69703558:   00000000eca8d048 00000000eca554c8
0x00007f3e69703568:   00000000ec8185b8 00000000ec708fe0
0x00007f3e69703578:   0000000000000200 0000000000000200
0x00007f3e69703588:   00000000ec5e35d0 00000000ec4f4df8
0x00007f3e69703598:   00007f3e69703598 00000000bf14cd2a
0x00007f3e697035a8:   00007f3e697035f0 00000000bf14d048
0x00007f3e697035b8:   0000000000000000 00000000bf14cd60
0x00007f3e697035c8:   00007f3e69703588 00007f3e697035f0
0x00007f3e697035d8:   00007f3e69703638 00007f3eb8be4706
0x00007f3e697035e8:   00000000ec5e35d0 00000000ec51fb60 

Instructions: (pc=0x00007f3e69377664)
0x00007f3e69377644:   48 85 c9 74 5f 0f bf 71 1c 44 0f bf 57 48 48 8b
0x00007f3e69377654:   49 10 0f af f0 83 c0 01 42 8d 74 16 ff 48 63 f6
0x00007f3e69377664:   8b 34 b1 48 8b 4f 08 89 34 11 48 83 c2 04 44 39
0x00007f3e69377674:   c0 89 47 20 74 20 66 45 85 c9 75 c0 48 8b 4f 08 

Register to memory mapping:

RAX=0x0000000000000001 is an unknown value
RBX=0x00000000bf399b10 is an oop
{method} 
 - klass: {other class}
RCX=0x0000000000000000 is an unknown value
RDX=0x0000000000000000 is an unknown value
RSP=0x00007f3e697033f8 is pointing into the stack for thread: 0x00007f3e78133000
RBP=0x00007f3e69703458 is pointing into the stack for thread: 0x00007f3e78133000
RSI=0x0000000000000000 is an unknown value
RDI=0x00007f3e5408d070 is an unknown value
R8 =0x0000000000000200 is an unknown value
R9 =0x0000000000000001 is an unknown value
R10=0x0000000000000001 is an unknown value
R11=0x00007f3ec1a3ca90: <offset 0x8a7a90> in /usr/lib/jvm/jdk1.7.0_45/jre/lib/amd64/server/libjvm.so at 0x00007f3ec1195000
R12=0x0000000000000000 is an unknown value
R13=0x00000000bf399b10 is an oop
{method} 
 - klass: {other class}
R14=0x00007f3e69703488 is pointing into the stack for thread: 0x00007f3e78133000
R15=0x00007f3e78133000 is a thread


Stack: [0x00007f3e69605000,0x00007f3e69706000],  sp=0x00007f3e697033f8,  free space=1016k
Native frames: (J=compiled Java code, j=interpreted, Vv=VM code, C=native code)
C  [libsndobj.so.2.6.5+0x38664]  SndIn::DoProcess()+0x54
j  JSndObj.SndIn.DoProcess()S+5
j  synthesizer.Synthesizer.start(Ljavafx/stage/Stage;)V+520
j  com.sun.javafx.application.LauncherImpl$5.run()V+26
j  com.sun.javafx.application.PlatformImpl$5.run()V+4
j  com.sun.javafx.application.PlatformImpl$4$1.run()Ljava/lang/Void;+7
j  com.sun.javafx.application.PlatformImpl$4$1.run()Ljava/lang/Object;+1
v  ~StubRoutines::call_stub
V  [libjvm.so+0x5f8485]  JavaCalls::call_helper(JavaValue*, methodHandle*, JavaCallArguments*, Thread*)+0x365
V  [libjvm.so+0x5f6ee8]  JavaCalls::call(JavaValue*, methodHandle, JavaCallArguments*, Thread*)+0x28
V  [libjvm.so+0x67cc84]  JVM_DoPrivileged+0x2a4
j  java.security.AccessController.doPrivileged(Ljava/security/PrivilegedAction;Ljava/security/AccessControlContext;)Ljava/lang/Object;+0
j  com.sun.javafx.application.PlatformImpl$4.run()V+12
j  com.sun.glass.ui.InvokeLaterDispatcher$Future.run()V+4
v  ~StubRoutines::call_stub
V  [libjvm.so+0x5f8485]  JavaCalls::call_helper(JavaValue*, methodHandle*, JavaCallArguments*, Thread*)+0x365
V  [libjvm.so+0x5f6ee8]  JavaCalls::call(JavaValue*, methodHandle, JavaCallArguments*, Thread*)+0x28
V  [libjvm.so+0x630ba4]  jni_invoke_nonstatic(JNIEnv_*, JavaValue*, _jobject*, JNICallType, _jmethodID*, JNI_ArgumentPusher*, Thread*)+0x2b4
V  [libjvm.so+0x63fc8c]  jni_CallVoidMethodV+0xec
C  [libglass.so+0x12b58]  JNIEnv_::CallVoidMethod(_jobject*, _jmethodID*, ...)+0x98
C  [libglass.so+0x11aba]  call_runnable(void*)+0x2a

Java frames: (J=compiled Java code, j=interpreted, Vv=VM code)
j  JSndObj.jsndobjJNI.SndIn_DoProcess(JLJSndObj/SndIn;)S+0
j  JSndObj.SndIn.DoProcess()S+5
j  synthesizer.Synthesizer.start(Ljavafx/stage/Stage;)V+520
j  com.sun.javafx.application.LauncherImpl$5.run()V+26
j  com.sun.javafx.application.PlatformImpl$5.run()V+4
j  com.sun.javafx.application.PlatformImpl$4$1.run()Ljava/lang/Void;+7
j  com.sun.javafx.application.PlatformImpl$4$1.run()Ljava/lang/Object;+1
v  ~StubRoutines::call_stub
j  java.security.AccessController.doPrivileged(Ljava/security/PrivilegedAction;Ljava/security/AccessControlContext;)Ljava/lang/Object;+0
j  com.sun.javafx.application.PlatformImpl$4.run()V+12
j  com.sun.glass.ui.InvokeLaterDispatcher$Future.run()V+4
v  ~StubRoutines::call_stub
j  com.sun.glass.ui.gtk.GtkApplication._runLoop([Ljava/lang/String;Lcom/sun/glass/ui/Launchable;Z)V+0
j  com.sun.glass.ui.gtk.GtkApplication$3$1.run()V+38
j  java.lang.Thread.run()V+11
v  ~StubRoutines::call_stub

---------------  P R O C E S S  ---------------

Java Threads: ( => current thread )
=>0x00007f3e78133000 JavaThread "JavaFX Application Thread" [_thread_in_native, id=12704, stack(0x00007f3e69605000,0x00007f3e69706000)]
  0x00007f3e78132800 JavaThread "Thread-3" daemon [_thread_blocked, id=12703, stack(0x00007f3ea001c000,0x00007f3ea011d000)]
  0x00007f3e78088800 JavaThread "Disposer" daemon [_thread_blocked, id=12700, stack(0x00007f3ea88e7000,0x00007f3ea89e8000)]
  0x00007f3e78081000 JavaThread "QuantumRenderer-0" daemon [_thread_blocked, id=12699, stack(0x00007f3eb00d6000,0x00007f3eb01d7000)]
  0x00007f3ebc132800 JavaThread "JavaFX-Launcher" [_thread_blocked, id=12698, stack(0x00007f3eb0229000,0x00007f3eb032a000)]
  0x00007f3ebc11e800 JavaThread "traceMsgQueueThread" daemon [_thread_blocked, id=12697, stack(0x00007f3eb055a000,0x00007f3eb065b000)]
  0x00007f3ebc096000 JavaThread "Service Thread" daemon [_thread_blocked, id=12695, stack(0x00007f3eb07ea000,0x00007f3eb08eb000)]
  0x00007f3ebc094000 JavaThread "C2 CompilerThread1" daemon [_thread_blocked, id=12694, stack(0x00007f3eb08eb000,0x00007f3eb09ec000)]
  0x00007f3ebc091000 JavaThread "C2 CompilerThread0" daemon [_thread_in_native, id=12693, stack(0x00007f3eb09ec000,0x00007f3eb0aed000)]
  0x00007f3ebc086800 JavaThread "Signal Dispatcher" daemon [_thread_blocked, id=12692, stack(0x00007f3eb0aed000,0x00007f3eb0bee000)]
  0x00007f3ebc070800 JavaThread "Finalizer" daemon [_thread_blocked, id=12691, stack(0x00007f3eb0bee000,0x00007f3eb0cef000)]
  0x00007f3ebc06c800 JavaThread "Reference Handler" daemon [_thread_blocked, id=12690, stack(0x00007f3eb0cef000,0x00007f3eb0df0000)]
  0x00007f3ebc00a800 JavaThread "main" [_thread_blocked, id=12684, stack(0x00007f3ec2af5000,0x00007f3ec2bf6000)]

Other Threads:
  0x00007f3ebc06a000 VMThread [stack: 0x00007f3eb0df0000,0x00007f3eb0ef1000] [id=12689]
  0x00007f3ebc0a1000 WatcherThread [stack: 0x00007f3eb06e9000,0x00007f3eb07ea000] [id=12696]

VM state:not at safepoint (normal execution)

VM Mutex/Monitor currently owned by a thread: None

Heap
 PSYoungGen      total 17920K, used 12480K [0x00000000ebf00000, 0x00000000ed300000, 0x0000000100000000)
  eden space 15360K, 81% used [0x00000000ebf00000,0x00000000ecb30380,0x00000000ece00000)
  from space 2560K, 0% used [0x00000000ed080000,0x00000000ed080000,0x00000000ed300000)
  to   space 2560K, 0% used [0x00000000ece00000,0x00000000ece00000,0x00000000ed080000)
 ParOldGen       total 40960K, used 0K [0x00000000c3e00000, 0x00000000c6600000, 0x00000000ebf00000)
  object space 40960K, 0% used [0x00000000c3e00000,0x00000000c3e00000,0x00000000c6600000)
 PSPermGen       total 21504K, used 8091K [0x00000000bec00000, 0x00000000c0100000, 0x00000000c3e00000)
  object space 21504K, 37% used [0x00000000bec00000,0x00000000bf3e6c40,0x00000000c0100000)

Card table byte_map: [0x00007f3eb89d3000,0x00007f3eb8bde000] byte_map_base: 0x00007f3eb83dd000

Polling page: 0x00007f3ec2c12000

Code Cache  [0x00007f3eb8bde000, 0x00007f3eb8e4e000, 0x00007f3ebbbde000)
 total_blobs=561 nmethods=34 adapters=480 free_code_cache=48532Kb largest_free_block=49694976

Compilation events (10 events):
Event: 0.519 Thread 0x00007f3ebc094000   31             java.util.HashMap::get (29 bytes)
Event: 0.520 Thread 0x00007f3ebc094000 nmethod 31 0x00007f3eb8c57010 code [0x00007f3eb8c57160, 0x00007f3eb8c57208]
Event: 0.520 Thread 0x00007f3ebc094000   32             com.sun.javafx.css.ParsedValue::getNeedsFontFlag (188 bytes)
Event: 0.526 Thread 0x00007f3ebc094000 nmethod 32 0x00007f3eb8c5a5d0 code [0x00007f3eb8c5a720, 0x00007f3eb8c5aa58]
Event: 0.526 Thread 0x00007f3ebc094000   33             java.lang.AbstractStringBuilder::ensureCapacityInternal (16 bytes)
Event: 0.529 Thread 0x00007f3ebc094000 nmethod 33 0x00007f3eb8c5a090 code [0x00007f3eb8c5a1e0, 0x00007f3eb8c5a478]
Event: 0.529 Thread 0x00007f3ebc094000   34             java.lang.AbstractStringBuilder::append (48 bytes)
Event: 0.534 Thread 0x00007f3ebc094000 nmethod 34 0x00007f3eb8c5bcd0 code [0x00007f3eb8c5be40, 0x00007f3eb8c5c218]
Event: 0.534 Thread 0x00007f3ebc094000   35             java.lang.String::getChars (62 bytes)
Event: 0.536 Thread 0x00007f3ebc094000 nmethod 35 0x00007f3eb8c642d0 code [0x00007f3eb8c64420, 0x00007f3eb8c64558]

GC Heap History (0 events):
No events

Deoptimization events (3 events):
Event: 0.145 Thread 0x00007f3ebc132800 Uncommon trap: reason=unloaded action=reinterpret pc=0x00007f3eb8c40114 method=java.io.BufferedReader.readLine(Z)Ljava/lang/String; @ 268
Event: 0.496 Thread 0x00007f3e78133000 Uncommon trap: reason=null_check action=make_not_entrant pc=0x00007f3eb8c57670 method=com.sun.javafx.css.ParsedValue.getContainsLookupsFlag(Ljava/lang/Object;)Z @ 3
Event: 0.496 Thread 0x00007f3e78133000 Uncommon trap: reason=null_check action=make_not_entrant pc=0x00007f3eb8c57a64 method=com.sun.javafx.css.ParsedValue.getNeedsFontFlag(Ljava/lang/Object;)Z @ 3

Internal exceptions (10 events):
Event: 0.065 Thread 0x00007f3ebc00a800 Threw 0x00000000ebf6b030 at /HUDSON/workspace/7u-2-build-linux-amd64/jdk7u45/229/hotspot/src/share/vm/prims/jvm.cpp:1244
Event: 0.070 Thread 0x00007f3ebc00a800 Threw 0x00000000ebf7f960 at /HUDSON/workspace/7u-2-build-linux-amd64/jdk7u45/229/hotspot/src/share/vm/prims/jvm.cpp:1244
Event: 0.070 Thread 0x00007f3ebc00a800 Threw 0x00000000ebf7fa88 at /HUDSON/workspace/7u-2-build-linux-amd64/jdk7u45/229/hotspot/src/share/vm/prims/jvm.cpp:1244
Event: 0.070 Thread 0x00007f3ebc00a800 Threw 0x00000000ebf81968 at /HUDSON/workspace/7u-2-build-linux-amd64/jdk7u45/229/hotspot/src/share/vm/prims/jvm.cpp:1244
Event: 0.070 Thread 0x00007f3ebc00a800 Threw 0x00000000ebf81a90 at /HUDSON/workspace/7u-2-build-linux-amd64/jdk7u45/229/hotspot/src/share/vm/prims/jvm.cpp:1244
Event: 0.160 Thread 0x00007f3ebc132800 Threw 0x00000000ec1ae6b8 at /HUDSON/workspace/7u-2-build-linux-amd64/jdk7u45/229/hotspot/src/share/vm/interpreter/linkResolver.cpp:883
Event: 0.375 Thread 0x00007f3e78133000 Threw 0x00000000ec708ec0 at /HUDSON/workspace/7u-2-build-linux-amd64/jdk7u45/229/hotspot/src/share/vm/interpreter/linkResolver.cpp:883
Event: 0.375 Thread 0x00007f3e78133000 Threw 0x00000000ec708ec0 at /HUDSON/workspace/7u-2-build-linux-amd64/jdk7u45/229/hotspot/src/share/vm/prims/jvm.cpp:1248
Event: 0.496 Thread 0x00007f3e78133000 Implicit null exception at 0x00007f3eb8c5742c to 0x00007f3eb8c57665
Event: 0.496 Thread 0x00007f3e78133000 Implicit null exception at 0x00007f3eb8c578ec to 0x00007f3eb8c57a59

Events (10 events):
Event: 0.529 loading class 0x00007f3e54014780
Event: 0.529 loading class 0x00007f3e54014780 done
Event: 0.530 loading class 0x00007f3e78135000
Event: 0.530 loading class 0x00007f3e78135000 done
Event: 0.531 loading class 0x00007f3e78136060
Event: 0.531 loading class 0x00007f3e78136060 done
Event: 0.539 loading class 0x00007f3eb81e4c90
Event: 0.539 loading class 0x00007f3eb81e4c90 done
Event: 0.541 loading class 0x00007f3ebc0df680
Event: 0.541 loading class 0x00007f3ebc0df680 done


Dynamic libraries:
00400000-00401000 r-xp 00000000 08:02 9176824                            /usr/lib/jvm/jdk1.7.0_45/bin/java
00600000-00601000 rw-p 00000000 08:02 9176824                            /usr/lib/jvm/jdk1.7.0_45/bin/java
00640000-00661000 rw-p 00000000 00:00 0                                  [heap]
bec00000-c0100000 rw-p 00000000 00:00 0 
c0100000-c3e00000 rw-p 00000000 00:00 0 
c3e00000-c6600000 rw-p 00000000 00:00 0 
c6600000-ebf00000 rw-p 00000000 00:00 0 
ebf00000-ed300000 rw-p 00000000 00:00 0 
ed300000-100000000 rw-p 00000000 00:00 0 
7f3e54000000-7f3e5431a000 rw-p 00000000 00:00 0 
7f3e5431a000-7f3e58000000 ---p 00000000 00:00 0 
7f3e5c000000-7f3e5c022000 rw-p 00000000 00:00 0 
7f3e5c022000-7f3e60000000 ---p 00000000 00:00 0 
7f3e60000000-7f3e60021000 rw-p 00000000 00:00 0 
7f3e60021000-7f3e64000000 ---p 00000000 00:00 0 
7f3e64000000-7f3e64022000 rw-p 00000000 00:00 0 
7f3e64022000-7f3e68000000 ---p 00000000 00:00 0 
7f3e68bdb000-7f3e68c34000 r-xp 00000000 08:02 5913470                    /usr/lib/lib_jsndobj.so
7f3e68c34000-7f3e68e33000 ---p 00059000 08:02 5913470                    /usr/lib/lib_jsndobj.so
7f3e68e33000-7f3e68e34000 r--p 00058000 08:02 5913470                    /usr/lib/lib_jsndobj.so
7f3e68e34000-7f3e68e35000 rw-p 00059000 08:02 5913470                    /usr/lib/lib_jsndobj.so
7f3e68e35000-7f3e68e48000 r-xp 00000000 08:02 5903755                    /usr/lib/x86_64-linux-gnu/libjack.so.0.0.28
7f3e68e48000-7f3e69047000 ---p 00013000 08:02 5903755                    /usr/lib/x86_64-linux-gnu/libjack.so.0.0.28
7f3e69047000-7f3e69048000 r--p 00012000 08:02 5903755                    /usr/lib/x86_64-linux-gnu/libjack.so.0.0.28
7f3e69048000-7f3e69049000 rw-p 00013000 08:02 5903755                    /usr/lib/x86_64-linux-gnu/libjack.so.0.0.28
7f3e69049000-7f3e69052000 rw-p 00000000 00:00 0 
7f3e69052000-7f3e69138000 r-xp 00000000 08:02 5903385                    /usr/lib/x86_64-linux-gnu/libasound.so.2.0.0
7f3e69138000-7f3e69338000 ---p 000e6000 08:02 5903385                    /usr/lib/x86_64-linux-gnu/libasound.so.2.0.0
7f3e69338000-7f3e6933e000 r--p 000e6000 08:02 5903385                    /usr/lib/x86_64-linux-gnu/libasound.so.2.0.0
7f3e6933e000-7f3e6933f000 rw-p 000ec000 08:02 5903385                    /usr/lib/x86_64-linux-gnu/libasound.so.2.0.0
7f3e6933f000-7f3e693fd000 r-xp 00000000 00:19 21580457                   /home/se413006/sndobj-sndobj/lib/libsndobj.so.2.6.5
7f3e693fd000-7f3e695fd000 ---p 000be000 00:19 21580457                   /home/se413006/sndobj-sndobj/lib/libsndobj.so.2.6.5
7f3e695fd000-7f3e69601000 r--p 000be000 00:19 21580457                   /home/se413006/sndobj-sndobj/lib/libsndobj.so.2.6.5
7f3e69601000-7f3e69605000 rw-p 000c2000 00:19 21580457                   /home/se413006/sndobj-sndobj/lib/libsndobj.so.2.6.5
7f3e69605000-7f3e69608000 ---p 00000000 00:00 0 
7f3e69608000-7f3e69706000 rw-p 00000000 00:00 0                          [stack:12704]
7f3e69706000-7f3e6970c000 r-xp 00000000 08:02 5903718                    /usr/lib/x86_64-linux-gnu/libogg.so.0.7.1
7f3e6970c000-7f3e6990b000 ---p 00006000 08:02 5903718                    /usr/lib/x86_64-linux-gnu/libogg.so.0.7.1
7f3e6990b000-7f3e6990c000 r--p 00005000 08:02 5903718                    /usr/lib/x86_64-linux-gnu/libogg.so.0.7.1
7f3e6990c000-7f3e6990d000 rw-p 00006000 08:02 5903718                    /usr/lib/x86_64-linux-gnu/libogg.so.0.7.1
7f3e6990d000-7f3e69938000 r-xp 00000000 08:02 5903728                    /usr/lib/x86_64-linux-gnu/libvorbis.so.0.4.5
7f3e69938000-7f3e69b37000 ---p 0002b000 08:02 5903728                    /usr/lib/x86_64-linux-gnu/libvorbis.so.0.4.5
7f3e69b37000-7f3e69b38000 r--p 0002a000 08:02 5903728                    /usr/lib/x86_64-linux-gnu/libvorbis.so.0.4.5
7f3e69b38000-7f3e69b39000 rw-p 0002b000 08:02 5903728                    /usr/lib/x86_64-linux-gnu/libvorbis.so.0.4.5
7f3e69b39000-7f3e69b41000 r-xp 00000000 08:02 5903501                    /usr/lib/x86_64-linux-gnu/libltdl.so.7.3.0
7f3e69b41000-7f3e69d41000 ---p 00008000 08:02 5903501                    /usr/lib/x86_64-linux-gnu/libltdl.so.7.3.0
7f3e69d41000-7f3e69d42000 r--p 00008000 08:02 5903501                    /usr/lib/x86_64-linux-gnu/libltdl.so.7.3.0
7f3e69d42000-7f3e69d43000 rw-p 00009000 08:02 5903501                    /usr/lib/x86_64-linux-gnu/libltdl.so.7.3.0
7f3e69d43000-7f3e69d53000 r-xp 00000000 08:02 5903911                    /usr/lib/x86_64-linux-gnu/libtdb.so.1.2.9
7f3e69d53000-7f3e69f52000 ---p 00010000 08:02 5903911                    /usr/lib/x86_64-linux-gnu/libtdb.so.1.2.9
7f3e69f52000-7f3e69f53000 r--p 0000f000 08:02 5903911                    /usr/lib/x86_64-linux-gnu/libtdb.so.1.2.9
7f3e69f53000-7f3e69f54000 rw-p 00010000 08:02 5903911                    /usr/lib/x86_64-linux-gnu/libtdb.so.1.2.9
7f3e69f54000-7f3e69f5b000 r-xp 00000000 08:02 5903913                    /usr/lib/x86_64-linux-gnu/libvorbisfile.so.3.3.4
7f3e69f5b000-7f3e6a15a000 ---p 00007000 08:02 5903913                    /usr/lib/x86_64-linux-gnu/libvorbisfile.so.3.3.4
7f3e6a15a000-7f3e6a15b000 r--p 00006000 08:02 5903913                    /usr/lib/x86_64-linux-gnu/libvorbisfile.so.3.3.4
7f3e6a15b000-7f3e6a15c000 rw-p 00007000 08:02 5903913                    /usr/lib/x86_64-linux-gnu/libvorbisfile.so.3.3.4
7f3e6a15c000-7f3e6a16b000 r-xp 00000000 08:02 5903915                    /usr/lib/x86_64-linux-gnu/libcanberra.so.0.2.5
7f3e6a16b000-7f3e6a36a000 ---p 0000f000 08:02 5903915                    /usr/lib/x86_64-linux-gnu/libcanberra.so.0.2.5
7f3e6a36a000-7f3e6a36b000 r--p 0000e000 08:02 5903915                    /usr/lib/x86_64-linux-gnu/libcanberra.so.0.2.5
7f3e6a36b000-7f3e6a36c000 rw-p 0000f000 08:02 5903915                    /usr/lib/x86_64-linux-gnu/libcanberra.so.0.2.5
7f3e6a36c000-7f3e6a370000 r-xp 00000000 08:02 5903917                    /usr/lib/x86_64-linux-gnu/libcanberra-gtk.so.0.1.8
7f3e6a370000-7f3e6a56f000 ---p 00004000 08:02 5903917                    /usr/lib/x86_64-linux-gnu/libcanberra-gtk.so.0.1.8
7f3e6a56f000-7f3e6a570000 r--p 00003000 08:02 5903917                    /usr/lib/x86_64-linux-gnu/libcanberra-gtk.so.0.1.8
7f3e6a570000-7f3e6a571000 rw-p 00004000 08:02 5903917                    /usr/lib/x86_64-linux-gnu/libcanberra-gtk.so.0.1.8
7f3e6a571000-7f3e6a576000 r-xp 00000000 08:02 7089152                    /usr/lib/x86_64-linux-gnu/gtk-2.0/modules/libcanberra-gtk-module.so
7f3e6a576000-7f3e6a775000 ---p 00005000 08:02 7089152                    /usr/lib/x86_64-linux-gnu/gtk-2.0/modules/libcanberra-gtk-module.so
7f3e6a775000-7f3e6a776000 r--p 00004000 08:02 7089152                    /usr/lib/x86_64-linux-gnu/gtk-2.0/modules/libcanberra-gtk-module.so
7f3e6a776000-7f3e6a777000 rw-p 00005000 08:02 7089152                    /usr/lib/x86_64-linux-gnu/gtk-2.0/modules/libcanberra-gtk-module.so
7f3e6a777000-7f3e6a7a6000 r-xp 00000000 08:02 6164745                    /usr/lib/x86_64-linux-gnu/gtk-2.0/2.10.0/engines/libmurrine.so
7f3e6a7a6000-7f3e6a9a6000 ---p 0002f000 08:02 6164745                    /usr/lib/x86_64-linux-gnu/gtk-2.0/2.10.0/engines/libmurrine.so
7f3e6a9a6000-7f3e6a9a7000 r--p 0002f000 08:02 6164745                    /usr/lib/x86_64-linux-gnu/gtk-2.0/2.10.0/engines/libmurrine.so
7f3e6a9a7000-7f3e6a9a8000 rw-p 00030000 08:02 6164745                    /usr/lib/x86_64-linux-gnu/gtk-2.0/2.10.0/engines/libmurrine.so
7f3e6a9a8000-7f3e6a9a9000 ---p 00000000 00:00 0 
7f3e6a9a9000-7f3e6b1a9000 rw-p 00000000 00:00 0                          [stack:12702]
7f3e6b1a9000-7f3e6b1aa000 ---p 00000000 00:00 0 
7f3e6b1aa000-7f3e6b9aa000 rw-p 00000000 00:00 0                          [stack:12701]
7f3e6b9aa000-7f3e6b9b1000 r-xp 00000000 08:02 6032917                    /usr/lib/x86_64-linux-gnu/gio/modules/libdconfsettings.so
7f3e6b9b1000-7f3e6bbb0000 ---p 00007000 08:02 6032917                    /usr/lib/x86_64-linux-gnu/gio/modules/libdconfsettings.so
7f3e6bbb0000-7f3e6bbb1000 r--p 00006000 08:02 6032917                    /usr/lib/x86_64-linux-gnu/gio/modules/libdconfsettings.so
7f3e6bbb1000-7f3e6bbb2000 rw-p 00007000 08:02 6032917                    /usr/lib/x86_64-linux-gnu/gio/modules/libdconfsettings.so
7f3e6bbb2000-7f3e6bbc2000 r-xp 00000000 08:02 5906201                    /usr/lib/liboverlay-scrollbar-0.2.so.0.0.16
7f3e6bbc2000-7f3e6bdc1000 ---p 00010000 08:02 5906201                    /usr/lib/liboverlay-scrollbar-0.2.so.0.0.16
7f3e6bdc1000-7f3e6bdc2000 r--p 0000f000 08:02 5906201                    /usr/lib/liboverlay-scrollbar-0.2.so.0.0.16
7f3e6bdc2000-7f3e6bdc3000 rw-p 00010000 08:02 5906201                    /usr/lib/liboverlay-scrollbar-0.2.so.0.0.16
7f3e6bdc3000-7f3e6bdff000 r-xp 00000000 08:02 7864519                    /lib/x86_64-linux-gnu/libpcre.so.3.12.1
7f3e6bdff000-7f3e6bffe000 ---p 0003c000 08:02 7864519                    /lib/x86_64-linux-gnu/libpcre.so.3.12.1
7f3e6bffe000-7f3e6bfff000 r--p 0003b000 08:02 7864519                    /lib/x86_64-linux-gnu/libpcre.so.3.12.1
7f3e6bfff000-7f3e6c000000 rw-p 0003c000 08:02 7864519                    /lib/x86_64-linux-gnu/libpcre.so.3.12.1
7f3e6c000000-7f3e6c203000 rw-p 00000000 00:00 0 
7f3e6c203000-7f3e70000000 ---p 00000000 00:00 0 
7f3e70000000-7f3e70021000 rw-p 00000000 00:00 0 
7f3e70021000-7f3e74000000 ---p 00000000 00:00 0 
7f3e74000000-7f3e74021000 rw-p 00000000 00:00 0 
7f3e74021000-7f3e78000000 ---p 00000000 00:00 0 
7f3e78000000-7f3e781a5000 rw-p 00000000 00:00 0 
7f3e781a5000-7f3e7c000000 ---p 00000000 00:00 0 
7f3e7c000000-7f3e7c021000 rw-p 00000000 00:00 0 
7f3e7c021000-7f3e80000000 ---p 00000000 00:00 0 
7f3e80000000-7f3e80021000 rw-p 00000000 00:00 0 
7f3e80021000-7f3e84000000 ---p 00000000 00:00 0 
7f3e84000000-7f3e8442a000 rw-p 00000000 00:00 0 
7f3e8442a000-7f3e88000000 ---p 00000000 00:00 0 
7f3e88000000-7f3e88203000 rw-p 00000000 00:00 0 
7f3e88203000-7f3e8c000000 ---p 00000000 00:00 0 
7f3e8c000000-7f3e8c021000 rw-p 00000000 00:00 0 
7f3e8c021000-7f3e90000000 ---p 00000000 00:00 0 
7f3e90000000-7f3e90021000 rw-p 00000000 00:00 0 
7f3e90021000-7f3e94000000 ---p 00000000 00:00 0 
7f3e94000000-7f3e94021000 rw-p 00000000 00:00 0 
7f3e94021000-7f3e98000000 ---p 00000000 00:00 0 
7f3e98000000-7f3e98021000 rw-p 00000000 00:00 0 
7f3e98021000-7f3e9c000000 ---p 00000000 00:00 0 
7f3e9c000000-7f3e9c021000 rw-p 00000000 00:00 0 
7f3e9c021000-7f3ea0000000 ---p 00000000 00:00 0 
7f3ea001c000-7f3ea001f000 ---p 00000000 00:00 0 
7f3ea001f000-7f3ea011d000 rw-p 00000000 00:00 0                          [stack:12703]
7f3ea011d000-7f3ea0124000 r-xp 00000000 08:02 5899876                    /usr/lib/x86_64-linux-gnu/libffi.so.6.0.0
7f3ea0124000-7f3ea0323000 ---p 00007000 08:02 5899876                    /usr/lib/x86_64-linux-gnu/libffi.so.6.0.0
7f3ea0323000-7f3ea0324000 r--p 00006000 08:02 5899876                    /usr/lib/x86_64-linux-gnu/libffi.so.6.0.0
7f3ea0324000-7f3ea0325000 rw-p 00007000 08:02 5899876                    /usr/lib/x86_64-linux-gnu/libffi.so.6.0.0
7f3ea0325000-7f3ea032d000 r-xp 00000000 08:02 5903421                    /usr/lib/x86_64-linux-gnu/libxcb-render.so.0.0.0
7f3ea032d000-7f3ea052d000 ---p 00008000 08:02 5903421                    /usr/lib/x86_64-linux-gnu/libxcb-render.so.0.0.0
7f3ea052d000-7f3ea052e000 r--p 00008000 08:02 5903421                    /usr/lib/x86_64-linux-gnu/libxcb-render.so.0.0.0
7f3ea052e000-7f3ea052f000 rw-p 00009000 08:02 5903421                    /usr/lib/x86_64-linux-gnu/libxcb-render.so.0.0.0
7f3ea052f000-7f3ea0531000 r-xp 00000000 08:02 5903423                    /usr/lib/x86_64-linux-gnu/libxcb-shm.so.0.0.0
7f3ea0531000-7f3ea0730000 ---p 00002000 08:02 5903423                    /usr/lib/x86_64-linux-gnu/libxcb-shm.so.0.0.0
7f3ea0730000-7f3ea0731000 r--p 00001000 08:02 5903423                    /usr/lib/x86_64-linux-gnu/libxcb-shm.so.0.0.0
7f3ea0731000-7f3ea0732000 rw-p 00002000 08:02 5903423                    /usr/lib/x86_64-linux-gnu/libxcb-shm.so.0.0.0
7f3ea0732000-7f3ea0758000 r-xp 00000000 08:02 7864508                    /lib/x86_64-linux-gnu/libpng12.so.0.46.0
7f3ea0758000-7f3ea0958000 ---p 00026000 08:02 7864508                    /lib/x86_64-linux-gnu/libpng12.so.0.46.0
7f3ea0958000-7f3ea0959000 r--p 00026000 08:02 7864508                    /lib/x86_64-linux-gnu/libpng12.so.0.46.0
7f3ea0959000-7f3ea095a000 rw-p 00027000 08:02 7864508                    /lib/x86_64-linux-gnu/libpng12.so.0.46.0
7f3ea095a000-7f3ea09ea000 r-xp 00000000 08:02 5901514                    /usr/lib/x86_64-linux-gnu/libpixman-1.so.0.30.2
7f3ea09ea000-7f3ea0be9000 ---p 00090000 08:02 5901514                    /usr/lib/x86_64-linux-gnu/libpixman-1.so.0.30.2
7f3ea0be9000-7f3ea0bf0000 r--p 0008f000 08:02 5901514                    /usr/lib/x86_64-linux-gnu/libpixman-1.so.0.30.2
7f3ea0bf0000-7f3ea0bf1000 rw-p 00096000 08:02 5901514                    /usr/lib/x86_64-linux-gnu/libpixman-1.so.0.30.2
7f3ea0bf1000-7f3ea0c09000 r-xp 00000000 08:02 7867764                    /lib/x86_64-linux-gnu/libresolv-2.15.so
7f3ea0c09000-7f3ea0e09000 ---p 00018000 08:02 7867764                    /lib/x86_64-linux-gnu/libresolv-2.15.so
7f3ea0e09000-7f3ea0e0a000 r--p 00018000 08:02 7867764                    /lib/x86_64-linux-gnu/libresolv-2.15.so
7f3ea0e0a000-7f3ea0e0b000 rw-p 00019000 08:02 7867764                    /lib/x86_64-linux-gnu/libresolv-2.15.so
7f3ea0e0b000-7f3ea0e0d000 rw-p 00000000 00:00 0 
7f3ea0e0d000-7f3ea0e2a000 r-xp 00000000 08:02 7864493                    /lib/x86_64-linux-gnu/libselinux.so.1
7f3ea0e2a000-7f3ea1029000 ---p 0001d000 08:02 7864493                    /lib/x86_64-linux-gnu/libselinux.so.1
7f3ea1029000-7f3ea102a000 r--p 0001c000 08:02 7864493                    /lib/x86_64-linux-gnu/libselinux.so.1
7f3ea102a000-7f3ea102b000 rw-p 0001d000 08:02 7864493                    /lib/x86_64-linux-gnu/libselinux.so.1
7f3ea102b000-7f3ea102c000 rw-p 00000000 00:00 0 
7f3ea102c000-7f3ea102e000 r-xp 00000000 08:02 5903654                    /usr/lib/x86_64-linux-gnu/libXcomposite.so.1.0.0
7f3ea102e000-7f3ea122d000 ---p 00002000 08:02 5903654                    /usr/lib/x86_64-linux-gnu/libXcomposite.so.1.0.0
7f3ea122d000-7f3ea122e000 r--p 00001000 08:02 5903654                    /usr/lib/x86_64-linux-gnu/libXcomposite.so.1.0.0
7f3ea122e000-7f3ea122f000 rw-p 00002000 08:02 5903654                    /usr/lib/x86_64-linux-gnu/libXcomposite.so.1.0.0
7f3ea122f000-7f3ea1238000 r-xp 00000000 08:02 5903658                    /usr/lib/x86_64-linux-gnu/libXcursor.so.1.0.2
7f3ea1238000-7f3ea1437000 ---p 00009000 08:02 5903658                    /usr/lib/x86_64-linux-gnu/libXcursor.so.1.0.2
7f3ea1437000-7f3ea1438000 r--p 00008000 08:02 5903658                    /usr/lib/x86_64-linux-gnu/libXcursor.so.1.0.2
7f3ea1438000-7f3ea1439000 rw-p 00009000 08:02 5903658                    /usr/lib/x86_64-linux-gnu/libXcursor.so.1.0.2
7f3ea1439000-7f3ea1440000 r-xp 00000000 08:02 5900891                    /usr/lib/x86_64-linux-gnu/libXrandr.so.2.2.0
7f3ea1440000-7f3ea163f000 ---p 00007000 08:02 5900891                    /usr/lib/x86_64-linux-gnu/libXrandr.so.2.2.0
7f3ea163f000-7f3ea1640000 r--p 00006000 08:02 5900891                    /usr/lib/x86_64-linux-gnu/libXrandr.so.2.2.0
7f3ea1640000-7f3ea1641000 rw-p 00007000 08:02 5900891                    /usr/lib/x86_64-linux-gnu/libXrandr.so.2.2.0
7f3ea1641000-7f3ea1650000 r-xp 00000000 08:02 5903651                    /usr/lib/x86_64-linux-gnu/libXi.so.6.1.0
7f3ea1650000-7f3ea184f000 ---p 0000f000 08:02 5903651                    /usr/lib/x86_64-linux-gnu/libXi.so.6.1.0
7f3ea184f000-7f3ea1850000 r--p 0000e000 08:02 5903651                    /usr/lib/x86_64-linux-gnu/libXi.so.6.1.0
7f3ea1850000-7f3ea1851000 rw-p 0000f000 08:02 5903651                    /usr/lib/x86_64-linux-gnu/libXi.so.6.1.0
7f3ea1851000-7f3ea1853000 r-xp 00000000 08:02 5900876                    /usr/lib/x86_64-linux-gnu/libXinerama.so.1.0.0
7f3ea1853000-7f3ea1a52000 ---p 00002000 08:02 5900876                    /usr/lib/x86_64-linux-gnu/libXinerama.so.1.0.0
7f3ea1a52000-7f3ea1a53000 r--p 00001000 08:02 5900876                    /usr/lib/x86_64-linux-gnu/libXinerama.so.1.0.0
7f3ea1a53000-7f3ea1a54000 rw-p 00002000 08:02 5900876                    /usr/lib/x86_64-linux-gnu/libXinerama.so.1.0.0
7f3ea1a54000-7f3ea1a5d000 r-xp 00000000 08:02 5900883                    /usr/lib/x86_64-linux-gnu/libXrender.so.1.3.0
7f3ea1a5d000-7f3ea1c5c000 ---p 00009000 08:02 5900883                    /usr/lib/x86_64-linux-gnu/libXrender.so.1.3.0
7f3ea1c5c000-7f3ea1c5d000 r--p 00008000 08:02 5900883                    /usr/lib/x86_64-linux-gnu/libXrender.so.1.3.0
7f3ea1c5d000-7f3ea1c5e000 rw-p 00009000 08:02 5900883                    /usr/lib/x86_64-linux-gnu/libXrender.so.1.3.0
7f3ea1c5e000-7f3ea1c63000 r-xp 00000000 08:02 5903809                    /usr/lib/x86_64-linux-gnu/libXtst.so.6.1.0
7f3ea1c63000-7f3ea1e62000 ---p 00005000 08:02 5903809                    /usr/lib/x86_64-linux-gnu/libXtst.so.6.1.0
7f3ea1e62000-7f3ea1e63000 r--p 00004000 08:02 5903809                    /usr/lib/x86_64-linux-gnu/libXtst.so.6.1.0
7f3ea1e63000-7f3ea1e64000 rw-p 00005000 08:02 5903809                    /usr/lib/x86_64-linux-gnu/libXtst.so.6.1.0
7f3ea1e64000-7f3ea1f56000 r-xp 00000000 08:02 7864545                    /lib/x86_64-linux-gnu/libglib-2.0.so.0.3200.4
7f3ea1f56000-7f3ea2156000 ---p 000f2000 08:02 7864545                    /lib/x86_64-linux-gnu/libglib-2.0.so.0.3200.4
7f3ea2156000-7f3ea2157000 r--p 000f2000 08:02 7864545                    /lib/x86_64-linux-gnu/libglib-2.0.so.0.3200.4
7f3ea2157000-7f3ea2158000 rw-p 000f3000 08:02 7864545                    /lib/x86_64-linux-gnu/libglib-2.0.so.0.3200.4
7f3ea2158000-7f3ea2159000 rw-p 00000000 00:00 0 
7f3ea2159000-7f3ea215a000 r-xp 00000000 08:02 5901947                    /usr/lib/x86_64-linux-gnu/libgthread-2.0.so.0.3200.4
7f3ea215a000-7f3ea2359000 ---p 00001000 08:02 5901947                    /usr/lib/x86_64-linux-gnu/libgthread-2.0.so.0.3200.4
7f3ea2359000-7f3ea235a000 r--p 00000000 08:02 5901947                    /usr/lib/x86_64-linux-gnu/libgthread-2.0.so.0.3200.4
7f3ea235a000-7f3ea235b000 rw-p 00001000 08:02 5901947                    /usr/lib/x86_64-linux-gnu/libgthread-2.0.so.0.3200.4
7f3ea235b000-7f3ea235e000 r-xp 00000000 08:02 5901943                    /usr/lib/x86_64-linux-gnu/libgmodule-2.0.so.0.3200.4
7f3ea235e000-7f3ea255d000 ---p 00003000 08:02 5901943                    /usr/lib/x86_64-linux-gnu/libgmodule-2.0.so.0.3200.4
7f3ea255d000-7f3ea255e000 r--p 00002000 08:02 5901943                    /usr/lib/x86_64-linux-gnu/libgmodule-2.0.so.0.3200.4
7f3ea255e000-7f3ea255f000 rw-p 00003000 08:02 5901943                    /usr/lib/x86_64-linux-gnu/libgmodule-2.0.so.0.3200.4
7f3ea255f000-7f3ea25ac000 r-xp 00000000 08:02 5901949                    /usr/lib/x86_64-linux-gnu/libgobject-2.0.so.0.3200.4
7f3ea25ac000-7f3ea27ac000 ---p 0004d000 08:02 5901949                    /usr/lib/x86_64-linux-gnu/libgobject-2.0.so.0.3200.4
7f3ea27ac000-7f3ea27ad000 r--p 0004d000 08:02 5901949                    /usr/lib/x86_64-linux-gnu/libgobject-2.0.so.0.3200.4
7f3ea27ad000-7f3ea27ae000 rw-p 0004e000 08:02 5901949                    /usr/lib/x86_64-linux-gnu/libgobject-2.0.so.0.3200.4
7f3ea27ae000-7f3ea27e2000 r-xp 00000000 08:02 5903419                    /usr/lib/x86_64-linux-gnu/libfontconfig.so.1.4.4
7f3ea27e2000-7f3ea29e2000 ---p 00034000 08:02 5903419                    /usr/lib/x86_64-linux-gnu/libfontconfig.so.1.4.4
7f3ea29e2000-7f3ea29e3000 r--p 00034000 08:02 5903419                    /usr/lib/x86_64-linux-gnu/libfontconfig.so.1.4.4
7f3ea29e3000-7f3ea29e4000 rw-p 00035000 08:02 5903419                    /usr/lib/x86_64-linux-gnu/libfontconfig.so.1.4.4
7f3ea29e4000-7f3ea2a7a000 r-xp 00000000 08:02 5900798                    /usr/lib/x86_64-linux-gnu/libfreetype.so.6.8.0
7f3ea2a7a000-7f3ea2c79000 ---p 00096000 08:02 5900798                    /usr/lib/x86_64-linux-gnu/libfreetype.so.6.8.0
7f3ea2c79000-7f3ea2c7f000 r--p 00095000 08:02 5900798                    /usr/lib/x86_64-linux-gnu/libfreetype.so.6.8.0
7f3ea2c7f000-7f3ea2c80000 rw-p 0009b000 08:02 5900798                    /usr/lib/x86_64-linux-gnu/libfreetype.so.6.8.0
7f3ea2c80000-7f3ea2cc6000 r-xp 00000000 08:02 5903442                    /usr/lib/x86_64-linux-gnu/libpango-1.0.so.0.3000.0
7f3ea2cc6000-7f3ea2ec6000 ---p 00046000 08:02 5903442                    /usr/lib/x86_64-linux-gnu/libpango-1.0.so.0.3000.0
7f3ea2ec6000-7f3ea2ec8000 r--p 00046000 08:02 5903442                    /usr/lib/x86_64-linux-gnu/libpango-1.0.so.0.3000.0
7f3ea2ec8000-7f3ea2ec9000 rw-p 00048000 08:02 5903442                    /usr/lib/x86_64-linux-gnu/libpango-1.0.so.0.3000.0
7f3ea2ec9000-7f3ea2f82000 r-xp 00000000 08:02 5903425                    /usr/lib/x86_64-linux-gnu/libcairo.so.2.11000.2
7f3ea2f82000-7f3ea3181000 ---p 000b9000 08:02 5903425                    /usr/lib/x86_64-linux-gnu/libcairo.so.2.11000.2
7f3ea3181000-7f3ea3183000 r--p 000b8000 08:02 5903425                    /usr/lib/x86_64-linux-gnu/libcairo.so.2.11000.2
7f3ea3183000-7f3ea3184000 rw-p 000ba000 08:02 5903425                    /usr/lib/x86_64-linux-gnu/libcairo.so.2.11000.2
7f3ea3184000-7f3ea3187000 rw-p 00000000 00:00 0 
7f3ea3187000-7f3ea3192000 r-xp 00000000 08:02 5903443                    /usr/lib/x86_64-linux-gnu/libpangocairo-1.0.so.0.3000.0
7f3ea3192000-7f3ea3391000 ---p 0000b000 08:02 5903443                    /usr/lib/x86_64-linux-gnu/libpangocairo-1.0.so.0.3000.0
7f3ea3391000-7f3ea3392000 r--p 0000a000 08:02 5903443                    /usr/lib/x86_64-linux-gnu/libpangocairo-1.0.so.0.3000.0
7f3ea3392000-7f3ea3393000 rw-p 0000b000 08:02 5903443                    /usr/lib/x86_64-linux-gnu/libpangocairo-1.0.so.0.3000.0
7f3ea3393000-7f3ea33b1000 r-xp 00000000 08:02 5903416                    /usr/lib/x86_64-linux-gnu/libgdk_pixbuf-2.0.so.0.2600.1
7f3ea33b1000-7f3ea35b1000 ---p 0001e000 08:02 5903416                    /usr/lib/x86_64-linux-gnu/libgdk_pixbuf-2.0.so.0.2600.1
7f3ea35b1000-7f3ea35b2000 r--p 0001e000 08:02 5903416                    /usr/lib/x86_64-linux-gnu/libgdk_pixbuf-2.0.so.0.2600.1
7f3ea35b2000-7f3ea35b3000 rw-p 0001f000 08:02 5903416                    /usr/lib/x86_64-linux-gnu/libgdk_pixbuf-2.0.so.0.2600.1
7f3ea35b3000-7f3ea35dc000 r-xp 00000000 08:02 5903441                    /usr/lib/x86_64-linux-gnu/libpangoft2-1.0.so.0.3000.0
7f3ea35dc000-7f3ea37db000 ---p 00029000 08:02 5903441                    /usr/lib/x86_64-linux-gnu/libpangoft2-1.0.so.0.3000.0
7f3ea37db000-7f3ea37dc000 r--p 00028000 08:02 5903441                    /usr/lib/x86_64-linux-gnu/libpangoft2-1.0.so.0.3000.0
7f3ea37dc000-7f3ea37dd000 rw-p 00029000 08:02 5903441                    /usr/lib/x86_64-linux-gnu/libpangoft2-1.0.so.0.3000.0
7f3ea37dd000-7f3ea3925000 r-xp 00000000 08:02 5901948                    /usr/lib/x86_64-linux-gnu/libgio-2.0.so.0.3200.4
7f3ea3925000-7f3ea3b24000 ---p 00148000 08:02 5901948                    /usr/lib/x86_64-linux-gnu/libgio-2.0.so.0.3200.4
7f3ea3b24000-7f3ea3b28000 r--p 00147000 08:02 5901948                    /usr/lib/x86_64-linux-gnu/libgio-2.0.so.0.3200.4
7f3ea3b28000-7f3ea3b2a000 rw-p 0014b000 08:02 5901948                    /usr/lib/x86_64-linux-gnu/libgio-2.0.so.0.3200.4
7f3ea3b2a000-7f3ea3b2c000 rw-p 00000000 00:00 0 
7f3ea3b2c000-7f3ea3b4b000 r-xp 00000000 08:02 5903405                    /usr/lib/x86_64-linux-gnu/libatk-1.0.so.0.20409.1
7f3ea3b4b000-7f3ea3d4b000 ---p 0001f000 08:02 5903405                    /usr/lib/x86_64-linux-gnu/libatk-1.0.so.0.20409.1
7f3ea3d4b000-7f3ea3d4d000 r--p 0001f000 08:02 5903405                    /usr/lib/x86_64-linux-gnu/libatk-1.0.so.0.20409.1
7f3ea3d4d000-7f3ea3d4e000 rw-p 00021000 08:02 5903405                    /usr/lib/x86_64-linux-gnu/libatk-1.0.so.0.20409.1
7f3ea3d4e000-7f3ea3dfb000 r-xp 00000000 08:02 5903852                    /usr/lib/x86_64-linux-gnu/libgdk-x11-2.0.so.0.2400.10
7f3ea3dfb000-7f3ea3ffa000 ---p 000ad000 08:02 5903852                    /usr/lib/x86_64-linux-gnu/libgdk-x11-2.0.so.0.2400.10
7f3ea3ffa000-7f3ea3ffe000 r--p 000ac000 08:02 5903852                    /usr/lib/x86_64-linux-gnu/libgdk-x11-2.0.so.0.2400.10
7f3ea3ffe000-7f3ea4000000 rw-p 000b0000 08:02 5903852                    /usr/lib/x86_64-linux-gnu/libgdk-x11-2.0.so.0.2400.10
7f3ea4000000-7f3ea4021000 rw-p 00000000 00:00 0 
7f3ea4021000-7f3ea8000000 ---p 00000000 00:00 0 
7f3ea8086000-7f3ea84b3000 r-xp 00000000 08:02 5903851                    /usr/lib/x86_64-linux-gnu/libgtk-x11-2.0.so.0.2400.10
7f3ea84b3000-7f3ea86b3000 ---p 0042d000 08:02 5903851                    /usr/lib/x86_64-linux-gnu/libgtk-x11-2.0.so.0.2400.10
7f3ea86b3000-7f3ea86ba000 r--p 0042d000 08:02 5903851                    /usr/lib/x86_64-linux-gnu/libgtk-x11-2.0.so.0.2400.10
7f3ea86ba000-7f3ea86be000 rw-p 00434000 08:02 5903851                    /usr/lib/x86_64-linux-gnu/libgtk-x11-2.0.so.0.2400.10
7f3ea86be000-7f3ea86c0000 rw-p 00000000 00:00 0 
7f3ea86c0000-7f3ea86e5000 r-xp 00000000 08:02 10749490                   /usr/lib/jvm/jdk1.7.0_45/jre/lib/amd64/libglass.so
7f3ea86e5000-7f3ea88e5000 ---p 00025000 08:02 10749490                   /usr/lib/jvm/jdk1.7.0_45/jre/lib/amd64/libglass.so
7f3ea88e5000-7f3ea88e6000 r--p 00025000 08:02 10749490                   /usr/lib/jvm/jdk1.7.0_45/jre/lib/amd64/libglass.so
7f3ea88e6000-7f3ea88e7000 rw-p 00026000 08:02 10749490                   /usr/lib/jvm/jdk1.7.0_45/jre/lib/amd64/libglass.so
7f3ea88e7000-7f3ea88ea000 ---p 00000000 00:00 0 
7f3ea88ea000-7f3ea89e8000 rw-p 00000000 00:00 0                          [stack:12700]
7f3ea89e8000-7f3ea89fe000 r-xp 00000000 08:02 7864490                    /lib/x86_64-linux-gnu/libz.so.1.2.3.4
7f3ea89fe000-7f3ea8bfd000 ---p 00016000 08:02 7864490                    /lib/x86_64-linux-gnu/libz.so.1.2.3.4
7f3ea8bfd000-7f3ea8bfe000 r--p 00015000 08:02 7864490                    /lib/x86_64-linux-gnu/libz.so.1.2.3.4
7f3ea8bfe000-7f3ea8bff000 rw-p 00016000 08:02 7864490                    /lib/x86_64-linux-gnu/libz.so.1.2.3.4
7f3ea8bff000-7f3ea8c07000 r-xp 00000000 08:02 5899619                    /usr/lib/x86_64-linux-gnu/libpciaccess.so.0.11.0
7f3ea8c07000-7f3ea8e06000 ---p 00008000 08:02 5899619                    /usr/lib/x86_64-linux-gnu/libpciaccess.so.0.11.0
7f3ea8e06000-7f3ea8e07000 r--p 00007000 08:02 5899619                    /usr/lib/x86_64-linux-gnu/libpciaccess.so.0.11.0
7f3ea8e07000-7f3ea8e08000 rw-p 00008000 08:02 5899619                    /usr/lib/x86_64-linux-gnu/libpciaccess.so.0.11.0
7f3ea8e08000-7f3ea8e1d000 r-xp 00000000 08:02 7864442                    /lib/x86_64-linux-gnu/libgcc_s.so.1
7f3ea8e1d000-7f3ea901c000 ---p 00015000 08:02 7864442                    /lib/x86_64-linux-gnu/libgcc_s.so.1
7f3ea901c000-7f3ea901d000 r--p 00014000 08:02 7864442                    /lib/x86_64-linux-gnu/libgcc_s.so.1
7f3ea901d000-7f3ea901e000 rw-p 00015000 08:02 7864442                    /lib/x86_64-linux-gnu/libgcc_s.so.1
7f3ea901e000-7f3ea9100000 r-xp 00000000 08:02 5899870                    /usr/lib/x86_64-linux-gnu/libstdc++.so.6.0.16
7f3ea9100000-7f3ea92ff000 ---p 000e2000 08:02 5899870                    /usr/lib/x86_64-linux-gnu/libstdc++.so.6.0.16
7f3ea92ff000-7f3ea9307000 r--p 000e1000 08:02 5899870                    /usr/lib/x86_64-linux-gnu/libstdc++.so.6.0.16
7f3ea9307000-7f3ea9309000 rw-p 000e9000 08:02 5899870                    /usr/lib/x86_64-linux-gnu/libstdc++.so.6.0.16
7f3ea9309000-7f3ea931e000 rw-p 00000000 00:00 0 
7f3ea931e000-7f3ea933e000 r-xp 00000000 08:02 5899423                    /usr/lib/x86_64-linux-gnu/libdrm_intel.so.1.0.0
7f3ea933e000-7f3ea953d000 ---p 00020000 08:02 5899423                    /usr/lib/x86_64-linux-gnu/libdrm_intel.so.1.0.0
7f3ea953d000-7f3ea953e000 r--p 0001f000 08:02 5899423                    /usr/lib/x86_64-linux-gnu/libdrm_intel.so.1.0.0
7f3ea953e000-7f3ea953f000 rw-p 00020000 08:02 5899423                    /usr/lib/x86_64-linux-gnu/libdrm_intel.so.1.0.0
7f3ea953f000-7f3ea9566000 r-xp 00000000 08:02 7864387                    /lib/x86_64-linux-gnu/libexpat.so.1.5.2
7f3ea9566000-7f3ea9766000 ---p 00027000 08:02 7864387                    /lib/x86_64-linux-gnu/libexpat.so.1.5.2
7f3ea9766000-7f3ea9768000 r--p 00027000 08:02 7864387                    /lib/x86_64-linux-gnu/libexpat.so.1.5.2
7f3ea9768000-7f3ea9769000 rw-p 00029000 08:02 7864387                    /lib/x86_64-linux-gnu/libexpat.so.1.5.2
7f3ea9769000-7f3ea988f000 r-xp 00000000 08:02 5915048                    /usr/lib/x86_64-linux-gnu/dri/libglsl.so
7f3ea988f000-7f3ea9a8e000 ---p 00126000 08:02 5915048                    /usr/lib/x86_64-linux-gnu/dri/libglsl.so
7f3ea9a8e000-7f3ea9a97000 r--p 00125000 08:02 5915048                    /usr/lib/x86_64-linux-gnu/dri/libglsl.so
7f3ea9a97000-7f3ea9a9a000 rw-p 0012e000 08:02 5915048                    /usr/lib/x86_64-linux-gnu/dri/libglsl.so
7f3ea9a9a000-7f3ea9a9b000 rw-p 00000000 00:00 0 
7f3ea9a9b000-7f3ea9cda000 r-xp 00000000 08:02 5899682                    /usr/lib/x86_64-linux-gnu/dri/libdricore.so
7f3ea9cda000-7f3ea9eda000 ---p 0023f000 08:02 5899682                    /usr/lib/x86_64-linux-gnu/dri/libdricore.so
7f3ea9eda000-7f3ea9ee4000 r--p 0023f000 08:02 5899682                    /usr/lib/x86_64-linux-gnu/dri/libdricore.so
7f3ea9ee4000-7f3ea9ee7000 rw-p 00249000 08:02 5899682                    /usr/lib/x86_64-linux-gnu/dri/libdricore.so
7f3ea9ee7000-7f3ea9efd000 rw-p 00000000 00:00 0 
7f3ea9efd000-7f3ea9fcb000 r-xp 00000000 08:02 5915050                    /usr/lib/x86_64-linux-gnu/dri/i965_dri.so
7f3ea9fcb000-7f3eaa1cb000 ---p 000ce000 08:02 5915050                    /usr/lib/x86_64-linux-gnu/dri/i965_dri.so
7f3eaa1cb000-7f3eaa1ce000 r--p 000ce000 08:02 5915050                    /usr/lib/x86_64-linux-gnu/dri/i965_dri.so
7f3eaa1ce000-7f3eaa1d2000 rw-p 000d1000 08:02 5915050                    /usr/lib/x86_64-linux-gnu/dri/i965_dri.so
7f3eaa1d2000-7f3eaa1d7000 r-xp 00000000 08:02 5900527                    /usr/lib/x86_64-linux-gnu/libXdmcp.so.6.0.0
7f3eaa1d7000-7f3eaa3d6000 ---p 00005000 08:02 5900527                    /usr/lib/x86_64-linux-gnu/libXdmcp.so.6.0.0
7f3eaa3d6000-7f3eaa3d7000 r--p 00004000 08:02 5900527                    /usr/lib/x86_64-linux-gnu/libXdmcp.so.6.0.0
7f3eaa3d7000-7f3eaa3d8000 rw-p 00005000 08:02 5900527                    /usr/lib/x86_64-linux-gnu/libXdmcp.so.6.0.0
7f3eaa3d8000-7f3eaa3da000 r-xp 00000000 08:02 5900521                    /usr/lib/x86_64-linux-gnu/libXau.so.6.0.0
7f3eaa3da000-7f3eaa5d9000 ---p 00002000 08:02 5900521                    /usr/lib/x86_64-linux-gnu/libXau.so.6.0.0
7f3eaa5d9000-7f3eaa5da000 r--p 00001000 08:02 5900521                    /usr/lib/x86_64-linux-gnu/libXau.so.6.0.0
7f3eaa5da000-7f3eaa5db000 rw-p 00002000 08:02 5900521                    /usr/lib/x86_64-linux-gnu/libXau.so.6.0.0
7f3eaa5db000-7f3eaa5e5000 r-xp 00000000 08:02 5898478                    /usr/lib/x86_64-linux-gnu/libdrm.so.2.4.0
7f3eaa5e5000-7f3eaa7e4000 ---p 0000a000 08:02 5898478                    /usr/lib/x86_64-linux-gnu/libdrm.so.2.4.0
7f3eaa7e4000-7f3eaa7e5000 r--p 00009000 08:02 5898478                    /usr/lib/x86_64-linux-gnu/libdrm.so.2.4.0
7f3eaa7e5000-7f3eaa7e6000 rw-p 0000a000 08:02 5898478                    /usr/lib/x86_64-linux-gnu/libdrm.so.2.4.0
7f3eaa7e6000-7f3eaa7fb000 r-xp 00000000 08:02 5903803                    /usr/lib/x86_64-linux-gnu/libxcb-glx.so.0.0.0
7f3eaa7fb000-7f3eaa9fa000 ---p 00015000 08:02 5903803                    /usr/lib/x86_64-linux-gnu/libxcb-glx.so.0.0.0
7f3eaa9fa000-7f3eaa9fc000 r--p 00014000 08:02 5903803                    /usr/lib/x86_64-linux-gnu/libxcb-glx.so.0.0.0
7f3eaa9fc000-7f3eaa9fd000 rw-p 00016000 08:02 5903803                    /usr/lib/x86_64-linux-gnu/libxcb-glx.so.0.0.0
7f3eaa9fd000-7f3eaa9fe000 r-xp 00000000 08:02 5900831                    /usr/lib/x86_64-linux-gnu/libX11-xcb.so.1.0.0
7f3eaa9fe000-7f3eaabfd000 ---p 00001000 08:02 5900831                    /usr/lib/x86_64-linux-gnu/libX11-xcb.so.1.0.0
7f3eaabfd000-7f3eaabfe000 r--p 00000000 08:02 5900831                    /usr/lib/x86_64-linux-gnu/libX11-xcb.so.1.0.0
7f3eaabfe000-7f3eaabff000 rw-p 00001000 08:02 5900831                    /usr/lib/x86_64-linux-gnu/libX11-xcb.so.1.0.0
7f3eaabff000-7f3eaac04000 r-xp 00000000 08:02 5900872                    /usr/lib/x86_64-linux-gnu/libXfixes.so.3.1.0
7f3eaac04000-7f3eaae03000 ---p 00005000 08:02 5900872                    /usr/lib/x86_64-linux-gnu/libXfixes.so.3.1.0
7f3eaae03000-7f3eaae04000 r--p 00004000 08:02 5900872                    /usr/lib/x86_64-linux-gnu/libXfixes.so.3.1.0
7f3eaae04000-7f3eaae05000 rw-p 00005000 08:02 5900872                    /usr/lib/x86_64-linux-gnu/libXfixes.so.3.1.0
7f3eaae05000-7f3eaae07000 r-xp 00000000 08:02 5903660                    /usr/lib/x86_64-linux-gnu/libXdamage.so.1.1.0
7f3eaae07000-7f3eab006000 ---p 00002000 08:02 5903660                    /usr/lib/x86_64-linux-gnu/libXdamage.so.1.1.0
7f3eab006000-7f3eab007000 r--p 00001000 08:02 5903660                    /usr/lib/x86_64-linux-gnu/libXdamage.so.1.1.0
7f3eab007000-7f3eab008000 rw-p 00002000 08:02 5903660                    /usr/lib/x86_64-linux-gnu/libXdamage.so.1.1.0
7f3eab008000-7f3eab029000 r-xp 00000000 08:02 5900918                    /usr/lib/x86_64-linux-gnu/libglapi.so.0.0.0
7f3eab029000-7f3eab228000 ---p 00021000 08:02 5900918                    /usr/lib/x86_64-linux-gnu/libglapi.so.0.0.0
7f3eab228000-7f3eab22b000 r--p 00020000 08:02 5900918                    /usr/lib/x86_64-linux-gnu/libglapi.so.0.0.0
7f3eab22b000-7f3eab22c000 rw-p 00023000 08:02 5900918                    /usr/lib/x86_64-linux-gnu/libglapi.so.0.0.0
7f3eab22c000-7f3eab22d000 rw-p 00000000 00:00 0 
7f3eab22d000-7f3eab23d000 r-xp 00000000 08:02 5900783                    /usr/lib/x86_64-linux-gnu/libXext.so.6.4.0
7f3eab23d000-7f3eab43c000 ---p 00010000 08:02 5900783                    /usr/lib/x86_64-linux-gnu/libXext.so.6.4.0
7f3eab43c000-7f3eab43d000 r--p 0000f000 08:02 5900783                    /usr/lib/x86_64-linux-gnu/libXext.so.6.4.0
7f3eab43d000-7f3eab43e000 rw-p 00010000 08:02 5900783                    /usr/lib/x86_64-linux-gnu/libXext.so.6.4.0
7f3eab43e000-7f3eab45b000 r-xp 00000000 08:02 5900532                    /usr/lib/x86_64-linux-gnu/libxcb.so.1.1.0
7f3eab45b000-7f3eab65a000 ---p 0001d000 08:02 5900532                    /usr/lib/x86_64-linux-gnu/libxcb.so.1.1.0
7f3eab65a000-7f3eab65b000 r--p 0001c000 08:02 5900532                    /usr/lib/x86_64-linux-gnu/libxcb.so.1.1.0
7f3eab65b000-7f3eab65c000 rw-p 0001d000 08:02 5900532                    /usr/lib/x86_64-linux-gnu/libxcb.so.1.1.0
7f3eab65c000-7f3eab6b9000 r-xp 00000000 08:02 6161263                    /usr/lib/x86_64-linux-gnu/mesa/libGL.so.1.2
7f3eab6b9000-7f3eab8b8000 ---p 0005d000 08:02 6161263                    /usr/lib/x86_64-linux-gnu/mesa/libGL.so.1.2
7f3eab8b8000-7f3eab8ba000 r--p 0005c000 08:02 6161263                    /usr/lib/x86_64-linux-gnu/mesa/libGL.so.1.2
7f3eab8ba000-7f3eab8bb000 rw-p 0005e000 08:02 6161263                    /usr/lib/x86_64-linux-gnu/mesa/libGL.so.1.2
7f3eab8bb000-7f3eab8bc000 rw-p 00000000 00:00 0 
7f3eab8bc000-7f3eab8c0000 r-xp 00000000 08:02 5903805                    /usr/lib/x86_64-linux-gnu/libXxf86vm.so.1.0.0
7f3eab8c0000-7f3eababf000 ---p 00004000 08:02 5903805                    /usr/lib/x86_64-linux-gnu/libXxf86vm.so.1.0.0
7f3eababf000-7f3eabac0000 r--p 00003000 08:02 5903805                    /usr/lib/x86_64-linux-gnu/libXxf86vm.so.1.0.0
7f3eabac0000-7f3eabac1000 rw-p 00004000 08:02 5903805                    /usr/lib/x86_64-linux-gnu/libXxf86vm.so.1.0.0
7f3eabac1000-7f3eabbf1000 r-xp 00000000 08:02 5900778                    /usr/lib/x86_64-linux-gnu/libX11.so.6.3.0
7f3eabbf1000-7f3eabdf1000 ---p 00130000 08:02 5900778                    /usr/lib/x86_64-linux-gnu/libX11.so.6.3.0
7f3eabdf1000-7f3eabdf2000 r--p 00130000 08:02 5900778                    /usr/lib/x86_64-linux-gnu/libX11.so.6.3.0
7f3eabdf2000-7f3eabdf6000 rw-p 00131000 08:02 5900778                    /usr/lib/x86_64-linux-gnu/libX11.so.6.3.0
7f3eabdf6000-7f3eabdff000 r-xp 00000000 08:02 10749491                   /usr/lib/jvm/jdk1.7.0_45/jre/lib/amd64/libprism-es2.so
7f3eabdff000-7f3eabffe000 ---p 00009000 08:02 10749491                   /usr/lib/jvm/jdk1.7.0_45/jre/lib/amd64/libprism-es2.so
7f3eabffe000-7f3eabfff000 r--p 00008000 08:02 10749491                   /usr/lib/jvm/jdk1.7.0_45/jre/lib/amd64/libprism-es2.so
7f3eabfff000-7f3eac000000 rw-p 00009000 08:02 10749491                   /usr/lib/jvm/jdk1.7.0_45/jre/lib/amd64/libprism-es2.so
7f3eac000000-7f3eac021000 rw-p 00000000 00:00 0 
7f3eac021000-7f3eb0000000 ---p 00000000 00:00 0 
7f3eb00a5000-7f3eb00a7000 rw-p 00000000 00:00 0 
7f3eb00a7000-7f3eb00a8000 r--p 00000000 08:02 8130354                    /etc/dconf/db/local
7f3eb00a8000-7f3eb00aa000 r--p 00000000 00:19 15778018                   /home/se413006/.config/dconf/user
7f3eb00aa000-7f3eb00ab000 r--s 00000000 00:19 14319697                   /home/se413006/.cache/dconf/user
7f3eb00ab000-7f3eb00b2000 r--s 00000000 08:02 5911439                    /usr/lib/x86_64-linux-gnu/gconv/gconv-modules.cache
7f3eb00b2000-7f3eb00d6000 r--p 00000000 08:02 5902077                    /usr/share/glib-2.0/schemas/gschemas.compiled
7f3eb00d6000-7f3eb00d9000 ---p 00000000 00:00 0 
7f3eb00d9000-7f3eb01d7000 rw-p 00000000 00:00 0                          [stack:12699]
7f3eb01d7000-7f3eb01da000 r--s 00017000 00:19 24395972                   /home/se413006/NetBeansProjects/DynamicSynthesizer/dist/run1569191503/lib/tritonus_share.jar
7f3eb01da000-7f3eb01db000 r--s 00002000 00:19 24395970                   /home/se413006/NetBeansProjects/DynamicSynthesizer/dist/run1569191503/lib/tritonus_aos.jar
7f3eb01db000-7f3eb01dc000 r--s 00005000 00:19 24298109                   /home/se413006/NetBeansProjects/DynamicSynthesizer/dist/run1569191503/lib/mp3spi1.9.4.jar
7f3eb01dc000-7f3eb01de000 r--s 0000d000 00:19 24298108                   /home/se413006/NetBeansProjects/DynamicSynthesizer/dist/run1569191503/lib/minim.jar
7f3eb01de000-7f3eb01df000 r--s 00000000 00:19 24298107                   /home/se413006/NetBeansProjects/DynamicSynthesizer/dist/run1569191503/lib/minim-spi.jar
7f3eb01df000-7f3eb01ea000 r--s 0006f000 00:19 24298106                   /home/se413006/NetBeansProjects/DynamicSynthesizer/dist/run1569191503/lib/jtransforms-2.4.jar
7f3eb01ea000-7f3eb01f8000 r--s 00082000 00:19 24298105                   /home/se413006/NetBeansProjects/DynamicSynthesizer/dist/run1569191503/lib/jsyn-beta-16.6.4.jar
7f3eb01f8000-7f3eb0204000 r--s 000e5000 00:19 24297987                   /home/se413006/NetBeansProjects/DynamicSynthesizer/dist/run1569191503/lib/ScenicView.jar
7f3eb0204000-7f3eb0212000 r--s 00082000 00:19 21155869                   /home/se413006/Downloads/jsyn-beta-16.6.4.jar
7f3eb0212000-7f3eb021e000 r--s 000e5000 00:19 573572                     /home/se413006/Documents/JavaFxExternalLibs/ScenicView.jar
7f3eb021e000-7f3eb0229000 r--s 0006f000 00:19 21156293                   /home/se413006/Downloads/jtransforms-2.4.jar
7f3eb0229000-7f3eb022c000 ---p 00000000 00:00 0 
7f3eb022c000-7f3eb032a000 rw-p 00000000 00:00 0                          [stack:12698]
7f3eb032a000-7f3eb0348000 r-xp 00000000 08:02 10749448                   /usr/lib/jvm/jdk1.7.0_45/jre/lib/amd64/libdeploy.so
7f3eb0348000-7f3eb0548000 ---p 0001e000 08:02 10749448                   /usr/lib/jvm/jdk1.7.0_45/jre/lib/amd64/libdeploy.so
7f3eb0548000-7f3eb054a000 rw-p 0001e000 08:02 10749448                   /usr/lib/jvm/jdk1.7.0_45/jre/lib/amd64/libdeploy.so
7f3eb054a000-7f3eb055a000 rw-p 00000000 00:00 0 
7f3eb055a000-7f3eb055d000 ---p 00000000 00:00 0 
7f3eb055d000-7f3eb065b000 rw-p 00000000 00:00 0                          [stack:12697]
7f3eb065b000-7f3eb06e9000 r--s 00ddd000 08:02 9446315                    /usr/lib/jvm/jdk1.7.0_45/jre/lib/jfxrt.jar
7f3eb06e9000-7f3eb06ea000 ---p 00000000 00:00 0 
7f3eb06ea000-7f3eb07ea000 rw-p 00000000 00:00 0                          [stack:12696]
7f3eb07ea000-7f3eb07ed000 ---p 00000000 00:00 0 
7f3eb07ed000-7f3eb08eb000 rw-p 00000000 00:00 0                          [stack:12695]
7f3eb08eb000-7f3eb08ee000 ---p 00000000 00:00 0 
7f3eb08ee000-7f3eb09ec000 rw-p 00000000 00:00 0                          [stack:12694]
7f3eb09ec000-7f3eb09ef000 ---p 00000000 00:00 0 
7f3eb09ef000-7f3eb0aed000 rw-p 00000000 00:00 0                          [stack:12693]
7f3eb0aed000-7f3eb0af0000 ---p 00000000 00:00 0 
7f3eb0af0000-7f3eb0bee000 rw-p 00000000 00:00 0                          [stack:12692]
7f3eb0bee000-7f3eb0bf1000 ---p 00000000 00:00 0 
7f3eb0bf1000-7f3eb0cef000 rw-p 00000000 00:00 0                          [stack:12691]
7f3eb0cef000-7f3eb0cf2000 ---p 00000000 00:00 0 
7f3eb0cf2000-7f3eb0df0000 rw-p 00000000 00:00 0                          [stack:12690]
7f3eb0df0000-7f3eb0df1000 ---p 00000000 00:00 0 
7f3eb0df1000-7f3eb1da4000 rw-p 00000000 00:00 0                          [stack:12689]
7f3eb1da4000-7f3eb1f60000 r--s 039b2000 08:02 9446276                    /usr/lib/jvm/jdk1.7.0_45/jre/lib/rt.jar
7f3eb1f60000-7f3eb4000000 rw-p 00000000 00:00 0 
7f3eb4000000-7f3eb4021000 rw-p 00000000 00:00 0 
7f3eb4021000-7f3eb8000000 ---p 00000000 00:00 0 
7f3eb8000000-7f3eb8003000 r--s 00028000 00:19 24298104                   /home/se413006/NetBeansProjects/DynamicSynthesizer/dist/run1569191503/lib/jsndobj.jar
7f3eb8003000-7f3eb8016000 r--s 000d4000 08:02 9446270                    /usr/lib/jvm/jdk1.7.0_45/jre/lib/plugin.jar
7f3eb8016000-7f3eb8465000 rw-p 00000000 00:00 0 
7f3eb8465000-7f3eb8466000 ---p 00000000 00:00 0 
7f3eb8466000-7f3eb8566000 rw-p 00000000 00:00 0                          [stack:12688]
7f3eb8566000-7f3eb8567000 ---p 00000000 00:00 0 
7f3eb8567000-7f3eb8667000 rw-p 00000000 00:00 0                          [stack:12687]
7f3eb8667000-7f3eb8668000 ---p 00000000 00:00 0 
7f3eb8668000-7f3eb8768000 rw-p 00000000 00:00 0                          [stack:12686]
7f3eb8768000-7f3eb8769000 ---p 00000000 00:00 0 
7f3eb8769000-7f3eb8874000 rw-p 00000000 00:00 0                          [stack:12685]
7f3eb8874000-7f3eb8892000 rw-p 00000000 00:00 0 
7f3eb8892000-7f3eb88a6000 rw-p 00000000 00:00 0 
7f3eb88a6000-7f3eb89d3000 rw-p 00000000 00:00 0 
7f3eb89d3000-7f3eb89de000 rw-p 00000000 00:00 0 
7f3eb89de000-7f3eb89fc000 rw-p 00000000 00:00 0 
7f3eb89fc000-7f3eb8a10000 rw-p 00000000 00:00 0 
7f3eb8a10000-7f3eb8b3c000 rw-p 00000000 00:00 0 
7f3eb8b3c000-7f3eb8b47000 rw-p 00000000 00:00 0 
7f3eb8b47000-7f3eb8bdd000 rw-p 00000000 00:00 0 
7f3eb8bdd000-7f3eb8bde000 rw-p 00000000 00:00 0 
7f3eb8bde000-7f3eb8e4e000 rwxp 00000000 00:00 0 
7f3eb8e4e000-7f3ebbbde000 rw-p 00000000 00:00 0 
7f3ebbbde000-7f3ebbbf8000 r-xp 00000000 08:02 10749474                   /usr/lib/jvm/jdk1.7.0_45/jre/lib/amd64/libzip.so
7f3ebbbf8000-7f3ebbdf8000 ---p 0001a000 08:02 10749474                   /usr/lib/jvm/jdk1.7.0_45/jre/lib/amd64/libzip.so
7f3ebbdf8000-7f3ebbdf9000 rw-p 0001a000 08:02 10749474                   /usr/lib/jvm/jdk1.7.0_45/jre/lib/amd64/libzip.so
7f3ebbdf9000-7f3ebbdff000 r-xp 00000000 08:02 7866684                    /lib/x86_64-linux-gnu/libnss_sss.so.2
7f3ebbdff000-7f3ebbffe000 ---p 00006000 08:02 7866684                    /lib/x86_64-linux-gnu/libnss_sss.so.2
7f3ebbffe000-7f3ebbfff000 r--p 00005000 08:02 7866684                    /lib/x86_64-linux-gnu/libnss_sss.so.2
7f3ebbfff000-7f3ebc000000 rw-p 00006000 08:02 7866684                    /lib/x86_64-linux-gnu/libnss_sss.so.2
7f3ebc000000-7f3ebc168000 rw-p 00000000 00:00 0 
7f3ebc168000-7f3ec0000000 ---p 00000000 00:00 0 
7f3ec0000000-7f3ec0001000 r--s 0000b000 00:19 24298103                   /home/se413006/NetBeansProjects/DynamicSynthesizer/dist/run1569191503/lib/jsminim.jar
7f3ec0001000-7f3ec0004000 r--s 00017000 00:19 24298101                   /home/se413006/NetBeansProjects/DynamicSynthesizer/dist/run1569191503/lib/jl1.0.jar
7f3ec0004000-7f3ec001c000 r--s 001d4000 08:02 9446271                    /usr/lib/jvm/jdk1.7.0_45/jre/lib/deploy.jar
7f3ec001c000-7f3ec0028000 r-xp 00000000 08:02 7867763                    /lib/x86_64-linux-gnu/libnss_files-2.15.so
7f3ec0028000-7f3ec0227000 ---p 0000c000 08:02 7867763                    /lib/x86_64-linux-gnu/libnss_files-2.15.so
7f3ec0227000-7f3ec0228000 r--p 0000b000 08:02 7867763                    /lib/x86_64-linux-gnu/libnss_files-2.15.so
7f3ec0228000-7f3ec0229000 rw-p 0000c000 08:02 7867763                    /lib/x86_64-linux-gnu/libnss_files-2.15.so
7f3ec0229000-7f3ec0233000 r-xp 00000000 08:02 7867767                    /lib/x86_64-linux-gnu/libnss_nis-2.15.so
7f3ec0233000-7f3ec0433000 ---p 0000a000 08:02 7867767                    /lib/x86_64-linux-gnu/libnss_nis-2.15.so
7f3ec0433000-7f3ec0434000 r--p 0000a000 08:02 7867767                    /lib/x86_64-linux-gnu/libnss_nis-2.15.so
7f3ec0434000-7f3ec0435000 rw-p 0000b000 08:02 7867767                    /lib/x86_64-linux-gnu/libnss_nis-2.15.so
7f3ec0435000-7f3ec044c000 r-xp 00000000 08:02 7867779                    /lib/x86_64-linux-gnu/libnsl-2.15.so
7f3ec044c000-7f3ec064b000 ---p 00017000 08:02 7867779                    /lib/x86_64-linux-gnu/libnsl-2.15.so
7f3ec064b000-7f3ec064c000 r--p 00016000 08:02 7867779                    /lib/x86_64-linux-gnu/libnsl-2.15.so
7f3ec064c000-7f3ec064d000 rw-p 00017000 08:02 7867779                    /lib/x86_64-linux-gnu/libnsl-2.15.so
7f3ec064d000-7f3ec064f000 rw-p 00000000 00:00 0 
7f3ec064f000-7f3ec0657000 r-xp 00000000 08:02 7867761                    /lib/x86_64-linux-gnu/libnss_compat-2.15.so
7f3ec0657000-7f3ec0856000 ---p 00008000 08:02 7867761                    /lib/x86_64-linux-gnu/libnss_compat-2.15.so
7f3ec0856000-7f3ec0857000 r--p 00007000 08:02 7867761                    /lib/x86_64-linux-gnu/libnss_compat-2.15.so
7f3ec0857000-7f3ec0858000 rw-p 00008000 08:02 7867761                    /lib/x86_64-linux-gnu/libnss_compat-2.15.so
7f3ec0858000-7f3ec0881000 r-xp 00000000 08:02 10749465                   /usr/lib/jvm/jdk1.7.0_45/jre/lib/amd64/libjava.so
7f3ec0881000-7f3ec0a81000 ---p 00029000 08:02 10749465                   /usr/lib/jvm/jdk1.7.0_45/jre/lib/amd64/libjava.so
7f3ec0a81000-7f3ec0a83000 rw-p 00029000 08:02 10749465                   /usr/lib/jvm/jdk1.7.0_45/jre/lib/amd64/libjava.so
7f3ec0a83000-7f3ec0a90000 r-xp 00000000 08:02 10749454                   /usr/lib/jvm/jdk1.7.0_45/jre/lib/amd64/libverify.so
7f3ec0a90000-7f3ec0c8f000 ---p 0000d000 08:02 10749454                   /usr/lib/jvm/jdk1.7.0_45/jre/lib/amd64/libverify.so
7f3ec0c8f000-7f3ec0c91000 rw-p 0000c000 08:02 10749454                   /usr/lib/jvm/jdk1.7.0_45/jre/lib/amd64/libverify.so
7f3ec0c91000-7f3ec0c98000 r-xp 00000000 08:02 7867766                    /lib/x86_64-linux-gnu/librt-2.15.so
7f3ec0c98000-7f3ec0e97000 ---p 00007000 08:02 7867766                    /lib/x86_64-linux-gnu/librt-2.15.so
7f3ec0e97000-7f3ec0e98000 r--p 00006000 08:02 7867766                    /lib/x86_64-linux-gnu/librt-2.15.so
7f3ec0e98000-7f3ec0e99000 rw-p 00007000 08:02 7867766                    /lib/x86_64-linux-gnu/librt-2.15.so
7f3ec0e99000-7f3ec0f94000 r-xp 00000000 08:02 7867770                    /lib/x86_64-linux-gnu/libm-2.15.so
7f3ec0f94000-7f3ec1193000 ---p 000fb000 08:02 7867770                    /lib/x86_64-linux-gnu/libm-2.15.so
7f3ec1193000-7f3ec1194000 r--p 000fa000 08:02 7867770                    /lib/x86_64-linux-gnu/libm-2.15.so
7f3ec1194000-7f3ec1195000 rw-p 000fb000 08:02 7867770                    /lib/x86_64-linux-gnu/libm-2.15.so
7f3ec1195000-7f3ec1cf7000 r-xp 00000000 08:02 10749472                   /usr/lib/jvm/jdk1.7.0_45/jre/lib/amd64/server/libjvm.so
7f3ec1cf7000-7f3ec1ef7000 ---p 00b62000 08:02 10749472                   /usr/lib/jvm/jdk1.7.0_45/jre/lib/amd64/server/libjvm.so
7f3ec1ef7000-7f3ec1fba000 rw-p 00b62000 08:02 10749472                   /usr/lib/jvm/jdk1.7.0_45/jre/lib/amd64/server/libjvm.so
7f3ec1fba000-7f3ec1ffb000 rw-p 00000000 00:00 0 
7f3ec1ffb000-7f3ec21b0000 r-xp 00000000 08:02 7867759                    /lib/x86_64-linux-gnu/libc-2.15.so
7f3ec21b0000-7f3ec23b0000 ---p 001b5000 08:02 7867759                    /lib/x86_64-linux-gnu/libc-2.15.so
7f3ec23b0000-7f3ec23b4000 r--p 001b5000 08:02 7867759                    /lib/x86_64-linux-gnu/libc-2.15.so
7f3ec23b4000-7f3ec23b6000 rw-p 001b9000 08:02 7867759                    /lib/x86_64-linux-gnu/libc-2.15.so
7f3ec23b6000-7f3ec23bb000 rw-p 00000000 00:00 0 
7f3ec23bb000-7f3ec23bd000 r-xp 00000000 08:02 7867774                    /lib/x86_64-linux-gnu/libdl-2.15.so
7f3ec23bd000-7f3ec25bd000 ---p 00002000 08:02 7867774                    /lib/x86_64-linux-gnu/libdl-2.15.so
7f3ec25bd000-7f3ec25be000 r--p 00002000 08:02 7867774                    /lib/x86_64-linux-gnu/libdl-2.15.so
7f3ec25be000-7f3ec25bf000 rw-p 00003000 08:02 7867774                    /lib/x86_64-linux-gnu/libdl-2.15.so
7f3ec25bf000-7f3ec25d5000 r-xp 00000000 08:02 10748736                   /usr/lib/jvm/jdk1.7.0_45/lib/amd64/jli/libjli.so
7f3ec25d5000-7f3ec27d5000 ---p 00016000 08:02 10748736                   /usr/lib/jvm/jdk1.7.0_45/lib/amd64/jli/libjli.so
7f3ec27d5000-7f3ec27d6000 rw-p 00016000 08:02 10748736                   /usr/lib/jvm/jdk1.7.0_45/lib/amd64/jli/libjli.so
7f3ec27d6000-7f3ec27ee000 r-xp 00000000 08:02 7867768                    /lib/x86_64-linux-gnu/libpthread-2.15.so
7f3ec27ee000-7f3ec29ed000 ---p 00018000 08:02 7867768                    /lib/x86_64-linux-gnu/libpthread-2.15.so
7f3ec29ed000-7f3ec29ee000 r--p 00017000 08:02 7867768                    /lib/x86_64-linux-gnu/libpthread-2.15.so
7f3ec29ee000-7f3ec29ef000 rw-p 00018000 08:02 7867768                    /lib/x86_64-linux-gnu/libpthread-2.15.so
7f3ec29ef000-7f3ec29f3000 rw-p 00000000 00:00 0 
7f3ec29f3000-7f3ec2a15000 r-xp 00000000 08:02 7867771                    /lib/x86_64-linux-gnu/ld-2.15.so
7f3ec2a15000-7f3ec2a18000 r--s 00028000 00:19 21580459                   /home/se413006/sndobj-sndobj/jsndobj.jar
7f3ec2a18000-7f3ec2a1b000 r--s 00017000 00:19 21629910                   /home/se413006/minim/library/tritonus_share.jar
7f3ec2a1b000-7f3ec2a1c000 r--s 00002000 00:19 21629909                   /home/se413006/minim/library/tritonus_aos.jar
7f3ec2a1c000-7f3ec2a1d000 r--s 00005000 00:19 21629908                   /home/se413006/minim/library/mp3spi1.9.4.jar
7f3ec2a1d000-7f3ec2a1f000 r--s 0000d000 00:19 21629906                   /home/se413006/minim/library/minim.jar
7f3ec2a1f000-7f3ec2a20000 r--s 00000000 00:19 21629907                   /home/se413006/minim/library/minim-spi.jar
7f3ec2a20000-7f3ec2a3f000 rw-p 00000000 00:00 0 
7f3ec2a3f000-7f3ec2af5000 rw-p 00000000 00:00 0 
7f3ec2af5000-7f3ec2af8000 ---p 00000000 00:00 0 
7f3ec2af8000-7f3ec2bfa000 rw-p 00000000 00:00 0                          [stack:12684]
7f3ec2bfa000-7f3ec2bfb000 r--s 0000b000 00:19 21629905                   /home/se413006/minim/library/jsminim.jar
7f3ec2bfb000-7f3ec2c04000 r--s 00067000 08:02 9446296                    /usr/lib/jvm/jdk1.7.0_45/jre/lib/javaws.jar
7f3ec2c04000-7f3ec2c07000 r--s 00017000 00:19 21629904                   /home/se413006/minim/library/jl1.0.jar
7f3ec2c07000-7f3ec2c09000 r--s 0013d000 00:19 24134652                   /home/se413006/NetBeansProjects/DynamicSynthesizer/dist/run1569191503/DynamicSynthesizer.jar
7f3ec2c09000-7f3ec2c11000 rw-s 00000000 08:02 5242932                    /tmp/hsperfdata_se413006/12680
7f3ec2c11000-7f3ec2c12000 rw-p 00000000 00:00 0 
7f3ec2c12000-7f3ec2c13000 r--p 00000000 00:00 0 
7f3ec2c13000-7f3ec2c15000 rw-p 00000000 00:00 0 
7f3ec2c15000-7f3ec2c16000 r--p 00022000 08:02 7867771                    /lib/x86_64-linux-gnu/ld-2.15.so
7f3ec2c16000-7f3ec2c18000 rw-p 00023000 08:02 7867771                    /lib/x86_64-linux-gnu/ld-2.15.so
7fff0fb92000-7fff0fbb3000 rw-p 00000000 00:00 0                          [stack]
7fff0fbfe000-7fff0fc00000 r-xp 00000000 00:00 0                          [vdso]
ffffffffff600000-ffffffffff601000 r-xp 00000000 00:00 0                  [vsyscall]

VM Arguments:
jvm_args: -Dfile.encoding=UTF-8 
java_command: com.javafx.main.Main
Launcher Type: SUN_STANDARD

Environment Variables:
PATH=/usr/lib/lightdm/lightdm:/usr/local/sbin:/usr/local/bin:/usr/sbin:/usr/bin:/sbin:/bin:/usr/games:/var/cfengine/bin
LD_LIBRARY_PATH=/usr/lib/jvm/java-7-openjdk-amd64/jre/lib/amd64:/usr/lib/jvm/java-7-openjdk-amd64/jre/lib/i386:
SHELL=/bin/bash
DISPLAY=:0

Signal Handlers:
SIGSEGV: [libjvm.so+0x9935b0], sa_mask[0]=0x7ffbfeff, sa_flags=0x10000004
SIGBUS: [libjvm.so+0x9935b0], sa_mask[0]=0x7ffbfeff, sa_flags=0x10000004
SIGFPE: [libjvm.so+0x810330], sa_mask[0]=0x7ffbfeff, sa_flags=0x10000004
SIGPIPE: SIG_IGN, sa_mask[0]=0x00001000, sa_flags=0x10000000
SIGXFSZ: [libjvm.so+0x810330], sa_mask[0]=0x7ffbfeff, sa_flags=0x10000004
SIGILL: [libjvm.so+0x810330], sa_mask[0]=0x7ffbfeff, sa_flags=0x10000004
SIGUSR1: SIG_DFL, sa_mask[0]=0x00000000, sa_flags=0x00000000
SIGUSR2: [libjvm.so+0x811820], sa_mask[0]=0x00000004, sa_flags=0x10000004
SIGHUP: [libjvm.so+0x812790], sa_mask[0]=0x7ffbfeff, sa_flags=0x10000004
SIGINT: SIG_IGN, sa_mask[0]=0x00000000, sa_flags=0x00000000
SIGTERM: [libjvm.so+0x812790], sa_mask[0]=0x7ffbfeff, sa_flags=0x10000004
SIGQUIT: [libjvm.so+0x812790], sa_mask[0]=0x7ffbfeff, sa_flags=0x10000004


---------------  S Y S T E M  ---------------

OS:wheezy/sid

uname:Linux 3.8.0-36-generic #52~precise1-Ubuntu SMP Mon Feb 3 21:54:46 UTC 2014 x86_64
libc:glibc 2.15 NPTL 2.15 
rlimit: STACK 8192k, CORE 0k, NPROC 30580, NOFILE 4096, AS infinity
load average:0.39 0.26 0.30

/proc/meminfo:
MemTotal:        3933176 kB
MemFree:          753748 kB
Buffers:           45504 kB
Cached:          1541552 kB
SwapCached:            0 kB
Active:          1791964 kB
Inactive:        1202708 kB
Active(anon):    1297716 kB
Inactive(anon):   558716 kB
Active(file):     494248 kB
Inactive(file):   643992 kB
Unevictable:          16 kB
Mlocked:              16 kB
SwapTotal:       3945468 kB
SwapFree:        3945468 kB
Dirty:                80 kB
Writeback:             0 kB
AnonPages:       1407560 kB
Mapped:           204476 kB
Shmem:            448812 kB
Slab:              89056 kB
SReclaimable:      56964 kB
SUnreclaim:        32092 kB
KernelStack:        4328 kB
PageTables:        34912 kB
NFS_Unstable:          0 kB
Bounce:                0 kB
WritebackTmp:          0 kB
CommitLimit:     5912056 kB
Committed_AS:    4604764 kB
VmallocTotal:   34359738367 kB
VmallocUsed:      350268 kB
VmallocChunk:   34359384848 kB
HardwareCorrupted:     0 kB
AnonHugePages:         0 kB
HugePages_Total:       0
HugePages_Free:        0
HugePages_Rsvd:        0
HugePages_Surp:        0
Hugepagesize:       2048 kB
DirectMap4k:       63488 kB
DirectMap2M:     4022272 kB


CPU:total 4 (2 cores per cpu, 2 threads per core) family 6 model 58 stepping 9, cmov, cx8, fxsr, mmx, sse, sse2, sse3, ssse3, sse4.1, sse4.2, popcnt, avx, erms, ht, tsc, tscinvbit, tscinv

/proc/cpuinfo:
processor	: 0
vendor_id	: GenuineIntel
cpu family	: 6
model		: 58
model name	: Intel(R) Core(TM) i3-3225 CPU @ 3.30GHz
stepping	: 9
microcode	: 0x16
cpu MHz		: 1600.000
cache size	: 3072 KB
physical id	: 0
siblings	: 4
core id		: 0
cpu cores	: 2
apicid		: 0
initial apicid	: 0
fpu		: yes
fpu_exception	: yes
cpuid level	: 13
wp		: yes
flags		: fpu vme de pse tsc msr pae mce cx8 apic sep mtrr pge mca cmov pat pse36 clflush dts acpi mmx fxsr sse sse2 ss ht tm pbe syscall nx rdtscp lm constant_tsc arch_perfmon pebs bts rep_good nopl xtopology nonstop_tsc aperfmperf eagerfpu pni pclmulqdq dtes64 monitor ds_cpl vmx est tm2 ssse3 cx16 xtpr pdcm pcid sse4_1 sse4_2 popcnt tsc_deadline_timer xsave avx f16c lahf_lm arat epb xsaveopt pln pts dtherm tpr_shadow vnmi flexpriority ept vpid fsgsbase smep erms
bogomips	: 6584.98
clflush size	: 64
cache_alignment	: 64
address sizes	: 36 bits physical, 48 bits virtual
power management:

processor	: 1
vendor_id	: GenuineIntel
cpu family	: 6
model		: 58
model name	: Intel(R) Core(TM) i3-3225 CPU @ 3.30GHz
stepping	: 9
microcode	: 0x16
cpu MHz		: 3300.000
cache size	: 3072 KB
physical id	: 0
siblings	: 4
core id		: 1
cpu cores	: 2
apicid		: 2
initial apicid	: 2
fpu		: yes
fpu_exception	: yes
cpuid level	: 13
wp		: yes
flags		: fpu vme de pse tsc msr pae mce cx8 apic sep mtrr pge mca cmov pat pse36 clflush dts acpi mmx fxsr sse sse2 ss ht tm pbe syscall nx rdtscp lm constant_tsc arch_perfmon pebs bts rep_good nopl xtopology nonstop_tsc aperfmperf eagerfpu pni pclmulqdq dtes64 monitor ds_cpl vmx est tm2 ssse3 cx16 xtpr pdcm pcid sse4_1 sse4_2 popcnt tsc_deadline_timer xsave avx f16c lahf_lm arat epb xsaveopt pln pts dtherm tpr_shadow vnmi flexpriority ept vpid fsgsbase smep erms
bogomips	: 6584.98
clflush size	: 64
cache_alignment	: 64
address sizes	: 36 bits physical, 48 bits virtual
power management:

processor	: 2
vendor_id	: GenuineIntel
cpu family	: 6
model		: 58
model name	: Intel(R) Core(TM) i3-3225 CPU @ 3.30GHz
stepping	: 9
microcode	: 0x16
cpu MHz		: 3300.000
cache size	: 3072 KB
physical id	: 0
siblings	: 4
core id		: 0
cpu cores	: 2
apicid		: 1
initial apicid	: 1
fpu		: yes
fpu_exception	: yes
cpuid level	: 13
wp		: yes
flags		: fpu vme de pse tsc msr pae mce cx8 apic sep mtrr pge mca cmov pat pse36 clflush dts acpi mmx fxsr sse sse2 ss ht tm pbe syscall nx rdtscp lm constant_tsc arch_perfmon pebs bts rep_good nopl xtopology nonstop_tsc aperfmperf eagerfpu pni pclmulqdq dtes64 monitor ds_cpl vmx est tm2 ssse3 cx16 xtpr pdcm pcid sse4_1 sse4_2 popcnt tsc_deadline_timer xsave avx f16c lahf_lm arat epb xsaveopt pln pts dtherm tpr_shadow vnmi flexpriority ept vpid fsgsbase smep erms
bogomips	: 6584.98
clflush size	: 64
cache_alignment	: 64
address sizes	: 36 bits physical, 48 bits virtual
power management:

processor	: 3
vendor_id	: GenuineIntel
cpu family	: 6
model		: 58
model name	: Intel(R) Core(TM) i3-3225 CPU @ 3.30GHz
stepping	: 9
microcode	: 0x16
cpu MHz		: 3200.000
cache size	: 3072 KB
physical id	: 0
siblings	: 4
core id		: 1
cpu cores	: 2
apicid		: 3
initial apicid	: 3
fpu		: yes
fpu_exception	: yes
cpuid level	: 13
wp		: yes
flags		: fpu vme de pse tsc msr pae mce cx8 apic sep mtrr pge mca cmov pat pse36 clflush dts acpi mmx fxsr sse sse2 ss ht tm pbe syscall nx rdtscp lm constant_tsc arch_perfmon pebs bts rep_good nopl xtopology nonstop_tsc aperfmperf eagerfpu pni pclmulqdq dtes64 monitor ds_cpl vmx est tm2 ssse3 cx16 xtpr pdcm pcid sse4_1 sse4_2 popcnt tsc_deadline_timer xsave avx f16c lahf_lm arat epb xsaveopt pln pts dtherm tpr_shadow vnmi flexpriority ept vpid fsgsbase smep erms
bogomips	: 6584.98
clflush size	: 64
cache_alignment	: 64
address sizes	: 36 bits physical, 48 bits virtual
power management:



Memory: 4k page, physical 3933176k(753748k free), swap 3945468k(3945468k free)

vm_info: Java HotSpot(TM) 64-Bit Server VM (24.45-b08) for linux-amd64 JRE (1.7.0_45-b18), built on Oct  8 2013 05:44:25 by "java_re" with gcc 4.3.0 20080428 (Red Hat 4.3.0-8)

time: Thu Feb 20 13:12:56 2014
elapsed time: 0 seconds

