#
# A fatal error has been detected by the Java Runtime Environment:
#
#  SIGSEGV (0xb) at pc=0x00007f6b7b951f48, pid=13012, tid=140100559435520
#
# JRE version: Java(TM) SE Runtime Environment (7.0_45-b18) (build 1.7.0_45-b18)
# Java VM: Java HotSpot(TM) 64-Bit Server VM (24.45-b08 mixed mode linux-amd64 compressed oops)
# Problematic frame:
# C  [libsndobj.so.2.6.5+0x4af48]  SndWave::Read()+0x38
#
# Failed to write core dump. Core dumps have been disabled. To enable core dumping, try "ulimit -c unlimited" before starting Java again
#
# If you would like to submit a bug report, please visit:
#   http://bugreport.sun.com/bugreport/crash.jsp
# The crash happened outside the Java Virtual Machine in native code.
# See problematic frame for where to report the bug.
#

---------------  T H R E A D  ---------------

Current thread (0x00007f6b88128000):  JavaThread "JavaFX Application Thread" [_thread_in_native, id=13036, stack(0x00007f6bb403f000,0x00007f6bb4140000)]

siginfo:si_signo=SIGSEGV: si_errno=0, si_code=1 (SEGV_MAPERR), si_addr=0x0000000000000000

Registers:
RAX=0x0000000000000000, RBX=0x00000000bfaf9480, RCX=0x0000000000000000, RDX=0x0000000000000200
RSP=0x00007f6bb413c100, RBP=0x00007f6b683ad0c0, RSI=0x00007f6bb413c1a8, RDI=0x00007f6b683ad0c0
R8 =0x00007f6bd878ca60, R9 =0x0000000000000000, R10=0x00007f6bcd012cac, R11=0x00007f6bd81fca90
R12=0x0000000000000000, R13=0x00000000bfaf9480, R14=0x0000000000000000, R15=0x00007f6b88128000
RIP=0x00007f6b7b951f48, EFLAGS=0x0000000000010246, CSGSFS=0x0000000000000033, ERR=0x0000000000000006
  TRAPNO=0x000000000000000e

Top of Stack: (sp=0x00007f6bb413c100)
0x00007f6bb413c100:   00000000bfaf9480 0000000000000000
0x00007f6bb413c110:   00000000bfaf9480 00007f6bb413c198
0x00007f6bb413c120:   0000000000000000 00000000bfaf9480
0x00007f6bb413c130:   00007f6bb413c1c8 00007f6bcd012cd8
0x00007f6bb413c140:   00007f6bcd005310 0000000000000000
0x00007f6bb413c150:   00007f6b88128000 00007f6bb413c158
0x00007f6bb413c160:   00000000bfaf9480 00007f6bb413c1c8
0x00007f6bb413c170:   00000000bfb15f50 0000000000000000
0x00007f6bb413c180:   00000000bfaf9480 0000000000000000
0x00007f6bb413c190:   00007f6bb413c1b8 00007f6bb413c210
0x00007f6bb413c1a0:   00007f6bcd006292 00000000ec1c8e18
0x00007f6bb413c1b0:   00007f6bcd00ecd2 00000000ec13bb90
0x00007f6bb413c1c0:   00007f6b683ad0c0 00000000ec13bb90
0x00007f6bb413c1d0:   00007f6bb413c1d0 00000000bfaabd05
0x00007f6bb413c1e0:   00007f6bb413c220 00000000bfab7fb0
0x00007f6bb413c1f0:   0000000000000000 00000000bfaabd10
0x00007f6bb413c200:   00007f6bb413c1b8 00007f6bb413c220
0x00007f6bb413c210:   00007f6bb413c270 00007f6bcd006292
0x00007f6bb413c220:   00000000ec13bb90 00000000ec1109f8
0x00007f6bb413c230:   00007f6bb413c230 00000000bfaa88ab
0x00007f6bb413c240:   00007f6bb413c298 00000000bfab7310
0x00007f6bb413c250:   0000000000000000 00000000bfaa89e8
0x00007f6bb413c260:   00007f6bb413c220 00007f6bb413c298
0x00007f6bb413c270:   00007f6bb413c2e0 00007f6bcd006058
0x00007f6bb413c280:   0000000000000000 0000000000000000
0x00007f6bb413c290:   0000000000000056 00000000ec1109f8
0x00007f6bb413c2a0:   00007f6bb413c2a0 00000000bf35f2cc
0x00007f6bb413c2b0:   00007f6bb413c300 00000000bf35f718
0x00007f6bb413c2c0:   0000000000000000 00000000bf35f300
0x00007f6bb413c2d0:   00007f6bb413c298 00007f6bb413c2f8
0x00007f6bb413c2e0:   00007f6bb413c348 00007f6bcd006058
0x00007f6bb413c2f0:   00000000ec0ad950 00000000ec0a0960 

Instructions: (pc=0x00007f6b7b951f48)
0x00007f6b7b951f28:   7f 52 03 74 40 8b 55 30 45 31 f6 c7 45 28 00 00
0x00007f6b7b951f38:   00 00 85 d2 7e 1f 48 8b 4d 10 31 c0 0f 1f 40 00
0x00007f6b7b951f48:   c7 04 81 00 00 00 00 48 83 c0 01 39 c2 7f f1 89
0x00007f6b7b951f58:   55 28 45 31 f6 48 83 c4 10 44 89 f0 5b 5d 41 5c 

Register to memory mapping:

RAX=0x0000000000000000 is an unknown value
RBX=0x00000000bfaf9480 is an oop
{method} 
 - klass: {other class}
RCX=0x0000000000000000 is an unknown value
RDX=0x0000000000000200 is an unknown value
RSP=0x00007f6bb413c100 is pointing into the stack for thread: 0x00007f6b88128000
RBP=0x00007f6b683ad0c0 is an unknown value
RSI=0x00007f6bb413c1a8 is pointing into the stack for thread: 0x00007f6b88128000
RDI=0x00007f6b683ad0c0 is an unknown value
R8 =0x00007f6bd878ca60: <offset 0xe37a60> in /usr/lib/jvm/jdk1.7.0_45/jre/lib/amd64/server/libjvm.so at 0x00007f6bd7955000
R9 =0x0000000000000000 is an unknown value
R10=0x00007f6bcd012cac is at code_begin+620 in an Interpreter codelet
method entry point (kind = native)  [0x00007f6bcd012a40, 0x00007f6bcd0132a0]  2144 bytes
R11=0x00007f6bd81fca90: <offset 0x8a7a90> in /usr/lib/jvm/jdk1.7.0_45/jre/lib/amd64/server/libjvm.so at 0x00007f6bd7955000
R12=0x0000000000000000 is an unknown value
R13=0x00000000bfaf9480 is an oop
{method} 
 - klass: {other class}
R14=0x0000000000000000 is an unknown value
R15=0x00007f6b88128000 is a thread


Stack: [0x00007f6bb403f000,0x00007f6bb4140000],  sp=0x00007f6bb413c100,  free space=1012k
Native frames: (J=compiled Java code, j=interpreted, Vv=VM code, C=native code)
C  [libsndobj.so.2.6.5+0x4af48]  SndWave::Read()+0x38

Java frames: (J=compiled Java code, j=interpreted, Vv=VM code)
j  JSndObj.jsndobjJNI.SndWave_Read(JLJSndObj/SndWave;)S+0
j  JSndObj.SndWave.Read()S+5
j  synthesizer.SndAnalysis.analSound()V+27
j  synthesizer.Synthesizer$1.handle(Ljavafx/event/ActionEvent;)V+44
j  synthesizer.Synthesizer$1.handle(Ljavafx/event/Event;)V+5
j  com.sun.javafx.event.CompositeEventHandler.dispatchBubblingEvent(Ljavafx/event/Event;)V+62
j  com.sun.javafx.event.EventHandlerManager.dispatchBubblingEvent(Ljavafx/event/EventType;Ljavafx/event/Event;)Ljavafx/event/Event;+29
j  com.sun.javafx.event.EventHandlerManager.dispatchBubblingEvent(Ljavafx/event/Event;)Ljavafx/event/Event;+8
j  com.sun.javafx.event.CompositeEventDispatcher.dispatchBubblingEvent(Ljavafx/event/Event;)Ljavafx/event/Event;+11
j  com.sun.javafx.event.BasicEventDispatcher.dispatchEvent(Ljavafx/event/Event;Ljavafx/event/EventDispatchChain;)Ljavafx/event/Event;+29
j  com.sun.javafx.event.EventDispatchChainImpl.dispatchEvent(Ljavafx/event/Event;)Ljavafx/event/Event;+69
j  com.sun.javafx.event.BasicEventDispatcher.dispatchEvent(Ljavafx/event/Event;Ljavafx/event/EventDispatchChain;)Ljavafx/event/Event;+17
j  com.sun.javafx.event.EventDispatchChainImpl.dispatchEvent(Ljavafx/event/Event;)Ljavafx/event/Event;+69
j  com.sun.javafx.event.EventUtil.fireEventImpl(Ljavafx/event/EventDispatchChain;Ljavafx/event/EventTarget;Ljavafx/event/Event;)Ljavafx/event/Event;+10
j  com.sun.javafx.event.EventUtil.fireEvent(Ljavafx/event/EventTarget;Ljavafx/event/Event;)Ljavafx/event/Event;+37
j  javafx.event.Event.fireEvent(Ljavafx/event/EventTarget;Ljavafx/event/Event;)V+30
j  javafx.scene.Node.fireEvent(Ljavafx/event/Event;)V+86
j  javafx.scene.control.Button.fire()V+8
j  com.sun.javafx.scene.control.behavior.ButtonBehavior.mouseReleased(Ljavafx/scene/input/MouseEvent;)V+23
j  com.sun.javafx.scene.control.skin.SkinBase$4.handle(Ljavafx/scene/input/MouseEvent;)V+83
j  com.sun.javafx.scene.control.skin.SkinBase$4.handle(Ljavafx/event/Event;)V+5
j  com.sun.javafx.event.CompositeEventHandler.dispatchBubblingEvent(Ljavafx/event/Event;)V+42
j  com.sun.javafx.event.EventHandlerManager.dispatchBubblingEvent(Ljavafx/event/EventType;Ljavafx/event/Event;)Ljavafx/event/Event;+29
j  com.sun.javafx.event.EventHandlerManager.dispatchBubblingEvent(Ljavafx/event/Event;)Ljavafx/event/Event;+8
j  com.sun.javafx.event.CompositeEventDispatcher.dispatchBubblingEvent(Ljavafx/event/Event;)Ljavafx/event/Event;+11
j  com.sun.javafx.event.BasicEventDispatcher.dispatchEvent(Ljavafx/event/Event;Ljavafx/event/EventDispatchChain;)Ljavafx/event/Event;+29
j  com.sun.javafx.event.EventDispatchChainImpl.dispatchEvent(Ljavafx/event/Event;)Ljavafx/event/Event;+69
j  com.sun.javafx.event.BasicEventDispatcher.dispatchEvent(Ljavafx/event/Event;Ljavafx/event/EventDispatchChain;)Ljavafx/event/Event;+17
j  com.sun.javafx.event.EventDispatchChainImpl.dispatchEvent(Ljavafx/event/Event;)Ljavafx/event/Event;+69
j  com.sun.javafx.event.BasicEventDispatcher.dispatchEvent(Ljavafx/event/Event;Ljavafx/event/EventDispatchChain;)Ljavafx/event/Event;+17
j  com.sun.javafx.event.EventDispatchChainImpl.dispatchEvent(Ljavafx/event/Event;)Ljavafx/event/Event;+69
j  com.sun.javafx.event.EventUtil.fireEventImpl(Ljavafx/event/EventDispatchChain;Ljavafx/event/EventTarget;Ljavafx/event/Event;)Ljavafx/event/Event;+10
j  com.sun.javafx.event.EventUtil.fireEvent(Ljavafx/event/EventTarget;Ljavafx/event/Event;)Ljavafx/event/Event;+46
j  javafx.event.Event.fireEvent(Ljavafx/event/EventTarget;Ljavafx/event/Event;)V+30
j  javafx.scene.Scene$MouseHandler.process(Ljavafx/scene/input/MouseEvent;Z)V+405
j  javafx.scene.Scene$MouseHandler.process(Ljavafx/scene/input/MouseEvent;)V+3
j  javafx.scene.Scene$MouseHandler.access$1900(Ljavafx/scene/Scene$MouseHandler;Ljavafx/scene/input/MouseEvent;)V+2
j  javafx.scene.Scene.impl_processMouseEvent(Ljavafx/scene/input/MouseEvent;)V+16
j  javafx.scene.Scene$ScenePeerListener.mouseEvent(Ljava/lang/Object;)V+11
j  com.sun.javafx.tk.quantum.GlassViewEventHandler$MouseEventNotification.run()Ljava/lang/Void;+329
j  com.sun.javafx.tk.quantum.GlassViewEventHandler$MouseEventNotification.run()Ljava/lang/Object;+1
v  ~StubRoutines::call_stub
j  java.security.AccessController.doPrivileged(Ljava/security/PrivilegedAction;Ljava/security/AccessControlContext;)Ljava/lang/Object;+0
j  com.sun.javafx.tk.quantum.GlassViewEventHandler.handleMouseEvent(Lcom/sun/glass/ui/View;JIIIIIIIIZZ)V+117
j  com.sun.glass.ui.View.handleMouseEvent(JIIIIIIIIZZ)V+38
j  com.sun.glass.ui.View.notifyMouse(IIIIIIIZZ)V+184
v  ~StubRoutines::call_stub
j  com.sun.glass.ui.gtk.GtkApplication._runLoop([Ljava/lang/String;Lcom/sun/glass/ui/Launchable;Z)V+0
j  com.sun.glass.ui.gtk.GtkApplication$3$1.run()V+38
j  java.lang.Thread.run()V+11
v  ~StubRoutines::call_stub

---------------  P R O C E S S  ---------------

Java Threads: ( => current thread )
  0x00007f6b8c047800 JavaThread "Java2D Disposer" daemon [_thread_blocked, id=13038, stack(0x00007f6b84000000,0x00007f6b84101000)]
  0x00007f6b68137800 JavaThread "Prism Font Disposer" daemon [_thread_blocked, id=13037, stack(0x00007f6b84101000,0x00007f6b84202000)]
=>0x00007f6b88128000 JavaThread "JavaFX Application Thread" [_thread_in_native, id=13036, stack(0x00007f6bb403f000,0x00007f6bb4140000)]
  0x00007f6b88127800 JavaThread "Thread-3" daemon [_thread_blocked, id=13035, stack(0x00007f6bc403e000,0x00007f6bc413f000)]
  0x00007f6b88089000 JavaThread "Disposer" daemon [_thread_blocked, id=13032, stack(0x00007f6bcc0d5000,0x00007f6bcc1d6000)]
  0x00007f6b88088000 JavaThread "QuantumRenderer-0" daemon [_thread_blocked, id=13031, stack(0x00007f6bcc933000,0x00007f6bcca34000)]
  0x00007f6bd0130000 JavaThread "JavaFX-Launcher" [_thread_blocked, id=13030, stack(0x00007f6bcca3f000,0x00007f6bccb40000)]
  0x00007f6bd0116800 JavaThread "traceMsgQueueThread" daemon [_thread_blocked, id=13029, stack(0x00007f6bccd70000,0x00007f6bcce71000)]
  0x00007f6bd0096000 JavaThread "Service Thread" daemon [_thread_blocked, id=13027, stack(0x00007f6bd407c000,0x00007f6bd417d000)]
  0x00007f6bd0094000 JavaThread "C2 CompilerThread1" daemon [_thread_blocked, id=13026, stack(0x00007f6bd417d000,0x00007f6bd427e000)]
  0x00007f6bd0091000 JavaThread "C2 CompilerThread0" daemon [_thread_in_native, id=13025, stack(0x00007f6bd427e000,0x00007f6bd437f000)]
  0x00007f6bd0086800 JavaThread "Signal Dispatcher" daemon [_thread_blocked, id=13024, stack(0x00007f6bd437f000,0x00007f6bd4480000)]
  0x00007f6bd0070800 JavaThread "Finalizer" daemon [_thread_blocked, id=13023, stack(0x00007f6bd4480000,0x00007f6bd4581000)]
  0x00007f6bd006c800 JavaThread "Reference Handler" daemon [_thread_blocked, id=13022, stack(0x00007f6bd4581000,0x00007f6bd4682000)]
  0x00007f6bd000a800 JavaThread "main" [_thread_blocked, id=13016, stack(0x00007f6bd92b5000,0x00007f6bd93b6000)]

Other Threads:
  0x00007f6bd006a000 VMThread [stack: 0x00007f6bd4682000,0x00007f6bd4783000] [id=13021]
  0x00007f6bd00a1000 WatcherThread [stack: 0x00007f6bcceff000,0x00007f6bcd000000] [id=13028]

VM state:not at safepoint (normal execution)

VM Mutex/Monitor currently owned by a thread: None

Heap
 PSYoungGen      total 33280K, used 5814K [0x00000000ebf00000, 0x00000000ee200000, 0x0000000100000000)
  eden space 30720K, 10% used [0x00000000ebf00000,0x00000000ec22fcb0,0x00000000edd00000)
  from space 2560K, 99% used [0x00000000edf80000,0x00000000ee1fdce8,0x00000000ee200000)
  to   space 2560K, 0% used [0x00000000edd00000,0x00000000edd00000,0x00000000edf80000)
 ParOldGen       total 40960K, used 7365K [0x00000000c3e00000, 0x00000000c6600000, 0x00000000ebf00000)
  object space 40960K, 17% used [0x00000000c3e00000,0x00000000c4531770,0x00000000c6600000)
 PSPermGen       total 21504K, used 15460K [0x00000000bec00000, 0x00000000c0100000, 0x00000000c3e00000)
  object space 21504K, 71% used [0x00000000bec00000,0x00000000bfb192b8,0x00000000c0100000)

Card table byte_map: [0x00007f6bd61af000,0x00007f6bd63ba000] byte_map_base: 0x00007f6bd5bb9000

Polling page: 0x00007f6bd93d2000

Code Cache  [0x00007f6bcd000000, 0x00007f6bcd270000, 0x00007f6bd0000000)
 total_blobs=884 nmethods=101 adapters=736 free_code_cache=48188Kb largest_free_block=49337728

Compilation events (10 events):
Event: 1.166 Thread 0x00007f6bd0094000   98             sun.java2d.loops.CompositeType::getSuperType (5 bytes)
Event: 1.166 Thread 0x00007f6bd0094000 nmethod 98 0x00007f6bcd0d8390 code [0x00007f6bcd0d84c0, 0x00007f6bcd0d8518]
Event: 1.166 Thread 0x00007f6bd0094000   99             java.awt.MultipleGradientPaintContext::interpolate (202 bytes)
Event: 1.168 Thread 0x00007f6bd0091000 nmethod 96 0x00007f6bcd0c4cd0 code [0x00007f6bcd0c4e80, 0x00007f6bcd0c52d8]
Event: 1.172 Thread 0x00007f6bd0094000 nmethod 99 0x00007f6bcd0d9290 code [0x00007f6bcd0d9440, 0x00007f6bcd0d99f8]
Event: 2.124 Thread 0x00007f6bd0091000  100             java.util.HashMap::transfer (115 bytes)
Event: 2.130 Thread 0x00007f6bd0091000 nmethod 100 0x00007f6bcd0cb9d0 code [0x00007f6bcd0cbb40, 0x00007f6bcd0cbe48]
Event: 5.751 Thread 0x00007f6bd0094000  101             java.lang.String::startsWith (7 bytes)
Event: 5.754 Thread 0x00007f6bd0094000 nmethod 101 0x00007f6bcd0d9c50 code [0x00007f6bcd0d9da0, 0x00007f6bcd0d9e98]
Event: 5.755 Thread 0x00007f6bd0091000  102   !         java.net.URL::<init> (543 bytes)

GC Heap History (4 events):
Event: 0.527 GC heap before
{Heap before GC invocations=1 (full 0):
 PSYoungGen      total 17920K, used 15360K [0x00000000ebf00000, 0x00000000ed300000, 0x0000000100000000)
  eden space 15360K, 100% used [0x00000000ebf00000,0x00000000ece00000,0x00000000ece00000)
  from space 2560K, 0% used [0x00000000ed080000,0x00000000ed080000,0x00000000ed300000)
  to   space 2560K, 0% used [0x00000000ece00000,0x00000000ece00000,0x00000000ed080000)
 ParOldGen       total 40960K, used 0K [0x00000000c3e00000, 0x00000000c6600000, 0x00000000ebf00000)
  object space 40960K, 0% used [0x00000000c3e00000,0x00000000c3e00000,0x00000000c6600000)
 PSPermGen       total 21504K, used 8470K [0x00000000bec00000, 0x00000000c0100000, 0x00000000c3e00000)
  object space 21504K, 39% used [0x00000000bec00000,0x00000000bf445870,0x00000000c0100000)
Event: 0.533 GC heap after
Heap after GC invocations=1 (full 0):
 PSYoungGen      total 17920K, used 2413K [0x00000000ebf00000, 0x00000000ee200000, 0x0000000100000000)
  eden space 15360K, 0% used [0x00000000ebf00000,0x00000000ebf00000,0x00000000ece00000)
  from space 2560K, 94% used [0x00000000ece00000,0x00000000ed05b7a8,0x00000000ed080000)
  to   space 2560K, 0% used [0x00000000edf80000,0x00000000edf80000,0x00000000ee200000)
 ParOldGen       total 40960K, used 1765K [0x00000000c3e00000, 0x00000000c6600000, 0x00000000ebf00000)
  object space 40960K, 4% used [0x00000000c3e00000,0x00000000c3fb9750,0x00000000c6600000)
 PSPermGen       total 21504K, used 8470K [0x00000000bec00000, 0x00000000c0100000, 0x00000000c3e00000)
  object space 21504K, 39% used [0x00000000bec00000,0x00000000bf445870,0x00000000c0100000)
}
Event: 1.022 GC heap before
{Heap before GC invocations=2 (full 0):
 PSYoungGen      total 17920K, used 17773K [0x00000000ebf00000, 0x00000000ee200000, 0x0000000100000000)
  eden space 15360K, 100% used [0x00000000ebf00000,0x00000000ece00000,0x00000000ece00000)
  from space 2560K, 94% used [0x00000000ece00000,0x00000000ed05b7a8,0x00000000ed080000)
  to   space 2560K, 0% used [0x00000000edf80000,0x00000000edf80000,0x00000000ee200000)
 ParOldGen       total 40960K, used 1765K [0x00000000c3e00000, 0x00000000c6600000, 0x00000000ebf00000)
  object space 40960K, 4% used [0x00000000c3e00000,0x00000000c3fb9750,0x00000000c6600000)
 PSPermGen       total 21504K, used 14538K [0x00000000bec00000, 0x00000000c0100000, 0x00000000c3e00000)
  object space 21504K, 67% used [0x00000000bec00000,0x00000000bfa32b10,0x00000000c0100000)
Event: 1.030 GC heap after
Heap after GC invocations=2 (full 0):
 PSYoungGen      total 33280K, used 2551K [0x00000000ebf00000, 0x00000000ee200000, 0x0000000100000000)
  eden space 30720K, 0% used [0x00000000ebf00000,0x00000000ebf00000,0x00000000edd00000)
  from space 2560K, 99% used [0x00000000edf80000,0x00000000ee1fdce8,0x00000000ee200000)
  to   space 2560K, 0% used [0x00000000edd00000,0x00000000edd00000,0x00000000edf80000)
 ParOldGen       total 40960K, used 7365K [0x00000000c3e00000, 0x00000000c6600000, 0x00000000ebf00000)
  object space 40960K, 17% used [0x00000000c3e00000,0x00000000c4531770,0x00000000c6600000)
 PSPermGen       total 21504K, used 14538K [0x00000000bec00000, 0x00000000c0100000, 0x00000000c3e00000)
  object space 21504K, 67% used [0x00000000bec00000,0x00000000bfa32b10,0x00000000c0100000)
}

Deoptimization events (10 events):
Event: 0.726 Thread 0x00007f6b88128000 Uncommon trap: reason=bimorphic action=maybe_recompile pc=0x00007f6bcd092584 method=java.util.Collections$UnmodifiableList.get(I)Ljava/lang/Object; @ 5
Event: 0.726 Thread 0x00007f6b88128000 Uncommon trap: reason=bimorphic action=maybe_recompile pc=0x00007f6bcd0954a4 method=java.util.Collections$UnmodifiableCollection.size()I @ 4
Event: 0.762 Thread 0x00007f6b88128000 Uncommon trap: reason=bimorphic action=maybe_recompile pc=0x00007f6bcd0795a8 method=java.util.HashMap.getEntry(Ljava/lang/Object;)Ljava/util/HashMap$Entry; @ 68
Event: 0.794 Thread 0x00007f6b88128000 Uncommon trap: reason=null_check action=make_not_entrant pc=0x00007f6bcd0abcc4 method=com.sun.javafx.css.SimpleSelector.mightApply(Ljava/lang/String;Ljava/lang/String;Ljava/util/List;)Z @ 29
Event: 0.820 Thread 0x00007f6b88128000 Uncommon trap: reason=predicate action=maybe_recompile pc=0x00007f6bcd0a47b0 method=java.util.Arrays.fill([Ljava/lang/Object;Ljava/lang/Object;)V @ 10
Event: 0.824 Thread 0x00007f6b88128000 Uncommon trap: reason=class_check action=maybe_recompile pc=0x00007f6bcd07c238 method=java.io.DataInputStream.readByte()B @ 4
Event: 0.824 Thread 0x00007f6b88128000 Uncommon trap: reason=class_check action=maybe_recompile pc=0x00007f6bcd07c238 method=java.io.DataInputStream.readByte()B @ 4
Event: 0.824 Thread 0x00007f6b88128000 Uncommon trap: reason=class_check action=maybe_recompile pc=0x00007f6bcd07c238 method=java.io.DataInputStream.readByte()B @ 4
Event: 0.824 Thread 0x00007f6b88128000 Uncommon trap: reason=class_check action=maybe_recompile pc=0x00007f6bcd07c238 method=java.io.DataInputStream.readByte()B @ 4
Event: 0.945 Thread 0x00007f6b88088000 Uncommon trap: reason=bimorphic action=maybe_recompile pc=0x00007f6bcd0954a4 method=java.util.Collections$UnmodifiableCollection.size()I @ 4

Internal exceptions (10 events):
Event: 0.725 Thread 0x00007f6b88128000 Threw 0x00000000ec4bac50 at /HUDSON/workspace/7u-2-build-linux-amd64/jdk7u45/229/hotspot/src/share/vm/prims/jvm.cpp:1244
Event: 0.726 Thread 0x00007f6b88128000 Threw 0x00000000ec4c3d68 at /HUDSON/workspace/7u-2-build-linux-amd64/jdk7u45/229/hotspot/src/share/vm/prims/jvm.cpp:1244
Event: 0.726 Thread 0x00007f6b88128000 Threw 0x00000000ec4ca8e0 at /HUDSON/workspace/7u-2-build-linux-amd64/jdk7u45/229/hotspot/src/share/vm/prims/jvm.cpp:1244
Event: 0.794 Thread 0x00007f6b88128000 Implicit null exception at 0x00007f6bcd0a98d2 to 0x00007f6bcd0abc15
Event: 0.945 Thread 0x00007f6b88088000 Threw 0x00000000ec9123c0 at /HUDSON/workspace/7u-2-build-linux-amd64/jdk7u45/229/hotspot/src/share/vm/prims/jni.cpp:717
Event: 0.945 Thread 0x00007f6b88088000 Threw 0x00000000ec912bd8 at /HUDSON/workspace/7u-2-build-linux-amd64/jdk7u45/229/hotspot/src/share/vm/prims/jni.cpp:717
Event: 0.946 Thread 0x00007f6b88088000 Threw 0x00000000ec914c40 at /HUDSON/workspace/7u-2-build-linux-amd64/jdk7u45/229/hotspot/src/share/vm/prims/jvm.cpp:1244
Event: 0.948 Thread 0x00007f6b88088000 Threw 0x00000000ecd14150 at /HUDSON/workspace/7u-2-build-linux-amd64/jdk7u45/229/hotspot/src/share/vm/prims/jvm.cpp:1244
Event: 0.948 Thread 0x00007f6b88088000 Threw 0x00000000ecd16590 at /HUDSON/workspace/7u-2-build-linux-amd64/jdk7u45/229/hotspot/src/share/vm/prims/jvm.cpp:1244
Event: 0.948 Thread 0x00007f6b88088000 Threw 0x00000000ecd18098 at /HUDSON/workspace/7u-2-build-linux-amd64/jdk7u45/229/hotspot/src/share/vm/prims/jvm.cpp:1244

Events (10 events):
Event: 5.754 loading class 0x00007f6b68380d10
Event: 5.754 loading class 0x00007f6b68380d10 done
Event: 5.755 loading class 0x00007f6b68263550
Event: 5.755 loading class 0x00007f6b68263550 done
Event: 5.755 loading class 0x00007f6b682993a0
Event: 5.755 loading class 0x00007f6b682993a0 done
Event: 5.763 loading class 0x00007f6bd59c0c90
Event: 5.763 loading class 0x00007f6bd59c0c90 done
Event: 5.765 loading class 0x00007f6b682a7730
Event: 5.765 loading class 0x00007f6b682a7730 done


Dynamic libraries:
00400000-00401000 r-xp 00000000 08:02 9176824                            /usr/lib/jvm/jdk1.7.0_45/bin/java
00600000-00601000 rw-p 00000000 08:02 9176824                            /usr/lib/jvm/jdk1.7.0_45/bin/java
00ee2000-00f03000 rw-p 00000000 00:00 0                                  [heap]
bec00000-c0100000 rw-p 00000000 00:00 0 
c0100000-c3e00000 rw-p 00000000 00:00 0 
c3e00000-c6600000 rw-p 00000000 00:00 0 
c6600000-ebf00000 rw-p 00000000 00:00 0 
ebf00000-ee200000 rw-p 00000000 00:00 0 
ee200000-100000000 rw-p 00000000 00:00 0 
7f6b3c000000-7f6b3c022000 rw-p 00000000 00:00 0 
7f6b3c022000-7f6b40000000 ---p 00000000 00:00 0 
7f6b40000000-7f6b40022000 rw-p 00000000 00:00 0 
7f6b40022000-7f6b44000000 ---p 00000000 00:00 0 
7f6b44000000-7f6b44022000 rw-p 00000000 00:00 0 
7f6b44022000-7f6b48000000 ---p 00000000 00:00 0 
7f6b48000000-7f6b48022000 rw-p 00000000 00:00 0 
7f6b48022000-7f6b4c000000 ---p 00000000 00:00 0 
7f6b4c000000-7f6b4c022000 rw-p 00000000 00:00 0 
7f6b4c022000-7f6b50000000 ---p 00000000 00:00 0 
7f6b51ffc000-7f6b51ffd000 ---p 00000000 00:00 0 
7f6b51ffd000-7f6b527fd000 rw-p 00000000 00:00 0 
7f6b527fd000-7f6b527fe000 ---p 00000000 00:00 0 
7f6b527fe000-7f6b52ffe000 rw-p 00000000 00:00 0                          [stack:13048]
7f6b537ff000-7f6b53800000 ---p 00000000 00:00 0 
7f6b53800000-7f6b54000000 rw-p 00000000 00:00 0 
7f6b54000000-7f6b54022000 rw-p 00000000 00:00 0 
7f6b54022000-7f6b58000000 ---p 00000000 00:00 0 
7f6b58000000-7f6b58022000 rw-p 00000000 00:00 0 
7f6b58022000-7f6b5c000000 ---p 00000000 00:00 0 
7f6b5c000000-7f6b5c022000 rw-p 00000000 00:00 0 
7f6b5c022000-7f6b60000000 ---p 00000000 00:00 0 
7f6b60000000-7f6b60021000 rw-p 00000000 00:00 0 
7f6b60021000-7f6b64000000 ---p 00000000 00:00 0 
7f6b649bf000-7f6b649c0000 ---p 00000000 00:00 0 
7f6b649c0000-7f6b651c0000 rw-p 00000000 00:00 0 
7f6b651c0000-7f6b651c2000 r-xp 00000000 08:02 6030445                    /usr/lib/x86_64-linux-gnu/pango/1.6.0/modules/pango-basic-fc.so
7f6b651c2000-7f6b653c1000 ---p 00002000 08:02 6030445                    /usr/lib/x86_64-linux-gnu/pango/1.6.0/modules/pango-basic-fc.so
7f6b653c1000-7f6b653c2000 r--p 00001000 08:02 6030445                    /usr/lib/x86_64-linux-gnu/pango/1.6.0/modules/pango-basic-fc.so
7f6b653c2000-7f6b653c3000 rw-p 00002000 08:02 6030445                    /usr/lib/x86_64-linux-gnu/pango/1.6.0/modules/pango-basic-fc.so
7f6b653c3000-7f6b653dd000 r-xp 00000000 08:02 5903403                    /usr/lib/x86_64-linux-gnu/libdbusmenu-glib.so.4.0.13
7f6b653dd000-7f6b655dc000 ---p 0001a000 08:02 5903403                    /usr/lib/x86_64-linux-gnu/libdbusmenu-glib.so.4.0.13
7f6b655dc000-7f6b655dd000 r--p 00019000 08:02 5903403                    /usr/lib/x86_64-linux-gnu/libdbusmenu-glib.so.4.0.13
7f6b655dd000-7f6b655de000 rw-p 0001a000 08:02 5903403                    /usr/lib/x86_64-linux-gnu/libdbusmenu-glib.so.4.0.13
7f6b655de000-7f6b655f0000 r-xp 00000000 08:02 5903449                    /usr/lib/x86_64-linux-gnu/libdbusmenu-gtk.so.4.0.13
7f6b655f0000-7f6b657ef000 ---p 00012000 08:02 5903449                    /usr/lib/x86_64-linux-gnu/libdbusmenu-gtk.so.4.0.13
7f6b657ef000-7f6b657f0000 r--p 00011000 08:02 5903449                    /usr/lib/x86_64-linux-gnu/libdbusmenu-gtk.so.4.0.13
7f6b657f0000-7f6b657f1000 rw-p 00012000 08:02 5903449                    /usr/lib/x86_64-linux-gnu/libdbusmenu-gtk.so.4.0.13
7f6b657f1000-7f6b657f6000 r-xp 00000000 08:02 6030473                    /usr/lib/x86_64-linux-gnu/gtk-2.0/2.10.0/menuproxies/libappmenu.so
7f6b657f6000-7f6b659f5000 ---p 00005000 08:02 6030473                    /usr/lib/x86_64-linux-gnu/gtk-2.0/2.10.0/menuproxies/libappmenu.so
7f6b659f5000-7f6b659f6000 r--p 00004000 08:02 6030473                    /usr/lib/x86_64-linux-gnu/gtk-2.0/2.10.0/menuproxies/libappmenu.so
7f6b659f6000-7f6b659f7000 rw-p 00005000 08:02 6030473                    /usr/lib/x86_64-linux-gnu/gtk-2.0/2.10.0/menuproxies/libappmenu.so
7f6b65f9e000-7f6b65ff7000 r-xp 00000000 08:02 5913470                    /usr/lib/lib_jsndobj.so
7f6b65ff7000-7f6b661f6000 ---p 00059000 08:02 5913470                    /usr/lib/lib_jsndobj.so
7f6b661f6000-7f6b661f7000 r--p 00058000 08:02 5913470                    /usr/lib/lib_jsndobj.so
7f6b661f7000-7f6b661f8000 rw-p 00059000 08:02 5913470                    /usr/lib/lib_jsndobj.so
7f6b661f8000-7f6b661f9000 ---p 00000000 00:00 0 
7f6b661f9000-7f6b669f9000 rw-p 00000000 00:00 0 
7f6b669f9000-7f6b66b4a000 r-xp 00000000 08:02 5903380                    /usr/lib/x86_64-linux-gnu/libxml2.so.2.7.8
7f6b66b4a000-7f6b66d4a000 ---p 00151000 08:02 5903380                    /usr/lib/x86_64-linux-gnu/libxml2.so.2.7.8
7f6b66d4a000-7f6b66d52000 r--p 00151000 08:02 5903380                    /usr/lib/x86_64-linux-gnu/libxml2.so.2.7.8
7f6b66d52000-7f6b66d54000 rw-p 00159000 08:02 5903380                    /usr/lib/x86_64-linux-gnu/libxml2.so.2.7.8
7f6b66d54000-7f6b66d55000 rw-p 00000000 00:00 0 
7f6b66d55000-7f6b68000000 r--p 00000000 08:02 6172673                    /usr/share/icons/hicolor/icon-theme.cache
7f6b68000000-7f6b68473000 rw-p 00000000 00:00 0 
7f6b68473000-7f6b6c000000 ---p 00000000 00:00 0 
7f6b6c000000-7f6b6c021000 rw-p 00000000 00:00 0 
7f6b6c021000-7f6b70000000 ---p 00000000 00:00 0 
7f6b70000000-7f6b70021000 rw-p 00000000 00:00 0 
7f6b70021000-7f6b74000000 ---p 00000000 00:00 0 
7f6b74000000-7f6b74022000 rw-p 00000000 00:00 0 
7f6b74022000-7f6b78000000 ---p 00000000 00:00 0 
7f6b780a7000-7f6b780f9000 r--p 00000000 08:02 9046012                    /usr/share/fonts/truetype/ubuntu-font-family/Ubuntu-B.ttf
7f6b780f9000-7f6b78159000 rw-s 00000000 00:04 1237647370                 /SYSV00000000 (deleted)
7f6b78159000-7f6b781b0000 r--p 00000000 08:02 9046010                    /usr/share/fonts/truetype/ubuntu-font-family/Ubuntu-R.ttf
7f6b781b0000-7f6b781e7000 r-xp 00000000 08:02 5903855                    /usr/lib/x86_64-linux-gnu/libcroco-0.6.so.3.0.1
7f6b781e7000-7f6b783e6000 ---p 00037000 08:02 5903855                    /usr/lib/x86_64-linux-gnu/libcroco-0.6.so.3.0.1
7f6b783e6000-7f6b783e9000 r--p 00036000 08:02 5903855                    /usr/lib/x86_64-linux-gnu/libcroco-0.6.so.3.0.1
7f6b783e9000-7f6b783ea000 rw-p 00039000 08:02 5903855                    /usr/lib/x86_64-linux-gnu/libcroco-0.6.so.3.0.1
7f6b783ea000-7f6b7841e000 r-xp 00000000 08:02 5903857                    /usr/lib/x86_64-linux-gnu/librsvg-2.so.2.36.1
7f6b7841e000-7f6b7861d000 ---p 00034000 08:02 5903857                    /usr/lib/x86_64-linux-gnu/librsvg-2.so.2.36.1
7f6b7861d000-7f6b7861e000 r--p 00033000 08:02 5903857                    /usr/lib/x86_64-linux-gnu/librsvg-2.so.2.36.1
7f6b7861e000-7f6b7861f000 rw-p 00034000 08:02 5903857                    /usr/lib/x86_64-linux-gnu/librsvg-2.so.2.36.1
7f6b7861f000-7f6b78621000 r-xp 00000000 08:02 6033119                    /usr/lib/x86_64-linux-gnu/gdk-pixbuf-2.0/2.10.0/loaders/libpixbufloader-svg.so
7f6b78621000-7f6b78820000 ---p 00002000 08:02 6033119                    /usr/lib/x86_64-linux-gnu/gdk-pixbuf-2.0/2.10.0/loaders/libpixbufloader-svg.so
7f6b78820000-7f6b78821000 r--p 00001000 08:02 6033119                    /usr/lib/x86_64-linux-gnu/gdk-pixbuf-2.0/2.10.0/loaders/libpixbufloader-svg.so
7f6b78821000-7f6b78822000 rw-p 00002000 08:02 6033119                    /usr/lib/x86_64-linux-gnu/gdk-pixbuf-2.0/2.10.0/loaders/libpixbufloader-svg.so
7f6b78822000-7f6b7883e000 r--s 00000000 08:02 6033531                    /usr/share/mime/mime.cache
7f6b7883e000-7f6b79129000 r--p 00000000 08:02 6300108                    /usr/share/icons/gnome/icon-theme.cache
7f6b79129000-7f6b79212000 r--p 00000000 08:02 6165433                    /usr/share/icons/Humanity/icon-theme.cache
7f6b79212000-7f6b79235000 r--p 00000000 08:02 7215041                    /usr/share/icons/ubuntu-mono-dark/icon-theme.cache
7f6b79235000-7f6b79245000 r-xp 00000000 08:02 6033371                    /usr/lib/x86_64-linux-gnu/gio/modules/libgioremote-volume-monitor.so
7f6b79245000-7f6b79444000 ---p 00010000 08:02 6033371                    /usr/lib/x86_64-linux-gnu/gio/modules/libgioremote-volume-monitor.so
7f6b79444000-7f6b79445000 r--p 0000f000 08:02 6033371                    /usr/lib/x86_64-linux-gnu/gio/modules/libgioremote-volume-monitor.so
7f6b79445000-7f6b79446000 rw-p 00010000 08:02 6033371                    /usr/lib/x86_64-linux-gnu/gio/modules/libgioremote-volume-monitor.so
7f6b79446000-7f6b79452000 r-xp 00000000 08:02 7864410                    /lib/x86_64-linux-gnu/libudev.so.0.13.0
7f6b79452000-7f6b79651000 ---p 0000c000 08:02 7864410                    /lib/x86_64-linux-gnu/libudev.so.0.13.0
7f6b79651000-7f6b79652000 r--p 0000b000 08:02 7864410                    /lib/x86_64-linux-gnu/libudev.so.0.13.0
7f6b79652000-7f6b79653000 rw-p 0000c000 08:02 7864410                    /lib/x86_64-linux-gnu/libudev.so.0.13.0
7f6b79653000-7f6b79695000 r-xp 00000000 08:02 7864396                    /lib/x86_64-linux-gnu/libdbus-1.so.3.5.8
7f6b79695000-7f6b79895000 ---p 00042000 08:02 7864396                    /lib/x86_64-linux-gnu/libdbus-1.so.3.5.8
7f6b79895000-7f6b79896000 r--p 00042000 08:02 7864396                    /lib/x86_64-linux-gnu/libdbus-1.so.3.5.8
7f6b79896000-7f6b79897000 rw-p 00043000 08:02 7864396                    /lib/x86_64-linux-gnu/libdbus-1.so.3.5.8
7f6b798b0000-7f6b798c6000 r-xp 00000000 08:02 6686470                    /usr/lib/x86_64-linux-gnu/gvfs/libgvfscommon.so
7f6b798c6000-7f6b79ac5000 ---p 00016000 08:02 6686470                    /usr/lib/x86_64-linux-gnu/gvfs/libgvfscommon.so
7f6b79ac5000-7f6b79ac6000 r--p 00015000 08:02 6686470                    /usr/lib/x86_64-linux-gnu/gvfs/libgvfscommon.so
7f6b79ac6000-7f6b79ac7000 rw-p 00016000 08:02 6686470                    /usr/lib/x86_64-linux-gnu/gvfs/libgvfscommon.so
7f6b79ac7000-7f6b79aef000 r-xp 00000000 08:02 6033370                    /usr/lib/x86_64-linux-gnu/gio/modules/libgvfsdbus.so
7f6b79aef000-7f6b79cee000 ---p 00028000 08:02 6033370                    /usr/lib/x86_64-linux-gnu/gio/modules/libgvfsdbus.so
7f6b79cee000-7f6b79cef000 r--p 00027000 08:02 6033370                    /usr/lib/x86_64-linux-gnu/gio/modules/libgvfsdbus.so
7f6b79cef000-7f6b79cf0000 rw-p 00028000 08:02 6033370                    /usr/lib/x86_64-linux-gnu/gio/modules/libgvfsdbus.so
7f6b79cf0000-7f6b79d58000 r-xp 00000000 08:02 10749464                   /usr/lib/jvm/jdk1.7.0_45/jre/lib/amd64/libt2k.so
7f6b79d58000-7f6b79f58000 ---p 00068000 08:02 10749464                   /usr/lib/jvm/jdk1.7.0_45/jre/lib/amd64/libt2k.so
7f6b79f58000-7f6b79f5f000 rw-p 00068000 08:02 10749464                   /usr/lib/jvm/jdk1.7.0_45/jre/lib/amd64/libt2k.so
7f6b79f5f000-7f6b79f6f000 rw-p 00000000 00:00 0 
7f6b79f6f000-7f6b79f7f000 r-xp 00000000 08:02 10749498                   /usr/lib/jvm/jdk1.7.0_45/jre/lib/amd64/libnio.so
7f6b79f7f000-7f6b7a17f000 ---p 00010000 08:02 10749498                   /usr/lib/jvm/jdk1.7.0_45/jre/lib/amd64/libnio.so
7f6b7a17f000-7f6b7a180000 rw-p 00010000 08:02 10749498                   /usr/lib/jvm/jdk1.7.0_45/jre/lib/amd64/libnio.so
7f6b7a180000-7f6b7a187000 r-xp 00000000 08:02 7867765                    /lib/x86_64-linux-gnu/libnss_dns-2.15.so
7f6b7a187000-7f6b7a386000 ---p 00007000 08:02 7867765                    /lib/x86_64-linux-gnu/libnss_dns-2.15.so
7f6b7a386000-7f6b7a387000 r--p 00006000 08:02 7867765                    /lib/x86_64-linux-gnu/libnss_dns-2.15.so
7f6b7a387000-7f6b7a388000 rw-p 00007000 08:02 7867765                    /lib/x86_64-linux-gnu/libnss_dns-2.15.so
7f6b7a388000-7f6b7a39e000 r-xp 00000000 08:02 10749449                   /usr/lib/jvm/jdk1.7.0_45/jre/lib/amd64/libnet.so
7f6b7a39e000-7f6b7a59e000 ---p 00016000 08:02 10749449                   /usr/lib/jvm/jdk1.7.0_45/jre/lib/amd64/libnet.so
7f6b7a59e000-7f6b7a59f000 rw-p 00016000 08:02 10749449                   /usr/lib/jvm/jdk1.7.0_45/jre/lib/amd64/libnet.so
7f6b7a59f000-7f6b7a5ff000 r-xp 00000000 08:02 10749492                   /usr/lib/jvm/jdk1.7.0_45/jre/lib/amd64/libfontmanager.so
7f6b7a5ff000-7f6b7a7fe000 ---p 00060000 08:02 10749492                   /usr/lib/jvm/jdk1.7.0_45/jre/lib/amd64/libfontmanager.so
7f6b7a7fe000-7f6b7a802000 rw-p 0005f000 08:02 10749492                   /usr/lib/jvm/jdk1.7.0_45/jre/lib/amd64/libfontmanager.so
7f6b7a802000-7f6b7a813000 rw-p 00000000 00:00 0 
7f6b7a813000-7f6b7a83d000 r-xp 00000000 08:02 10749487                   /usr/lib/jvm/jdk1.7.0_45/jre/lib/amd64/libdcpr.so
7f6b7a83d000-7f6b7aa3d000 ---p 0002a000 08:02 10749487                   /usr/lib/jvm/jdk1.7.0_45/jre/lib/amd64/libdcpr.so
7f6b7aa3d000-7f6b7aa40000 rw-p 0002a000 08:02 10749487                   /usr/lib/jvm/jdk1.7.0_45/jre/lib/amd64/libdcpr.so
7f6b7aa40000-7f6b7aa90000 r-xp 00000000 08:02 10749501                   /usr/lib/jvm/jdk1.7.0_45/jre/lib/amd64/xawt/libmawt.so
7f6b7aa90000-7f6b7ac90000 ---p 00050000 08:02 10749501                   /usr/lib/jvm/jdk1.7.0_45/jre/lib/amd64/xawt/libmawt.so
7f6b7ac90000-7f6b7ac94000 rw-p 00050000 08:02 10749501                   /usr/lib/jvm/jdk1.7.0_45/jre/lib/amd64/xawt/libmawt.so
7f6b7ac94000-7f6b7ac95000 rw-p 00000000 00:00 0 
7f6b7ac95000-7f6b7ad37000 r-xp 00000000 08:02 10749457                   /usr/lib/jvm/jdk1.7.0_45/jre/lib/amd64/libawt.so
7f6b7ad37000-7f6b7af37000 ---p 000a2000 08:02 10749457                   /usr/lib/jvm/jdk1.7.0_45/jre/lib/amd64/libawt.so
7f6b7af37000-7f6b7af43000 rw-p 000a2000 08:02 10749457                   /usr/lib/jvm/jdk1.7.0_45/jre/lib/amd64/libawt.so
7f6b7af43000-7f6b7af67000 rw-p 00000000 00:00 0 
7f6b7af67000-7f6b7afbf000 r-xp 00000000 08:02 10749455                   /usr/lib/jvm/jdk1.7.0_45/jre/lib/amd64/libjavafx-font.so
7f6b7afbf000-7f6b7b1be000 ---p 00058000 08:02 10749455                   /usr/lib/jvm/jdk1.7.0_45/jre/lib/amd64/libjavafx-font.so
7f6b7b1be000-7f6b7b1c3000 r--p 00057000 08:02 10749455                   /usr/lib/jvm/jdk1.7.0_45/jre/lib/amd64/libjavafx-font.so
7f6b7b1c3000-7f6b7b1c4000 rw-p 0005c000 08:02 10749455                   /usr/lib/jvm/jdk1.7.0_45/jre/lib/amd64/libjavafx-font.so
7f6b7b1c4000-7f6b7b1c5000 rw-p 00000000 00:00 0 
7f6b7b1c5000-7f6b7b1fb000 r-xp 00000000 08:02 10749506                   /usr/lib/jvm/jdk1.7.0_45/jre/lib/amd64/libjavafx-iio.so
7f6b7b1fb000-7f6b7b3fb000 ---p 00036000 08:02 10749506                   /usr/lib/jvm/jdk1.7.0_45/jre/lib/amd64/libjavafx-iio.so
7f6b7b3fb000-7f6b7b3fc000 r--p 00036000 08:02 10749506                   /usr/lib/jvm/jdk1.7.0_45/jre/lib/amd64/libjavafx-iio.so
7f6b7b3fc000-7f6b7b3fd000 rw-p 00037000 08:02 10749506                   /usr/lib/jvm/jdk1.7.0_45/jre/lib/amd64/libjavafx-iio.so
7f6b7b3fd000-7f6b7b410000 r-xp 00000000 08:02 5903755                    /usr/lib/x86_64-linux-gnu/libjack.so.0.0.28
7f6b7b410000-7f6b7b60f000 ---p 00013000 08:02 5903755                    /usr/lib/x86_64-linux-gnu/libjack.so.0.0.28
7f6b7b60f000-7f6b7b610000 r--p 00012000 08:02 5903755                    /usr/lib/x86_64-linux-gnu/libjack.so.0.0.28
7f6b7b610000-7f6b7b611000 rw-p 00013000 08:02 5903755                    /usr/lib/x86_64-linux-gnu/libjack.so.0.0.28
7f6b7b611000-7f6b7b61a000 rw-p 00000000 00:00 0 
7f6b7b61a000-7f6b7b700000 r-xp 00000000 08:02 5903385                    /usr/lib/x86_64-linux-gnu/libasound.so.2.0.0
7f6b7b700000-7f6b7b900000 ---p 000e6000 08:02 5903385                    /usr/lib/x86_64-linux-gnu/libasound.so.2.0.0
7f6b7b900000-7f6b7b906000 r--p 000e6000 08:02 5903385                    /usr/lib/x86_64-linux-gnu/libasound.so.2.0.0
7f6b7b906000-7f6b7b907000 rw-p 000ec000 08:02 5903385                    /usr/lib/x86_64-linux-gnu/libasound.so.2.0.0
7f6b7b907000-7f6b7b9c5000 r-xp 00000000 00:19 21580457                   /home/se413006/sndobj-sndobj/lib/libsndobj.so.2.6.5
7f6b7b9c5000-7f6b7bbc5000 ---p 000be000 00:19 21580457                   /home/se413006/sndobj-sndobj/lib/libsndobj.so.2.6.5
7f6b7bbc5000-7f6b7bbc9000 r--p 000be000 00:19 21580457                   /home/se413006/sndobj-sndobj/lib/libsndobj.so.2.6.5
7f6b7bbc9000-7f6b7bbcd000 rw-p 000c2000 00:19 21580457                   /home/se413006/sndobj-sndobj/lib/libsndobj.so.2.6.5
7f6b7bbcd000-7f6b7bbd3000 r-xp 00000000 08:02 5903718                    /usr/lib/x86_64-linux-gnu/libogg.so.0.7.1
7f6b7bbd3000-7f6b7bdd2000 ---p 00006000 08:02 5903718                    /usr/lib/x86_64-linux-gnu/libogg.so.0.7.1
7f6b7bdd2000-7f6b7bdd3000 r--p 00005000 08:02 5903718                    /usr/lib/x86_64-linux-gnu/libogg.so.0.7.1
7f6b7bdd3000-7f6b7bdd4000 rw-p 00006000 08:02 5903718                    /usr/lib/x86_64-linux-gnu/libogg.so.0.7.1
7f6b7bdd4000-7f6b7bdff000 r-xp 00000000 08:02 5903728                    /usr/lib/x86_64-linux-gnu/libvorbis.so.0.4.5
7f6b7bdff000-7f6b7bffe000 ---p 0002b000 08:02 5903728                    /usr/lib/x86_64-linux-gnu/libvorbis.so.0.4.5
7f6b7bffe000-7f6b7bfff000 r--p 0002a000 08:02 5903728                    /usr/lib/x86_64-linux-gnu/libvorbis.so.0.4.5
7f6b7bfff000-7f6b7c000000 rw-p 0002b000 08:02 5903728                    /usr/lib/x86_64-linux-gnu/libvorbis.so.0.4.5
7f6b7c000000-7f6b7c021000 rw-p 00000000 00:00 0 
7f6b7c021000-7f6b80000000 ---p 00000000 00:00 0 
7f6b80000000-7f6b80021000 rw-p 00000000 00:00 0 
7f6b80021000-7f6b84000000 ---p 00000000 00:00 0 
7f6b84000000-7f6b84003000 ---p 00000000 00:00 0 
7f6b84003000-7f6b84101000 rw-p 00000000 00:00 0                          [stack:13038]
7f6b84101000-7f6b84104000 ---p 00000000 00:00 0 
7f6b84104000-7f6b84202000 rw-p 00000000 00:00 0                          [stack:13037]
7f6b84202000-7f6b8420a000 r-xp 00000000 08:02 5903501                    /usr/lib/x86_64-linux-gnu/libltdl.so.7.3.0
7f6b8420a000-7f6b8440a000 ---p 00008000 08:02 5903501                    /usr/lib/x86_64-linux-gnu/libltdl.so.7.3.0
7f6b8440a000-7f6b8440b000 r--p 00008000 08:02 5903501                    /usr/lib/x86_64-linux-gnu/libltdl.so.7.3.0
7f6b8440b000-7f6b8440c000 rw-p 00009000 08:02 5903501                    /usr/lib/x86_64-linux-gnu/libltdl.so.7.3.0
7f6b8440c000-7f6b8441c000 r-xp 00000000 08:02 5903911                    /usr/lib/x86_64-linux-gnu/libtdb.so.1.2.9
7f6b8441c000-7f6b8461b000 ---p 00010000 08:02 5903911                    /usr/lib/x86_64-linux-gnu/libtdb.so.1.2.9
7f6b8461b000-7f6b8461c000 r--p 0000f000 08:02 5903911                    /usr/lib/x86_64-linux-gnu/libtdb.so.1.2.9
7f6b8461c000-7f6b8461d000 rw-p 00010000 08:02 5903911                    /usr/lib/x86_64-linux-gnu/libtdb.so.1.2.9
7f6b8461d000-7f6b84624000 r-xp 00000000 08:02 5903913                    /usr/lib/x86_64-linux-gnu/libvorbisfile.so.3.3.4
7f6b84624000-7f6b84823000 ---p 00007000 08:02 5903913                    /usr/lib/x86_64-linux-gnu/libvorbisfile.so.3.3.4
7f6b84823000-7f6b84824000 r--p 00006000 08:02 5903913                    /usr/lib/x86_64-linux-gnu/libvorbisfile.so.3.3.4
7f6b84824000-7f6b84825000 rw-p 00007000 08:02 5903913                    /usr/lib/x86_64-linux-gnu/libvorbisfile.so.3.3.4
7f6b84825000-7f6b84834000 r-xp 00000000 08:02 5903915                    /usr/lib/x86_64-linux-gnu/libcanberra.so.0.2.5
7f6b84834000-7f6b84a33000 ---p 0000f000 08:02 5903915                    /usr/lib/x86_64-linux-gnu/libcanberra.so.0.2.5
7f6b84a33000-7f6b84a34000 r--p 0000e000 08:02 5903915                    /usr/lib/x86_64-linux-gnu/libcanberra.so.0.2.5
7f6b84a34000-7f6b84a35000 rw-p 0000f000 08:02 5903915                    /usr/lib/x86_64-linux-gnu/libcanberra.so.0.2.5
7f6b84a35000-7f6b84a39000 r-xp 00000000 08:02 5903917                    /usr/lib/x86_64-linux-gnu/libcanberra-gtk.so.0.1.8
7f6b84a39000-7f6b84c38000 ---p 00004000 08:02 5903917                    /usr/lib/x86_64-linux-gnu/libcanberra-gtk.so.0.1.8
7f6b84c38000-7f6b84c39000 r--p 00003000 08:02 5903917                    /usr/lib/x86_64-linux-gnu/libcanberra-gtk.so.0.1.8
7f6b84c39000-7f6b84c3a000 rw-p 00004000 08:02 5903917                    /usr/lib/x86_64-linux-gnu/libcanberra-gtk.so.0.1.8
7f6b84c3a000-7f6b84c3f000 r-xp 00000000 08:02 7089152                    /usr/lib/x86_64-linux-gnu/gtk-2.0/modules/libcanberra-gtk-module.so
7f6b84c3f000-7f6b84e3e000 ---p 00005000 08:02 7089152                    /usr/lib/x86_64-linux-gnu/gtk-2.0/modules/libcanberra-gtk-module.so
7f6b84e3e000-7f6b84e3f000 r--p 00004000 08:02 7089152                    /usr/lib/x86_64-linux-gnu/gtk-2.0/modules/libcanberra-gtk-module.so
7f6b84e3f000-7f6b84e40000 rw-p 00005000 08:02 7089152                    /usr/lib/x86_64-linux-gnu/gtk-2.0/modules/libcanberra-gtk-module.so
7f6b84e40000-7f6b84e6f000 r-xp 00000000 08:02 6164745                    /usr/lib/x86_64-linux-gnu/gtk-2.0/2.10.0/engines/libmurrine.so
7f6b84e6f000-7f6b8506f000 ---p 0002f000 08:02 6164745                    /usr/lib/x86_64-linux-gnu/gtk-2.0/2.10.0/engines/libmurrine.so
7f6b8506f000-7f6b85070000 r--p 0002f000 08:02 6164745                    /usr/lib/x86_64-linux-gnu/gtk-2.0/2.10.0/engines/libmurrine.so
7f6b85070000-7f6b85071000 rw-p 00030000 08:02 6164745                    /usr/lib/x86_64-linux-gnu/gtk-2.0/2.10.0/engines/libmurrine.so
7f6b85071000-7f6b85072000 ---p 00000000 00:00 0 
7f6b85072000-7f6b85872000 rw-p 00000000 00:00 0                          [stack:13034]
7f6b85872000-7f6b85873000 ---p 00000000 00:00 0 
7f6b85873000-7f6b86073000 rw-p 00000000 00:00 0                          [stack:13033]
7f6b86073000-7f6b8607a000 r-xp 00000000 08:02 6032917                    /usr/lib/x86_64-linux-gnu/gio/modules/libdconfsettings.so
7f6b8607a000-7f6b86279000 ---p 00007000 08:02 6032917                    /usr/lib/x86_64-linux-gnu/gio/modules/libdconfsettings.so
7f6b86279000-7f6b8627a000 r--p 00006000 08:02 6032917                    /usr/lib/x86_64-linux-gnu/gio/modules/libdconfsettings.so
7f6b8627a000-7f6b8627b000 rw-p 00007000 08:02 6032917                    /usr/lib/x86_64-linux-gnu/gio/modules/libdconfsettings.so
7f6b8627b000-7f6b8628b000 r-xp 00000000 08:02 5906201                    /usr/lib/liboverlay-scrollbar-0.2.so.0.0.16
7f6b8628b000-7f6b8648a000 ---p 00010000 08:02 5906201                    /usr/lib/liboverlay-scrollbar-0.2.so.0.0.16
7f6b8648a000-7f6b8648b000 r--p 0000f000 08:02 5906201                    /usr/lib/liboverlay-scrollbar-0.2.so.0.0.16
7f6b8648b000-7f6b8648c000 rw-p 00010000 08:02 5906201                    /usr/lib/liboverlay-scrollbar-0.2.so.0.0.16
7f6b8648c000-7f6b864c8000 r-xp 00000000 08:02 7864519                    /lib/x86_64-linux-gnu/libpcre.so.3.12.1
7f6b864c8000-7f6b866c7000 ---p 0003c000 08:02 7864519                    /lib/x86_64-linux-gnu/libpcre.so.3.12.1
7f6b866c7000-7f6b866c8000 r--p 0003b000 08:02 7864519                    /lib/x86_64-linux-gnu/libpcre.so.3.12.1
7f6b866c8000-7f6b866c9000 rw-p 0003c000 08:02 7864519                    /lib/x86_64-linux-gnu/libpcre.so.3.12.1
7f6b866c9000-7f6b866d0000 r-xp 00000000 08:02 5899876                    /usr/lib/x86_64-linux-gnu/libffi.so.6.0.0
7f6b866d0000-7f6b868cf000 ---p 00007000 08:02 5899876                    /usr/lib/x86_64-linux-gnu/libffi.so.6.0.0
7f6b868cf000-7f6b868d0000 r--p 00006000 08:02 5899876                    /usr/lib/x86_64-linux-gnu/libffi.so.6.0.0
7f6b868d0000-7f6b868d1000 rw-p 00007000 08:02 5899876                    /usr/lib/x86_64-linux-gnu/libffi.so.6.0.0
7f6b868d1000-7f6b868d9000 r-xp 00000000 08:02 5903421                    /usr/lib/x86_64-linux-gnu/libxcb-render.so.0.0.0
7f6b868d9000-7f6b86ad9000 ---p 00008000 08:02 5903421                    /usr/lib/x86_64-linux-gnu/libxcb-render.so.0.0.0
7f6b86ad9000-7f6b86ada000 r--p 00008000 08:02 5903421                    /usr/lib/x86_64-linux-gnu/libxcb-render.so.0.0.0
7f6b86ada000-7f6b86adb000 rw-p 00009000 08:02 5903421                    /usr/lib/x86_64-linux-gnu/libxcb-render.so.0.0.0
7f6b86adb000-7f6b86add000 r-xp 00000000 08:02 5903423                    /usr/lib/x86_64-linux-gnu/libxcb-shm.so.0.0.0
7f6b86add000-7f6b86cdc000 ---p 00002000 08:02 5903423                    /usr/lib/x86_64-linux-gnu/libxcb-shm.so.0.0.0
7f6b86cdc000-7f6b86cdd000 r--p 00001000 08:02 5903423                    /usr/lib/x86_64-linux-gnu/libxcb-shm.so.0.0.0
7f6b86cdd000-7f6b86cde000 rw-p 00002000 08:02 5903423                    /usr/lib/x86_64-linux-gnu/libxcb-shm.so.0.0.0
7f6b86cde000-7f6b86d04000 r-xp 00000000 08:02 7864508                    /lib/x86_64-linux-gnu/libpng12.so.0.46.0
7f6b86d04000-7f6b86f04000 ---p 00026000 08:02 7864508                    /lib/x86_64-linux-gnu/libpng12.so.0.46.0
7f6b86f04000-7f6b86f05000 r--p 00026000 08:02 7864508                    /lib/x86_64-linux-gnu/libpng12.so.0.46.0
7f6b86f05000-7f6b86f06000 rw-p 00027000 08:02 7864508                    /lib/x86_64-linux-gnu/libpng12.so.0.46.0
7f6b86f06000-7f6b86f96000 r-xp 00000000 08:02 5901514                    /usr/lib/x86_64-linux-gnu/libpixman-1.so.0.30.2
7f6b86f96000-7f6b87195000 ---p 00090000 08:02 5901514                    /usr/lib/x86_64-linux-gnu/libpixman-1.so.0.30.2
7f6b87195000-7f6b8719c000 r--p 0008f000 08:02 5901514                    /usr/lib/x86_64-linux-gnu/libpixman-1.so.0.30.2
7f6b8719c000-7f6b8719d000 rw-p 00096000 08:02 5901514                    /usr/lib/x86_64-linux-gnu/libpixman-1.so.0.30.2
7f6b8719d000-7f6b871b5000 r-xp 00000000 08:02 7867764                    /lib/x86_64-linux-gnu/libresolv-2.15.so
7f6b871b5000-7f6b873b5000 ---p 00018000 08:02 7867764                    /lib/x86_64-linux-gnu/libresolv-2.15.so
7f6b873b5000-7f6b873b6000 r--p 00018000 08:02 7867764                    /lib/x86_64-linux-gnu/libresolv-2.15.so
7f6b873b6000-7f6b873b7000 rw-p 00019000 08:02 7867764                    /lib/x86_64-linux-gnu/libresolv-2.15.so
7f6b873b7000-7f6b873b9000 rw-p 00000000 00:00 0 
7f6b873b9000-7f6b873d6000 r-xp 00000000 08:02 7864493                    /lib/x86_64-linux-gnu/libselinux.so.1
7f6b873d6000-7f6b875d5000 ---p 0001d000 08:02 7864493                    /lib/x86_64-linux-gnu/libselinux.so.1
7f6b875d5000-7f6b875d6000 r--p 0001c000 08:02 7864493                    /lib/x86_64-linux-gnu/libselinux.so.1
7f6b875d6000-7f6b875d7000 rw-p 0001d000 08:02 7864493                    /lib/x86_64-linux-gnu/libselinux.so.1
7f6b875d7000-7f6b875d8000 rw-p 00000000 00:00 0 
7f6b875d8000-7f6b875da000 r-xp 00000000 08:02 5903654                    /usr/lib/x86_64-linux-gnu/libXcomposite.so.1.0.0
7f6b875da000-7f6b877d9000 ---p 00002000 08:02 5903654                    /usr/lib/x86_64-linux-gnu/libXcomposite.so.1.0.0
7f6b877d9000-7f6b877da000 r--p 00001000 08:02 5903654                    /usr/lib/x86_64-linux-gnu/libXcomposite.so.1.0.0
7f6b877da000-7f6b877db000 rw-p 00002000 08:02 5903654                    /usr/lib/x86_64-linux-gnu/libXcomposite.so.1.0.0
7f6b877db000-7f6b877e4000 r-xp 00000000 08:02 5903658                    /usr/lib/x86_64-linux-gnu/libXcursor.so.1.0.2
7f6b877e4000-7f6b879e3000 ---p 00009000 08:02 5903658                    /usr/lib/x86_64-linux-gnu/libXcursor.so.1.0.2
7f6b879e3000-7f6b879e4000 r--p 00008000 08:02 5903658                    /usr/lib/x86_64-linux-gnu/libXcursor.so.1.0.2
7f6b879e4000-7f6b879e5000 rw-p 00009000 08:02 5903658                    /usr/lib/x86_64-linux-gnu/libXcursor.so.1.0.2
7f6b879e5000-7f6b879ec000 r-xp 00000000 08:02 5900891                    /usr/lib/x86_64-linux-gnu/libXrandr.so.2.2.0
7f6b879ec000-7f6b87beb000 ---p 00007000 08:02 5900891                    /usr/lib/x86_64-linux-gnu/libXrandr.so.2.2.0
7f6b87beb000-7f6b87bec000 r--p 00006000 08:02 5900891                    /usr/lib/x86_64-linux-gnu/libXrandr.so.2.2.0
7f6b87bec000-7f6b87bed000 rw-p 00007000 08:02 5900891                    /usr/lib/x86_64-linux-gnu/libXrandr.so.2.2.0
7f6b87bed000-7f6b87bfc000 r-xp 00000000 08:02 5903651                    /usr/lib/x86_64-linux-gnu/libXi.so.6.1.0
7f6b87bfc000-7f6b87dfb000 ---p 0000f000 08:02 5903651                    /usr/lib/x86_64-linux-gnu/libXi.so.6.1.0
7f6b87dfb000-7f6b87dfc000 r--p 0000e000 08:02 5903651                    /usr/lib/x86_64-linux-gnu/libXi.so.6.1.0
7f6b87dfc000-7f6b87dfd000 rw-p 0000f000 08:02 5903651                    /usr/lib/x86_64-linux-gnu/libXi.so.6.1.0
7f6b87dfd000-7f6b87dff000 r-xp 00000000 08:02 5900876                    /usr/lib/x86_64-linux-gnu/libXinerama.so.1.0.0
7f6b87dff000-7f6b87ffe000 ---p 00002000 08:02 5900876                    /usr/lib/x86_64-linux-gnu/libXinerama.so.1.0.0
7f6b87ffe000-7f6b87fff000 r--p 00001000 08:02 5900876                    /usr/lib/x86_64-linux-gnu/libXinerama.so.1.0.0
7f6b87fff000-7f6b88000000 rw-p 00002000 08:02 5900876                    /usr/lib/x86_64-linux-gnu/libXinerama.so.1.0.0
7f6b88000000-7f6b88185000 rw-p 00000000 00:00 0 
7f6b88185000-7f6b8c000000 ---p 00000000 00:00 0 
7f6b8c000000-7f6b8c203000 rw-p 00000000 00:00 0 
7f6b8c203000-7f6b90000000 ---p 00000000 00:00 0 
7f6b90000000-7f6b90021000 rw-p 00000000 00:00 0 
7f6b90021000-7f6b94000000 ---p 00000000 00:00 0 
7f6b94000000-7f6b94021000 rw-p 00000000 00:00 0 
7f6b94021000-7f6b98000000 ---p 00000000 00:00 0 
7f6b98000000-7f6b983cf000 rw-p 00000000 00:00 0 
7f6b983cf000-7f6b9c000000 ---p 00000000 00:00 0 
7f6b9c000000-7f6b9c021000 rw-p 00000000 00:00 0 
7f6b9c021000-7f6ba0000000 ---p 00000000 00:00 0 
7f6ba0000000-7f6ba0021000 rw-p 00000000 00:00 0 
7f6ba0021000-7f6ba4000000 ---p 00000000 00:00 0 
7f6ba4000000-7f6ba4652000 rw-p 00000000 00:00 0 
7f6ba4652000-7f6ba8000000 ---p 00000000 00:00 0 
7f6ba8000000-7f6ba8021000 rw-p 00000000 00:00 0 
7f6ba8021000-7f6bac000000 ---p 00000000 00:00 0 
7f6bac000000-7f6bac021000 rw-p 00000000 00:00 0 
7f6bac021000-7f6bb0000000 ---p 00000000 00:00 0 
7f6bb0000000-7f6bb0021000 rw-p 00000000 00:00 0 
7f6bb0021000-7f6bb4000000 ---p 00000000 00:00 0 
7f6bb400d000-7f6bb4026000 r--s 00000000 08:02 6031631                    /usr/share/fonts/type1/gsfonts/n022004l.pfb
7f6bb4026000-7f6bb403f000 r--s 00000000 08:02 6031567                    /usr/share/fonts/type1/gsfonts/n021003l.pfb
7f6bb403f000-7f6bb4042000 ---p 00000000 00:00 0 
7f6bb4042000-7f6bb4140000 rw-p 00000000 00:00 0                          [stack:13036]
7f6bb4140000-7f6bb4149000 r-xp 00000000 08:02 5900883                    /usr/lib/x86_64-linux-gnu/libXrender.so.1.3.0
7f6bb4149000-7f6bb4348000 ---p 00009000 08:02 5900883                    /usr/lib/x86_64-linux-gnu/libXrender.so.1.3.0
7f6bb4348000-7f6bb4349000 r--p 00008000 08:02 5900883                    /usr/lib/x86_64-linux-gnu/libXrender.so.1.3.0
7f6bb4349000-7f6bb434a000 rw-p 00009000 08:02 5900883                    /usr/lib/x86_64-linux-gnu/libXrender.so.1.3.0
7f6bb434a000-7f6bb434f000 r-xp 00000000 08:02 5903809                    /usr/lib/x86_64-linux-gnu/libXtst.so.6.1.0
7f6bb434f000-7f6bb454e000 ---p 00005000 08:02 5903809                    /usr/lib/x86_64-linux-gnu/libXtst.so.6.1.0
7f6bb454e000-7f6bb454f000 r--p 00004000 08:02 5903809                    /usr/lib/x86_64-linux-gnu/libXtst.so.6.1.0
7f6bb454f000-7f6bb4550000 rw-p 00005000 08:02 5903809                    /usr/lib/x86_64-linux-gnu/libXtst.so.6.1.0
7f6bb4550000-7f6bb4642000 r-xp 00000000 08:02 7864545                    /lib/x86_64-linux-gnu/libglib-2.0.so.0.3200.4
7f6bb4642000-7f6bb4842000 ---p 000f2000 08:02 7864545                    /lib/x86_64-linux-gnu/libglib-2.0.so.0.3200.4
7f6bb4842000-7f6bb4843000 r--p 000f2000 08:02 7864545                    /lib/x86_64-linux-gnu/libglib-2.0.so.0.3200.4
7f6bb4843000-7f6bb4844000 rw-p 000f3000 08:02 7864545                    /lib/x86_64-linux-gnu/libglib-2.0.so.0.3200.4
7f6bb4844000-7f6bb4845000 rw-p 00000000 00:00 0 
7f6bb4845000-7f6bb4846000 r-xp 00000000 08:02 5901947                    /usr/lib/x86_64-linux-gnu/libgthread-2.0.so.0.3200.4
7f6bb4846000-7f6bb4a45000 ---p 00001000 08:02 5901947                    /usr/lib/x86_64-linux-gnu/libgthread-2.0.so.0.3200.4
7f6bb4a45000-7f6bb4a46000 r--p 00000000 08:02 5901947                    /usr/lib/x86_64-linux-gnu/libgthread-2.0.so.0.3200.4
7f6bb4a46000-7f6bb4a47000 rw-p 00001000 08:02 5901947                    /usr/lib/x86_64-linux-gnu/libgthread-2.0.so.0.3200.4
7f6bb4a47000-7f6bb4a4a000 r-xp 00000000 08:02 5901943                    /usr/lib/x86_64-linux-gnu/libgmodule-2.0.so.0.3200.4
7f6bb4a4a000-7f6bb4c49000 ---p 00003000 08:02 5901943                    /usr/lib/x86_64-linux-gnu/libgmodule-2.0.so.0.3200.4
7f6bb4c49000-7f6bb4c4a000 r--p 00002000 08:02 5901943                    /usr/lib/x86_64-linux-gnu/libgmodule-2.0.so.0.3200.4
7f6bb4c4a000-7f6bb4c4b000 rw-p 00003000 08:02 5901943                    /usr/lib/x86_64-linux-gnu/libgmodule-2.0.so.0.3200.4
7f6bb4c4b000-7f6bb4c98000 r-xp 00000000 08:02 5901949                    /usr/lib/x86_64-linux-gnu/libgobject-2.0.so.0.3200.4
7f6bb4c98000-7f6bb4e98000 ---p 0004d000 08:02 5901949                    /usr/lib/x86_64-linux-gnu/libgobject-2.0.so.0.3200.4
7f6bb4e98000-7f6bb4e99000 r--p 0004d000 08:02 5901949                    /usr/lib/x86_64-linux-gnu/libgobject-2.0.so.0.3200.4
7f6bb4e99000-7f6bb4e9a000 rw-p 0004e000 08:02 5901949                    /usr/lib/x86_64-linux-gnu/libgobject-2.0.so.0.3200.4
7f6bb4e9a000-7f6bb4ece000 r-xp 00000000 08:02 5903419                    /usr/lib/x86_64-linux-gnu/libfontconfig.so.1.4.4
7f6bb4ece000-7f6bb50ce000 ---p 00034000 08:02 5903419                    /usr/lib/x86_64-linux-gnu/libfontconfig.so.1.4.4
7f6bb50ce000-7f6bb50cf000 r--p 00034000 08:02 5903419                    /usr/lib/x86_64-linux-gnu/libfontconfig.so.1.4.4
7f6bb50cf000-7f6bb50d0000 rw-p 00035000 08:02 5903419                    /usr/lib/x86_64-linux-gnu/libfontconfig.so.1.4.4
7f6bb50d0000-7f6bb5166000 r-xp 00000000 08:02 5900798                    /usr/lib/x86_64-linux-gnu/libfreetype.so.6.8.0
7f6bb5166000-7f6bb5365000 ---p 00096000 08:02 5900798                    /usr/lib/x86_64-linux-gnu/libfreetype.so.6.8.0
7f6bb5365000-7f6bb536b000 r--p 00095000 08:02 5900798                    /usr/lib/x86_64-linux-gnu/libfreetype.so.6.8.0
7f6bb536b000-7f6bb536c000 rw-p 0009b000 08:02 5900798                    /usr/lib/x86_64-linux-gnu/libfreetype.so.6.8.0
7f6bb536c000-7f6bb53b2000 r-xp 00000000 08:02 5903442                    /usr/lib/x86_64-linux-gnu/libpango-1.0.so.0.3000.0
7f6bb53b2000-7f6bb55b2000 ---p 00046000 08:02 5903442                    /usr/lib/x86_64-linux-gnu/libpango-1.0.so.0.3000.0
7f6bb55b2000-7f6bb55b4000 r--p 00046000 08:02 5903442                    /usr/lib/x86_64-linux-gnu/libpango-1.0.so.0.3000.0
7f6bb55b4000-7f6bb55b5000 rw-p 00048000 08:02 5903442                    /usr/lib/x86_64-linux-gnu/libpango-1.0.so.0.3000.0
7f6bb55b5000-7f6bb566e000 r-xp 00000000 08:02 5903425                    /usr/lib/x86_64-linux-gnu/libcairo.so.2.11000.2
7f6bb566e000-7f6bb586d000 ---p 000b9000 08:02 5903425                    /usr/lib/x86_64-linux-gnu/libcairo.so.2.11000.2
7f6bb586d000-7f6bb586f000 r--p 000b8000 08:02 5903425                    /usr/lib/x86_64-linux-gnu/libcairo.so.2.11000.2
7f6bb586f000-7f6bb5870000 rw-p 000ba000 08:02 5903425                    /usr/lib/x86_64-linux-gnu/libcairo.so.2.11000.2
7f6bb5870000-7f6bb5873000 rw-p 00000000 00:00 0 
7f6bb5873000-7f6bb587e000 r-xp 00000000 08:02 5903443                    /usr/lib/x86_64-linux-gnu/libpangocairo-1.0.so.0.3000.0
7f6bb587e000-7f6bb5a7d000 ---p 0000b000 08:02 5903443                    /usr/lib/x86_64-linux-gnu/libpangocairo-1.0.so.0.3000.0
7f6bb5a7d000-7f6bb5a7e000 r--p 0000a000 08:02 5903443                    /usr/lib/x86_64-linux-gnu/libpangocairo-1.0.so.0.3000.0
7f6bb5a7e000-7f6bb5a7f000 rw-p 0000b000 08:02 5903443                    /usr/lib/x86_64-linux-gnu/libpangocairo-1.0.so.0.3000.0
7f6bb5a7f000-7f6bb5a9d000 r-xp 00000000 08:02 5903416                    /usr/lib/x86_64-linux-gnu/libgdk_pixbuf-2.0.so.0.2600.1
7f6bb5a9d000-7f6bb5c9d000 ---p 0001e000 08:02 5903416                    /usr/lib/x86_64-linux-gnu/libgdk_pixbuf-2.0.so.0.2600.1
7f6bb5c9d000-7f6bb5c9e000 r--p 0001e000 08:02 5903416                    /usr/lib/x86_64-linux-gnu/libgdk_pixbuf-2.0.so.0.2600.1
7f6bb5c9e000-7f6bb5c9f000 rw-p 0001f000 08:02 5903416                    /usr/lib/x86_64-linux-gnu/libgdk_pixbuf-2.0.so.0.2600.1
7f6bb5c9f000-7f6bb5cc8000 r-xp 00000000 08:02 5903441                    /usr/lib/x86_64-linux-gnu/libpangoft2-1.0.so.0.3000.0
7f6bb5cc8000-7f6bb5ec7000 ---p 00029000 08:02 5903441                    /usr/lib/x86_64-linux-gnu/libpangoft2-1.0.so.0.3000.0
7f6bb5ec7000-7f6bb5ec8000 r--p 00028000 08:02 5903441                    /usr/lib/x86_64-linux-gnu/libpangoft2-1.0.so.0.3000.0
7f6bb5ec8000-7f6bb5ec9000 rw-p 00029000 08:02 5903441                    /usr/lib/x86_64-linux-gnu/libpangoft2-1.0.so.0.3000.0
7f6bb5ec9000-7f6bb6011000 r-xp 00000000 08:02 5901948                    /usr/lib/x86_64-linux-gnu/libgio-2.0.so.0.3200.4
7f6bb6011000-7f6bb6210000 ---p 00148000 08:02 5901948                    /usr/lib/x86_64-linux-gnu/libgio-2.0.so.0.3200.4
7f6bb6210000-7f6bb6214000 r--p 00147000 08:02 5901948                    /usr/lib/x86_64-linux-gnu/libgio-2.0.so.0.3200.4
7f6bb6214000-7f6bb6216000 rw-p 0014b000 08:02 5901948                    /usr/lib/x86_64-linux-gnu/libgio-2.0.so.0.3200.4
7f6bb6216000-7f6bb6218000 rw-p 00000000 00:00 0 
7f6bb6218000-7f6bb6237000 r-xp 00000000 08:02 5903405                    /usr/lib/x86_64-linux-gnu/libatk-1.0.so.0.20409.1
7f6bb6237000-7f6bb6437000 ---p 0001f000 08:02 5903405                    /usr/lib/x86_64-linux-gnu/libatk-1.0.so.0.20409.1
7f6bb6437000-7f6bb6439000 r--p 0001f000 08:02 5903405                    /usr/lib/x86_64-linux-gnu/libatk-1.0.so.0.20409.1
7f6bb6439000-7f6bb643a000 rw-p 00021000 08:02 5903405                    /usr/lib/x86_64-linux-gnu/libatk-1.0.so.0.20409.1
7f6bb643a000-7f6bb64e7000 r-xp 00000000 08:02 5903852                    /usr/lib/x86_64-linux-gnu/libgdk-x11-2.0.so.0.2400.10
7f6bb64e7000-7f6bb66e6000 ---p 000ad000 08:02 5903852                    /usr/lib/x86_64-linux-gnu/libgdk-x11-2.0.so.0.2400.10
7f6bb66e6000-7f6bb66ea000 r--p 000ac000 08:02 5903852                    /usr/lib/x86_64-linux-gnu/libgdk-x11-2.0.so.0.2400.10
7f6bb66ea000-7f6bb66ec000 rw-p 000b0000 08:02 5903852                    /usr/lib/x86_64-linux-gnu/libgdk-x11-2.0.so.0.2400.10
7f6bb66ec000-7f6bb6b19000 r-xp 00000000 08:02 5903851                    /usr/lib/x86_64-linux-gnu/libgtk-x11-2.0.so.0.2400.10
7f6bb6b19000-7f6bb6d19000 ---p 0042d000 08:02 5903851                    /usr/lib/x86_64-linux-gnu/libgtk-x11-2.0.so.0.2400.10
7f6bb6d19000-7f6bb6d20000 r--p 0042d000 08:02 5903851                    /usr/lib/x86_64-linux-gnu/libgtk-x11-2.0.so.0.2400.10
7f6bb6d20000-7f6bb6d24000 rw-p 00434000 08:02 5903851                    /usr/lib/x86_64-linux-gnu/libgtk-x11-2.0.so.0.2400.10
7f6bb6d24000-7f6bb6d26000 rw-p 00000000 00:00 0 
7f6bb6d26000-7f6bb6d4b000 r-xp 00000000 08:02 10749490                   /usr/lib/jvm/jdk1.7.0_45/jre/lib/amd64/libglass.so
7f6bb6d4b000-7f6bb6f4b000 ---p 00025000 08:02 10749490                   /usr/lib/jvm/jdk1.7.0_45/jre/lib/amd64/libglass.so
7f6bb6f4b000-7f6bb6f4c000 r--p 00025000 08:02 10749490                   /usr/lib/jvm/jdk1.7.0_45/jre/lib/amd64/libglass.so
7f6bb6f4c000-7f6bb6f4d000 rw-p 00026000 08:02 10749490                   /usr/lib/jvm/jdk1.7.0_45/jre/lib/amd64/libglass.so
7f6bb6f4d000-7f6bb6f63000 r-xp 00000000 08:02 7864490                    /lib/x86_64-linux-gnu/libz.so.1.2.3.4
7f6bb6f63000-7f6bb7162000 ---p 00016000 08:02 7864490                    /lib/x86_64-linux-gnu/libz.so.1.2.3.4
7f6bb7162000-7f6bb7163000 r--p 00015000 08:02 7864490                    /lib/x86_64-linux-gnu/libz.so.1.2.3.4
7f6bb7163000-7f6bb7164000 rw-p 00016000 08:02 7864490                    /lib/x86_64-linux-gnu/libz.so.1.2.3.4
7f6bb7164000-7f6bb716c000 r-xp 00000000 08:02 5899619                    /usr/lib/x86_64-linux-gnu/libpciaccess.so.0.11.0
7f6bb716c000-7f6bb736b000 ---p 00008000 08:02 5899619                    /usr/lib/x86_64-linux-gnu/libpciaccess.so.0.11.0
7f6bb736b000-7f6bb736c000 r--p 00007000 08:02 5899619                    /usr/lib/x86_64-linux-gnu/libpciaccess.so.0.11.0
7f6bb736c000-7f6bb736d000 rw-p 00008000 08:02 5899619                    /usr/lib/x86_64-linux-gnu/libpciaccess.so.0.11.0
7f6bb736d000-7f6bb7382000 r-xp 00000000 08:02 7864442                    /lib/x86_64-linux-gnu/libgcc_s.so.1
7f6bb7382000-7f6bb7581000 ---p 00015000 08:02 7864442                    /lib/x86_64-linux-gnu/libgcc_s.so.1
7f6bb7581000-7f6bb7582000 r--p 00014000 08:02 7864442                    /lib/x86_64-linux-gnu/libgcc_s.so.1
7f6bb7582000-7f6bb7583000 rw-p 00015000 08:02 7864442                    /lib/x86_64-linux-gnu/libgcc_s.so.1
7f6bb7583000-7f6bb7665000 r-xp 00000000 08:02 5899870                    /usr/lib/x86_64-linux-gnu/libstdc++.so.6.0.16
7f6bb7665000-7f6bb7864000 ---p 000e2000 08:02 5899870                    /usr/lib/x86_64-linux-gnu/libstdc++.so.6.0.16
7f6bb7864000-7f6bb786c000 r--p 000e1000 08:02 5899870                    /usr/lib/x86_64-linux-gnu/libstdc++.so.6.0.16
7f6bb786c000-7f6bb786e000 rw-p 000e9000 08:02 5899870                    /usr/lib/x86_64-linux-gnu/libstdc++.so.6.0.16
7f6bb786e000-7f6bb7883000 rw-p 00000000 00:00 0 
7f6bb7883000-7f6bb78a3000 r-xp 00000000 08:02 5899423                    /usr/lib/x86_64-linux-gnu/libdrm_intel.so.1.0.0
7f6bb78a3000-7f6bb7aa2000 ---p 00020000 08:02 5899423                    /usr/lib/x86_64-linux-gnu/libdrm_intel.so.1.0.0
7f6bb7aa2000-7f6bb7aa3000 r--p 0001f000 08:02 5899423                    /usr/lib/x86_64-linux-gnu/libdrm_intel.so.1.0.0
7f6bb7aa3000-7f6bb7aa4000 rw-p 00020000 08:02 5899423                    /usr/lib/x86_64-linux-gnu/libdrm_intel.so.1.0.0
7f6bb7aa4000-7f6bb7acb000 r-xp 00000000 08:02 7864387                    /lib/x86_64-linux-gnu/libexpat.so.1.5.2
7f6bb7acb000-7f6bb7ccb000 ---p 00027000 08:02 7864387                    /lib/x86_64-linux-gnu/libexpat.so.1.5.2
7f6bb7ccb000-7f6bb7ccd000 r--p 00027000 08:02 7864387                    /lib/x86_64-linux-gnu/libexpat.so.1.5.2
7f6bb7ccd000-7f6bb7cce000 rw-p 00029000 08:02 7864387                    /lib/x86_64-linux-gnu/libexpat.so.1.5.2
7f6bb7cce000-7f6bb7df4000 r-xp 00000000 08:02 5915048                    /usr/lib/x86_64-linux-gnu/dri/libglsl.so
7f6bb7df4000-7f6bb7ff3000 ---p 00126000 08:02 5915048                    /usr/lib/x86_64-linux-gnu/dri/libglsl.so
7f6bb7ff3000-7f6bb7ffc000 r--p 00125000 08:02 5915048                    /usr/lib/x86_64-linux-gnu/dri/libglsl.so
7f6bb7ffc000-7f6bb7fff000 rw-p 0012e000 08:02 5915048                    /usr/lib/x86_64-linux-gnu/dri/libglsl.so
7f6bb7fff000-7f6bb8000000 rw-p 00000000 00:00 0 
7f6bb8000000-7f6bb8021000 rw-p 00000000 00:00 0 
7f6bb8021000-7f6bbc000000 ---p 00000000 00:00 0 
7f6bbc000000-7f6bbc021000 rw-p 00000000 00:00 0 
7f6bbc021000-7f6bc0000000 ---p 00000000 00:00 0 
7f6bc0000000-7f6bc0021000 rw-p 00000000 00:00 0 
7f6bc0021000-7f6bc4000000 ---p 00000000 00:00 0 
7f6bc4012000-7f6bc4028000 r--s 00000000 08:02 6031600                    /usr/share/fonts/type1/gsfonts/n021024l.pfb
7f6bc4028000-7f6bc403e000 r--s 00000000 08:02 6031653                    /usr/share/fonts/type1/gsfonts/n022023l.pfb
7f6bc403e000-7f6bc4041000 ---p 00000000 00:00 0 
7f6bc4041000-7f6bc413f000 rw-p 00000000 00:00 0                          [stack:13035]
7f6bc413f000-7f6bc437e000 r-xp 00000000 08:02 5899682                    /usr/lib/x86_64-linux-gnu/dri/libdricore.so
7f6bc437e000-7f6bc457e000 ---p 0023f000 08:02 5899682                    /usr/lib/x86_64-linux-gnu/dri/libdricore.so
7f6bc457e000-7f6bc4588000 r--p 0023f000 08:02 5899682                    /usr/lib/x86_64-linux-gnu/dri/libdricore.so
7f6bc4588000-7f6bc458b000 rw-p 00249000 08:02 5899682                    /usr/lib/x86_64-linux-gnu/dri/libdricore.so
7f6bc458b000-7f6bc45a1000 rw-p 00000000 00:00 0 
7f6bc45a1000-7f6bc466f000 r-xp 00000000 08:02 5915050                    /usr/lib/x86_64-linux-gnu/dri/i965_dri.so
7f6bc466f000-7f6bc486f000 ---p 000ce000 08:02 5915050                    /usr/lib/x86_64-linux-gnu/dri/i965_dri.so
7f6bc486f000-7f6bc4872000 r--p 000ce000 08:02 5915050                    /usr/lib/x86_64-linux-gnu/dri/i965_dri.so
7f6bc4872000-7f6bc4876000 rw-p 000d1000 08:02 5915050                    /usr/lib/x86_64-linux-gnu/dri/i965_dri.so
7f6bc4876000-7f6bc487b000 r-xp 00000000 08:02 5900527                    /usr/lib/x86_64-linux-gnu/libXdmcp.so.6.0.0
7f6bc487b000-7f6bc4a7a000 ---p 00005000 08:02 5900527                    /usr/lib/x86_64-linux-gnu/libXdmcp.so.6.0.0
7f6bc4a7a000-7f6bc4a7b000 r--p 00004000 08:02 5900527                    /usr/lib/x86_64-linux-gnu/libXdmcp.so.6.0.0
7f6bc4a7b000-7f6bc4a7c000 rw-p 00005000 08:02 5900527                    /usr/lib/x86_64-linux-gnu/libXdmcp.so.6.0.0
7f6bc4a7c000-7f6bc4a7e000 r-xp 00000000 08:02 5900521                    /usr/lib/x86_64-linux-gnu/libXau.so.6.0.0
7f6bc4a7e000-7f6bc4c7d000 ---p 00002000 08:02 5900521                    /usr/lib/x86_64-linux-gnu/libXau.so.6.0.0
7f6bc4c7d000-7f6bc4c7e000 r--p 00001000 08:02 5900521                    /usr/lib/x86_64-linux-gnu/libXau.so.6.0.0
7f6bc4c7e000-7f6bc4c7f000 rw-p 00002000 08:02 5900521                    /usr/lib/x86_64-linux-gnu/libXau.so.6.0.0
7f6bc4c7f000-7f6bc4c89000 r-xp 00000000 08:02 5898478                    /usr/lib/x86_64-linux-gnu/libdrm.so.2.4.0
7f6bc4c89000-7f6bc4e88000 ---p 0000a000 08:02 5898478                    /usr/lib/x86_64-linux-gnu/libdrm.so.2.4.0
7f6bc4e88000-7f6bc4e89000 r--p 00009000 08:02 5898478                    /usr/lib/x86_64-linux-gnu/libdrm.so.2.4.0
7f6bc4e89000-7f6bc4e8a000 rw-p 0000a000 08:02 5898478                    /usr/lib/x86_64-linux-gnu/libdrm.so.2.4.0
7f6bc4e8a000-7f6bc4e9f000 r-xp 00000000 08:02 5903803                    /usr/lib/x86_64-linux-gnu/libxcb-glx.so.0.0.0
7f6bc4e9f000-7f6bc509e000 ---p 00015000 08:02 5903803                    /usr/lib/x86_64-linux-gnu/libxcb-glx.so.0.0.0
7f6bc509e000-7f6bc50a0000 r--p 00014000 08:02 5903803                    /usr/lib/x86_64-linux-gnu/libxcb-glx.so.0.0.0
7f6bc50a0000-7f6bc50a1000 rw-p 00016000 08:02 5903803                    /usr/lib/x86_64-linux-gnu/libxcb-glx.so.0.0.0
7f6bc50a1000-7f6bc50a2000 r-xp 00000000 08:02 5900831                    /usr/lib/x86_64-linux-gnu/libX11-xcb.so.1.0.0
7f6bc50a2000-7f6bc52a1000 ---p 00001000 08:02 5900831                    /usr/lib/x86_64-linux-gnu/libX11-xcb.so.1.0.0
7f6bc52a1000-7f6bc52a2000 r--p 00000000 08:02 5900831                    /usr/lib/x86_64-linux-gnu/libX11-xcb.so.1.0.0
7f6bc52a2000-7f6bc52a3000 rw-p 00001000 08:02 5900831                    /usr/lib/x86_64-linux-gnu/libX11-xcb.so.1.0.0
7f6bc52a3000-7f6bc52a8000 r-xp 00000000 08:02 5900872                    /usr/lib/x86_64-linux-gnu/libXfixes.so.3.1.0
7f6bc52a8000-7f6bc54a7000 ---p 00005000 08:02 5900872                    /usr/lib/x86_64-linux-gnu/libXfixes.so.3.1.0
7f6bc54a7000-7f6bc54a8000 r--p 00004000 08:02 5900872                    /usr/lib/x86_64-linux-gnu/libXfixes.so.3.1.0
7f6bc54a8000-7f6bc54a9000 rw-p 00005000 08:02 5900872                    /usr/lib/x86_64-linux-gnu/libXfixes.so.3.1.0
7f6bc54a9000-7f6bc54ab000 r-xp 00000000 08:02 5903660                    /usr/lib/x86_64-linux-gnu/libXdamage.so.1.1.0
7f6bc54ab000-7f6bc56aa000 ---p 00002000 08:02 5903660                    /usr/lib/x86_64-linux-gnu/libXdamage.so.1.1.0
7f6bc56aa000-7f6bc56ab000 r--p 00001000 08:02 5903660                    /usr/lib/x86_64-linux-gnu/libXdamage.so.1.1.0
7f6bc56ab000-7f6bc56ac000 rw-p 00002000 08:02 5903660                    /usr/lib/x86_64-linux-gnu/libXdamage.so.1.1.0
7f6bc56ac000-7f6bc56cd000 r-xp 00000000 08:02 5900918                    /usr/lib/x86_64-linux-gnu/libglapi.so.0.0.0
7f6bc56cd000-7f6bc58cc000 ---p 00021000 08:02 5900918                    /usr/lib/x86_64-linux-gnu/libglapi.so.0.0.0
7f6bc58cc000-7f6bc58cf000 r--p 00020000 08:02 5900918                    /usr/lib/x86_64-linux-gnu/libglapi.so.0.0.0
7f6bc58cf000-7f6bc58d0000 rw-p 00023000 08:02 5900918                    /usr/lib/x86_64-linux-gnu/libglapi.so.0.0.0
7f6bc58d0000-7f6bc58d1000 rw-p 00000000 00:00 0 
7f6bc58d1000-7f6bc58e1000 r-xp 00000000 08:02 5900783                    /usr/lib/x86_64-linux-gnu/libXext.so.6.4.0
7f6bc58e1000-7f6bc5ae0000 ---p 00010000 08:02 5900783                    /usr/lib/x86_64-linux-gnu/libXext.so.6.4.0
7f6bc5ae0000-7f6bc5ae1000 r--p 0000f000 08:02 5900783                    /usr/lib/x86_64-linux-gnu/libXext.so.6.4.0
7f6bc5ae1000-7f6bc5ae2000 rw-p 00010000 08:02 5900783                    /usr/lib/x86_64-linux-gnu/libXext.so.6.4.0
7f6bc5ae2000-7f6bc5aff000 r-xp 00000000 08:02 5900532                    /usr/lib/x86_64-linux-gnu/libxcb.so.1.1.0
7f6bc5aff000-7f6bc5cfe000 ---p 0001d000 08:02 5900532                    /usr/lib/x86_64-linux-gnu/libxcb.so.1.1.0
7f6bc5cfe000-7f6bc5cff000 r--p 0001c000 08:02 5900532                    /usr/lib/x86_64-linux-gnu/libxcb.so.1.1.0
7f6bc5cff000-7f6bc5d00000 rw-p 0001d000 08:02 5900532                    /usr/lib/x86_64-linux-gnu/libxcb.so.1.1.0
7f6bc5d00000-7f6bc5d5d000 r-xp 00000000 08:02 6161263                    /usr/lib/x86_64-linux-gnu/mesa/libGL.so.1.2
7f6bc5d5d000-7f6bc5f5c000 ---p 0005d000 08:02 6161263                    /usr/lib/x86_64-linux-gnu/mesa/libGL.so.1.2
7f6bc5f5c000-7f6bc5f5e000 r--p 0005c000 08:02 6161263                    /usr/lib/x86_64-linux-gnu/mesa/libGL.so.1.2
7f6bc5f5e000-7f6bc5f5f000 rw-p 0005e000 08:02 6161263                    /usr/lib/x86_64-linux-gnu/mesa/libGL.so.1.2
7f6bc5f5f000-7f6bc8000000 rw-p 00000000 00:00 0 
7f6bc8000000-7f6bc8021000 rw-p 00000000 00:00 0 
7f6bc8021000-7f6bcc000000 ---p 00000000 00:00 0 
7f6bcc008000-7f6bcc013000 r--p 00000000 08:02 6165434                    /usr/share/icons/Humanity-Dark/icon-theme.cache
7f6bcc013000-7f6bcc02a000 r--s 00000000 08:02 6031605                    /usr/share/fonts/type1/gsfonts/n021023l.pfb
7f6bcc02a000-7f6bcc034000 r--s 00000000 08:02 9175330                    /usr/share/fonts/type1/mathml/Symbol.pfb
7f6bcc034000-7f6bcc045000 r--s 00000000 08:02 6031610                    /usr/share/fonts/type1/gsfonts/n019023l.pfb
7f6bcc045000-7f6bcc059000 r--s 00000000 08:02 6031586                    /usr/share/fonts/type1/gsfonts/n019003l.pfb
7f6bcc059000-7f6bcc05d000 r--s 000f7000 08:02 10749419                   /usr/lib/jvm/jdk1.7.0_45/jre/lib/ext/localedata.jar
7f6bcc05d000-7f6bcc05e000 r--s 00000000 08:02 19007778                   /var/cache/fontconfig/c05880de57d1f5e948fdfacc138775d9-le64.cache-3
7f6bcc05e000-7f6bcc067000 r--s 00000000 08:02 19007777                   /var/cache/fontconfig/945677eb7aeaf62f1d50efc3fb3ec7d8-le64.cache-3
7f6bcc067000-7f6bcc069000 r--s 00000000 08:02 19007775                   /var/cache/fontconfig/99e8ed0e538f840c565b6ed5dad60d56-le64.cache-3
7f6bcc069000-7f6bcc06d000 r--s 00000000 08:02 19007774                   /var/cache/fontconfig/2cd17615ca594fa2959ae173292e504c-le64.cache-3
7f6bcc06d000-7f6bcc06e000 r--s 00000000 08:02 19007773                   /var/cache/fontconfig/e7071f4a29fa870f4323321c154eba04-le64.cache-3
7f6bcc06e000-7f6bcc06f000 r--s 00000000 08:02 19007772                   /var/cache/fontconfig/0d8c3b2ac0904cb8a57a757ad11a4a08-le64.cache-3
7f6bcc06f000-7f6bcc075000 r--s 00000000 08:02 19007771                   /var/cache/fontconfig/a755afe4a08bf5b97852ceb7400b47bc-le64.cache-3
7f6bcc075000-7f6bcc07e000 r--s 00000000 08:02 19007336                   /var/cache/fontconfig/6d41288fd70b0be22e8c3a91e032eec0-le64.cache-3
7f6bcc07e000-7f6bcc08e000 r--s 00000000 08:02 19007769                   /var/cache/fontconfig/04aabc0a78ac019cf9454389977116d2-le64.cache-3
7f6bcc08e000-7f6bcc091000 r--s 00000000 08:02 19007768                   /var/cache/fontconfig/385c0604a188198f04d133e54aba7fe7-le64.cache-3
7f6bcc091000-7f6bcc092000 r--s 00000000 08:02 19011612                   /var/cache/fontconfig/4794a0821666d79190d59a36cb4f44b5-le64.cache-3
7f6bcc092000-7f6bcc095000 r--s 00000000 08:02 19007766                   /var/cache/fontconfig/8801497958630a81b71ace7c5f9b32a8-le64.cache-3
7f6bcc095000-7f6bcc09a000 r--s 00000000 08:02 19007765                   /var/cache/fontconfig/3047814df9a2f067bd2d96a2b9c36e5a-le64.cache-3
7f6bcc09a000-7f6bcc09b000 r--s 00000000 08:02 19007764                   /var/cache/fontconfig/56cf4f4769d0f4abc89a4895d7bd3ae1-le64.cache-3
7f6bcc09b000-7f6bcc09c000 r--s 00000000 08:02 19007763                   /var/cache/fontconfig/b9d506c9ac06c20b433354fa67a72993-le64.cache-3
7f6bcc09c000-7f6bcc0a1000 r--s 00000000 08:02 19007762                   /var/cache/fontconfig/b47c4e1ecd0709278f4910c18777a504-le64.cache-3
7f6bcc0a1000-7f6bcc0b1000 r--s 00000000 08:02 19007761                   /var/cache/fontconfig/d52a8644073d54c13679302ca1180695-le64.cache-3
7f6bcc0b1000-7f6bcc0d5000 r--p 00000000 08:02 5902077                    /usr/share/glib-2.0/schemas/gschemas.compiled
7f6bcc0d5000-7f6bcc0d8000 ---p 00000000 00:00 0 
7f6bcc0d8000-7f6bcc1d6000 rw-p 00000000 00:00 0                          [stack:13032]
7f6bcc1d6000-7f6bcc1da000 r-xp 00000000 08:02 5903805                    /usr/lib/x86_64-linux-gnu/libXxf86vm.so.1.0.0
7f6bcc1da000-7f6bcc3d9000 ---p 00004000 08:02 5903805                    /usr/lib/x86_64-linux-gnu/libXxf86vm.so.1.0.0
7f6bcc3d9000-7f6bcc3da000 r--p 00003000 08:02 5903805                    /usr/lib/x86_64-linux-gnu/libXxf86vm.so.1.0.0
7f6bcc3da000-7f6bcc3db000 rw-p 00004000 08:02 5903805                    /usr/lib/x86_64-linux-gnu/libXxf86vm.so.1.0.0
7f6bcc3db000-7f6bcc50b000 r-xp 00000000 08:02 5900778                    /usr/lib/x86_64-linux-gnu/libX11.so.6.3.0
7f6bcc50b000-7f6bcc70b000 ---p 00130000 08:02 5900778                    /usr/lib/x86_64-linux-gnu/libX11.so.6.3.0
7f6bcc70b000-7f6bcc70c000 r--p 00130000 08:02 5900778                    /usr/lib/x86_64-linux-gnu/libX11.so.6.3.0
7f6bcc70c000-7f6bcc710000 rw-p 00131000 08:02 5900778                    /usr/lib/x86_64-linux-gnu/libX11.so.6.3.0
7f6bcc710000-7f6bcc713000 r--s 00000000 08:02 19007334                   /var/cache/fontconfig/e49e89034d371f0f9de17aab02136486-le64.cache-3
7f6bcc713000-7f6bcc719000 r--s 00000000 08:02 19006965                   /var/cache/fontconfig/3f7329c5293ffd510edef78f73874cfd-le64.cache-3
7f6bcc719000-7f6bcc71c000 r--s 00000000 08:02 19006963                   /var/cache/fontconfig/e13b20fdb08344e0e664864cc2ede53d-le64.cache-3
7f6bcc71c000-7f6bcc720000 r--s 00000000 08:02 19007335                   /var/cache/fontconfig/7ef2298fde41cc6eeb7af42e48b7d293-le64.cache-3
7f6bcc720000-7f6bcc722000 r--p 00000000 00:19 15778175                   /home/se413006/.config/dconf/user
7f6bcc722000-7f6bcc729000 r--s 00000000 08:02 5911439                    /usr/lib/x86_64-linux-gnu/gconv/gconv-modules.cache
7f6bcc729000-7f6bcc732000 r-xp 00000000 08:02 10749491                   /usr/lib/jvm/jdk1.7.0_45/jre/lib/amd64/libprism-es2.so
7f6bcc732000-7f6bcc931000 ---p 00009000 08:02 10749491                   /usr/lib/jvm/jdk1.7.0_45/jre/lib/amd64/libprism-es2.so
7f6bcc931000-7f6bcc932000 r--p 00008000 08:02 10749491                   /usr/lib/jvm/jdk1.7.0_45/jre/lib/amd64/libprism-es2.so
7f6bcc932000-7f6bcc933000 rw-p 00009000 08:02 10749491                   /usr/lib/jvm/jdk1.7.0_45/jre/lib/amd64/libprism-es2.so
7f6bcc933000-7f6bcc936000 ---p 00000000 00:00 0 
7f6bcc936000-7f6bcca34000 rw-p 00000000 00:00 0                          [stack:13031]
7f6bcca34000-7f6bcca3f000 r--s 0006f000 00:19 23545893                   /home/se413006/NetBeansProjects/DynamicSynthesizer/dist/run1957663090/lib/jtransforms-2.4.jar
7f6bcca3f000-7f6bcca42000 ---p 00000000 00:00 0 
7f6bcca42000-7f6bccb40000 rw-p 00000000 00:00 0                          [stack:13030]
7f6bccb40000-7f6bccb5e000 r-xp 00000000 08:02 10749448                   /usr/lib/jvm/jdk1.7.0_45/jre/lib/amd64/libdeploy.so
7f6bccb5e000-7f6bccd5e000 ---p 0001e000 08:02 10749448                   /usr/lib/jvm/jdk1.7.0_45/jre/lib/amd64/libdeploy.so
7f6bccd5e000-7f6bccd60000 rw-p 0001e000 08:02 10749448                   /usr/lib/jvm/jdk1.7.0_45/jre/lib/amd64/libdeploy.so
7f6bccd60000-7f6bccd70000 rw-p 00000000 00:00 0 
7f6bccd70000-7f6bccd73000 ---p 00000000 00:00 0 
7f6bccd73000-7f6bcce71000 rw-p 00000000 00:00 0                          [stack:13029]
7f6bcce71000-7f6bcceff000 r--s 00ddd000 08:02 9446315                    /usr/lib/jvm/jdk1.7.0_45/jre/lib/jfxrt.jar
7f6bcceff000-7f6bccf00000 ---p 00000000 00:00 0 
7f6bccf00000-7f6bcd000000 rw-p 00000000 00:00 0                          [stack:13028]
7f6bcd000000-7f6bcd270000 rwxp 00000000 00:00 0 
7f6bcd270000-7f6bd0163000 rw-p 00000000 00:00 0 
7f6bd0163000-7f6bd4000000 ---p 00000000 00:00 0 
7f6bd4000000-7f6bd4001000 r--p 00000000 08:02 8130354                    /etc/dconf/db/local
7f6bd4001000-7f6bd4002000 r--s 00000000 00:19 14320263                   /home/se413006/.cache/dconf/user
7f6bd4002000-7f6bd4005000 r--s 00017000 00:19 23545898                   /home/se413006/NetBeansProjects/DynamicSynthesizer/dist/run1957663090/lib/tritonus_share.jar
7f6bd4005000-7f6bd4006000 r--s 00002000 00:19 23545897                   /home/se413006/NetBeansProjects/DynamicSynthesizer/dist/run1957663090/lib/tritonus_aos.jar
7f6bd4006000-7f6bd4007000 r--s 00005000 00:19 23545896                   /home/se413006/NetBeansProjects/DynamicSynthesizer/dist/run1957663090/lib/mp3spi1.9.4.jar
7f6bd4007000-7f6bd4009000 r--s 0000d000 00:19 23545895                   /home/se413006/NetBeansProjects/DynamicSynthesizer/dist/run1957663090/lib/minim.jar
7f6bd4009000-7f6bd4017000 r--s 00082000 00:19 23545892                   /home/se413006/NetBeansProjects/DynamicSynthesizer/dist/run1957663090/lib/jsyn-beta-16.6.4.jar
7f6bd4017000-7f6bd401a000 r--s 00028000 00:19 23545891                   /home/se413006/NetBeansProjects/DynamicSynthesizer/dist/run1957663090/lib/jsndobj.jar
7f6bd401a000-7f6bd401d000 r--s 00017000 00:19 23545889                   /home/se413006/NetBeansProjects/DynamicSynthesizer/dist/run1957663090/lib/jl1.0.jar
7f6bd401d000-7f6bd4029000 r--s 000e5000 00:19 23545888                   /home/se413006/NetBeansProjects/DynamicSynthesizer/dist/run1957663090/lib/ScenicView.jar
7f6bd4029000-7f6bd4037000 r--s 00082000 00:19 21155869                   /home/se413006/Downloads/jsyn-beta-16.6.4.jar
7f6bd4037000-7f6bd4043000 r--s 000e5000 00:19 573572                     /home/se413006/Documents/JavaFxExternalLibs/ScenicView.jar
7f6bd4043000-7f6bd404e000 r--s 0006f000 00:19 21156293                   /home/se413006/Downloads/jtransforms-2.4.jar
7f6bd404e000-7f6bd4051000 r--s 00028000 00:19 21580459                   /home/se413006/sndobj-sndobj/jsndobj.jar
7f6bd4051000-7f6bd4064000 r--s 000d4000 08:02 9446270                    /usr/lib/jvm/jdk1.7.0_45/jre/lib/plugin.jar
7f6bd4064000-7f6bd407c000 r--s 001d4000 08:02 9446271                    /usr/lib/jvm/jdk1.7.0_45/jre/lib/deploy.jar
7f6bd407c000-7f6bd407f000 ---p 00000000 00:00 0 
7f6bd407f000-7f6bd417d000 rw-p 00000000 00:00 0                          [stack:13027]
7f6bd417d000-7f6bd4180000 ---p 00000000 00:00 0 
7f6bd4180000-7f6bd427e000 rw-p 00000000 00:00 0                          [stack:13026]
7f6bd427e000-7f6bd4281000 ---p 00000000 00:00 0 
7f6bd4281000-7f6bd437f000 rw-p 00000000 00:00 0                          [stack:13025]
7f6bd437f000-7f6bd4382000 ---p 00000000 00:00 0 
7f6bd4382000-7f6bd4480000 rw-p 00000000 00:00 0                          [stack:13024]
7f6bd4480000-7f6bd4483000 ---p 00000000 00:00 0 
7f6bd4483000-7f6bd4581000 rw-p 00000000 00:00 0                          [stack:13023]
7f6bd4581000-7f6bd4584000 ---p 00000000 00:00 0 
7f6bd4584000-7f6bd4682000 rw-p 00000000 00:00 0                          [stack:13022]
7f6bd4682000-7f6bd4683000 ---p 00000000 00:00 0 
7f6bd4683000-7f6bd5782000 rw-p 00000000 00:00 0                          [stack:13021]
7f6bd5782000-7f6bd593e000 r--s 039b2000 08:02 9446276                    /usr/lib/jvm/jdk1.7.0_45/jre/lib/rt.jar
7f6bd593e000-7f6bd5c41000 rw-p 00000000 00:00 0 
7f6bd5c41000-7f6bd5c42000 ---p 00000000 00:00 0 
7f6bd5c42000-7f6bd5d42000 rw-p 00000000 00:00 0                          [stack:13020]
7f6bd5d42000-7f6bd5d43000 ---p 00000000 00:00 0 
7f6bd5d43000-7f6bd5e43000 rw-p 00000000 00:00 0                          [stack:13019]
7f6bd5e43000-7f6bd5e44000 ---p 00000000 00:00 0 
7f6bd5e44000-7f6bd5f44000 rw-p 00000000 00:00 0                          [stack:13018]
7f6bd5f44000-7f6bd5f45000 ---p 00000000 00:00 0 
7f6bd5f45000-7f6bd6050000 rw-p 00000000 00:00 0                          [stack:13017]
7f6bd6050000-7f6bd606e000 rw-p 00000000 00:00 0 
7f6bd606e000-7f6bd6082000 rw-p 00000000 00:00 0 
7f6bd6082000-7f6bd61af000 rw-p 00000000 00:00 0 
7f6bd61af000-7f6bd61ba000 rw-p 00000000 00:00 0 
7f6bd61ba000-7f6bd61d8000 rw-p 00000000 00:00 0 
7f6bd61d8000-7f6bd61ec000 rw-p 00000000 00:00 0 
7f6bd61ec000-7f6bd6318000 rw-p 00000000 00:00 0 
7f6bd6318000-7f6bd632a000 rw-p 00000000 00:00 0 
7f6bd632a000-7f6bd63b9000 rw-p 00000000 00:00 0 
7f6bd63b9000-7f6bd63ba000 rw-p 00000000 00:00 0 
7f6bd63ba000-7f6bd63d4000 r-xp 00000000 08:02 10749474                   /usr/lib/jvm/jdk1.7.0_45/jre/lib/amd64/libzip.so
7f6bd63d4000-7f6bd65d4000 ---p 0001a000 08:02 10749474                   /usr/lib/jvm/jdk1.7.0_45/jre/lib/amd64/libzip.so
7f6bd65d4000-7f6bd65d5000 rw-p 0001a000 08:02 10749474                   /usr/lib/jvm/jdk1.7.0_45/jre/lib/amd64/libzip.so
7f6bd65d5000-7f6bd65db000 r-xp 00000000 08:02 7866684                    /lib/x86_64-linux-gnu/libnss_sss.so.2
7f6bd65db000-7f6bd67da000 ---p 00006000 08:02 7866684                    /lib/x86_64-linux-gnu/libnss_sss.so.2
7f6bd67da000-7f6bd67db000 r--p 00005000 08:02 7866684                    /lib/x86_64-linux-gnu/libnss_sss.so.2
7f6bd67db000-7f6bd67dc000 rw-p 00006000 08:02 7866684                    /lib/x86_64-linux-gnu/libnss_sss.so.2
7f6bd67dc000-7f6bd67e8000 r-xp 00000000 08:02 7867763                    /lib/x86_64-linux-gnu/libnss_files-2.15.so
7f6bd67e8000-7f6bd69e7000 ---p 0000c000 08:02 7867763                    /lib/x86_64-linux-gnu/libnss_files-2.15.so
7f6bd69e7000-7f6bd69e8000 r--p 0000b000 08:02 7867763                    /lib/x86_64-linux-gnu/libnss_files-2.15.so
7f6bd69e8000-7f6bd69e9000 rw-p 0000c000 08:02 7867763                    /lib/x86_64-linux-gnu/libnss_files-2.15.so
7f6bd69e9000-7f6bd69f3000 r-xp 00000000 08:02 7867767                    /lib/x86_64-linux-gnu/libnss_nis-2.15.so
7f6bd69f3000-7f6bd6bf3000 ---p 0000a000 08:02 7867767                    /lib/x86_64-linux-gnu/libnss_nis-2.15.so
7f6bd6bf3000-7f6bd6bf4000 r--p 0000a000 08:02 7867767                    /lib/x86_64-linux-gnu/libnss_nis-2.15.so
7f6bd6bf4000-7f6bd6bf5000 rw-p 0000b000 08:02 7867767                    /lib/x86_64-linux-gnu/libnss_nis-2.15.so
7f6bd6bf5000-7f6bd6c0c000 r-xp 00000000 08:02 7867779                    /lib/x86_64-linux-gnu/libnsl-2.15.so
7f6bd6c0c000-7f6bd6e0b000 ---p 00017000 08:02 7867779                    /lib/x86_64-linux-gnu/libnsl-2.15.so
7f6bd6e0b000-7f6bd6e0c000 r--p 00016000 08:02 7867779                    /lib/x86_64-linux-gnu/libnsl-2.15.so
7f6bd6e0c000-7f6bd6e0d000 rw-p 00017000 08:02 7867779                    /lib/x86_64-linux-gnu/libnsl-2.15.so
7f6bd6e0d000-7f6bd6e0f000 rw-p 00000000 00:00 0 
7f6bd6e0f000-7f6bd6e17000 r-xp 00000000 08:02 7867761                    /lib/x86_64-linux-gnu/libnss_compat-2.15.so
7f6bd6e17000-7f6bd7016000 ---p 00008000 08:02 7867761                    /lib/x86_64-linux-gnu/libnss_compat-2.15.so
7f6bd7016000-7f6bd7017000 r--p 00007000 08:02 7867761                    /lib/x86_64-linux-gnu/libnss_compat-2.15.so
7f6bd7017000-7f6bd7018000 rw-p 00008000 08:02 7867761                    /lib/x86_64-linux-gnu/libnss_compat-2.15.so
7f6bd7018000-7f6bd7041000 r-xp 00000000 08:02 10749465                   /usr/lib/jvm/jdk1.7.0_45/jre/lib/amd64/libjava.so
7f6bd7041000-7f6bd7241000 ---p 00029000 08:02 10749465                   /usr/lib/jvm/jdk1.7.0_45/jre/lib/amd64/libjava.so
7f6bd7241000-7f6bd7243000 rw-p 00029000 08:02 10749465                   /usr/lib/jvm/jdk1.7.0_45/jre/lib/amd64/libjava.so
7f6bd7243000-7f6bd7250000 r-xp 00000000 08:02 10749454                   /usr/lib/jvm/jdk1.7.0_45/jre/lib/amd64/libverify.so
7f6bd7250000-7f6bd744f000 ---p 0000d000 08:02 10749454                   /usr/lib/jvm/jdk1.7.0_45/jre/lib/amd64/libverify.so
7f6bd744f000-7f6bd7451000 rw-p 0000c000 08:02 10749454                   /usr/lib/jvm/jdk1.7.0_45/jre/lib/amd64/libverify.so
7f6bd7451000-7f6bd7458000 r-xp 00000000 08:02 7867766                    /lib/x86_64-linux-gnu/librt-2.15.so
7f6bd7458000-7f6bd7657000 ---p 00007000 08:02 7867766                    /lib/x86_64-linux-gnu/librt-2.15.so
7f6bd7657000-7f6bd7658000 r--p 00006000 08:02 7867766                    /lib/x86_64-linux-gnu/librt-2.15.so
7f6bd7658000-7f6bd7659000 rw-p 00007000 08:02 7867766                    /lib/x86_64-linux-gnu/librt-2.15.so
7f6bd7659000-7f6bd7754000 r-xp 00000000 08:02 7867770                    /lib/x86_64-linux-gnu/libm-2.15.so
7f6bd7754000-7f6bd7953000 ---p 000fb000 08:02 7867770                    /lib/x86_64-linux-gnu/libm-2.15.so
7f6bd7953000-7f6bd7954000 r--p 000fa000 08:02 7867770                    /lib/x86_64-linux-gnu/libm-2.15.so
7f6bd7954000-7f6bd7955000 rw-p 000fb000 08:02 7867770                    /lib/x86_64-linux-gnu/libm-2.15.so
7f6bd7955000-7f6bd84b7000 r-xp 00000000 08:02 10749472                   /usr/lib/jvm/jdk1.7.0_45/jre/lib/amd64/server/libjvm.so
7f6bd84b7000-7f6bd86b7000 ---p 00b62000 08:02 10749472                   /usr/lib/jvm/jdk1.7.0_45/jre/lib/amd64/server/libjvm.so
7f6bd86b7000-7f6bd877a000 rw-p 00b62000 08:02 10749472                   /usr/lib/jvm/jdk1.7.0_45/jre/lib/amd64/server/libjvm.so
7f6bd877a000-7f6bd87bb000 rw-p 00000000 00:00 0 
7f6bd87bb000-7f6bd8970000 r-xp 00000000 08:02 7867759                    /lib/x86_64-linux-gnu/libc-2.15.so
7f6bd8970000-7f6bd8b70000 ---p 001b5000 08:02 7867759                    /lib/x86_64-linux-gnu/libc-2.15.so
7f6bd8b70000-7f6bd8b74000 r--p 001b5000 08:02 7867759                    /lib/x86_64-linux-gnu/libc-2.15.so
7f6bd8b74000-7f6bd8b76000 rw-p 001b9000 08:02 7867759                    /lib/x86_64-linux-gnu/libc-2.15.so
7f6bd8b76000-7f6bd8b7b000 rw-p 00000000 00:00 0 
7f6bd8b7b000-7f6bd8b7d000 r-xp 00000000 08:02 7867774                    /lib/x86_64-linux-gnu/libdl-2.15.so
7f6bd8b7d000-7f6bd8d7d000 ---p 00002000 08:02 7867774                    /lib/x86_64-linux-gnu/libdl-2.15.so
7f6bd8d7d000-7f6bd8d7e000 r--p 00002000 08:02 7867774                    /lib/x86_64-linux-gnu/libdl-2.15.so
7f6bd8d7e000-7f6bd8d7f000 rw-p 00003000 08:02 7867774                    /lib/x86_64-linux-gnu/libdl-2.15.so
7f6bd8d7f000-7f6bd8d95000 r-xp 00000000 08:02 10748736                   /usr/lib/jvm/jdk1.7.0_45/lib/amd64/jli/libjli.so
7f6bd8d95000-7f6bd8f95000 ---p 00016000 08:02 10748736                   /usr/lib/jvm/jdk1.7.0_45/lib/amd64/jli/libjli.so
7f6bd8f95000-7f6bd8f96000 rw-p 00016000 08:02 10748736                   /usr/lib/jvm/jdk1.7.0_45/lib/amd64/jli/libjli.so
7f6bd8f96000-7f6bd8fae000 r-xp 00000000 08:02 7867768                    /lib/x86_64-linux-gnu/libpthread-2.15.so
7f6bd8fae000-7f6bd91ad000 ---p 00018000 08:02 7867768                    /lib/x86_64-linux-gnu/libpthread-2.15.so
7f6bd91ad000-7f6bd91ae000 r--p 00017000 08:02 7867768                    /lib/x86_64-linux-gnu/libpthread-2.15.so
7f6bd91ae000-7f6bd91af000 rw-p 00018000 08:02 7867768                    /lib/x86_64-linux-gnu/libpthread-2.15.so
7f6bd91af000-7f6bd91b3000 rw-p 00000000 00:00 0 
7f6bd91b3000-7f6bd91d5000 r-xp 00000000 08:02 7867771                    /lib/x86_64-linux-gnu/ld-2.15.so
7f6bd91d5000-7f6bd91d6000 r--s 00000000 00:19 23545894                   /home/se413006/NetBeansProjects/DynamicSynthesizer/dist/run1957663090/lib/minim-spi.jar
7f6bd91d6000-7f6bd91d7000 r--s 0000b000 00:19 23545890                   /home/se413006/NetBeansProjects/DynamicSynthesizer/dist/run1957663090/lib/jsminim.jar
7f6bd91d7000-7f6bd91da000 r--s 00017000 00:19 21629910                   /home/se413006/minim/library/tritonus_share.jar
7f6bd91da000-7f6bd91db000 r--s 00002000 00:19 21629909                   /home/se413006/minim/library/tritonus_aos.jar
7f6bd91db000-7f6bd91dc000 r--s 00005000 00:19 21629908                   /home/se413006/minim/library/mp3spi1.9.4.jar
7f6bd91dc000-7f6bd91de000 r--s 0000d000 00:19 21629906                   /home/se413006/minim/library/minim.jar
7f6bd91de000-7f6bd91df000 r--s 00000000 00:19 21629907                   /home/se413006/minim/library/minim-spi.jar
7f6bd91df000-7f6bd91e0000 r--s 0000b000 00:19 21629905                   /home/se413006/minim/library/jsminim.jar
7f6bd91e0000-7f6bd91ff000 rw-p 00000000 00:00 0 
7f6bd91ff000-7f6bd92b5000 rw-p 00000000 00:00 0 
7f6bd92b5000-7f6bd92b8000 ---p 00000000 00:00 0 
7f6bd92b8000-7f6bd93ba000 rw-p 00000000 00:00 0                          [stack:13016]
7f6bd93ba000-7f6bd93c3000 r--s 00067000 08:02 9446296                    /usr/lib/jvm/jdk1.7.0_45/jre/lib/javaws.jar
7f6bd93c3000-7f6bd93c6000 r--s 00017000 00:19 21629904                   /home/se413006/minim/library/jl1.0.jar
7f6bd93c6000-7f6bd93c9000 r--s 00144000 00:19 23545885                   /home/se413006/NetBeansProjects/DynamicSynthesizer/dist/run1957663090/DynamicSynthesizer.jar
7f6bd93c9000-7f6bd93d1000 rw-s 00000000 08:02 5243033                    /tmp/hsperfdata_se413006/13012
7f6bd93d1000-7f6bd93d2000 rw-p 00000000 00:00 0 
7f6bd93d2000-7f6bd93d3000 r--p 00000000 00:00 0 
7f6bd93d3000-7f6bd93d5000 rw-p 00000000 00:00 0 
7f6bd93d5000-7f6bd93d6000 r--p 00022000 08:02 7867771                    /lib/x86_64-linux-gnu/ld-2.15.so
7f6bd93d6000-7f6bd93d8000 rw-p 00023000 08:02 7867771                    /lib/x86_64-linux-gnu/ld-2.15.so
7fffaa58d000-7fffaa5ae000 rw-p 00000000 00:00 0                          [stack]
7fffaa5fe000-7fffaa600000 r-xp 00000000 00:00 0                          [vdso]
ffffffffff600000-ffffffffff601000 r-xp 00000000 00:00 0                  [vsyscall]

VM Arguments:
jvm_args: -Dfile.encoding=UTF-8 
java_command: com.javafx.main.Main
Launcher Type: SUN_STANDARD

Environment Variables:
PATH=/usr/lib/lightdm/lightdm:/usr/local/sbin:/usr/local/bin:/usr/sbin:/usr/bin:/sbin:/bin:/usr/games:/var/cfengine/bin
LD_LIBRARY_PATH=/usr/lib/jvm/java-7-openjdk-amd64/jre/lib/amd64:/usr/lib/jvm/java-7-openjdk-amd64/jre/lib/i386:
SHELL=/bin/bash
DISPLAY=:0

Signal Handlers:
SIGSEGV: [libjvm.so+0x9935b0], sa_mask[0]=0x7ffbfeff, sa_flags=0x10000004
SIGBUS: [libjvm.so+0x9935b0], sa_mask[0]=0x7ffbfeff, sa_flags=0x10000004
SIGFPE: [libjvm.so+0x810330], sa_mask[0]=0x7ffbfeff, sa_flags=0x10000004
SIGPIPE: SIG_IGN, sa_mask[0]=0x00001000, sa_flags=0x10000000
SIGXFSZ: [libjvm.so+0x810330], sa_mask[0]=0x7ffbfeff, sa_flags=0x10000004
SIGILL: [libjvm.so+0x810330], sa_mask[0]=0x7ffbfeff, sa_flags=0x10000004
SIGUSR1: SIG_DFL, sa_mask[0]=0x00000000, sa_flags=0x00000000
SIGUSR2: [libjvm.so+0x811820], sa_mask[0]=0x00000004, sa_flags=0x10000004
SIGHUP: [libjvm.so+0x812790], sa_mask[0]=0x7ffbfeff, sa_flags=0x10000004
SIGINT: SIG_IGN, sa_mask[0]=0x00000000, sa_flags=0x00000000
SIGTERM: [libjvm.so+0x812790], sa_mask[0]=0x7ffbfeff, sa_flags=0x10000004
SIGQUIT: [libjvm.so+0x812790], sa_mask[0]=0x7ffbfeff, sa_flags=0x10000004


---------------  S Y S T E M  ---------------

OS:wheezy/sid

uname:Linux 3.8.0-36-generic #52~precise1-Ubuntu SMP Mon Feb 3 21:54:46 UTC 2014 x86_64
libc:glibc 2.15 NPTL 2.15 
rlimit: STACK 8192k, CORE 0k, NPROC 30580, NOFILE 4096, AS infinity
load average:0.54 0.41 0.41

/proc/meminfo:
MemTotal:        3933176 kB
MemFree:          299756 kB
Buffers:           17412 kB
Cached:           662060 kB
SwapCached:       105188 kB
Active:          2402400 kB
Inactive:        1027128 kB
Active(anon):    2216508 kB
Inactive(anon):   789548 kB
Active(file):     185892 kB
Inactive(file):   237580 kB
Unevictable:         112 kB
Mlocked:             112 kB
SwapTotal:       3945468 kB
SwapFree:        2814648 kB
Dirty:               172 kB
Writeback:             0 kB
AnonPages:       2688376 kB
Mapped:           113720 kB
Shmem:            256000 kB
Slab:              90788 kB
SReclaimable:      51880 kB
SUnreclaim:        38908 kB
KernelStack:        5632 kB
PageTables:        48628 kB
NFS_Unstable:          0 kB
Bounce:                0 kB
WritebackTmp:          0 kB
CommitLimit:     5912056 kB
Committed_AS:    7425904 kB
VmallocTotal:   34359738367 kB
VmallocUsed:      350268 kB
VmallocChunk:   34359384848 kB
HardwareCorrupted:     0 kB
AnonHugePages:         0 kB
HugePages_Total:       0
HugePages_Free:        0
HugePages_Rsvd:        0
HugePages_Surp:        0
Hugepagesize:       2048 kB
DirectMap4k:       69632 kB
DirectMap2M:     4016128 kB


CPU:total 4 (2 cores per cpu, 2 threads per core) family 6 model 58 stepping 9, cmov, cx8, fxsr, mmx, sse, sse2, sse3, ssse3, sse4.1, sse4.2, popcnt, avx, erms, ht, tsc, tscinvbit, tscinv

/proc/cpuinfo:
processor	: 0
vendor_id	: GenuineIntel
cpu family	: 6
model		: 58
model name	: Intel(R) Core(TM) i3-3225 CPU @ 3.30GHz
stepping	: 9
microcode	: 0x16
cpu MHz		: 3300.000
cache size	: 3072 KB
physical id	: 0
siblings	: 4
core id		: 0
cpu cores	: 2
apicid		: 0
initial apicid	: 0
fpu		: yes
fpu_exception	: yes
cpuid level	: 13
wp		: yes
flags		: fpu vme de pse tsc msr pae mce cx8 apic sep mtrr pge mca cmov pat pse36 clflush dts acpi mmx fxsr sse sse2 ss ht tm pbe syscall nx rdtscp lm constant_tsc arch_perfmon pebs bts rep_good nopl xtopology nonstop_tsc aperfmperf eagerfpu pni pclmulqdq dtes64 monitor ds_cpl vmx est tm2 ssse3 cx16 xtpr pdcm pcid sse4_1 sse4_2 popcnt tsc_deadline_timer xsave avx f16c lahf_lm arat epb xsaveopt pln pts dtherm tpr_shadow vnmi flexpriority ept vpid fsgsbase smep erms
bogomips	: 6585.20
clflush size	: 64
cache_alignment	: 64
address sizes	: 36 bits physical, 48 bits virtual
power management:

processor	: 1
vendor_id	: GenuineIntel
cpu family	: 6
model		: 58
model name	: Intel(R) Core(TM) i3-3225 CPU @ 3.30GHz
stepping	: 9
microcode	: 0x16
cpu MHz		: 1600.000
cache size	: 3072 KB
physical id	: 0
siblings	: 4
core id		: 1
cpu cores	: 2
apicid		: 2
initial apicid	: 2
fpu		: yes
fpu_exception	: yes
cpuid level	: 13
wp		: yes
flags		: fpu vme de pse tsc msr pae mce cx8 apic sep mtrr pge mca cmov pat pse36 clflush dts acpi mmx fxsr sse sse2 ss ht tm pbe syscall nx rdtscp lm constant_tsc arch_perfmon pebs bts rep_good nopl xtopology nonstop_tsc aperfmperf eagerfpu pni pclmulqdq dtes64 monitor ds_cpl vmx est tm2 ssse3 cx16 xtpr pdcm pcid sse4_1 sse4_2 popcnt tsc_deadline_timer xsave avx f16c lahf_lm arat epb xsaveopt pln pts dtherm tpr_shadow vnmi flexpriority ept vpid fsgsbase smep erms
bogomips	: 6585.20
clflush size	: 64
cache_alignment	: 64
address sizes	: 36 bits physical, 48 bits virtual
power management:

processor	: 2
vendor_id	: GenuineIntel
cpu family	: 6
model		: 58
model name	: Intel(R) Core(TM) i3-3225 CPU @ 3.30GHz
stepping	: 9
microcode	: 0x16
cpu MHz		: 3300.000
cache size	: 3072 KB
physical id	: 0
siblings	: 4
core id		: 0
cpu cores	: 2
apicid		: 1
initial apicid	: 1
fpu		: yes
fpu_exception	: yes
cpuid level	: 13
wp		: yes
flags		: fpu vme de pse tsc msr pae mce cx8 apic sep mtrr pge mca cmov pat pse36 clflush dts acpi mmx fxsr sse sse2 ss ht tm pbe syscall nx rdtscp lm constant_tsc arch_perfmon pebs bts rep_good nopl xtopology nonstop_tsc aperfmperf eagerfpu pni pclmulqdq dtes64 monitor ds_cpl vmx est tm2 ssse3 cx16 xtpr pdcm pcid sse4_1 sse4_2 popcnt tsc_deadline_timer xsave avx f16c lahf_lm arat epb xsaveopt pln pts dtherm tpr_shadow vnmi flexpriority ept vpid fsgsbase smep erms
bogomips	: 6585.20
clflush size	: 64
cache_alignment	: 64
address sizes	: 36 bits physical, 48 bits virtual
power management:

processor	: 3
vendor_id	: GenuineIntel
cpu family	: 6
model		: 58
model name	: Intel(R) Core(TM) i3-3225 CPU @ 3.30GHz
stepping	: 9
microcode	: 0x16
cpu MHz		: 1600.000
cache size	: 3072 KB
physical id	: 0
siblings	: 4
core id		: 1
cpu cores	: 2
apicid		: 3
initial apicid	: 3
fpu		: yes
fpu_exception	: yes
cpuid level	: 13
wp		: yes
flags		: fpu vme de pse tsc msr pae mce cx8 apic sep mtrr pge mca cmov pat pse36 clflush dts acpi mmx fxsr sse sse2 ss ht tm pbe syscall nx rdtscp lm constant_tsc arch_perfmon pebs bts rep_good nopl xtopology nonstop_tsc aperfmperf eagerfpu pni pclmulqdq dtes64 monitor ds_cpl vmx est tm2 ssse3 cx16 xtpr pdcm pcid sse4_1 sse4_2 popcnt tsc_deadline_timer xsave avx f16c lahf_lm arat epb xsaveopt pln pts dtherm tpr_shadow vnmi flexpriority ept vpid fsgsbase smep erms
bogomips	: 6585.20
clflush size	: 64
cache_alignment	: 64
address sizes	: 36 bits physical, 48 bits virtual
power management:



Memory: 4k page, physical 3933176k(299756k free), swap 3945468k(2814648k free)

vm_info: Java HotSpot(TM) 64-Bit Server VM (24.45-b08) for linux-amd64 JRE (1.7.0_45-b18), built on Oct  8 2013 05:44:25 by "java_re" with gcc 4.3.0 20080428 (Red Hat 4.3.0-8)

time: Tue Mar 11 13:37:39 2014
elapsed time: 5 seconds

