#
# A fatal error has been detected by the Java Runtime Environment:
#
#  SIGSEGV (0xb) at pc=0x00007fce5a308e9a, pid=13984, tid=140524256806656
#
# JRE version: Java(TM) SE Runtime Environment (7.0_45-b18) (build 1.7.0_45-b18)
# Java VM: Java HotSpot(TM) 64-Bit Server VM (24.45-b08 mixed mode linux-amd64 compressed oops)
# Problematic frame:
# C  [libsndobj.so.2.6.5+0x42e9a]  SinAnal::DoProcess()+0x1ba
#
# Failed to write core dump. Core dumps have been disabled. To enable core dumping, try "ulimit -c unlimited" before starting Java again
#
# If you would like to submit a bug report, please visit:
#   http://bugreport.sun.com/bugreport/crash.jsp
# The crash happened outside the Java Virtual Machine in native code.
# See problematic frame for where to report the bug.
#

---------------  T H R E A D  ---------------

Current thread (0x00007fce74130000):  JavaThread "JavaFX Application Thread" [_thread_in_native, id=14008, stack(0x00007fce5a58c000,0x00007fce5a68d000)]

siginfo:si_signo=SIGSEGV: si_errno=0, si_code=1 (SEGV_MAPERR), si_addr=0x00007fcc50399760

Registers:
RAX=0x00007fce503992f8, RBX=0x00007fce50209420, RCX=0x0000000000000006, RDX=0xffffffff80000000
RSP=0x00007fce5a689180, RBP=0x0000000000000101, RSI=0x00007fce502093a0, RDI=0x0000000000000006
R8 =0x000000000000001e, R9 =0x0000000055555556, R10=0x0000000000000005, R11=0x0000000000000000
R12=0x00007fce50399760, R13=0x00000000bfbe2b48, R14=0x00007fce5a689240, R15=0x00007fce74130000
RIP=0x00007fce5a308e9a, EFLAGS=0x0000000000010202, CSGSFS=0x0000000000000033, ERR=0x0000000000000004
  TRAPNO=0x000000000000000e

Top of Stack: (sp=0x00007fce5a689180)
0x00007fce5a689180:   00007fce5a689210 0000000000000000
0x00007fce5a689190:   00000000bfbe2b48 00007fce5a689210
0x00007fce5a6891a0:   0000000000000000 00007fcead012cd8
0x00007fce5a6891b0:   00007fce5a689298 00007fcead01d9c3
0x00007fce5a6891c0:   00007fce74130000 00007fce00000000
0x00007fce5a6891d0:   00007fce5a6891d0 0000000000000000
0x00007fce5a6891e0:   00007fce5a689240 00000000bfc0dcd8
0x00007fce5a6891f0:   0000000000000000 00000000bfbe2b48
0x00007fce5a689200:   0000000000000000 00007fce5a689230
0x00007fce5a689210:   00007fce5a689288 00007fcead006292
0x00007fce5a689220:   00000000ecca1610 00007fcead00ecd2
0x00007fce5a689230:   00000000ecca6540 00007fce50209420
0x00007fce5a689240:   00000000ecca6540 00007fce5a689248
0x00007fce5a689250:   00000000bfc109ad 00007fce5a689298
0x00007fce5a689260:   00000000bfc10d40 0000000000000000
0x00007fce5a689270:   00000000bfc109b8 00007fce5a689230
0x00007fce5a689280:   00007fce5a689298 00007fce5a6892e0
0x00007fce5a689290:   00007fcead006292 00000000ecca6540
0x00007fce5a6892a0:   00007fce5a6892a0 00000000bf36dfd0
0x00007fce5a6892b0:   00007fce5a689310 00000000bf37d230
0x00007fce5a6892c0:   0000000000000000 00000000bf36e038
0x00007fce5a6892d0:   00007fce5a689298 00007fce5a689308
0x00007fce5a6892e0:   00007fce5a689358 00007fcead006058
0x00007fce5a6892f0:   0000000000000001 00000000ecc7dc20
0x00007fce5a689300:   00000000ecc7dd10 00000000ecc482d0
0x00007fce5a689310:   00000000c3fb6988 00007fce5a689318
0x00007fce5a689320:   00000000bf36e0fd 00007fce5a689370
0x00007fce5a689330:   00000000bf37d230 0000000000000000
0x00007fce5a689340:   00000000bf36e120 00007fce5a689308
0x00007fce5a689350:   00007fce5a689368 00007fce5a6893b8
0x00007fce5a689360:   00007fcead006706 00000000ecc482d0
0x00007fce5a689370:   00000000c3fb6988 00007fce5a689378 

Instructions: (pc=0x00007fce5a308e9a)
0x00007fce5a308e7a:   24 8e 4c 8b a3 88 00 00 00 f3 41 0f 10 04 94 4c
0x00007fce5a308e8a:   8b 63 78 f3 0f 2a cd 48 63 d5 8b ab c0 00 00 00
0x00007fce5a308e9a:   f3 41 0f 10 14 94 83 ed 01 f3 0f 5c c1 f3 0f 2a
0x00007fce5a308eaa:   cd 0f 2e 08 0f 86 7c 00 00 00 f3 41 0f 10 4c 94 

Register to memory mapping:

RAX=0x00007fce503992f8 is an unknown value
RBX=0x00007fce50209420 is an unknown value
RCX=0x0000000000000006 is an unknown value
RDX=0xffffffff80000000 is an unknown value
RSP=0x00007fce5a689180 is pointing into the stack for thread: 0x00007fce74130000
RBP=0x0000000000000101 is an unknown value
RSI=0x00007fce502093a0 is an unknown value
RDI=0x0000000000000006 is an unknown value
R8 =0x000000000000001e is an unknown value
R9 =0x0000000055555556 is an unknown value
R10=0x0000000000000005 is an unknown value
R11=0x0000000000000000 is an unknown value
R12=0x00007fce50399760 is an unknown value
R13=0x00000000bfbe2b48 is an oop
{method} 
 - klass: {other class}
R14=0x00007fce5a689240 is pointing into the stack for thread: 0x00007fce74130000
R15=0x00007fce74130000 is a thread


Stack: [0x00007fce5a58c000,0x00007fce5a68d000],  sp=0x00007fce5a689180,  free space=1012k
Native frames: (J=compiled Java code, j=interpreted, Vv=VM code, C=native code)
C  [libsndobj.so.2.6.5+0x42e9a]  SinAnal::DoProcess()+0x1ba

Java frames: (J=compiled Java code, j=interpreted, Vv=VM code)
j  JSndObj.jsndobjJNI.SinAnal_DoProcess(JLJSndObj/SinAnal;)S+0
j  JSndObj.SinAnal.DoProcess()S+5
j  synthesizer.Synthesizer$1.handle(Ljavafx/event/ActionEvent;)V+232
j  synthesizer.Synthesizer$1.handle(Ljavafx/event/Event;)V+5
j  com.sun.javafx.event.CompositeEventHandler.dispatchBubblingEvent(Ljavafx/event/Event;)V+62
j  com.sun.javafx.event.EventHandlerManager.dispatchBubblingEvent(Ljavafx/event/EventType;Ljavafx/event/Event;)Ljavafx/event/Event;+29
j  com.sun.javafx.event.EventHandlerManager.dispatchBubblingEvent(Ljavafx/event/Event;)Ljavafx/event/Event;+8
j  com.sun.javafx.event.CompositeEventDispatcher.dispatchBubblingEvent(Ljavafx/event/Event;)Ljavafx/event/Event;+11
j  com.sun.javafx.event.BasicEventDispatcher.dispatchEvent(Ljavafx/event/Event;Ljavafx/event/EventDispatchChain;)Ljavafx/event/Event;+29
j  com.sun.javafx.event.EventDispatchChainImpl.dispatchEvent(Ljavafx/event/Event;)Ljavafx/event/Event;+69
j  com.sun.javafx.event.BasicEventDispatcher.dispatchEvent(Ljavafx/event/Event;Ljavafx/event/EventDispatchChain;)Ljavafx/event/Event;+17
j  com.sun.javafx.event.EventDispatchChainImpl.dispatchEvent(Ljavafx/event/Event;)Ljavafx/event/Event;+69
j  com.sun.javafx.event.BasicEventDispatcher.dispatchEvent(Ljavafx/event/Event;Ljavafx/event/EventDispatchChain;)Ljavafx/event/Event;+17
j  com.sun.javafx.event.EventDispatchChainImpl.dispatchEvent(Ljavafx/event/Event;)Ljavafx/event/Event;+69
j  com.sun.javafx.event.EventUtil.fireEventImpl(Ljavafx/event/EventDispatchChain;Ljavafx/event/EventTarget;Ljavafx/event/Event;)Ljavafx/event/Event;+10
j  com.sun.javafx.event.EventUtil.fireEvent(Ljavafx/event/EventTarget;Ljavafx/event/Event;)Ljavafx/event/Event;+37
j  javafx.event.Event.fireEvent(Ljavafx/event/EventTarget;Ljavafx/event/Event;)V+30
j  javafx.scene.Node.fireEvent(Ljavafx/event/Event;)V+86
j  javafx.scene.control.Button.fire()V+8
j  com.sun.javafx.scene.control.behavior.ButtonBehavior.mouseReleased(Ljavafx/scene/input/MouseEvent;)V+23
j  com.sun.javafx.scene.control.skin.SkinBase$4.handle(Ljavafx/scene/input/MouseEvent;)V+83
j  com.sun.javafx.scene.control.skin.SkinBase$4.handle(Ljavafx/event/Event;)V+5
j  com.sun.javafx.event.CompositeEventHandler.dispatchBubblingEvent(Ljavafx/event/Event;)V+42
j  com.sun.javafx.event.EventHandlerManager.dispatchBubblingEvent(Ljavafx/event/EventType;Ljavafx/event/Event;)Ljavafx/event/Event;+29
j  com.sun.javafx.event.EventHandlerManager.dispatchBubblingEvent(Ljavafx/event/Event;)Ljavafx/event/Event;+8
j  com.sun.javafx.event.CompositeEventDispatcher.dispatchBubblingEvent(Ljavafx/event/Event;)Ljavafx/event/Event;+11
j  com.sun.javafx.event.BasicEventDispatcher.dispatchEvent(Ljavafx/event/Event;Ljavafx/event/EventDispatchChain;)Ljavafx/event/Event;+29
j  com.sun.javafx.event.EventDispatchChainImpl.dispatchEvent(Ljavafx/event/Event;)Ljavafx/event/Event;+69
j  com.sun.javafx.event.BasicEventDispatcher.dispatchEvent(Ljavafx/event/Event;Ljavafx/event/EventDispatchChain;)Ljavafx/event/Event;+17
j  com.sun.javafx.event.EventDispatchChainImpl.dispatchEvent(Ljavafx/event/Event;)Ljavafx/event/Event;+69
j  com.sun.javafx.event.BasicEventDispatcher.dispatchEvent(Ljavafx/event/Event;Ljavafx/event/EventDispatchChain;)Ljavafx/event/Event;+17
j  com.sun.javafx.event.EventDispatchChainImpl.dispatchEvent(Ljavafx/event/Event;)Ljavafx/event/Event;+69
j  com.sun.javafx.event.BasicEventDispatcher.dispatchEvent(Ljavafx/event/Event;Ljavafx/event/EventDispatchChain;)Ljavafx/event/Event;+17
j  com.sun.javafx.event.EventDispatchChainImpl.dispatchEvent(Ljavafx/event/Event;)Ljavafx/event/Event;+69
j  com.sun.javafx.event.EventUtil.fireEventImpl(Ljavafx/event/EventDispatchChain;Ljavafx/event/EventTarget;Ljavafx/event/Event;)Ljavafx/event/Event;+10
j  com.sun.javafx.event.EventUtil.fireEvent(Ljavafx/event/EventTarget;Ljavafx/event/Event;)Ljavafx/event/Event;+46
j  javafx.event.Event.fireEvent(Ljavafx/event/EventTarget;Ljavafx/event/Event;)V+30
j  javafx.scene.Scene$MouseHandler.process(Ljavafx/scene/input/MouseEvent;Z)V+405
j  javafx.scene.Scene$MouseHandler.process(Ljavafx/scene/input/MouseEvent;)V+3
j  javafx.scene.Scene$MouseHandler.access$1900(Ljavafx/scene/Scene$MouseHandler;Ljavafx/scene/input/MouseEvent;)V+2
j  javafx.scene.Scene.impl_processMouseEvent(Ljavafx/scene/input/MouseEvent;)V+16
j  javafx.scene.Scene$ScenePeerListener.mouseEvent(Ljava/lang/Object;)V+11
j  com.sun.javafx.tk.quantum.GlassViewEventHandler$MouseEventNotification.run()Ljava/lang/Void;+329
j  com.sun.javafx.tk.quantum.GlassViewEventHandler$MouseEventNotification.run()Ljava/lang/Object;+1
v  ~StubRoutines::call_stub
j  java.security.AccessController.doPrivileged(Ljava/security/PrivilegedAction;Ljava/security/AccessControlContext;)Ljava/lang/Object;+0
j  com.sun.javafx.tk.quantum.GlassViewEventHandler.handleMouseEvent(Lcom/sun/glass/ui/View;JIIIIIIIIZZ)V+117
j  com.sun.glass.ui.View.handleMouseEvent(JIIIIIIIIZZ)V+38
j  com.sun.glass.ui.View.notifyMouse(IIIIIIIZZ)V+184
v  ~StubRoutines::call_stub
j  com.sun.glass.ui.gtk.GtkApplication._runLoop([Ljava/lang/String;Lcom/sun/glass/ui/Launchable;Z)V+0
j  com.sun.glass.ui.gtk.GtkApplication$3$1.run()V+38
j  java.lang.Thread.run()V+11
v  ~StubRoutines::call_stub

---------------  P R O C E S S  ---------------

Java Threads: ( => current thread )
  0x00007fce68079000 JavaThread "Java2D Disposer" daemon [_thread_blocked, id=14014, stack(0x00007fce591fd000,0x00007fce592fe000)]
  0x00007fce50097800 JavaThread "Prism Font Disposer" daemon [_thread_blocked, id=14009, stack(0x00007fce59a5d000,0x00007fce59b5e000)]
=>0x00007fce74130000 JavaThread "JavaFX Application Thread" [_thread_in_native, id=14008, stack(0x00007fce5a58c000,0x00007fce5a68d000)]
  0x00007fce7412f800 JavaThread "Thread-3" daemon [_thread_blocked, id=14007, stack(0x00007fce5a68d000,0x00007fce5a78e000)]
  0x00007fce74089800 JavaThread "Disposer" daemon [_thread_blocked, id=14004, stack(0x00007fce6d8df000,0x00007fce6d9e0000)]
  0x00007fce74088800 JavaThread "QuantumRenderer-0" daemon [_thread_blocked, id=14003, stack(0x00007fce9d02d000,0x00007fce9d12e000)]
  0x00007fceb0138000 JavaThread "JavaFX-Launcher" [_thread_blocked, id=14002, stack(0x00007fce9d17f000,0x00007fce9d280000)]
  0x00007fceb0121000 JavaThread "traceMsgQueueThread" daemon [_thread_blocked, id=14001, stack(0x00007fce9d4b0000,0x00007fce9d5b1000)]
  0x00007fceb0096000 JavaThread "Service Thread" daemon [_thread_blocked, id=13999, stack(0x00007fce9d758000,0x00007fce9d859000)]
  0x00007fceb0094000 JavaThread "C2 CompilerThread1" daemon [_thread_blocked, id=13998, stack(0x00007fce9d859000,0x00007fce9d95a000)]
  0x00007fceb0091000 JavaThread "C2 CompilerThread0" daemon [_thread_blocked, id=13997, stack(0x00007fce9d95a000,0x00007fce9da5b000)]
  0x00007fceb0086800 JavaThread "Signal Dispatcher" daemon [_thread_blocked, id=13996, stack(0x00007fce9da5b000,0x00007fce9db5c000)]
  0x00007fceb0070800 JavaThread "Finalizer" daemon [_thread_blocked, id=13995, stack(0x00007fce9db5c000,0x00007fce9dc5d000)]
  0x00007fceb006c800 JavaThread "Reference Handler" daemon [_thread_blocked, id=13994, stack(0x00007fce9dc5d000,0x00007fce9dd5e000)]
  0x00007fceb000a800 JavaThread "main" [_thread_blocked, id=13988, stack(0x00007fceb7a4c000,0x00007fceb7b4d000)]

Other Threads:
  0x00007fceb006a000 VMThread [stack: 0x00007fce9dd5e000,0x00007fce9de5f000] [id=13993]
  0x00007fceb00a9000 WatcherThread [stack: 0x00007fce9d657000,0x00007fce9d758000] [id=14000]

VM state:not at safepoint (normal execution)

VM Mutex/Monitor currently owned by a thread: None

Heap
 PSYoungGen      total 17920K, used 16617K [0x00000000ebf00000, 0x00000000ee200000, 0x0000000100000000)
  eden space 15360K, 91% used [0x00000000ebf00000,0x00000000eccbee10,0x00000000ece00000)
  from space 2560K, 99% used [0x00000000ece00000,0x00000000ed07b760,0x00000000ed080000)
  to   space 2560K, 0% used [0x00000000edf80000,0x00000000edf80000,0x00000000ee200000)
 ParOldGen       total 40960K, used 19174K [0x00000000c3e00000, 0x00000000c6600000, 0x00000000ebf00000)
  object space 40960K, 46% used [0x00000000c3e00000,0x00000000c50b9af8,0x00000000c6600000)
 PSPermGen       total 21504K, used 16452K [0x00000000bec00000, 0x00000000c0100000, 0x00000000c3e00000)
  object space 21504K, 76% used [0x00000000bec00000,0x00000000bfc11040,0x00000000c0100000)

Card table byte_map: [0x00007fceb4946000,0x00007fceb4b51000] byte_map_base: 0x00007fceb4350000

Polling page: 0x00007fceb7b69000

Code Cache  [0x00007fcead000000, 0x00007fcead270000, 0x00007fceb0000000)
 total_blobs=917 nmethods=123 adapters=747 free_code_cache=48051Kb largest_free_block=49197440

Compilation events (10 events):
Event: 2.543 Thread 0x00007fceb0091000  119             java.util.concurrent.locks.AbstractQueuedSynchronizer::getState (5 bytes)
Event: 2.544 Thread 0x00007fceb0091000 nmethod 119 0x00007fcead0e6f50 code [0x00007fcead0e7080, 0x00007fcead0e70d8]
Event: 2.583 Thread 0x00007fceb0094000  120   !         java.awt.GradientPaintContext::<init> (649 bytes)
Event: 2.601 Thread 0x00007fceb0094000 nmethod 120 0x00007fcead0f9710 code [0x00007fcead0f99e0, 0x00007fcead0fab20]
Event: 2.814 Thread 0x00007fceb0091000  121             javafx.beans.property.DoublePropertyBase::get (29 bytes)
Event: 2.815 Thread 0x00007fceb0091000 nmethod 121 0x00007fcead0e6710 code [0x00007fcead0e6860, 0x00007fcead0e68d8]
Event: 6.071 Thread 0x00007fceb0094000  122             java.util.WeakHashMap$HashIterator::hasNext (95 bytes)
Event: 6.077 Thread 0x00007fceb0094000 nmethod 122 0x00007fcead0e9150 code [0x00007fcead0e92a0, 0x00007fcead0e94b8]
Event: 8.917 Thread 0x00007fceb0091000  123             java.util.ArrayList::access$100 (5 bytes)
Event: 8.918 Thread 0x00007fceb0091000 nmethod 123 0x00007fcead0e6510 code [0x00007fcead0e6640, 0x00007fcead0e6698]

GC Heap History (6 events):
Event: 0.599 GC heap before
{Heap before GC invocations=1 (full 0):
 PSYoungGen      total 17920K, used 15355K [0x00000000ebf00000, 0x00000000ed300000, 0x0000000100000000)
  eden space 15360K, 99% used [0x00000000ebf00000,0x00000000ecdfef58,0x00000000ece00000)
  from space 2560K, 0% used [0x00000000ed080000,0x00000000ed080000,0x00000000ed300000)
  to   space 2560K, 0% used [0x00000000ece00000,0x00000000ece00000,0x00000000ed080000)
 ParOldGen       total 40960K, used 0K [0x00000000c3e00000, 0x00000000c6600000, 0x00000000ebf00000)
  object space 40960K, 0% used [0x00000000c3e00000,0x00000000c3e00000,0x00000000c6600000)
 PSPermGen       total 21504K, used 9472K [0x00000000bec00000, 0x00000000c0100000, 0x00000000c3e00000)
  object space 21504K, 44% used [0x00000000bec00000,0x00000000bf5402f0,0x00000000c0100000)
Event: 0.604 GC heap after
Heap after GC invocations=1 (full 0):
 PSYoungGen      total 17920K, used 2528K [0x00000000ebf00000, 0x00000000ed300000, 0x0000000100000000)
  eden space 15360K, 0% used [0x00000000ebf00000,0x00000000ebf00000,0x00000000ece00000)
  from space 2560K, 98% used [0x00000000ece00000,0x00000000ed078040,0x00000000ed080000)
  to   space 2560K, 0% used [0x00000000ed080000,0x00000000ed080000,0x00000000ed300000)
 ParOldGen       total 40960K, used 284K [0x00000000c3e00000, 0x00000000c6600000, 0x00000000ebf00000)
  object space 40960K, 0% used [0x00000000c3e00000,0x00000000c3e47330,0x00000000c6600000)
 PSPermGen       total 21504K, used 9472K [0x00000000bec00000, 0x00000000c0100000, 0x00000000c3e00000)
  object space 21504K, 44% used [0x00000000bec00000,0x00000000bf5402f0,0x00000000c0100000)
}
Event: 1.168 GC heap before
{Heap before GC invocations=2 (full 0):
 PSYoungGen      total 17920K, used 17611K [0x00000000ebf00000, 0x00000000ed300000, 0x0000000100000000)
  eden space 15360K, 98% used [0x00000000ebf00000,0x00000000ecdbaed8,0x00000000ece00000)
  from space 2560K, 98% used [0x00000000ece00000,0x00000000ed078040,0x00000000ed080000)
  to   space 2560K, 0% used [0x00000000ed080000,0x00000000ed080000,0x00000000ed300000)
 ParOldGen       total 40960K, used 284K [0x00000000c3e00000, 0x00000000c6600000, 0x00000000ebf00000)
  object space 40960K, 0% used [0x00000000c3e00000,0x00000000c3e47330,0x00000000c6600000)
 PSPermGen       total 21504K, used 13556K [0x00000000bec00000, 0x00000000c0100000, 0x00000000c3e00000)
  object space 21504K, 63% used [0x00000000bec00000,0x00000000bf93d238,0x00000000c0100000)
Event: 1.178 GC heap after
Heap after GC invocations=2 (full 0):
 PSYoungGen      total 17920K, used 2541K [0x00000000ebf00000, 0x00000000ee200000, 0x0000000100000000)
  eden space 15360K, 0% used [0x00000000ebf00000,0x00000000ebf00000,0x00000000ece00000)
  from space 2560K, 99% used [0x00000000ed080000,0x00000000ed2fb760,0x00000000ed300000)
  to   space 2560K, 0% used [0x00000000ece00000,0x00000000ece00000,0x00000000ed080000)
 ParOldGen       total 40960K, used 5317K [0x00000000c3e00000, 0x00000000c6600000, 0x00000000ebf00000)
  object space 40960K, 12% used [0x00000000c3e00000,0x00000000c43314e8,0x00000000c6600000)
 PSPermGen       total 21504K, used 13556K [0x00000000bec00000, 0x00000000c0100000, 0x00000000c3e00000)
  object space 21504K, 63% used [0x00000000bec00000,0x00000000bf93d238,0x00000000c0100000)
}
Event: 1.574 GC heap before
{Heap before GC invocations=3 (full 0):
 PSYoungGen      total 17920K, used 17901K [0x00000000ebf00000, 0x00000000ee200000, 0x0000000100000000)
  eden space 15360K, 100% used [0x00000000ebf00000,0x00000000ece00000,0x00000000ece00000)
  from space 2560K, 99% used [0x00000000ed080000,0x00000000ed2fb760,0x00000000ed300000)
  to   space 2560K, 0% used [0x00000000ece00000,0x00000000ece00000,0x00000000ed080000)
 ParOldGen       total 40960K, used 5317K [0x00000000c3e00000, 0x00000000c6600000, 0x00000000ebf00000)
  object space 40960K, 12% used [0x00000000c3e00000,0x00000000c43314e8,0x00000000c6600000)
 PSPermGen       total 21504K, used 15799K [0x00000000bec00000, 0x00000000c0100000, 0x00000000c3e00000)
  object space 21504K, 73% used [0x00000000bec00000,0x00000000bfb6df40,0x00000000c0100000)
Event: 1.581 GC heap after
Heap after GC invocations=3 (full 0):
 PSYoungGen      total 17920K, used 2541K [0x00000000ebf00000, 0x00000000ee200000, 0x0000000100000000)
  eden space 15360K, 0% used [0x00000000ebf00000,0x00000000ebf00000,0x00000000ece00000)
  from space 2560K, 99% used [0x00000000ece00000,0x00000000ed07b760,0x00000000ed080000)
  to   space 2560K, 0% used [0x00000000edf80000,0x00000000edf80000,0x00000000ee200000)
 ParOldGen       total 40960K, used 19174K [0x00000000c3e00000, 0x00000000c6600000, 0x00000000ebf00000)
  object space 40960K, 46% used [0x00000000c3e00000,0x00000000c50b9af8,0x00000000c6600000)
 PSPermGen       total 21504K, used 15799K [0x00000000bec00000, 0x00000000c0100000, 0x00000000c3e00000)
  object space 21504K, 73% used [0x00000000bec00000,0x00000000bfb6df40,0x00000000c0100000)
}

Deoptimization events (10 events):
Event: 0.822 Thread 0x00007fce74130000 Uncommon trap: reason=bimorphic action=maybe_recompile pc=0x00007fcead09d644 method=java.util.Collections$UnmodifiableList.get(I)Ljava/lang/Object; @ 5
Event: 0.823 Thread 0x00007fce74130000 Uncommon trap: reason=bimorphic action=maybe_recompile pc=0x00007fcead097d24 method=java.util.Collections$UnmodifiableCollection.size()I @ 4
Event: 0.836 Thread 0x00007fce74130000 Uncommon trap: reason=predicate action=maybe_recompile pc=0x00007fcead09a670 method=java.util.Arrays.fill([Ljava/lang/Object;Ljava/lang/Object;)V @ 10
Event: 0.863 Thread 0x00007fce74130000 Uncommon trap: reason=array_check action=maybe_recompile pc=0x00007fcead0a45f8 method=java.util.Arrays.fill([Ljava/lang/Object;Ljava/lang/Object;)V @ 13
Event: 0.863 Thread 0x00007fce74130000 Uncommon trap: reason=array_check action=maybe_recompile pc=0x00007fcead0a45f8 method=java.util.Arrays.fill([Ljava/lang/Object;Ljava/lang/Object;)V @ 13
Event: 0.863 Thread 0x00007fce74130000 Uncommon trap: reason=array_check action=maybe_recompile pc=0x00007fcead0a45f8 method=java.util.Arrays.fill([Ljava/lang/Object;Ljava/lang/Object;)V @ 13
Event: 0.863 Thread 0x00007fce74130000 Uncommon trap: reason=array_check action=maybe_recompile pc=0x00007fcead0a45f8 method=java.util.Arrays.fill([Ljava/lang/Object;Ljava/lang/Object;)V @ 13
Event: 1.118 Thread 0x00007fce74130000 Uncommon trap: reason=null_check action=make_not_entrant pc=0x00007fcead0a35f4 method=javafx.scene.Node.getParent()Ljavafx/scene/Parent; @ 18
Event: 1.185 Thread 0x00007fce74088800 Uncommon trap: reason=bimorphic action=maybe_recompile pc=0x00007fcead097d24 method=java.util.Collections$UnmodifiableCollection.size()I @ 4
Event: 1.353 Thread 0x00007fce74088800 Uncommon trap: reason=unreached action=reinterpret pc=0x00007fcead0dda34 method=sun.awt.image.ByteInterleavedRaster.getDataElements(IILjava/lang/Object;)Ljava/lang/Object; @ 43

Internal exceptions (10 events):
Event: 0.823 Thread 0x00007fce74130000 Threw 0x00000000ec78f738 at /HUDSON/workspace/7u-2-build-linux-amd64/jdk7u45/229/hotspot/src/share/vm/prims/jvm.cpp:1244
Event: 1.117 Thread 0x00007fce74130000 Implicit null exception at 0x00007fcead0a359a to 0x00007fcead0a35e9
Event: 1.185 Thread 0x00007fce74088800 Threw 0x00000000ec2e9a90 at /HUDSON/workspace/7u-2-build-linux-amd64/jdk7u45/229/hotspot/src/share/vm/prims/jni.cpp:717
Event: 1.185 Thread 0x00007fce74088800 Threw 0x00000000ec2ea2a8 at /HUDSON/workspace/7u-2-build-linux-amd64/jdk7u45/229/hotspot/src/share/vm/prims/jni.cpp:717
Event: 1.187 Thread 0x00007fce74088800 Threw 0x00000000ec2ec2d0 at /HUDSON/workspace/7u-2-build-linux-amd64/jdk7u45/229/hotspot/src/share/vm/prims/jvm.cpp:1244
Event: 1.189 Thread 0x00007fce74088800 Threw 0x00000000ec303758 at /HUDSON/workspace/7u-2-build-linux-amd64/jdk7u45/229/hotspot/src/share/vm/prims/jvm.cpp:1244
Event: 1.189 Thread 0x00007fce74088800 Threw 0x00000000ec305b98 at /HUDSON/workspace/7u-2-build-linux-amd64/jdk7u45/229/hotspot/src/share/vm/prims/jvm.cpp:1244
Event: 1.189 Thread 0x00007fce74088800 Threw 0x00000000ec3076a0 at /HUDSON/workspace/7u-2-build-linux-amd64/jdk7u45/229/hotspot/src/share/vm/prims/jvm.cpp:1244
Event: 1.353 Thread 0x00007fce74088800 Implicit null exception at 0x00007fcead0dd874 to 0x00007fcead0dda19
Event: 1.614 Thread 0x00007fce74088800 Threw 0x00000000ec186340 at /HUDSON/workspace/7u-2-build-linux-amd64/jdk7u45/229/hotspot/src/share/vm/prims/jvm.cpp:1244

Events (10 events):
Event: 4.059 Executing VM operation: EnableBiasedLocking
Event: 4.059 Executing VM operation: EnableBiasedLocking done
Event: 11.517 loading class 0x00007fce5006d090
Event: 11.517 loading class 0x00007fce5006d090 done
Event: 11.518 loading class 0x00007fce50070c40
Event: 11.518 loading class 0x00007fce50070c40 done
Event: 11.522 loading class 0x00007fceb4157c90
Event: 11.522 loading class 0x00007fceb4157c90 done
Event: 11.524 loading class 0x00007fce5006ceb0
Event: 11.524 loading class 0x00007fce5006ceb0 done


Dynamic libraries:
00400000-00401000 r-xp 00000000 08:02 9176824                            /usr/lib/jvm/jdk1.7.0_45/bin/java
00600000-00601000 rw-p 00000000 08:02 9176824                            /usr/lib/jvm/jdk1.7.0_45/bin/java
00dbe000-00ddf000 rw-p 00000000 00:00 0                                  [heap]
bec00000-c0100000 rw-p 00000000 00:00 0 
c0100000-c3e00000 rw-p 00000000 00:00 0 
c3e00000-c6600000 rw-p 00000000 00:00 0 
c6600000-ebf00000 rw-p 00000000 00:00 0 
ebf00000-ee200000 rw-p 00000000 00:00 0 
ee200000-100000000 rw-p 00000000 00:00 0 
7fce2c000000-7fce2c022000 rw-p 00000000 00:00 0 
7fce2c022000-7fce30000000 ---p 00000000 00:00 0 
7fce30000000-7fce30022000 rw-p 00000000 00:00 0 
7fce30022000-7fce34000000 ---p 00000000 00:00 0 
7fce34000000-7fce34022000 rw-p 00000000 00:00 0 
7fce34022000-7fce38000000 ---p 00000000 00:00 0 
7fce3a773000-7fce3a7cc000 r-xp 00000000 08:02 5913470                    /usr/lib/lib_jsndobj.so
7fce3a7cc000-7fce3a9cb000 ---p 00059000 08:02 5913470                    /usr/lib/lib_jsndobj.so
7fce3a9cb000-7fce3a9cc000 r--p 00058000 08:02 5913470                    /usr/lib/lib_jsndobj.so
7fce3a9cc000-7fce3a9cd000 rw-p 00059000 08:02 5913470                    /usr/lib/lib_jsndobj.so
7fce3a9cd000-7fce3a9ce000 ---p 00000000 00:00 0 
7fce3a9ce000-7fce3b1ce000 rw-p 00000000 00:00 0                          [stack:14028]
7fce3b1ce000-7fce3b1cf000 ---p 00000000 00:00 0 
7fce3b1cf000-7fce3b9cf000 rw-p 00000000 00:00 0 
7fce3b9cf000-7fce3b9d1000 r-xp 00000000 08:02 6030445                    /usr/lib/x86_64-linux-gnu/pango/1.6.0/modules/pango-basic-fc.so
7fce3b9d1000-7fce3bbd0000 ---p 00002000 08:02 6030445                    /usr/lib/x86_64-linux-gnu/pango/1.6.0/modules/pango-basic-fc.so
7fce3bbd0000-7fce3bbd1000 r--p 00001000 08:02 6030445                    /usr/lib/x86_64-linux-gnu/pango/1.6.0/modules/pango-basic-fc.so
7fce3bbd1000-7fce3bbd2000 rw-p 00002000 08:02 6030445                    /usr/lib/x86_64-linux-gnu/pango/1.6.0/modules/pango-basic-fc.so
7fce3bbd2000-7fce3bbec000 r-xp 00000000 08:02 5903403                    /usr/lib/x86_64-linux-gnu/libdbusmenu-glib.so.4.0.13
7fce3bbec000-7fce3bdeb000 ---p 0001a000 08:02 5903403                    /usr/lib/x86_64-linux-gnu/libdbusmenu-glib.so.4.0.13
7fce3bdeb000-7fce3bdec000 r--p 00019000 08:02 5903403                    /usr/lib/x86_64-linux-gnu/libdbusmenu-glib.so.4.0.13
7fce3bdec000-7fce3bded000 rw-p 0001a000 08:02 5903403                    /usr/lib/x86_64-linux-gnu/libdbusmenu-glib.so.4.0.13
7fce3bded000-7fce3bdff000 r-xp 00000000 08:02 5903449                    /usr/lib/x86_64-linux-gnu/libdbusmenu-gtk.so.4.0.13
7fce3bdff000-7fce3bffe000 ---p 00012000 08:02 5903449                    /usr/lib/x86_64-linux-gnu/libdbusmenu-gtk.so.4.0.13
7fce3bffe000-7fce3bfff000 r--p 00011000 08:02 5903449                    /usr/lib/x86_64-linux-gnu/libdbusmenu-gtk.so.4.0.13
7fce3bfff000-7fce3c000000 rw-p 00012000 08:02 5903449                    /usr/lib/x86_64-linux-gnu/libdbusmenu-gtk.so.4.0.13
7fce3c000000-7fce3c022000 rw-p 00000000 00:00 0 
7fce3c022000-7fce40000000 ---p 00000000 00:00 0 
7fce40040000-7fce40092000 r--p 00000000 08:02 9046012                    /usr/share/fonts/truetype/ubuntu-font-family/Ubuntu-B.ttf
7fce40092000-7fce400f2000 rw-s 00000000 00:04 365723652                  /SYSV00000000 (deleted)
7fce400f2000-7fce40149000 r--p 00000000 08:02 9046010                    /usr/share/fonts/truetype/ubuntu-font-family/Ubuntu-R.ttf
7fce40149000-7fce4014e000 r-xp 00000000 08:02 6030473                    /usr/lib/x86_64-linux-gnu/gtk-2.0/2.10.0/menuproxies/libappmenu.so
7fce4014e000-7fce4034d000 ---p 00005000 08:02 6030473                    /usr/lib/x86_64-linux-gnu/gtk-2.0/2.10.0/menuproxies/libappmenu.so
7fce4034d000-7fce4034e000 r--p 00004000 08:02 6030473                    /usr/lib/x86_64-linux-gnu/gtk-2.0/2.10.0/menuproxies/libappmenu.so
7fce4034e000-7fce4034f000 rw-p 00005000 08:02 6030473                    /usr/lib/x86_64-linux-gnu/gtk-2.0/2.10.0/menuproxies/libappmenu.so
7fce4034f000-7fce40350000 ---p 00000000 00:00 0 
7fce40350000-7fce40b50000 rw-p 00000000 00:00 0 
7fce40b50000-7fce40b51000 ---p 00000000 00:00 0 
7fce40b51000-7fce41351000 rw-p 00000000 00:00 0                          [stack:14027]
7fce41351000-7fce414a2000 r-xp 00000000 08:02 5903380                    /usr/lib/x86_64-linux-gnu/libxml2.so.2.7.8
7fce414a2000-7fce416a2000 ---p 00151000 08:02 5903380                    /usr/lib/x86_64-linux-gnu/libxml2.so.2.7.8
7fce416a2000-7fce416aa000 r--p 00151000 08:02 5903380                    /usr/lib/x86_64-linux-gnu/libxml2.so.2.7.8
7fce416aa000-7fce416ac000 rw-p 00159000 08:02 5903380                    /usr/lib/x86_64-linux-gnu/libxml2.so.2.7.8
7fce416ac000-7fce416ad000 rw-p 00000000 00:00 0 
7fce416ad000-7fce416e4000 r-xp 00000000 08:02 5903855                    /usr/lib/x86_64-linux-gnu/libcroco-0.6.so.3.0.1
7fce416e4000-7fce418e3000 ---p 00037000 08:02 5903855                    /usr/lib/x86_64-linux-gnu/libcroco-0.6.so.3.0.1
7fce418e3000-7fce418e6000 r--p 00036000 08:02 5903855                    /usr/lib/x86_64-linux-gnu/libcroco-0.6.so.3.0.1
7fce418e6000-7fce418e7000 rw-p 00039000 08:02 5903855                    /usr/lib/x86_64-linux-gnu/libcroco-0.6.so.3.0.1
7fce418e7000-7fce4191b000 r-xp 00000000 08:02 5903857                    /usr/lib/x86_64-linux-gnu/librsvg-2.so.2.36.1
7fce4191b000-7fce41b1a000 ---p 00034000 08:02 5903857                    /usr/lib/x86_64-linux-gnu/librsvg-2.so.2.36.1
7fce41b1a000-7fce41b1b000 r--p 00033000 08:02 5903857                    /usr/lib/x86_64-linux-gnu/librsvg-2.so.2.36.1
7fce41b1b000-7fce41b1c000 rw-p 00034000 08:02 5903857                    /usr/lib/x86_64-linux-gnu/librsvg-2.so.2.36.1
7fce41b1c000-7fce41b1e000 r-xp 00000000 08:02 6033119                    /usr/lib/x86_64-linux-gnu/gdk-pixbuf-2.0/2.10.0/loaders/libpixbufloader-svg.so
7fce41b1e000-7fce41d1d000 ---p 00002000 08:02 6033119                    /usr/lib/x86_64-linux-gnu/gdk-pixbuf-2.0/2.10.0/loaders/libpixbufloader-svg.so
7fce41d1d000-7fce41d1e000 r--p 00001000 08:02 6033119                    /usr/lib/x86_64-linux-gnu/gdk-pixbuf-2.0/2.10.0/loaders/libpixbufloader-svg.so
7fce41d1e000-7fce41d1f000 rw-p 00002000 08:02 6033119                    /usr/lib/x86_64-linux-gnu/gdk-pixbuf-2.0/2.10.0/loaders/libpixbufloader-svg.so
7fce41d1f000-7fce42fca000 r--p 00000000 08:02 6172673                    /usr/share/icons/hicolor/icon-theme.cache
7fce42fca000-7fce438b5000 r--p 00000000 08:02 6300108                    /usr/share/icons/gnome/icon-theme.cache
7fce438b5000-7fce4399e000 r--p 00000000 08:02 6165433                    /usr/share/icons/Humanity/icon-theme.cache
7fce4399e000-7fce439ae000 r-xp 00000000 08:02 6033371                    /usr/lib/x86_64-linux-gnu/gio/modules/libgioremote-volume-monitor.so
7fce439ae000-7fce43bad000 ---p 00010000 08:02 6033371                    /usr/lib/x86_64-linux-gnu/gio/modules/libgioremote-volume-monitor.so
7fce43bad000-7fce43bae000 r--p 0000f000 08:02 6033371                    /usr/lib/x86_64-linux-gnu/gio/modules/libgioremote-volume-monitor.so
7fce43bae000-7fce43baf000 rw-p 00010000 08:02 6033371                    /usr/lib/x86_64-linux-gnu/gio/modules/libgioremote-volume-monitor.so
7fce43baf000-7fce43bbb000 r-xp 00000000 08:02 7864410                    /lib/x86_64-linux-gnu/libudev.so.0.13.0
7fce43bbb000-7fce43dba000 ---p 0000c000 08:02 7864410                    /lib/x86_64-linux-gnu/libudev.so.0.13.0
7fce43dba000-7fce43dbb000 r--p 0000b000 08:02 7864410                    /lib/x86_64-linux-gnu/libudev.so.0.13.0
7fce43dbb000-7fce43dbc000 rw-p 0000c000 08:02 7864410                    /lib/x86_64-linux-gnu/libudev.so.0.13.0
7fce43dbc000-7fce43dfe000 r-xp 00000000 08:02 7864396                    /lib/x86_64-linux-gnu/libdbus-1.so.3.5.8
7fce43dfe000-7fce43ffe000 ---p 00042000 08:02 7864396                    /lib/x86_64-linux-gnu/libdbus-1.so.3.5.8
7fce43ffe000-7fce43fff000 r--p 00042000 08:02 7864396                    /lib/x86_64-linux-gnu/libdbus-1.so.3.5.8
7fce43fff000-7fce44000000 rw-p 00043000 08:02 7864396                    /lib/x86_64-linux-gnu/libdbus-1.so.3.5.8
7fce44000000-7fce44021000 rw-p 00000000 00:00 0 
7fce44021000-7fce48000000 ---p 00000000 00:00 0 
7fce48000000-7fce48021000 rw-p 00000000 00:00 0 
7fce48021000-7fce4c000000 ---p 00000000 00:00 0 
7fce4c000000-7fce4c021000 rw-p 00000000 00:00 0 
7fce4c021000-7fce50000000 ---p 00000000 00:00 0 
7fce50000000-7fce504b8000 rw-p 00000000 00:00 0 
7fce504b8000-7fce54000000 ---p 00000000 00:00 0 
7fce54000000-7fce54022000 rw-p 00000000 00:00 0 
7fce54022000-7fce58000000 ---p 00000000 00:00 0 
7fce5800e000-7fce5802e000 rw-p 00000000 00:00 0 
7fce5802e000-7fce5804a000 r--s 00000000 08:02 6033532                    /usr/share/mime/mime.cache
7fce5804a000-7fce5806d000 r--p 00000000 08:02 7215041                    /usr/share/icons/ubuntu-mono-dark/icon-theme.cache
7fce5806d000-7fce58083000 r-xp 00000000 08:02 6686470                    /usr/lib/x86_64-linux-gnu/gvfs/libgvfscommon.so
7fce58083000-7fce58282000 ---p 00016000 08:02 6686470                    /usr/lib/x86_64-linux-gnu/gvfs/libgvfscommon.so
7fce58282000-7fce58283000 r--p 00015000 08:02 6686470                    /usr/lib/x86_64-linux-gnu/gvfs/libgvfscommon.so
7fce58283000-7fce58284000 rw-p 00016000 08:02 6686470                    /usr/lib/x86_64-linux-gnu/gvfs/libgvfscommon.so
7fce58284000-7fce582ac000 r-xp 00000000 08:02 6033370                    /usr/lib/x86_64-linux-gnu/gio/modules/libgvfsdbus.so
7fce582ac000-7fce584ab000 ---p 00028000 08:02 6033370                    /usr/lib/x86_64-linux-gnu/gio/modules/libgvfsdbus.so
7fce584ab000-7fce584ac000 r--p 00027000 08:02 6033370                    /usr/lib/x86_64-linux-gnu/gio/modules/libgvfsdbus.so
7fce584ac000-7fce584ad000 rw-p 00028000 08:02 6033370                    /usr/lib/x86_64-linux-gnu/gio/modules/libgvfsdbus.so
7fce584ad000-7fce58515000 r-xp 00000000 08:02 10749464                   /usr/lib/jvm/jdk1.7.0_45/jre/lib/amd64/libt2k.so
7fce58515000-7fce58715000 ---p 00068000 08:02 10749464                   /usr/lib/jvm/jdk1.7.0_45/jre/lib/amd64/libt2k.so
7fce58715000-7fce5871c000 rw-p 00068000 08:02 10749464                   /usr/lib/jvm/jdk1.7.0_45/jre/lib/amd64/libt2k.so
7fce5871c000-7fce5872c000 rw-p 00000000 00:00 0 
7fce5872c000-7fce5873c000 r-xp 00000000 08:02 10749498                   /usr/lib/jvm/jdk1.7.0_45/jre/lib/amd64/libnio.so
7fce5873c000-7fce5893c000 ---p 00010000 08:02 10749498                   /usr/lib/jvm/jdk1.7.0_45/jre/lib/amd64/libnio.so
7fce5893c000-7fce5893d000 rw-p 00010000 08:02 10749498                   /usr/lib/jvm/jdk1.7.0_45/jre/lib/amd64/libnio.so
7fce5893d000-7fce58944000 r-xp 00000000 08:02 7867765                    /lib/x86_64-linux-gnu/libnss_dns-2.15.so
7fce58944000-7fce58b43000 ---p 00007000 08:02 7867765                    /lib/x86_64-linux-gnu/libnss_dns-2.15.so
7fce58b43000-7fce58b44000 r--p 00006000 08:02 7867765                    /lib/x86_64-linux-gnu/libnss_dns-2.15.so
7fce58b44000-7fce58b45000 rw-p 00007000 08:02 7867765                    /lib/x86_64-linux-gnu/libnss_dns-2.15.so
7fce58b45000-7fce58b5b000 r-xp 00000000 08:02 10749449                   /usr/lib/jvm/jdk1.7.0_45/jre/lib/amd64/libnet.so
7fce58b5b000-7fce58d5b000 ---p 00016000 08:02 10749449                   /usr/lib/jvm/jdk1.7.0_45/jre/lib/amd64/libnet.so
7fce58d5b000-7fce58d5c000 rw-p 00016000 08:02 10749449                   /usr/lib/jvm/jdk1.7.0_45/jre/lib/amd64/libnet.so
7fce58d5c000-7fce58dbc000 r-xp 00000000 08:02 10749492                   /usr/lib/jvm/jdk1.7.0_45/jre/lib/amd64/libfontmanager.so
7fce58dbc000-7fce58fbb000 ---p 00060000 08:02 10749492                   /usr/lib/jvm/jdk1.7.0_45/jre/lib/amd64/libfontmanager.so
7fce58fbb000-7fce58fbf000 rw-p 0005f000 08:02 10749492                   /usr/lib/jvm/jdk1.7.0_45/jre/lib/amd64/libfontmanager.so
7fce58fbf000-7fce58fd0000 rw-p 00000000 00:00 0 
7fce58fd0000-7fce58ffa000 r-xp 00000000 08:02 10749487                   /usr/lib/jvm/jdk1.7.0_45/jre/lib/amd64/libdcpr.so
7fce58ffa000-7fce591fa000 ---p 0002a000 08:02 10749487                   /usr/lib/jvm/jdk1.7.0_45/jre/lib/amd64/libdcpr.so
7fce591fa000-7fce591fd000 rw-p 0002a000 08:02 10749487                   /usr/lib/jvm/jdk1.7.0_45/jre/lib/amd64/libdcpr.so
7fce591fd000-7fce59200000 ---p 00000000 00:00 0 
7fce59200000-7fce592fe000 rw-p 00000000 00:00 0                          [stack:14014]
7fce592fe000-7fce5934e000 r-xp 00000000 08:02 10749501                   /usr/lib/jvm/jdk1.7.0_45/jre/lib/amd64/xawt/libmawt.so
7fce5934e000-7fce5954e000 ---p 00050000 08:02 10749501                   /usr/lib/jvm/jdk1.7.0_45/jre/lib/amd64/xawt/libmawt.so
7fce5954e000-7fce59552000 rw-p 00050000 08:02 10749501                   /usr/lib/jvm/jdk1.7.0_45/jre/lib/amd64/xawt/libmawt.so
7fce59552000-7fce59553000 rw-p 00000000 00:00 0 
7fce59553000-7fce595f5000 r-xp 00000000 08:02 10749457                   /usr/lib/jvm/jdk1.7.0_45/jre/lib/amd64/libawt.so
7fce595f5000-7fce597f5000 ---p 000a2000 08:02 10749457                   /usr/lib/jvm/jdk1.7.0_45/jre/lib/amd64/libawt.so
7fce597f5000-7fce59801000 rw-p 000a2000 08:02 10749457                   /usr/lib/jvm/jdk1.7.0_45/jre/lib/amd64/libawt.so
7fce59801000-7fce59825000 rw-p 00000000 00:00 0 
7fce59825000-7fce5985b000 r-xp 00000000 08:02 10749506                   /usr/lib/jvm/jdk1.7.0_45/jre/lib/amd64/libjavafx-iio.so
7fce5985b000-7fce59a5b000 ---p 00036000 08:02 10749506                   /usr/lib/jvm/jdk1.7.0_45/jre/lib/amd64/libjavafx-iio.so
7fce59a5b000-7fce59a5c000 r--p 00036000 08:02 10749506                   /usr/lib/jvm/jdk1.7.0_45/jre/lib/amd64/libjavafx-iio.so
7fce59a5c000-7fce59a5d000 rw-p 00037000 08:02 10749506                   /usr/lib/jvm/jdk1.7.0_45/jre/lib/amd64/libjavafx-iio.so
7fce59a5d000-7fce59a60000 ---p 00000000 00:00 0 
7fce59a60000-7fce59b5e000 rw-p 00000000 00:00 0                          [stack:14009]
7fce59b5e000-7fce59bb6000 r-xp 00000000 08:02 10749455                   /usr/lib/jvm/jdk1.7.0_45/jre/lib/amd64/libjavafx-font.so
7fce59bb6000-7fce59db5000 ---p 00058000 08:02 10749455                   /usr/lib/jvm/jdk1.7.0_45/jre/lib/amd64/libjavafx-font.so
7fce59db5000-7fce59dba000 r--p 00057000 08:02 10749455                   /usr/lib/jvm/jdk1.7.0_45/jre/lib/amd64/libjavafx-font.so
7fce59dba000-7fce59dbb000 rw-p 0005c000 08:02 10749455                   /usr/lib/jvm/jdk1.7.0_45/jre/lib/amd64/libjavafx-font.so
7fce59dbb000-7fce59dbc000 rw-p 00000000 00:00 0 
7fce59dbc000-7fce59dcf000 r-xp 00000000 08:02 5903755                    /usr/lib/x86_64-linux-gnu/libjack.so.0.0.28
7fce59dcf000-7fce59fce000 ---p 00013000 08:02 5903755                    /usr/lib/x86_64-linux-gnu/libjack.so.0.0.28
7fce59fce000-7fce59fcf000 r--p 00012000 08:02 5903755                    /usr/lib/x86_64-linux-gnu/libjack.so.0.0.28
7fce59fcf000-7fce59fd0000 rw-p 00013000 08:02 5903755                    /usr/lib/x86_64-linux-gnu/libjack.so.0.0.28
7fce59fd0000-7fce59fd9000 rw-p 00000000 00:00 0 
7fce59fd9000-7fce5a0bf000 r-xp 00000000 08:02 5903385                    /usr/lib/x86_64-linux-gnu/libasound.so.2.0.0
7fce5a0bf000-7fce5a2bf000 ---p 000e6000 08:02 5903385                    /usr/lib/x86_64-linux-gnu/libasound.so.2.0.0
7fce5a2bf000-7fce5a2c5000 r--p 000e6000 08:02 5903385                    /usr/lib/x86_64-linux-gnu/libasound.so.2.0.0
7fce5a2c5000-7fce5a2c6000 rw-p 000ec000 08:02 5903385                    /usr/lib/x86_64-linux-gnu/libasound.so.2.0.0
7fce5a2c6000-7fce5a384000 r-xp 00000000 00:19 21580457                   /home/se413006/sndobj-sndobj/lib/libsndobj.so.2.6.5
7fce5a384000-7fce5a584000 ---p 000be000 00:19 21580457                   /home/se413006/sndobj-sndobj/lib/libsndobj.so.2.6.5
7fce5a584000-7fce5a588000 r--p 000be000 00:19 21580457                   /home/se413006/sndobj-sndobj/lib/libsndobj.so.2.6.5
7fce5a588000-7fce5a58c000 rw-p 000c2000 00:19 21580457                   /home/se413006/sndobj-sndobj/lib/libsndobj.so.2.6.5
7fce5a58c000-7fce5a58f000 ---p 00000000 00:00 0 
7fce5a58f000-7fce5a68d000 rw-p 00000000 00:00 0                          [stack:14008]
7fce5a68d000-7fce5a690000 ---p 00000000 00:00 0 
7fce5a690000-7fce5a78e000 rw-p 00000000 00:00 0                          [stack:14007]
7fce5a78e000-7fce5a794000 r-xp 00000000 08:02 5903718                    /usr/lib/x86_64-linux-gnu/libogg.so.0.7.1
7fce5a794000-7fce5a993000 ---p 00006000 08:02 5903718                    /usr/lib/x86_64-linux-gnu/libogg.so.0.7.1
7fce5a993000-7fce5a994000 r--p 00005000 08:02 5903718                    /usr/lib/x86_64-linux-gnu/libogg.so.0.7.1
7fce5a994000-7fce5a995000 rw-p 00006000 08:02 5903718                    /usr/lib/x86_64-linux-gnu/libogg.so.0.7.1
7fce5a995000-7fce5a9c0000 r-xp 00000000 08:02 5903728                    /usr/lib/x86_64-linux-gnu/libvorbis.so.0.4.5
7fce5a9c0000-7fce5abbf000 ---p 0002b000 08:02 5903728                    /usr/lib/x86_64-linux-gnu/libvorbis.so.0.4.5
7fce5abbf000-7fce5abc0000 r--p 0002a000 08:02 5903728                    /usr/lib/x86_64-linux-gnu/libvorbis.so.0.4.5
7fce5abc0000-7fce5abc1000 rw-p 0002b000 08:02 5903728                    /usr/lib/x86_64-linux-gnu/libvorbis.so.0.4.5
7fce5abc1000-7fce5abc9000 r-xp 00000000 08:02 5903501                    /usr/lib/x86_64-linux-gnu/libltdl.so.7.3.0
7fce5abc9000-7fce5adc9000 ---p 00008000 08:02 5903501                    /usr/lib/x86_64-linux-gnu/libltdl.so.7.3.0
7fce5adc9000-7fce5adca000 r--p 00008000 08:02 5903501                    /usr/lib/x86_64-linux-gnu/libltdl.so.7.3.0
7fce5adca000-7fce5adcb000 rw-p 00009000 08:02 5903501                    /usr/lib/x86_64-linux-gnu/libltdl.so.7.3.0
7fce5adcb000-7fce5addb000 r-xp 00000000 08:02 5903911                    /usr/lib/x86_64-linux-gnu/libtdb.so.1.2.9
7fce5addb000-7fce5afda000 ---p 00010000 08:02 5903911                    /usr/lib/x86_64-linux-gnu/libtdb.so.1.2.9
7fce5afda000-7fce5afdb000 r--p 0000f000 08:02 5903911                    /usr/lib/x86_64-linux-gnu/libtdb.so.1.2.9
7fce5afdb000-7fce5afdc000 rw-p 00010000 08:02 5903911                    /usr/lib/x86_64-linux-gnu/libtdb.so.1.2.9
7fce5afdc000-7fce5afe3000 r-xp 00000000 08:02 5903913                    /usr/lib/x86_64-linux-gnu/libvorbisfile.so.3.3.4
7fce5afe3000-7fce5b1e2000 ---p 00007000 08:02 5903913                    /usr/lib/x86_64-linux-gnu/libvorbisfile.so.3.3.4
7fce5b1e2000-7fce5b1e3000 r--p 00006000 08:02 5903913                    /usr/lib/x86_64-linux-gnu/libvorbisfile.so.3.3.4
7fce5b1e3000-7fce5b1e4000 rw-p 00007000 08:02 5903913                    /usr/lib/x86_64-linux-gnu/libvorbisfile.so.3.3.4
7fce5b1e4000-7fce5b1f3000 r-xp 00000000 08:02 5903915                    /usr/lib/x86_64-linux-gnu/libcanberra.so.0.2.5
7fce5b1f3000-7fce5b3f2000 ---p 0000f000 08:02 5903915                    /usr/lib/x86_64-linux-gnu/libcanberra.so.0.2.5
7fce5b3f2000-7fce5b3f3000 r--p 0000e000 08:02 5903915                    /usr/lib/x86_64-linux-gnu/libcanberra.so.0.2.5
7fce5b3f3000-7fce5b3f4000 rw-p 0000f000 08:02 5903915                    /usr/lib/x86_64-linux-gnu/libcanberra.so.0.2.5
7fce5b3f4000-7fce5b3f8000 r-xp 00000000 08:02 5903917                    /usr/lib/x86_64-linux-gnu/libcanberra-gtk.so.0.1.8
7fce5b3f8000-7fce5b5f7000 ---p 00004000 08:02 5903917                    /usr/lib/x86_64-linux-gnu/libcanberra-gtk.so.0.1.8
7fce5b5f7000-7fce5b5f8000 r--p 00003000 08:02 5903917                    /usr/lib/x86_64-linux-gnu/libcanberra-gtk.so.0.1.8
7fce5b5f8000-7fce5b5f9000 rw-p 00004000 08:02 5903917                    /usr/lib/x86_64-linux-gnu/libcanberra-gtk.so.0.1.8
7fce5b5f9000-7fce5b5fe000 r-xp 00000000 08:02 7089152                    /usr/lib/x86_64-linux-gnu/gtk-2.0/modules/libcanberra-gtk-module.so
7fce5b5fe000-7fce5b7fd000 ---p 00005000 08:02 7089152                    /usr/lib/x86_64-linux-gnu/gtk-2.0/modules/libcanberra-gtk-module.so
7fce5b7fd000-7fce5b7fe000 r--p 00004000 08:02 7089152                    /usr/lib/x86_64-linux-gnu/gtk-2.0/modules/libcanberra-gtk-module.so
7fce5b7fe000-7fce5b7ff000 rw-p 00005000 08:02 7089152                    /usr/lib/x86_64-linux-gnu/gtk-2.0/modules/libcanberra-gtk-module.so
7fce5b7ff000-7fce5b800000 ---p 00000000 00:00 0 
7fce5b800000-7fce5c000000 rw-p 00000000 00:00 0                          [stack:14006]
7fce5c000000-7fce5c022000 rw-p 00000000 00:00 0 
7fce5c022000-7fce60000000 ---p 00000000 00:00 0 
7fce60002000-7fce6000d000 r--p 00000000 08:02 6165434                    /usr/share/icons/Humanity-Dark/icon-theme.cache
7fce6000d000-7fce60026000 r--s 00000000 08:02 6031631                    /usr/share/fonts/type1/gsfonts/n022004l.pfb
7fce60026000-7fce6003f000 r--s 00000000 08:02 6031567                    /usr/share/fonts/type1/gsfonts/n021003l.pfb
7fce6003f000-7fce60055000 r--s 00000000 08:02 6031600                    /usr/share/fonts/type1/gsfonts/n021024l.pfb
7fce60055000-7fce6006b000 r--s 00000000 08:02 6031653                    /usr/share/fonts/type1/gsfonts/n022023l.pfb
7fce6006b000-7fce60082000 r--s 00000000 08:02 6031605                    /usr/share/fonts/type1/gsfonts/n021023l.pfb
7fce60082000-7fce6008c000 r--s 00000000 08:02 9175330                    /usr/share/fonts/type1/mathml/Symbol.pfb
7fce6008c000-7fce6009d000 r--s 00000000 08:02 6031610                    /usr/share/fonts/type1/gsfonts/n019023l.pfb
7fce6009d000-7fce600b1000 r--s 00000000 08:02 6031586                    /usr/share/fonts/type1/gsfonts/n019003l.pfb
7fce600b1000-7fce600b5000 r--s 000f7000 08:02 10749419                   /usr/lib/jvm/jdk1.7.0_45/jre/lib/ext/localedata.jar
7fce600b5000-7fce600b6000 r--s 00000000 08:02 19007778                   /var/cache/fontconfig/c05880de57d1f5e948fdfacc138775d9-le64.cache-3
7fce600b6000-7fce600bf000 r--s 00000000 08:02 19007777                   /var/cache/fontconfig/945677eb7aeaf62f1d50efc3fb3ec7d8-le64.cache-3
7fce600bf000-7fce600c1000 r--s 00000000 08:02 19007775                   /var/cache/fontconfig/99e8ed0e538f840c565b6ed5dad60d56-le64.cache-3
7fce600c1000-7fce600c5000 r--s 00000000 08:02 19007774                   /var/cache/fontconfig/2cd17615ca594fa2959ae173292e504c-le64.cache-3
7fce600c5000-7fce600c6000 r--s 00000000 08:02 19007773                   /var/cache/fontconfig/e7071f4a29fa870f4323321c154eba04-le64.cache-3
7fce600c6000-7fce600c7000 r--s 00000000 08:02 19007772                   /var/cache/fontconfig/0d8c3b2ac0904cb8a57a757ad11a4a08-le64.cache-3
7fce600c7000-7fce600cd000 r--s 00000000 08:02 19007771                   /var/cache/fontconfig/a755afe4a08bf5b97852ceb7400b47bc-le64.cache-3
7fce600cd000-7fce600d6000 r--s 00000000 08:02 19007336                   /var/cache/fontconfig/6d41288fd70b0be22e8c3a91e032eec0-le64.cache-3
7fce600d6000-7fce600e6000 r--s 00000000 08:02 19007769                   /var/cache/fontconfig/04aabc0a78ac019cf9454389977116d2-le64.cache-3
7fce600e6000-7fce600e9000 r--s 00000000 08:02 19007768                   /var/cache/fontconfig/385c0604a188198f04d133e54aba7fe7-le64.cache-3
7fce600e9000-7fce600ee000 r--s 00000000 08:02 19007765                   /var/cache/fontconfig/3047814df9a2f067bd2d96a2b9c36e5a-le64.cache-3
7fce600ee000-7fce6011d000 r-xp 00000000 08:02 6164745                    /usr/lib/x86_64-linux-gnu/gtk-2.0/2.10.0/engines/libmurrine.so
7fce6011d000-7fce6031d000 ---p 0002f000 08:02 6164745                    /usr/lib/x86_64-linux-gnu/gtk-2.0/2.10.0/engines/libmurrine.so
7fce6031d000-7fce6031e000 r--p 0002f000 08:02 6164745                    /usr/lib/x86_64-linux-gnu/gtk-2.0/2.10.0/engines/libmurrine.so
7fce6031e000-7fce6031f000 rw-p 00030000 08:02 6164745                    /usr/lib/x86_64-linux-gnu/gtk-2.0/2.10.0/engines/libmurrine.so
7fce6031f000-7fce60320000 ---p 00000000 00:00 0 
7fce60320000-7fce60b20000 rw-p 00000000 00:00 0                          [stack:14005]
7fce60b20000-7fce60b27000 r-xp 00000000 08:02 6032917                    /usr/lib/x86_64-linux-gnu/gio/modules/libdconfsettings.so
7fce60b27000-7fce60d26000 ---p 00007000 08:02 6032917                    /usr/lib/x86_64-linux-gnu/gio/modules/libdconfsettings.so
7fce60d26000-7fce60d27000 r--p 00006000 08:02 6032917                    /usr/lib/x86_64-linux-gnu/gio/modules/libdconfsettings.so
7fce60d27000-7fce60d28000 rw-p 00007000 08:02 6032917                    /usr/lib/x86_64-linux-gnu/gio/modules/libdconfsettings.so
7fce60d28000-7fce60d4c000 r--p 00000000 08:02 5902077                    /usr/share/glib-2.0/schemas/gschemas.compiled
7fce60d4c000-7fce60d5c000 r-xp 00000000 08:02 5906201                    /usr/lib/liboverlay-scrollbar-0.2.so.0.0.16
7fce60d5c000-7fce60f5b000 ---p 00010000 08:02 5906201                    /usr/lib/liboverlay-scrollbar-0.2.so.0.0.16
7fce60f5b000-7fce60f5c000 r--p 0000f000 08:02 5906201                    /usr/lib/liboverlay-scrollbar-0.2.so.0.0.16
7fce60f5c000-7fce60f5d000 rw-p 00010000 08:02 5906201                    /usr/lib/liboverlay-scrollbar-0.2.so.0.0.16
7fce60f5d000-7fce60f99000 r-xp 00000000 08:02 7864519                    /lib/x86_64-linux-gnu/libpcre.so.3.12.1
7fce60f99000-7fce61198000 ---p 0003c000 08:02 7864519                    /lib/x86_64-linux-gnu/libpcre.so.3.12.1
7fce61198000-7fce61199000 r--p 0003b000 08:02 7864519                    /lib/x86_64-linux-gnu/libpcre.so.3.12.1
7fce61199000-7fce6119a000 rw-p 0003c000 08:02 7864519                    /lib/x86_64-linux-gnu/libpcre.so.3.12.1
7fce6119a000-7fce611a1000 r-xp 00000000 08:02 5899876                    /usr/lib/x86_64-linux-gnu/libffi.so.6.0.0
7fce611a1000-7fce613a0000 ---p 00007000 08:02 5899876                    /usr/lib/x86_64-linux-gnu/libffi.so.6.0.0
7fce613a0000-7fce613a1000 r--p 00006000 08:02 5899876                    /usr/lib/x86_64-linux-gnu/libffi.so.6.0.0
7fce613a1000-7fce613a2000 rw-p 00007000 08:02 5899876                    /usr/lib/x86_64-linux-gnu/libffi.so.6.0.0
7fce613a2000-7fce613aa000 r-xp 00000000 08:02 5903421                    /usr/lib/x86_64-linux-gnu/libxcb-render.so.0.0.0
7fce613aa000-7fce615aa000 ---p 00008000 08:02 5903421                    /usr/lib/x86_64-linux-gnu/libxcb-render.so.0.0.0
7fce615aa000-7fce615ab000 r--p 00008000 08:02 5903421                    /usr/lib/x86_64-linux-gnu/libxcb-render.so.0.0.0
7fce615ab000-7fce615ac000 rw-p 00009000 08:02 5903421                    /usr/lib/x86_64-linux-gnu/libxcb-render.so.0.0.0
7fce615ac000-7fce615ae000 r-xp 00000000 08:02 5903423                    /usr/lib/x86_64-linux-gnu/libxcb-shm.so.0.0.0
7fce615ae000-7fce617ad000 ---p 00002000 08:02 5903423                    /usr/lib/x86_64-linux-gnu/libxcb-shm.so.0.0.0
7fce617ad000-7fce617ae000 r--p 00001000 08:02 5903423                    /usr/lib/x86_64-linux-gnu/libxcb-shm.so.0.0.0
7fce617ae000-7fce617af000 rw-p 00002000 08:02 5903423                    /usr/lib/x86_64-linux-gnu/libxcb-shm.so.0.0.0
7fce617af000-7fce617d5000 r-xp 00000000 08:02 7864508                    /lib/x86_64-linux-gnu/libpng12.so.0.46.0
7fce617d5000-7fce619d5000 ---p 00026000 08:02 7864508                    /lib/x86_64-linux-gnu/libpng12.so.0.46.0
7fce619d5000-7fce619d6000 r--p 00026000 08:02 7864508                    /lib/x86_64-linux-gnu/libpng12.so.0.46.0
7fce619d6000-7fce619d7000 rw-p 00027000 08:02 7864508                    /lib/x86_64-linux-gnu/libpng12.so.0.46.0
7fce619d7000-7fce61a67000 r-xp 00000000 08:02 5901514                    /usr/lib/x86_64-linux-gnu/libpixman-1.so.0.30.2
7fce61a67000-7fce61c66000 ---p 00090000 08:02 5901514                    /usr/lib/x86_64-linux-gnu/libpixman-1.so.0.30.2
7fce61c66000-7fce61c6d000 r--p 0008f000 08:02 5901514                    /usr/lib/x86_64-linux-gnu/libpixman-1.so.0.30.2
7fce61c6d000-7fce61c6e000 rw-p 00096000 08:02 5901514                    /usr/lib/x86_64-linux-gnu/libpixman-1.so.0.30.2
7fce61c6e000-7fce61c86000 r-xp 00000000 08:02 7867764                    /lib/x86_64-linux-gnu/libresolv-2.15.so
7fce61c86000-7fce61e86000 ---p 00018000 08:02 7867764                    /lib/x86_64-linux-gnu/libresolv-2.15.so
7fce61e86000-7fce61e87000 r--p 00018000 08:02 7867764                    /lib/x86_64-linux-gnu/libresolv-2.15.so
7fce61e87000-7fce61e88000 rw-p 00019000 08:02 7867764                    /lib/x86_64-linux-gnu/libresolv-2.15.so
7fce61e88000-7fce61e8a000 rw-p 00000000 00:00 0 
7fce61e8a000-7fce61ea7000 r-xp 00000000 08:02 7864493                    /lib/x86_64-linux-gnu/libselinux.so.1
7fce61ea7000-7fce620a6000 ---p 0001d000 08:02 7864493                    /lib/x86_64-linux-gnu/libselinux.so.1
7fce620a6000-7fce620a7000 r--p 0001c000 08:02 7864493                    /lib/x86_64-linux-gnu/libselinux.so.1
7fce620a7000-7fce620a8000 rw-p 0001d000 08:02 7864493                    /lib/x86_64-linux-gnu/libselinux.so.1
7fce620a8000-7fce620a9000 rw-p 00000000 00:00 0 
7fce620a9000-7fce620ab000 r-xp 00000000 08:02 5903654                    /usr/lib/x86_64-linux-gnu/libXcomposite.so.1.0.0
7fce620ab000-7fce622aa000 ---p 00002000 08:02 5903654                    /usr/lib/x86_64-linux-gnu/libXcomposite.so.1.0.0
7fce622aa000-7fce622ab000 r--p 00001000 08:02 5903654                    /usr/lib/x86_64-linux-gnu/libXcomposite.so.1.0.0
7fce622ab000-7fce622ac000 rw-p 00002000 08:02 5903654                    /usr/lib/x86_64-linux-gnu/libXcomposite.so.1.0.0
7fce622ac000-7fce622b5000 r-xp 00000000 08:02 5903658                    /usr/lib/x86_64-linux-gnu/libXcursor.so.1.0.2
7fce622b5000-7fce624b4000 ---p 00009000 08:02 5903658                    /usr/lib/x86_64-linux-gnu/libXcursor.so.1.0.2
7fce624b4000-7fce624b5000 r--p 00008000 08:02 5903658                    /usr/lib/x86_64-linux-gnu/libXcursor.so.1.0.2
7fce624b5000-7fce624b6000 rw-p 00009000 08:02 5903658                    /usr/lib/x86_64-linux-gnu/libXcursor.so.1.0.2
7fce624b6000-7fce624bd000 r-xp 00000000 08:02 5900891                    /usr/lib/x86_64-linux-gnu/libXrandr.so.2.2.0
7fce624bd000-7fce626bc000 ---p 00007000 08:02 5900891                    /usr/lib/x86_64-linux-gnu/libXrandr.so.2.2.0
7fce626bc000-7fce626bd000 r--p 00006000 08:02 5900891                    /usr/lib/x86_64-linux-gnu/libXrandr.so.2.2.0
7fce626bd000-7fce626be000 rw-p 00007000 08:02 5900891                    /usr/lib/x86_64-linux-gnu/libXrandr.so.2.2.0
7fce626be000-7fce626cd000 r-xp 00000000 08:02 5903651                    /usr/lib/x86_64-linux-gnu/libXi.so.6.1.0
7fce626cd000-7fce628cc000 ---p 0000f000 08:02 5903651                    /usr/lib/x86_64-linux-gnu/libXi.so.6.1.0
7fce628cc000-7fce628cd000 r--p 0000e000 08:02 5903651                    /usr/lib/x86_64-linux-gnu/libXi.so.6.1.0
7fce628cd000-7fce628ce000 rw-p 0000f000 08:02 5903651                    /usr/lib/x86_64-linux-gnu/libXi.so.6.1.0
7fce628ce000-7fce628d0000 r-xp 00000000 08:02 5900876                    /usr/lib/x86_64-linux-gnu/libXinerama.so.1.0.0
7fce628d0000-7fce62acf000 ---p 00002000 08:02 5900876                    /usr/lib/x86_64-linux-gnu/libXinerama.so.1.0.0
7fce62acf000-7fce62ad0000 r--p 00001000 08:02 5900876                    /usr/lib/x86_64-linux-gnu/libXinerama.so.1.0.0
7fce62ad0000-7fce62ad1000 rw-p 00002000 08:02 5900876                    /usr/lib/x86_64-linux-gnu/libXinerama.so.1.0.0
7fce62ad1000-7fce62ada000 r-xp 00000000 08:02 5900883                    /usr/lib/x86_64-linux-gnu/libXrender.so.1.3.0
7fce62ada000-7fce62cd9000 ---p 00009000 08:02 5900883                    /usr/lib/x86_64-linux-gnu/libXrender.so.1.3.0
7fce62cd9000-7fce62cda000 r--p 00008000 08:02 5900883                    /usr/lib/x86_64-linux-gnu/libXrender.so.1.3.0
7fce62cda000-7fce62cdb000 rw-p 00009000 08:02 5900883                    /usr/lib/x86_64-linux-gnu/libXrender.so.1.3.0
7fce62cdb000-7fce62ce0000 r-xp 00000000 08:02 5903809                    /usr/lib/x86_64-linux-gnu/libXtst.so.6.1.0
7fce62ce0000-7fce62edf000 ---p 00005000 08:02 5903809                    /usr/lib/x86_64-linux-gnu/libXtst.so.6.1.0
7fce62edf000-7fce62ee0000 r--p 00004000 08:02 5903809                    /usr/lib/x86_64-linux-gnu/libXtst.so.6.1.0
7fce62ee0000-7fce62ee1000 rw-p 00005000 08:02 5903809                    /usr/lib/x86_64-linux-gnu/libXtst.so.6.1.0
7fce62ee1000-7fce62fd3000 r-xp 00000000 08:02 7864545                    /lib/x86_64-linux-gnu/libglib-2.0.so.0.3200.4
7fce62fd3000-7fce631d3000 ---p 000f2000 08:02 7864545                    /lib/x86_64-linux-gnu/libglib-2.0.so.0.3200.4
7fce631d3000-7fce631d4000 r--p 000f2000 08:02 7864545                    /lib/x86_64-linux-gnu/libglib-2.0.so.0.3200.4
7fce631d4000-7fce631d5000 rw-p 000f3000 08:02 7864545                    /lib/x86_64-linux-gnu/libglib-2.0.so.0.3200.4
7fce631d5000-7fce631d6000 rw-p 00000000 00:00 0 
7fce631d6000-7fce631d7000 r-xp 00000000 08:02 5901947                    /usr/lib/x86_64-linux-gnu/libgthread-2.0.so.0.3200.4
7fce631d7000-7fce633d6000 ---p 00001000 08:02 5901947                    /usr/lib/x86_64-linux-gnu/libgthread-2.0.so.0.3200.4
7fce633d6000-7fce633d7000 r--p 00000000 08:02 5901947                    /usr/lib/x86_64-linux-gnu/libgthread-2.0.so.0.3200.4
7fce633d7000-7fce633d8000 rw-p 00001000 08:02 5901947                    /usr/lib/x86_64-linux-gnu/libgthread-2.0.so.0.3200.4
7fce633d8000-7fce63425000 r-xp 00000000 08:02 5901949                    /usr/lib/x86_64-linux-gnu/libgobject-2.0.so.0.3200.4
7fce63425000-7fce63625000 ---p 0004d000 08:02 5901949                    /usr/lib/x86_64-linux-gnu/libgobject-2.0.so.0.3200.4
7fce63625000-7fce63626000 r--p 0004d000 08:02 5901949                    /usr/lib/x86_64-linux-gnu/libgobject-2.0.so.0.3200.4
7fce63626000-7fce63627000 rw-p 0004e000 08:02 5901949                    /usr/lib/x86_64-linux-gnu/libgobject-2.0.so.0.3200.4
7fce63627000-7fce6365b000 r-xp 00000000 08:02 5903419                    /usr/lib/x86_64-linux-gnu/libfontconfig.so.1.4.4
7fce6365b000-7fce6385b000 ---p 00034000 08:02 5903419                    /usr/lib/x86_64-linux-gnu/libfontconfig.so.1.4.4
7fce6385b000-7fce6385c000 r--p 00034000 08:02 5903419                    /usr/lib/x86_64-linux-gnu/libfontconfig.so.1.4.4
7fce6385c000-7fce6385d000 rw-p 00035000 08:02 5903419                    /usr/lib/x86_64-linux-gnu/libfontconfig.so.1.4.4
7fce6385d000-7fce638f3000 r-xp 00000000 08:02 5900798                    /usr/lib/x86_64-linux-gnu/libfreetype.so.6.8.0
7fce638f3000-7fce63af2000 ---p 00096000 08:02 5900798                    /usr/lib/x86_64-linux-gnu/libfreetype.so.6.8.0
7fce63af2000-7fce63af8000 r--p 00095000 08:02 5900798                    /usr/lib/x86_64-linux-gnu/libfreetype.so.6.8.0
7fce63af8000-7fce63af9000 rw-p 0009b000 08:02 5900798                    /usr/lib/x86_64-linux-gnu/libfreetype.so.6.8.0
7fce63af9000-7fce63b3f000 r-xp 00000000 08:02 5903442                    /usr/lib/x86_64-linux-gnu/libpango-1.0.so.0.3000.0
7fce63b3f000-7fce63d3f000 ---p 00046000 08:02 5903442                    /usr/lib/x86_64-linux-gnu/libpango-1.0.so.0.3000.0
7fce63d3f000-7fce63d41000 r--p 00046000 08:02 5903442                    /usr/lib/x86_64-linux-gnu/libpango-1.0.so.0.3000.0
7fce63d41000-7fce63d42000 rw-p 00048000 08:02 5903442                    /usr/lib/x86_64-linux-gnu/libpango-1.0.so.0.3000.0
7fce63d42000-7fce63dfb000 r-xp 00000000 08:02 5903425                    /usr/lib/x86_64-linux-gnu/libcairo.so.2.11000.2
7fce63dfb000-7fce63ffa000 ---p 000b9000 08:02 5903425                    /usr/lib/x86_64-linux-gnu/libcairo.so.2.11000.2
7fce63ffa000-7fce63ffc000 r--p 000b8000 08:02 5903425                    /usr/lib/x86_64-linux-gnu/libcairo.so.2.11000.2
7fce63ffc000-7fce63ffd000 rw-p 000ba000 08:02 5903425                    /usr/lib/x86_64-linux-gnu/libcairo.so.2.11000.2
7fce63ffd000-7fce64000000 rw-p 00000000 00:00 0 
7fce64000000-7fce64021000 rw-p 00000000 00:00 0 
7fce64021000-7fce68000000 ---p 00000000 00:00 0 
7fce68000000-7fce682c9000 rw-p 00000000 00:00 0 
7fce682c9000-7fce6c000000 ---p 00000000 00:00 0 
7fce6c000000-7fce6c001000 r--s 00000000 08:02 19011612                   /var/cache/fontconfig/4794a0821666d79190d59a36cb4f44b5-le64.cache-3
7fce6c001000-7fce6c004000 r-xp 00000000 08:02 5901943                    /usr/lib/x86_64-linux-gnu/libgmodule-2.0.so.0.3200.4
7fce6c004000-7fce6c203000 ---p 00003000 08:02 5901943                    /usr/lib/x86_64-linux-gnu/libgmodule-2.0.so.0.3200.4
7fce6c203000-7fce6c204000 r--p 00002000 08:02 5901943                    /usr/lib/x86_64-linux-gnu/libgmodule-2.0.so.0.3200.4
7fce6c204000-7fce6c205000 rw-p 00003000 08:02 5901943                    /usr/lib/x86_64-linux-gnu/libgmodule-2.0.so.0.3200.4
7fce6c205000-7fce6c210000 r-xp 00000000 08:02 5903443                    /usr/lib/x86_64-linux-gnu/libpangocairo-1.0.so.0.3000.0
7fce6c210000-7fce6c40f000 ---p 0000b000 08:02 5903443                    /usr/lib/x86_64-linux-gnu/libpangocairo-1.0.so.0.3000.0
7fce6c40f000-7fce6c410000 r--p 0000a000 08:02 5903443                    /usr/lib/x86_64-linux-gnu/libpangocairo-1.0.so.0.3000.0
7fce6c410000-7fce6c411000 rw-p 0000b000 08:02 5903443                    /usr/lib/x86_64-linux-gnu/libpangocairo-1.0.so.0.3000.0
7fce6c411000-7fce6c42f000 r-xp 00000000 08:02 5903416                    /usr/lib/x86_64-linux-gnu/libgdk_pixbuf-2.0.so.0.2600.1
7fce6c42f000-7fce6c62f000 ---p 0001e000 08:02 5903416                    /usr/lib/x86_64-linux-gnu/libgdk_pixbuf-2.0.so.0.2600.1
7fce6c62f000-7fce6c630000 r--p 0001e000 08:02 5903416                    /usr/lib/x86_64-linux-gnu/libgdk_pixbuf-2.0.so.0.2600.1
7fce6c630000-7fce6c631000 rw-p 0001f000 08:02 5903416                    /usr/lib/x86_64-linux-gnu/libgdk_pixbuf-2.0.so.0.2600.1
7fce6c631000-7fce6c65a000 r-xp 00000000 08:02 5903441                    /usr/lib/x86_64-linux-gnu/libpangoft2-1.0.so.0.3000.0
7fce6c65a000-7fce6c859000 ---p 00029000 08:02 5903441                    /usr/lib/x86_64-linux-gnu/libpangoft2-1.0.so.0.3000.0
7fce6c859000-7fce6c85a000 r--p 00028000 08:02 5903441                    /usr/lib/x86_64-linux-gnu/libpangoft2-1.0.so.0.3000.0
7fce6c85a000-7fce6c85b000 rw-p 00029000 08:02 5903441                    /usr/lib/x86_64-linux-gnu/libpangoft2-1.0.so.0.3000.0
7fce6c85b000-7fce6c9a3000 r-xp 00000000 08:02 5901948                    /usr/lib/x86_64-linux-gnu/libgio-2.0.so.0.3200.4
7fce6c9a3000-7fce6cba2000 ---p 00148000 08:02 5901948                    /usr/lib/x86_64-linux-gnu/libgio-2.0.so.0.3200.4
7fce6cba2000-7fce6cba6000 r--p 00147000 08:02 5901948                    /usr/lib/x86_64-linux-gnu/libgio-2.0.so.0.3200.4
7fce6cba6000-7fce6cba8000 rw-p 0014b000 08:02 5901948                    /usr/lib/x86_64-linux-gnu/libgio-2.0.so.0.3200.4
7fce6cba8000-7fce6cbaa000 rw-p 00000000 00:00 0 
7fce6cbaa000-7fce6cbc9000 r-xp 00000000 08:02 5903405                    /usr/lib/x86_64-linux-gnu/libatk-1.0.so.0.20409.1
7fce6cbc9000-7fce6cdc9000 ---p 0001f000 08:02 5903405                    /usr/lib/x86_64-linux-gnu/libatk-1.0.so.0.20409.1
7fce6cdc9000-7fce6cdcb000 r--p 0001f000 08:02 5903405                    /usr/lib/x86_64-linux-gnu/libatk-1.0.so.0.20409.1
7fce6cdcb000-7fce6cdcc000 rw-p 00021000 08:02 5903405                    /usr/lib/x86_64-linux-gnu/libatk-1.0.so.0.20409.1
7fce6cdcc000-7fce6ce79000 r-xp 00000000 08:02 5903852                    /usr/lib/x86_64-linux-gnu/libgdk-x11-2.0.so.0.2400.10
7fce6ce79000-7fce6d078000 ---p 000ad000 08:02 5903852                    /usr/lib/x86_64-linux-gnu/libgdk-x11-2.0.so.0.2400.10
7fce6d078000-7fce6d07c000 r--p 000ac000 08:02 5903852                    /usr/lib/x86_64-linux-gnu/libgdk-x11-2.0.so.0.2400.10
7fce6d07c000-7fce6d07e000 rw-p 000b0000 08:02 5903852                    /usr/lib/x86_64-linux-gnu/libgdk-x11-2.0.so.0.2400.10
7fce6d07e000-7fce6d4ab000 r-xp 00000000 08:02 5903851                    /usr/lib/x86_64-linux-gnu/libgtk-x11-2.0.so.0.2400.10
7fce6d4ab000-7fce6d6ab000 ---p 0042d000 08:02 5903851                    /usr/lib/x86_64-linux-gnu/libgtk-x11-2.0.so.0.2400.10
7fce6d6ab000-7fce6d6b2000 r--p 0042d000 08:02 5903851                    /usr/lib/x86_64-linux-gnu/libgtk-x11-2.0.so.0.2400.10
7fce6d6b2000-7fce6d6b6000 rw-p 00434000 08:02 5903851                    /usr/lib/x86_64-linux-gnu/libgtk-x11-2.0.so.0.2400.10
7fce6d6b6000-7fce6d6b8000 rw-p 00000000 00:00 0 
7fce6d6b8000-7fce6d6dd000 r-xp 00000000 08:02 10749490                   /usr/lib/jvm/jdk1.7.0_45/jre/lib/amd64/libglass.so
7fce6d6dd000-7fce6d8dd000 ---p 00025000 08:02 10749490                   /usr/lib/jvm/jdk1.7.0_45/jre/lib/amd64/libglass.so
7fce6d8dd000-7fce6d8de000 r--p 00025000 08:02 10749490                   /usr/lib/jvm/jdk1.7.0_45/jre/lib/amd64/libglass.so
7fce6d8de000-7fce6d8df000 rw-p 00026000 08:02 10749490                   /usr/lib/jvm/jdk1.7.0_45/jre/lib/amd64/libglass.so
7fce6d8df000-7fce6d8e2000 ---p 00000000 00:00 0 
7fce6d8e2000-7fce6d9e0000 rw-p 00000000 00:00 0                          [stack:14004]
7fce6d9e0000-7fce6d9f6000 r-xp 00000000 08:02 7864490                    /lib/x86_64-linux-gnu/libz.so.1.2.3.4
7fce6d9f6000-7fce6dbf5000 ---p 00016000 08:02 7864490                    /lib/x86_64-linux-gnu/libz.so.1.2.3.4
7fce6dbf5000-7fce6dbf6000 r--p 00015000 08:02 7864490                    /lib/x86_64-linux-gnu/libz.so.1.2.3.4
7fce6dbf6000-7fce6dbf7000 rw-p 00016000 08:02 7864490                    /lib/x86_64-linux-gnu/libz.so.1.2.3.4
7fce6dbf7000-7fce6dbff000 r-xp 00000000 08:02 5899619                    /usr/lib/x86_64-linux-gnu/libpciaccess.so.0.11.0
7fce6dbff000-7fce6ddfe000 ---p 00008000 08:02 5899619                    /usr/lib/x86_64-linux-gnu/libpciaccess.so.0.11.0
7fce6ddfe000-7fce6ddff000 r--p 00007000 08:02 5899619                    /usr/lib/x86_64-linux-gnu/libpciaccess.so.0.11.0
7fce6ddff000-7fce6de00000 rw-p 00008000 08:02 5899619                    /usr/lib/x86_64-linux-gnu/libpciaccess.so.0.11.0
7fce6de00000-7fce6de15000 r-xp 00000000 08:02 7864442                    /lib/x86_64-linux-gnu/libgcc_s.so.1
7fce6de15000-7fce6e014000 ---p 00015000 08:02 7864442                    /lib/x86_64-linux-gnu/libgcc_s.so.1
7fce6e014000-7fce6e015000 r--p 00014000 08:02 7864442                    /lib/x86_64-linux-gnu/libgcc_s.so.1
7fce6e015000-7fce6e016000 rw-p 00015000 08:02 7864442                    /lib/x86_64-linux-gnu/libgcc_s.so.1
7fce6e016000-7fce6e0f8000 r-xp 00000000 08:02 5899870                    /usr/lib/x86_64-linux-gnu/libstdc++.so.6.0.16
7fce6e0f8000-7fce6e2f7000 ---p 000e2000 08:02 5899870                    /usr/lib/x86_64-linux-gnu/libstdc++.so.6.0.16
7fce6e2f7000-7fce6e2ff000 r--p 000e1000 08:02 5899870                    /usr/lib/x86_64-linux-gnu/libstdc++.so.6.0.16
7fce6e2ff000-7fce6e301000 rw-p 000e9000 08:02 5899870                    /usr/lib/x86_64-linux-gnu/libstdc++.so.6.0.16
7fce6e301000-7fce6e316000 rw-p 00000000 00:00 0 
7fce6e316000-7fce6e336000 r-xp 00000000 08:02 5899423                    /usr/lib/x86_64-linux-gnu/libdrm_intel.so.1.0.0
7fce6e336000-7fce6e535000 ---p 00020000 08:02 5899423                    /usr/lib/x86_64-linux-gnu/libdrm_intel.so.1.0.0
7fce6e535000-7fce6e536000 r--p 0001f000 08:02 5899423                    /usr/lib/x86_64-linux-gnu/libdrm_intel.so.1.0.0
7fce6e536000-7fce6e537000 rw-p 00020000 08:02 5899423                    /usr/lib/x86_64-linux-gnu/libdrm_intel.so.1.0.0
7fce6e537000-7fce6e55e000 r-xp 00000000 08:02 7864387                    /lib/x86_64-linux-gnu/libexpat.so.1.5.2
7fce6e55e000-7fce6e75e000 ---p 00027000 08:02 7864387                    /lib/x86_64-linux-gnu/libexpat.so.1.5.2
7fce6e75e000-7fce6e760000 r--p 00027000 08:02 7864387                    /lib/x86_64-linux-gnu/libexpat.so.1.5.2
7fce6e760000-7fce6e761000 rw-p 00029000 08:02 7864387                    /lib/x86_64-linux-gnu/libexpat.so.1.5.2
7fce6e761000-7fce6e887000 r-xp 00000000 08:02 5915048                    /usr/lib/x86_64-linux-gnu/dri/libglsl.so
7fce6e887000-7fce6ea86000 ---p 00126000 08:02 5915048                    /usr/lib/x86_64-linux-gnu/dri/libglsl.so
7fce6ea86000-7fce6ea8f000 r--p 00125000 08:02 5915048                    /usr/lib/x86_64-linux-gnu/dri/libglsl.so
7fce6ea8f000-7fce6ea92000 rw-p 0012e000 08:02 5915048                    /usr/lib/x86_64-linux-gnu/dri/libglsl.so
7fce6ea92000-7fce6ea93000 rw-p 00000000 00:00 0 
7fce6ea93000-7fce6ecd2000 r-xp 00000000 08:02 5899682                    /usr/lib/x86_64-linux-gnu/dri/libdricore.so
7fce6ecd2000-7fce6eed2000 ---p 0023f000 08:02 5899682                    /usr/lib/x86_64-linux-gnu/dri/libdricore.so
7fce6eed2000-7fce6eedc000 r--p 0023f000 08:02 5899682                    /usr/lib/x86_64-linux-gnu/dri/libdricore.so
7fce6eedc000-7fce6eedf000 rw-p 00249000 08:02 5899682                    /usr/lib/x86_64-linux-gnu/dri/libdricore.so
7fce6eedf000-7fce6eef5000 rw-p 00000000 00:00 0 
7fce6eef5000-7fce6efc3000 r-xp 00000000 08:02 5915050                    /usr/lib/x86_64-linux-gnu/dri/i965_dri.so
7fce6efc3000-7fce6f1c3000 ---p 000ce000 08:02 5915050                    /usr/lib/x86_64-linux-gnu/dri/i965_dri.so
7fce6f1c3000-7fce6f1c6000 r--p 000ce000 08:02 5915050                    /usr/lib/x86_64-linux-gnu/dri/i965_dri.so
7fce6f1c6000-7fce6f1ca000 rw-p 000d1000 08:02 5915050                    /usr/lib/x86_64-linux-gnu/dri/i965_dri.so
7fce6f1ca000-7fce6f1cf000 r-xp 00000000 08:02 5900527                    /usr/lib/x86_64-linux-gnu/libXdmcp.so.6.0.0
7fce6f1cf000-7fce6f3ce000 ---p 00005000 08:02 5900527                    /usr/lib/x86_64-linux-gnu/libXdmcp.so.6.0.0
7fce6f3ce000-7fce6f3cf000 r--p 00004000 08:02 5900527                    /usr/lib/x86_64-linux-gnu/libXdmcp.so.6.0.0
7fce6f3cf000-7fce6f3d0000 rw-p 00005000 08:02 5900527                    /usr/lib/x86_64-linux-gnu/libXdmcp.so.6.0.0
7fce6f3d0000-7fce6f3d2000 r-xp 00000000 08:02 5900521                    /usr/lib/x86_64-linux-gnu/libXau.so.6.0.0
7fce6f3d2000-7fce6f5d1000 ---p 00002000 08:02 5900521                    /usr/lib/x86_64-linux-gnu/libXau.so.6.0.0
7fce6f5d1000-7fce6f5d2000 r--p 00001000 08:02 5900521                    /usr/lib/x86_64-linux-gnu/libXau.so.6.0.0
7fce6f5d2000-7fce6f5d3000 rw-p 00002000 08:02 5900521                    /usr/lib/x86_64-linux-gnu/libXau.so.6.0.0
7fce6f5d3000-7fce6f5dd000 r-xp 00000000 08:02 5898478                    /usr/lib/x86_64-linux-gnu/libdrm.so.2.4.0
7fce6f5dd000-7fce6f7dc000 ---p 0000a000 08:02 5898478                    /usr/lib/x86_64-linux-gnu/libdrm.so.2.4.0
7fce6f7dc000-7fce6f7dd000 r--p 00009000 08:02 5898478                    /usr/lib/x86_64-linux-gnu/libdrm.so.2.4.0
7fce6f7dd000-7fce6f7de000 rw-p 0000a000 08:02 5898478                    /usr/lib/x86_64-linux-gnu/libdrm.so.2.4.0
7fce6f7de000-7fce6f7f3000 r-xp 00000000 08:02 5903803                    /usr/lib/x86_64-linux-gnu/libxcb-glx.so.0.0.0
7fce6f7f3000-7fce6f9f2000 ---p 00015000 08:02 5903803                    /usr/lib/x86_64-linux-gnu/libxcb-glx.so.0.0.0
7fce6f9f2000-7fce6f9f4000 r--p 00014000 08:02 5903803                    /usr/lib/x86_64-linux-gnu/libxcb-glx.so.0.0.0
7fce6f9f4000-7fce6f9f5000 rw-p 00016000 08:02 5903803                    /usr/lib/x86_64-linux-gnu/libxcb-glx.so.0.0.0
7fce6f9f5000-7fce6f9f6000 r-xp 00000000 08:02 5900831                    /usr/lib/x86_64-linux-gnu/libX11-xcb.so.1.0.0
7fce6f9f6000-7fce6fbf5000 ---p 00001000 08:02 5900831                    /usr/lib/x86_64-linux-gnu/libX11-xcb.so.1.0.0
7fce6fbf5000-7fce6fbf6000 r--p 00000000 08:02 5900831                    /usr/lib/x86_64-linux-gnu/libX11-xcb.so.1.0.0
7fce6fbf6000-7fce6fbf7000 rw-p 00001000 08:02 5900831                    /usr/lib/x86_64-linux-gnu/libX11-xcb.so.1.0.0
7fce6fbf7000-7fce6fbfc000 r-xp 00000000 08:02 5900872                    /usr/lib/x86_64-linux-gnu/libXfixes.so.3.1.0
7fce6fbfc000-7fce6fdfb000 ---p 00005000 08:02 5900872                    /usr/lib/x86_64-linux-gnu/libXfixes.so.3.1.0
7fce6fdfb000-7fce6fdfc000 r--p 00004000 08:02 5900872                    /usr/lib/x86_64-linux-gnu/libXfixes.so.3.1.0
7fce6fdfc000-7fce6fdfd000 rw-p 00005000 08:02 5900872                    /usr/lib/x86_64-linux-gnu/libXfixes.so.3.1.0
7fce6fdfd000-7fce6fdff000 r-xp 00000000 08:02 5903660                    /usr/lib/x86_64-linux-gnu/libXdamage.so.1.1.0
7fce6fdff000-7fce6fffe000 ---p 00002000 08:02 5903660                    /usr/lib/x86_64-linux-gnu/libXdamage.so.1.1.0
7fce6fffe000-7fce6ffff000 r--p 00001000 08:02 5903660                    /usr/lib/x86_64-linux-gnu/libXdamage.so.1.1.0
7fce6ffff000-7fce70000000 rw-p 00002000 08:02 5903660                    /usr/lib/x86_64-linux-gnu/libXdamage.so.1.1.0
7fce70000000-7fce70021000 rw-p 00000000 00:00 0 
7fce70021000-7fce74000000 ---p 00000000 00:00 0 
7fce74000000-7fce74191000 rw-p 00000000 00:00 0 
7fce74191000-7fce78000000 ---p 00000000 00:00 0 
7fce78000000-7fce78021000 rw-p 00000000 00:00 0 
7fce78021000-7fce7c000000 ---p 00000000 00:00 0 
7fce7c000000-7fce7c021000 rw-p 00000000 00:00 0 
7fce7c021000-7fce80000000 ---p 00000000 00:00 0 
7fce80000000-7fce80bd4000 rw-p 00000000 00:00 0 
7fce80bd4000-7fce84000000 ---p 00000000 00:00 0 
7fce84000000-7fce8495f000 rw-p 00000000 00:00 0 
7fce8495f000-7fce88000000 ---p 00000000 00:00 0 
7fce88000000-7fce88021000 rw-p 00000000 00:00 0 
7fce88021000-7fce8c000000 ---p 00000000 00:00 0 
7fce8c000000-7fce8c021000 rw-p 00000000 00:00 0 
7fce8c021000-7fce90000000 ---p 00000000 00:00 0 
7fce90000000-7fce90021000 rw-p 00000000 00:00 0 
7fce90021000-7fce94000000 ---p 00000000 00:00 0 
7fce94000000-7fce94021000 rw-p 00000000 00:00 0 
7fce94021000-7fce98000000 ---p 00000000 00:00 0 
7fce98000000-7fce98021000 rw-p 00000000 00:00 0 
7fce98021000-7fce9c000000 ---p 00000000 00:00 0 
7fce9c000000-7fce9c003000 r--s 00000000 08:02 19007766                   /var/cache/fontconfig/8801497958630a81b71ace7c5f9b32a8-le64.cache-3
7fce9c003000-7fce9c004000 r--s 00000000 08:02 19007764                   /var/cache/fontconfig/56cf4f4769d0f4abc89a4895d7bd3ae1-le64.cache-3
7fce9c004000-7fce9c009000 r--s 00000000 08:02 19007762                   /var/cache/fontconfig/b47c4e1ecd0709278f4910c18777a504-le64.cache-3
7fce9c009000-7fce9c00c000 r--s 00000000 08:02 19007334                   /var/cache/fontconfig/e49e89034d371f0f9de17aab02136486-le64.cache-3
7fce9c00c000-7fce9c01c000 r--s 00000000 08:02 19007761                   /var/cache/fontconfig/d52a8644073d54c13679302ca1180695-le64.cache-3
7fce9c01c000-7fce9c03d000 r-xp 00000000 08:02 5900918                    /usr/lib/x86_64-linux-gnu/libglapi.so.0.0.0
7fce9c03d000-7fce9c23c000 ---p 00021000 08:02 5900918                    /usr/lib/x86_64-linux-gnu/libglapi.so.0.0.0
7fce9c23c000-7fce9c23f000 r--p 00020000 08:02 5900918                    /usr/lib/x86_64-linux-gnu/libglapi.so.0.0.0
7fce9c23f000-7fce9c240000 rw-p 00023000 08:02 5900918                    /usr/lib/x86_64-linux-gnu/libglapi.so.0.0.0
7fce9c240000-7fce9c241000 rw-p 00000000 00:00 0 
7fce9c241000-7fce9c251000 r-xp 00000000 08:02 5900783                    /usr/lib/x86_64-linux-gnu/libXext.so.6.4.0
7fce9c251000-7fce9c450000 ---p 00010000 08:02 5900783                    /usr/lib/x86_64-linux-gnu/libXext.so.6.4.0
7fce9c450000-7fce9c451000 r--p 0000f000 08:02 5900783                    /usr/lib/x86_64-linux-gnu/libXext.so.6.4.0
7fce9c451000-7fce9c452000 rw-p 00010000 08:02 5900783                    /usr/lib/x86_64-linux-gnu/libXext.so.6.4.0
7fce9c452000-7fce9c46f000 r-xp 00000000 08:02 5900532                    /usr/lib/x86_64-linux-gnu/libxcb.so.1.1.0
7fce9c46f000-7fce9c66e000 ---p 0001d000 08:02 5900532                    /usr/lib/x86_64-linux-gnu/libxcb.so.1.1.0
7fce9c66e000-7fce9c66f000 r--p 0001c000 08:02 5900532                    /usr/lib/x86_64-linux-gnu/libxcb.so.1.1.0
7fce9c66f000-7fce9c670000 rw-p 0001d000 08:02 5900532                    /usr/lib/x86_64-linux-gnu/libxcb.so.1.1.0
7fce9c670000-7fce9c6cd000 r-xp 00000000 08:02 6161263                    /usr/lib/x86_64-linux-gnu/mesa/libGL.so.1.2
7fce9c6cd000-7fce9c8cc000 ---p 0005d000 08:02 6161263                    /usr/lib/x86_64-linux-gnu/mesa/libGL.so.1.2
7fce9c8cc000-7fce9c8ce000 r--p 0005c000 08:02 6161263                    /usr/lib/x86_64-linux-gnu/mesa/libGL.so.1.2
7fce9c8ce000-7fce9c8cf000 rw-p 0005e000 08:02 6161263                    /usr/lib/x86_64-linux-gnu/mesa/libGL.so.1.2
7fce9c8cf000-7fce9c8d0000 rw-p 00000000 00:00 0 
7fce9c8d0000-7fce9c8d4000 r-xp 00000000 08:02 5903805                    /usr/lib/x86_64-linux-gnu/libXxf86vm.so.1.0.0
7fce9c8d4000-7fce9cad3000 ---p 00004000 08:02 5903805                    /usr/lib/x86_64-linux-gnu/libXxf86vm.so.1.0.0
7fce9cad3000-7fce9cad4000 r--p 00003000 08:02 5903805                    /usr/lib/x86_64-linux-gnu/libXxf86vm.so.1.0.0
7fce9cad4000-7fce9cad5000 rw-p 00004000 08:02 5903805                    /usr/lib/x86_64-linux-gnu/libXxf86vm.so.1.0.0
7fce9cad5000-7fce9cc05000 r-xp 00000000 08:02 5900778                    /usr/lib/x86_64-linux-gnu/libX11.so.6.3.0
7fce9cc05000-7fce9ce05000 ---p 00130000 08:02 5900778                    /usr/lib/x86_64-linux-gnu/libX11.so.6.3.0
7fce9ce05000-7fce9ce06000 r--p 00130000 08:02 5900778                    /usr/lib/x86_64-linux-gnu/libX11.so.6.3.0
7fce9ce06000-7fce9ce0a000 rw-p 00131000 08:02 5900778                    /usr/lib/x86_64-linux-gnu/libX11.so.6.3.0
7fce9ce0a000-7fce9ce0b000 r--s 00000000 08:02 19007763                   /var/cache/fontconfig/b9d506c9ac06c20b433354fa67a72993-le64.cache-3
7fce9ce0b000-7fce9ce11000 r--s 00000000 08:02 19006965                   /var/cache/fontconfig/3f7329c5293ffd510edef78f73874cfd-le64.cache-3
7fce9ce11000-7fce9ce14000 r--s 00000000 08:02 19006963                   /var/cache/fontconfig/e13b20fdb08344e0e664864cc2ede53d-le64.cache-3
7fce9ce14000-7fce9ce18000 r--s 00000000 08:02 19007335                   /var/cache/fontconfig/7ef2298fde41cc6eeb7af42e48b7d293-le64.cache-3
7fce9ce18000-7fce9ce19000 r--p 00000000 08:02 8130354                    /etc/dconf/db/local
7fce9ce19000-7fce9ce1b000 r--p 00000000 00:19 21155705                   /home/se413006/.config/dconf/user
7fce9ce1b000-7fce9ce1c000 r--s 00000000 00:19 21155832                   /home/se413006/.cache/dconf/user
7fce9ce1c000-7fce9ce23000 r--s 00000000 08:02 5911439                    /usr/lib/x86_64-linux-gnu/gconv/gconv-modules.cache
7fce9ce23000-7fce9ce2c000 r-xp 00000000 08:02 10749491                   /usr/lib/jvm/jdk1.7.0_45/jre/lib/amd64/libprism-es2.so
7fce9ce2c000-7fce9d02b000 ---p 00009000 08:02 10749491                   /usr/lib/jvm/jdk1.7.0_45/jre/lib/amd64/libprism-es2.so
7fce9d02b000-7fce9d02c000 r--p 00008000 08:02 10749491                   /usr/lib/jvm/jdk1.7.0_45/jre/lib/amd64/libprism-es2.so
7fce9d02c000-7fce9d02d000 rw-p 00009000 08:02 10749491                   /usr/lib/jvm/jdk1.7.0_45/jre/lib/amd64/libprism-es2.so
7fce9d02d000-7fce9d030000 ---p 00000000 00:00 0 
7fce9d030000-7fce9d12e000 rw-p 00000000 00:00 0                          [stack:14003]
7fce9d12e000-7fce9d131000 r--s 00017000 00:19 1644375                    /home/se413006/NetBeansProjects/DynamicSynthesizer/dist/run1714750019/lib/tritonus_share.jar
7fce9d131000-7fce9d132000 r--s 00002000 00:19 1644374                    /home/se413006/NetBeansProjects/DynamicSynthesizer/dist/run1714750019/lib/tritonus_aos.jar
7fce9d132000-7fce9d13d000 r--s 0006f000 00:19 1644370                    /home/se413006/NetBeansProjects/DynamicSynthesizer/dist/run1714750019/lib/jtransforms-2.4.jar
7fce9d13d000-7fce9d14b000 r--s 00082000 00:19 1644369                    /home/se413006/NetBeansProjects/DynamicSynthesizer/dist/run1714750019/lib/jsyn-beta-16.6.4.jar
7fce9d14b000-7fce9d14e000 r--s 00028000 00:19 1644368                    /home/se413006/NetBeansProjects/DynamicSynthesizer/dist/run1714750019/lib/jsndobj.jar
7fce9d14e000-7fce9d15a000 r--s 000e5000 00:19 1644365                    /home/se413006/NetBeansProjects/DynamicSynthesizer/dist/run1714750019/lib/ScenicView.jar
7fce9d15a000-7fce9d168000 r--s 00082000 00:19 21155869                   /home/se413006/Downloads/jsyn-beta-16.6.4.jar
7fce9d168000-7fce9d174000 r--s 000e5000 00:19 573572                     /home/se413006/Documents/JavaFxExternalLibs/ScenicView.jar
7fce9d174000-7fce9d17f000 r--s 0006f000 00:19 21156293                   /home/se413006/Downloads/jtransforms-2.4.jar
7fce9d17f000-7fce9d182000 ---p 00000000 00:00 0 
7fce9d182000-7fce9d280000 rw-p 00000000 00:00 0                          [stack:14002]
7fce9d280000-7fce9d29e000 r-xp 00000000 08:02 10749448                   /usr/lib/jvm/jdk1.7.0_45/jre/lib/amd64/libdeploy.so
7fce9d29e000-7fce9d49e000 ---p 0001e000 08:02 10749448                   /usr/lib/jvm/jdk1.7.0_45/jre/lib/amd64/libdeploy.so
7fce9d49e000-7fce9d4a0000 rw-p 0001e000 08:02 10749448                   /usr/lib/jvm/jdk1.7.0_45/jre/lib/amd64/libdeploy.so
7fce9d4a0000-7fce9d4b0000 rw-p 00000000 00:00 0 
7fce9d4b0000-7fce9d4b3000 ---p 00000000 00:00 0 
7fce9d4b3000-7fce9d5b1000 rw-p 00000000 00:00 0                          [stack:14001]
7fce9d5b1000-7fce9d5c9000 r--s 001d4000 08:02 9446271                    /usr/lib/jvm/jdk1.7.0_45/jre/lib/deploy.jar
7fce9d5c9000-7fce9d657000 r--s 00ddd000 08:02 9446315                    /usr/lib/jvm/jdk1.7.0_45/jre/lib/jfxrt.jar
7fce9d657000-7fce9d658000 ---p 00000000 00:00 0 
7fce9d658000-7fce9d758000 rw-p 00000000 00:00 0                          [stack:14000]
7fce9d758000-7fce9d75b000 ---p 00000000 00:00 0 
7fce9d75b000-7fce9d859000 rw-p 00000000 00:00 0                          [stack:13999]
7fce9d859000-7fce9d85c000 ---p 00000000 00:00 0 
7fce9d85c000-7fce9d95a000 rw-p 00000000 00:00 0                          [stack:13998]
7fce9d95a000-7fce9d95d000 ---p 00000000 00:00 0 
7fce9d95d000-7fce9da5b000 rw-p 00000000 00:00 0                          [stack:13997]
7fce9da5b000-7fce9da5e000 ---p 00000000 00:00 0 
7fce9da5e000-7fce9db5c000 rw-p 00000000 00:00 0                          [stack:13996]
7fce9db5c000-7fce9db5f000 ---p 00000000 00:00 0 
7fce9db5f000-7fce9dc5d000 rw-p 00000000 00:00 0                          [stack:13995]
7fce9dc5d000-7fce9dc60000 ---p 00000000 00:00 0 
7fce9dc60000-7fce9dd5e000 rw-p 00000000 00:00 0                          [stack:13994]
7fce9dd5e000-7fce9dd5f000 ---p 00000000 00:00 0 
7fce9dd5f000-7fcea0000000 rw-p 00000000 00:00 0                          [stack:13993]
7fcea0000000-7fcea0021000 rw-p 00000000 00:00 0 
7fcea0021000-7fcea4000000 ---p 00000000 00:00 0 
7fcea4000000-7fcea4021000 rw-p 00000000 00:00 0 
7fcea4021000-7fcea8000000 ---p 00000000 00:00 0 
7fcea8000000-7fcea8021000 rw-p 00000000 00:00 0 
7fcea8021000-7fceac000000 ---p 00000000 00:00 0 
7fceac000000-7fceac002000 r--s 0000d000 00:19 1644372                    /home/se413006/NetBeansProjects/DynamicSynthesizer/dist/run1714750019/lib/minim.jar
7fceac002000-7fceac015000 r--s 000d4000 08:02 9446270                    /usr/lib/jvm/jdk1.7.0_45/jre/lib/plugin.jar
7fceac015000-7fceace44000 rw-p 00000000 00:00 0 
7fceace44000-7fcead000000 r--s 039b2000 08:02 9446276                    /usr/lib/jvm/jdk1.7.0_45/jre/lib/rt.jar
7fcead000000-7fcead270000 rwxp 00000000 00:00 0 
7fcead270000-7fceb0163000 rw-p 00000000 00:00 0 
7fceb0163000-7fceb4000000 ---p 00000000 00:00 0 
7fceb4000000-7fceb4001000 r--s 00005000 00:19 1644373                    /home/se413006/NetBeansProjects/DynamicSynthesizer/dist/run1714750019/lib/mp3spi1.9.4.jar
7fceb4001000-7fceb4002000 r--s 00000000 00:19 1644371                    /home/se413006/NetBeansProjects/DynamicSynthesizer/dist/run1714750019/lib/minim-spi.jar
7fceb4002000-7fceb4003000 r--s 0000b000 00:19 1644367                    /home/se413006/NetBeansProjects/DynamicSynthesizer/dist/run1714750019/lib/jsminim.jar
7fceb4003000-7fceb4006000 r--s 00017000 00:19 1644366                    /home/se413006/NetBeansProjects/DynamicSynthesizer/dist/run1714750019/lib/jl1.0.jar
7fceb4006000-7fceb43d8000 rw-p 00000000 00:00 0 
7fceb43d8000-7fceb43d9000 ---p 00000000 00:00 0 
7fceb43d9000-7fceb44d9000 rw-p 00000000 00:00 0                          [stack:13992]
7fceb44d9000-7fceb44da000 ---p 00000000 00:00 0 
7fceb44da000-7fceb45da000 rw-p 00000000 00:00 0                          [stack:13991]
7fceb45da000-7fceb45db000 ---p 00000000 00:00 0 
7fceb45db000-7fceb46db000 rw-p 00000000 00:00 0                          [stack:13990]
7fceb46db000-7fceb46dc000 ---p 00000000 00:00 0 
7fceb46dc000-7fceb47e7000 rw-p 00000000 00:00 0                          [stack:13989]
7fceb47e7000-7fceb4805000 rw-p 00000000 00:00 0 
7fceb4805000-7fceb4819000 rw-p 00000000 00:00 0 
7fceb4819000-7fceb4946000 rw-p 00000000 00:00 0 
7fceb4946000-7fceb4951000 rw-p 00000000 00:00 0 
7fceb4951000-7fceb496f000 rw-p 00000000 00:00 0 
7fceb496f000-7fceb4983000 rw-p 00000000 00:00 0 
7fceb4983000-7fceb4aaf000 rw-p 00000000 00:00 0 
7fceb4aaf000-7fceb4ac1000 rw-p 00000000 00:00 0 
7fceb4ac1000-7fceb4b50000 rw-p 00000000 00:00 0 
7fceb4b50000-7fceb4b51000 rw-p 00000000 00:00 0 
7fceb4b51000-7fceb4b6b000 r-xp 00000000 08:02 10749474                   /usr/lib/jvm/jdk1.7.0_45/jre/lib/amd64/libzip.so
7fceb4b6b000-7fceb4d6b000 ---p 0001a000 08:02 10749474                   /usr/lib/jvm/jdk1.7.0_45/jre/lib/amd64/libzip.so
7fceb4d6b000-7fceb4d6c000 rw-p 0001a000 08:02 10749474                   /usr/lib/jvm/jdk1.7.0_45/jre/lib/amd64/libzip.so
7fceb4d6c000-7fceb4d72000 r-xp 00000000 08:02 7866684                    /lib/x86_64-linux-gnu/libnss_sss.so.2
7fceb4d72000-7fceb4f71000 ---p 00006000 08:02 7866684                    /lib/x86_64-linux-gnu/libnss_sss.so.2
7fceb4f71000-7fceb4f72000 r--p 00005000 08:02 7866684                    /lib/x86_64-linux-gnu/libnss_sss.so.2
7fceb4f72000-7fceb4f73000 rw-p 00006000 08:02 7866684                    /lib/x86_64-linux-gnu/libnss_sss.so.2
7fceb4f73000-7fceb4f7f000 r-xp 00000000 08:02 7867763                    /lib/x86_64-linux-gnu/libnss_files-2.15.so
7fceb4f7f000-7fceb517e000 ---p 0000c000 08:02 7867763                    /lib/x86_64-linux-gnu/libnss_files-2.15.so
7fceb517e000-7fceb517f000 r--p 0000b000 08:02 7867763                    /lib/x86_64-linux-gnu/libnss_files-2.15.so
7fceb517f000-7fceb5180000 rw-p 0000c000 08:02 7867763                    /lib/x86_64-linux-gnu/libnss_files-2.15.so
7fceb5180000-7fceb518a000 r-xp 00000000 08:02 7867767                    /lib/x86_64-linux-gnu/libnss_nis-2.15.so
7fceb518a000-7fceb538a000 ---p 0000a000 08:02 7867767                    /lib/x86_64-linux-gnu/libnss_nis-2.15.so
7fceb538a000-7fceb538b000 r--p 0000a000 08:02 7867767                    /lib/x86_64-linux-gnu/libnss_nis-2.15.so
7fceb538b000-7fceb538c000 rw-p 0000b000 08:02 7867767                    /lib/x86_64-linux-gnu/libnss_nis-2.15.so
7fceb538c000-7fceb53a3000 r-xp 00000000 08:02 7867779                    /lib/x86_64-linux-gnu/libnsl-2.15.so
7fceb53a3000-7fceb55a2000 ---p 00017000 08:02 7867779                    /lib/x86_64-linux-gnu/libnsl-2.15.so
7fceb55a2000-7fceb55a3000 r--p 00016000 08:02 7867779                    /lib/x86_64-linux-gnu/libnsl-2.15.so
7fceb55a3000-7fceb55a4000 rw-p 00017000 08:02 7867779                    /lib/x86_64-linux-gnu/libnsl-2.15.so
7fceb55a4000-7fceb55a6000 rw-p 00000000 00:00 0 
7fceb55a6000-7fceb55ae000 r-xp 00000000 08:02 7867761                    /lib/x86_64-linux-gnu/libnss_compat-2.15.so
7fceb55ae000-7fceb57ad000 ---p 00008000 08:02 7867761                    /lib/x86_64-linux-gnu/libnss_compat-2.15.so
7fceb57ad000-7fceb57ae000 r--p 00007000 08:02 7867761                    /lib/x86_64-linux-gnu/libnss_compat-2.15.so
7fceb57ae000-7fceb57af000 rw-p 00008000 08:02 7867761                    /lib/x86_64-linux-gnu/libnss_compat-2.15.so
7fceb57af000-7fceb57d8000 r-xp 00000000 08:02 10749465                   /usr/lib/jvm/jdk1.7.0_45/jre/lib/amd64/libjava.so
7fceb57d8000-7fceb59d8000 ---p 00029000 08:02 10749465                   /usr/lib/jvm/jdk1.7.0_45/jre/lib/amd64/libjava.so
7fceb59d8000-7fceb59da000 rw-p 00029000 08:02 10749465                   /usr/lib/jvm/jdk1.7.0_45/jre/lib/amd64/libjava.so
7fceb59da000-7fceb59e7000 r-xp 00000000 08:02 10749454                   /usr/lib/jvm/jdk1.7.0_45/jre/lib/amd64/libverify.so
7fceb59e7000-7fceb5be6000 ---p 0000d000 08:02 10749454                   /usr/lib/jvm/jdk1.7.0_45/jre/lib/amd64/libverify.so
7fceb5be6000-7fceb5be8000 rw-p 0000c000 08:02 10749454                   /usr/lib/jvm/jdk1.7.0_45/jre/lib/amd64/libverify.so
7fceb5be8000-7fceb5bef000 r-xp 00000000 08:02 7867766                    /lib/x86_64-linux-gnu/librt-2.15.so
7fceb5bef000-7fceb5dee000 ---p 00007000 08:02 7867766                    /lib/x86_64-linux-gnu/librt-2.15.so
7fceb5dee000-7fceb5def000 r--p 00006000 08:02 7867766                    /lib/x86_64-linux-gnu/librt-2.15.so
7fceb5def000-7fceb5df0000 rw-p 00007000 08:02 7867766                    /lib/x86_64-linux-gnu/librt-2.15.so
7fceb5df0000-7fceb5eeb000 r-xp 00000000 08:02 7867770                    /lib/x86_64-linux-gnu/libm-2.15.so
7fceb5eeb000-7fceb60ea000 ---p 000fb000 08:02 7867770                    /lib/x86_64-linux-gnu/libm-2.15.so
7fceb60ea000-7fceb60eb000 r--p 000fa000 08:02 7867770                    /lib/x86_64-linux-gnu/libm-2.15.so
7fceb60eb000-7fceb60ec000 rw-p 000fb000 08:02 7867770                    /lib/x86_64-linux-gnu/libm-2.15.so
7fceb60ec000-7fceb6c4e000 r-xp 00000000 08:02 10749472                   /usr/lib/jvm/jdk1.7.0_45/jre/lib/amd64/server/libjvm.so
7fceb6c4e000-7fceb6e4e000 ---p 00b62000 08:02 10749472                   /usr/lib/jvm/jdk1.7.0_45/jre/lib/amd64/server/libjvm.so
7fceb6e4e000-7fceb6f11000 rw-p 00b62000 08:02 10749472                   /usr/lib/jvm/jdk1.7.0_45/jre/lib/amd64/server/libjvm.so
7fceb6f11000-7fceb6f52000 rw-p 00000000 00:00 0 
7fceb6f52000-7fceb7107000 r-xp 00000000 08:02 7867759                    /lib/x86_64-linux-gnu/libc-2.15.so
7fceb7107000-7fceb7307000 ---p 001b5000 08:02 7867759                    /lib/x86_64-linux-gnu/libc-2.15.so
7fceb7307000-7fceb730b000 r--p 001b5000 08:02 7867759                    /lib/x86_64-linux-gnu/libc-2.15.so
7fceb730b000-7fceb730d000 rw-p 001b9000 08:02 7867759                    /lib/x86_64-linux-gnu/libc-2.15.so
7fceb730d000-7fceb7312000 rw-p 00000000 00:00 0 
7fceb7312000-7fceb7314000 r-xp 00000000 08:02 7867774                    /lib/x86_64-linux-gnu/libdl-2.15.so
7fceb7314000-7fceb7514000 ---p 00002000 08:02 7867774                    /lib/x86_64-linux-gnu/libdl-2.15.so
7fceb7514000-7fceb7515000 r--p 00002000 08:02 7867774                    /lib/x86_64-linux-gnu/libdl-2.15.so
7fceb7515000-7fceb7516000 rw-p 00003000 08:02 7867774                    /lib/x86_64-linux-gnu/libdl-2.15.so
7fceb7516000-7fceb752c000 r-xp 00000000 08:02 10748736                   /usr/lib/jvm/jdk1.7.0_45/lib/amd64/jli/libjli.so
7fceb752c000-7fceb772c000 ---p 00016000 08:02 10748736                   /usr/lib/jvm/jdk1.7.0_45/lib/amd64/jli/libjli.so
7fceb772c000-7fceb772d000 rw-p 00016000 08:02 10748736                   /usr/lib/jvm/jdk1.7.0_45/lib/amd64/jli/libjli.so
7fceb772d000-7fceb7745000 r-xp 00000000 08:02 7867768                    /lib/x86_64-linux-gnu/libpthread-2.15.so
7fceb7745000-7fceb7944000 ---p 00018000 08:02 7867768                    /lib/x86_64-linux-gnu/libpthread-2.15.so
7fceb7944000-7fceb7945000 r--p 00017000 08:02 7867768                    /lib/x86_64-linux-gnu/libpthread-2.15.so
7fceb7945000-7fceb7946000 rw-p 00018000 08:02 7867768                    /lib/x86_64-linux-gnu/libpthread-2.15.so
7fceb7946000-7fceb794a000 rw-p 00000000 00:00 0 
7fceb794a000-7fceb796c000 r-xp 00000000 08:02 7867771                    /lib/x86_64-linux-gnu/ld-2.15.so
7fceb796c000-7fceb796f000 r--s 00028000 00:19 21580459                   /home/se413006/sndobj-sndobj/jsndobj.jar
7fceb796f000-7fceb7972000 r--s 00017000 00:19 21629910                   /home/se413006/minim/library/tritonus_share.jar
7fceb7972000-7fceb7973000 r--s 00002000 00:19 21629909                   /home/se413006/minim/library/tritonus_aos.jar
7fceb7973000-7fceb7974000 r--s 00005000 00:19 21629908                   /home/se413006/minim/library/mp3spi1.9.4.jar
7fceb7974000-7fceb7976000 r--s 0000d000 00:19 21629906                   /home/se413006/minim/library/minim.jar
7fceb7976000-7fceb7977000 r--s 00000000 00:19 21629907                   /home/se413006/minim/library/minim-spi.jar
7fceb7977000-7fceb7996000 rw-p 00000000 00:00 0 
7fceb7996000-7fceb7a4c000 rw-p 00000000 00:00 0 
7fceb7a4c000-7fceb7a4f000 ---p 00000000 00:00 0 
7fceb7a4f000-7fceb7b51000 rw-p 00000000 00:00 0                          [stack:13988]
7fceb7b51000-7fceb7b52000 r--s 0000b000 00:19 21629905                   /home/se413006/minim/library/jsminim.jar
7fceb7b52000-7fceb7b5b000 r--s 00067000 08:02 9446296                    /usr/lib/jvm/jdk1.7.0_45/jre/lib/javaws.jar
7fceb7b5b000-7fceb7b5e000 r--s 00017000 00:19 21629904                   /home/se413006/minim/library/jl1.0.jar
7fceb7b5e000-7fceb7b60000 r--s 0013d000 00:19 24740065                   /home/se413006/NetBeansProjects/DynamicSynthesizer/dist/run1714750019/DynamicSynthesizer.jar
7fceb7b60000-7fceb7b68000 rw-s 00000000 08:02 5242932                    /tmp/hsperfdata_se413006/13984
7fceb7b68000-7fceb7b69000 rw-p 00000000 00:00 0 
7fceb7b69000-7fceb7b6a000 r--p 00000000 00:00 0 
7fceb7b6a000-7fceb7b6c000 rw-p 00000000 00:00 0 
7fceb7b6c000-7fceb7b6d000 r--p 00022000 08:02 7867771                    /lib/x86_64-linux-gnu/ld-2.15.so
7fceb7b6d000-7fceb7b6f000 rw-p 00023000 08:02 7867771                    /lib/x86_64-linux-gnu/ld-2.15.so
7fff80c63000-7fff80c84000 rw-p 00000000 00:00 0                          [stack]
7fff80cf3000-7fff80cf5000 r-xp 00000000 00:00 0                          [vdso]
ffffffffff600000-ffffffffff601000 r-xp 00000000 00:00 0                  [vsyscall]

VM Arguments:
jvm_args: -Dfile.encoding=UTF-8 
java_command: com.javafx.main.Main
Launcher Type: SUN_STANDARD

Environment Variables:
PATH=/usr/lib/lightdm/lightdm:/usr/local/sbin:/usr/local/bin:/usr/sbin:/usr/bin:/sbin:/bin:/usr/games:/var/cfengine/bin
LD_LIBRARY_PATH=/usr/lib/jvm/java-7-openjdk-amd64/jre/lib/amd64:/usr/lib/jvm/java-7-openjdk-amd64/jre/lib/i386:
SHELL=/bin/bash
DISPLAY=:0

Signal Handlers:
SIGSEGV: [libjvm.so+0x9935b0], sa_mask[0]=0x7ffbfeff, sa_flags=0x10000004
SIGBUS: [libjvm.so+0x9935b0], sa_mask[0]=0x7ffbfeff, sa_flags=0x10000004
SIGFPE: [libjvm.so+0x810330], sa_mask[0]=0x7ffbfeff, sa_flags=0x10000004
SIGPIPE: SIG_IGN, sa_mask[0]=0x00001000, sa_flags=0x10000000
SIGXFSZ: [libjvm.so+0x810330], sa_mask[0]=0x7ffbfeff, sa_flags=0x10000004
SIGILL: [libjvm.so+0x810330], sa_mask[0]=0x7ffbfeff, sa_flags=0x10000004
SIGUSR1: SIG_DFL, sa_mask[0]=0x00000000, sa_flags=0x00000000
SIGUSR2: [libjvm.so+0x811820], sa_mask[0]=0x00000004, sa_flags=0x10000004
SIGHUP: [libjvm.so+0x812790], sa_mask[0]=0x7ffbfeff, sa_flags=0x10000004
SIGINT: SIG_IGN, sa_mask[0]=0x00000000, sa_flags=0x00000000
SIGTERM: [libjvm.so+0x812790], sa_mask[0]=0x7ffbfeff, sa_flags=0x10000004
SIGQUIT: [libjvm.so+0x812790], sa_mask[0]=0x7ffbfeff, sa_flags=0x10000004


---------------  S Y S T E M  ---------------

OS:wheezy/sid

uname:Linux 3.8.0-36-generic #52~precise1-Ubuntu SMP Mon Feb 3 21:54:46 UTC 2014 x86_64
libc:glibc 2.15 NPTL 2.15 
rlimit: STACK 8192k, CORE 0k, NPROC 30580, NOFILE 4096, AS infinity
load average:0.19 0.30 0.32

/proc/meminfo:
MemTotal:        3933176 kB
MemFree:          507556 kB
Buffers:           50012 kB
Cached:          1619876 kB
SwapCached:            0 kB
Active:          1961868 kB
Inactive:        1273748 kB
Active(anon):    1456528 kB
Inactive(anon):   604316 kB
Active(file):     505340 kB
Inactive(file):   669432 kB
Unevictable:          16 kB
Mlocked:              16 kB
SwapTotal:       3945468 kB
SwapFree:        3945468 kB
Dirty:               300 kB
Writeback:             0 kB
AnonPages:       1565760 kB
Mapped:           213280 kB
Shmem:            495116 kB
Slab:              92340 kB
SReclaimable:      59624 kB
SUnreclaim:        32716 kB
KernelStack:        4456 kB
PageTables:        36916 kB
NFS_Unstable:          0 kB
Bounce:                0 kB
WritebackTmp:          0 kB
CommitLimit:     5912056 kB
Committed_AS:    4946740 kB
VmallocTotal:   34359738367 kB
VmallocUsed:      350268 kB
VmallocChunk:   34359384848 kB
HardwareCorrupted:     0 kB
AnonHugePages:         0 kB
HugePages_Total:       0
HugePages_Free:        0
HugePages_Rsvd:        0
HugePages_Surp:        0
Hugepagesize:       2048 kB
DirectMap4k:       63488 kB
DirectMap2M:     4022272 kB


CPU:total 4 (2 cores per cpu, 2 threads per core) family 6 model 58 stepping 9, cmov, cx8, fxsr, mmx, sse, sse2, sse3, ssse3, sse4.1, sse4.2, popcnt, avx, erms, ht, tsc, tscinvbit, tscinv

/proc/cpuinfo:
processor	: 0
vendor_id	: GenuineIntel
cpu family	: 6
model		: 58
model name	: Intel(R) Core(TM) i3-3225 CPU @ 3.30GHz
stepping	: 9
microcode	: 0x16
cpu MHz		: 1600.000
cache size	: 3072 KB
physical id	: 0
siblings	: 4
core id		: 0
cpu cores	: 2
apicid		: 0
initial apicid	: 0
fpu		: yes
fpu_exception	: yes
cpuid level	: 13
wp		: yes
flags		: fpu vme de pse tsc msr pae mce cx8 apic sep mtrr pge mca cmov pat pse36 clflush dts acpi mmx fxsr sse sse2 ss ht tm pbe syscall nx rdtscp lm constant_tsc arch_perfmon pebs bts rep_good nopl xtopology nonstop_tsc aperfmperf eagerfpu pni pclmulqdq dtes64 monitor ds_cpl vmx est tm2 ssse3 cx16 xtpr pdcm pcid sse4_1 sse4_2 popcnt tsc_deadline_timer xsave avx f16c lahf_lm arat epb xsaveopt pln pts dtherm tpr_shadow vnmi flexpriority ept vpid fsgsbase smep erms
bogomips	: 6584.98
clflush size	: 64
cache_alignment	: 64
address sizes	: 36 bits physical, 48 bits virtual
power management:

processor	: 1
vendor_id	: GenuineIntel
cpu family	: 6
model		: 58
model name	: Intel(R) Core(TM) i3-3225 CPU @ 3.30GHz
stepping	: 9
microcode	: 0x16
cpu MHz		: 1600.000
cache size	: 3072 KB
physical id	: 0
siblings	: 4
core id		: 1
cpu cores	: 2
apicid		: 2
initial apicid	: 2
fpu		: yes
fpu_exception	: yes
cpuid level	: 13
wp		: yes
flags		: fpu vme de pse tsc msr pae mce cx8 apic sep mtrr pge mca cmov pat pse36 clflush dts acpi mmx fxsr sse sse2 ss ht tm pbe syscall nx rdtscp lm constant_tsc arch_perfmon pebs bts rep_good nopl xtopology nonstop_tsc aperfmperf eagerfpu pni pclmulqdq dtes64 monitor ds_cpl vmx est tm2 ssse3 cx16 xtpr pdcm pcid sse4_1 sse4_2 popcnt tsc_deadline_timer xsave avx f16c lahf_lm arat epb xsaveopt pln pts dtherm tpr_shadow vnmi flexpriority ept vpid fsgsbase smep erms
bogomips	: 6584.98
clflush size	: 64
cache_alignment	: 64
address sizes	: 36 bits physical, 48 bits virtual
power management:

processor	: 2
vendor_id	: GenuineIntel
cpu family	: 6
model		: 58
model name	: Intel(R) Core(TM) i3-3225 CPU @ 3.30GHz
stepping	: 9
microcode	: 0x16
cpu MHz		: 1700.000
cache size	: 3072 KB
physical id	: 0
siblings	: 4
core id		: 0
cpu cores	: 2
apicid		: 1
initial apicid	: 1
fpu		: yes
fpu_exception	: yes
cpuid level	: 13
wp		: yes
flags		: fpu vme de pse tsc msr pae mce cx8 apic sep mtrr pge mca cmov pat pse36 clflush dts acpi mmx fxsr sse sse2 ss ht tm pbe syscall nx rdtscp lm constant_tsc arch_perfmon pebs bts rep_good nopl xtopology nonstop_tsc aperfmperf eagerfpu pni pclmulqdq dtes64 monitor ds_cpl vmx est tm2 ssse3 cx16 xtpr pdcm pcid sse4_1 sse4_2 popcnt tsc_deadline_timer xsave avx f16c lahf_lm arat epb xsaveopt pln pts dtherm tpr_shadow vnmi flexpriority ept vpid fsgsbase smep erms
bogomips	: 6584.98
clflush size	: 64
cache_alignment	: 64
address sizes	: 36 bits physical, 48 bits virtual
power management:

processor	: 3
vendor_id	: GenuineIntel
cpu family	: 6
model		: 58
model name	: Intel(R) Core(TM) i3-3225 CPU @ 3.30GHz
stepping	: 9
microcode	: 0x16
cpu MHz		: 1600.000
cache size	: 3072 KB
physical id	: 0
siblings	: 4
core id		: 1
cpu cores	: 2
apicid		: 3
initial apicid	: 3
fpu		: yes
fpu_exception	: yes
cpuid level	: 13
wp		: yes
flags		: fpu vme de pse tsc msr pae mce cx8 apic sep mtrr pge mca cmov pat pse36 clflush dts acpi mmx fxsr sse sse2 ss ht tm pbe syscall nx rdtscp lm constant_tsc arch_perfmon pebs bts rep_good nopl xtopology nonstop_tsc aperfmperf eagerfpu pni pclmulqdq dtes64 monitor ds_cpl vmx est tm2 ssse3 cx16 xtpr pdcm pcid sse4_1 sse4_2 popcnt tsc_deadline_timer xsave avx f16c lahf_lm arat epb xsaveopt pln pts dtherm tpr_shadow vnmi flexpriority ept vpid fsgsbase smep erms
bogomips	: 6584.98
clflush size	: 64
cache_alignment	: 64
address sizes	: 36 bits physical, 48 bits virtual
power management:



Memory: 4k page, physical 3933176k(507556k free), swap 3945468k(3945468k free)

vm_info: Java HotSpot(TM) 64-Bit Server VM (24.45-b08) for linux-amd64 JRE (1.7.0_45-b18), built on Oct  8 2013 05:44:25 by "java_re" with gcc 4.3.0 20080428 (Red Hat 4.3.0-8)

time: Thu Feb 20 13:44:24 2014
elapsed time: 11 seconds

